[1.294s] Invoking command in '/home/marvin/RobotArchitecture/ros2_ws/build/turtlebot3_example': PYTHONPATH=/home/marvin/RobotArchitecture/ros2_ws/build/turtlebot3_example/prefix_override:/home/marvin/RobotArchitecture/ros2_ws/install/turtlebot3_example/lib/python3.10/site-packages:${PYTHONPATH} /usr/bin/python3 -W ignore:setup.py install is deprecated setup.py develop --editable --build-directory /home/marvin/RobotArchitecture/ros2_ws/build/turtlebot3_example/build --no-deps symlink_data
[1.624s] running develop
[1.624s] /home/marvin/.local/lib/python3.10/site-packages/setuptools/command/easy_install.py:157: EasyInstallDeprecationWarning: easy_install command is deprecated. Use build and pip and other standards-based tools.
[1.625s]   warnings.warn(
[1.854s] running egg_info
[1.854s] writing turtlebot3_example.egg-info/PKG-INFO
[1.854s] writing dependency_links to turtlebot3_example.egg-info/dependency_links.txt
[1.855s] writing entry points to turtlebot3_example.egg-info/entry_points.txt
[1.855s] writing requirements to turtlebot3_example.egg-info/requires.txt
[1.855s] writing top-level names to turtlebot3_example.egg-info/top_level.txt
[1.856s] reading manifest file 'turtlebot3_example.egg-info/SOURCES.txt'
[1.859s] running build_ext
[1.859s] Creating /home/marvin/RobotArchitecture/ros2_ws/install/turtlebot3_example/lib/python3.10/site-packages/turtlebot3-example.egg-link (link to .)
[1.859s] Installing turtlebot3_obstacle_detection script to /home/marvin/RobotArchitecture/ros2_ws/install/turtlebot3_example/lib/turtlebot3_example
[1.860s] Installing turtlebot3_patrol_client script to /home/marvin/RobotArchitecture/ros2_ws/install/turtlebot3_example/lib/turtlebot3_example
[1.860s] Installing turtlebot3_patrol_server script to /home/marvin/RobotArchitecture/ros2_ws/install/turtlebot3_example/lib/turtlebot3_example
[1.860s] Installing turtlebot3_position_control script to /home/marvin/RobotArchitecture/ros2_ws/install/turtlebot3_example/lib/turtlebot3_example
[1.860s] 
[1.861s] Installed /home/marvin/RobotArchitecture/ros2_ws/build/turtlebot3_example
[1.861s] running symlink_data
[2.074s] Invoked command in '/home/marvin/RobotArchitecture/ros2_ws/build/turtlebot3_example' returned '0': PYTHONPATH=/home/marvin/RobotArchitecture/ros2_ws/build/turtlebot3_example/prefix_override:/home/marvin/RobotArchitecture/ros2_ws/install/turtlebot3_example/lib/python3.10/site-packages:${PYTHONPATH} /usr/bin/python3 -W ignore:setup.py install is deprecated setup.py develop --editable --build-directory /home/marvin/RobotArchitecture/ros2_ws/build/turtlebot3_example/build --no-deps symlink_data
