[2.196s] Invoking command in '/home/marvin/RobotArchitecture/ros2_ws/src/turtlebot3_auto_navigator': PYTHONPATH=/home/marvin/RobotArchitecture/ros2_ws/build/turtlebot3_auto_navigator/prefix_override:/home/marvin/RobotArchitecture/ros2_ws/install/turtlebot3_auto_navigator/lib/python3.10/site-packages:${PYTHONPATH} /usr/bin/python3 -W ignore:setup.py install is deprecated setup.py egg_info --egg-base ../../build/turtlebot3_auto_navigator build --build-base /home/marvin/RobotArchitecture/ros2_ws/build/turtlebot3_auto_navigator/build install --record /home/marvin/RobotArchitecture/ros2_ws/build/turtlebot3_auto_navigator/install.log --single-version-externally-managed install_data
[2.684s] running egg_info
[2.685s] writing ../../build/turtlebot3_auto_navigator/turtlebot3_auto_navigator.egg-info/PKG-INFO
[2.686s] writing dependency_links to ../../build/turtlebot3_auto_navigator/turtlebot3_auto_navigator.egg-info/dependency_links.txt
[2.686s] writing entry points to ../../build/turtlebot3_auto_navigator/turtlebot3_auto_navigator.egg-info/entry_points.txt
[2.686s] writing requirements to ../../build/turtlebot3_auto_navigator/turtlebot3_auto_navigator.egg-info/requires.txt
[2.686s] writing top-level names to ../../build/turtlebot3_auto_navigator/turtlebot3_auto_navigator.egg-info/top_level.txt
[2.689s] reading manifest file '../../build/turtlebot3_auto_navigator/turtlebot3_auto_navigator.egg-info/SOURCES.txt'
[2.692s] writing manifest file '../../build/turtlebot3_auto_navigator/turtlebot3_auto_navigator.egg-info/SOURCES.txt'
[2.692s] running build
[2.692s] running build_py
[2.693s] running install
[2.694s] running install_lib
[2.695s] running install_data
[2.695s] running install_egg_info
[2.698s] removing '/home/marvin/RobotArchitecture/ros2_ws/install/turtlebot3_auto_navigator/lib/python3.10/site-packages/turtlebot3_auto_navigator-0.0.0-py3.10.egg-info' (and everything under it)
[2.699s] Copying ../../build/turtlebot3_auto_navigator/turtlebot3_auto_navigator.egg-info to /home/marvin/RobotArchitecture/ros2_ws/install/turtlebot3_auto_navigator/lib/python3.10/site-packages/turtlebot3_auto_navigator-0.0.0-py3.10.egg-info
[2.709s] running install_scripts
[2.758s] Installing auto_navigator script to /home/marvin/RobotArchitecture/ros2_ws/install/turtlebot3_auto_navigator/lib/turtlebot3_auto_navigator
[2.759s] writing list of installed files to '/home/marvin/RobotArchitecture/ros2_ws/build/turtlebot3_auto_navigator/install.log'
[2.839s] Invoked command in '/home/marvin/RobotArchitecture/ros2_ws/src/turtlebot3_auto_navigator' returned '0': PYTHONPATH=/home/marvin/RobotArchitecture/ros2_ws/build/turtlebot3_auto_navigator/prefix_override:/home/marvin/RobotArchitecture/ros2_ws/install/turtlebot3_auto_navigator/lib/python3.10/site-packages:${PYTHONPATH} /usr/bin/python3 -W ignore:setup.py install is deprecated setup.py egg_info --egg-base ../../build/turtlebot3_auto_navigator build --build-base /home/marvin/RobotArchitecture/ros2_ws/build/turtlebot3_auto_navigator/build install --record /home/marvin/RobotArchitecture/ros2_ws/build/turtlebot3_auto_navigator/install.log --single-version-externally-managed install_data
