[0.674s] Invoking command in '/home/marvin/RobotArchitecture/ros2_ws/src/turtlebot3_auto_navigator': PYTHONPATH=/home/marvin/RobotArchitecture/ros2_ws/build/turtlebot3_auto_navigator/prefix_override:/home/marvin/RobotArchitecture/ros2_ws/install/turtlebot3_auto_navigator/lib/python3.10/site-packages:${PYTHONPATH} /usr/bin/python3 -W ignore:setup.py install is deprecated setup.py egg_info --egg-base ../../build/turtlebot3_auto_navigator build --build-base /home/marvin/RobotArchitecture/ros2_ws/build/turtlebot3_auto_navigator/build install --record /home/marvin/RobotArchitecture/ros2_ws/build/turtlebot3_auto_navigator/install.log --single-version-externally-managed install_data
[0.955s] running egg_info
[0.956s] writing ../../build/turtlebot3_auto_navigator/turtlebot3_auto_navigator.egg-info/PKG-INFO
[0.956s] writing dependency_links to ../../build/turtlebot3_auto_navigator/turtlebot3_auto_navigator.egg-info/dependency_links.txt
[0.956s] writing entry points to ../../build/turtlebot3_auto_navigator/turtlebot3_auto_navigator.egg-info/entry_points.txt
[0.957s] writing requirements to ../../build/turtlebot3_auto_navigator/turtlebot3_auto_navigator.egg-info/requires.txt
[0.957s] writing top-level names to ../../build/turtlebot3_auto_navigator/turtlebot3_auto_navigator.egg-info/top_level.txt
[0.959s] reading manifest file '../../build/turtlebot3_auto_navigator/turtlebot3_auto_navigator.egg-info/SOURCES.txt'
[0.962s] writing manifest file '../../build/turtlebot3_auto_navigator/turtlebot3_auto_navigator.egg-info/SOURCES.txt'
[0.962s] running build
[0.962s] running build_py
[0.962s] running install
[0.963s] running install_lib
[0.965s] running install_data
[0.965s] running install_egg_info
[0.967s] removing '/home/marvin/RobotArchitecture/ros2_ws/install/turtlebot3_auto_navigator/lib/python3.10/site-packages/turtlebot3_auto_navigator-0.0.0-py3.10.egg-info' (and everything under it)
[0.968s] Copying ../../build/turtlebot3_auto_navigator/turtlebot3_auto_navigator.egg-info to /home/marvin/RobotArchitecture/ros2_ws/install/turtlebot3_auto_navigator/lib/python3.10/site-packages/turtlebot3_auto_navigator-0.0.0-py3.10.egg-info
[0.969s] running install_scripts
[0.987s] Installing auto_navigator script to /home/marvin/RobotArchitecture/ros2_ws/install/turtlebot3_auto_navigator/lib/turtlebot3_auto_navigator
[0.988s] writing list of installed files to '/home/marvin/RobotArchitecture/ros2_ws/build/turtlebot3_auto_navigator/install.log'
[1.010s] Invoked command in '/home/marvin/RobotArchitecture/ros2_ws/src/turtlebot3_auto_navigator' returned '0': PYTHONPATH=/home/marvin/RobotArchitecture/ros2_ws/build/turtlebot3_auto_navigator/prefix_override:/home/marvin/RobotArchitecture/ros2_ws/install/turtlebot3_auto_navigator/lib/python3.10/site-packages:${PYTHONPATH} /usr/bin/python3 -W ignore:setup.py install is deprecated setup.py egg_info --egg-base ../../build/turtlebot3_auto_navigator build --build-base /home/marvin/RobotArchitecture/ros2_ws/build/turtlebot3_auto_navigator/build install --record /home/marvin/RobotArchitecture/ros2_ws/build/turtlebot3_auto_navigator/install.log --single-version-externally-managed install_data
