[3.316s] Invoking command in '/home/rama/catkin_ws/src/nodes': PYTHONPATH=/home/rama/catkin_ws/build/nodes/prefix_override:/home/rama/catkin_ws/install/nodes/lib/python3.8/site-packages:${PYTHONPATH} /usr/bin/python3 setup.py egg_info --egg-base ../../build/nodes build --build-base /home/rama/catkin_ws/build/nodes/build install --record /home/rama/catkin_ws/build/nodes/install.log --install-scripts $base/lib/nodes --single-version-externally-managed
[4.092s] running egg_info
[4.096s] writing ../../build/nodes/nodes.egg-info/PKG-INFO
[4.097s] writing dependency_links to ../../build/nodes/nodes.egg-info/dependency_links.txt
[4.098s] writing entry points to ../../build/nodes/nodes.egg-info/entry_points.txt
[4.098s] writing requirements to ../../build/nodes/nodes.egg-info/requires.txt
[4.099s] writing top-level names to ../../build/nodes/nodes.egg-info/top_level.txt
[4.240s] reading manifest file '../../build/nodes/nodes.egg-info/SOURCES.txt'
[4.244s] writing manifest file '../../build/nodes/nodes.egg-info/SOURCES.txt'
[4.244s] running build
[4.245s] running build_py
[4.246s] running install
[4.249s] running install_lib
[4.256s] running install_data
[4.258s] running install_egg_info
[4.265s] removing '/home/rama/catkin_ws/install/nodes/lib/python3.8/site-packages/nodes-0.0.0-py3.8.egg-info' (and everything under it)
[4.274s] Copying ../../build/nodes/nodes.egg-info to /home/rama/catkin_ws/install/nodes/lib/python3.8/site-packages/nodes-0.0.0-py3.8.egg-info
[4.274s] running install_scripts
[4.341s] Installing Handgesture_node script to /home/rama/catkin_ws/install/nodes/lib/nodes
[4.342s] Installing kf_depthCamera script to /home/rama/catkin_ws/install/nodes/lib/nodes
[4.342s] Installing obstacle_avoidance_node script to /home/rama/catkin_ws/install/nodes/lib/nodes
[4.343s] Installing test_node script to /home/rama/catkin_ws/install/nodes/lib/nodes
[4.345s] writing list of installed files to '/home/rama/catkin_ws/build/nodes/install.log'
[4.439s] Invoked command in '/home/rama/catkin_ws/src/nodes' returned '0': PYTHONPATH=/home/rama/catkin_ws/build/nodes/prefix_override:/home/rama/catkin_ws/install/nodes/lib/python3.8/site-packages:${PYTHONPATH} /usr/bin/python3 setup.py egg_info --egg-base ../../build/nodes build --build-base /home/rama/catkin_ws/build/nodes/build install --record /home/rama/catkin_ws/build/nodes/install.log --install-scripts $base/lib/nodes --single-version-externally-managed
