[0.055s] Invoking command in '/home/marvin/RobotArchitecture/ros2_ws/build/turtlebot3_control_services': CMAKE_PREFIX_PATH=/home/marvin/RobotArchitecture/ros2_ws/install/custom_msgs:/home/marvin/RobotArchitecture/ros2_ws/install/turtlebot3_simulations:/home/marvin/RobotArchitecture/ros2_ws/install/turtlebot3_gazebo:/home/marvin/RobotArchitecture/ros2_ws/install/turtlebot3_fake_node:/home/marvin/RobotArchitecture/ros2_ws/install/turtlebot3_control_services:/home/marvin/install/turtlebot3_hardware_control:/home/marvin/install/turtlebot3_explorer:/home/marvin/RobotArchitecture/ros2_ws/install/turtlebot3_slam_management:/home/marvin/RobotArchitecture/ros2_ws/install/turtlebot3_random_explorer:/home/marvin/RobotArchitecture/ros2_ws/install/turtlebot3_obstacle_avoidance:/home/marvin/RobotArchitecture/ros2_ws/install/turtlebot3_nav_management:/home/marvin/RobotArchitecture/ros2_ws/install/turtlebot3_map_change_detection:/home/marvin/RobotArchitecture/ros2_ws/install/turtlebot3_launch_configurations:/home/marvin/RobotArchitecture/ros2_ws/install/turtlebot3_hardware_control:/home/marvin/RobotArchitecture/ros2_ws/install/turtlebot3_auto_navigator:/home/marvin/RobotArchitecture/ros2_ws/install/turtlebot3_analysis:/opt/ros/humble LD_LIBRARY_PATH=/home/marvin/RobotArchitecture/ros2_ws/install/custom_msgs/lib:/home/marvin/RobotArchitecture/ros2_ws/install/turtlebot3_control_services/lib:/usr/lib/x86_64-linux-gnu/gazebo-11/plugins:/opt/ros/humble/opt/rviz_ogre_vendor/lib:/opt/ros/humble/lib/x86_64-linux-gnu:/opt/ros/humble/lib:/usr/lib/x86_64-linux-gnu/gazebo-11/plugins /usr/bin/cmake --build /home/marvin/RobotArchitecture/ros2_ws/build/turtlebot3_control_services -- -j8 -l8
[0.163s] [  3%] Built target turtlebot3_control_services__cpp
[0.172s] [ 12%] Built target turtlebot3_control_services__rosidl_generator_c
[0.195s] [ 12%] Built target ament_cmake_python_symlink_turtlebot3_control_services
[0.203s] [ 22%] Built target turtlebot3_control_services__rosidl_typesupport_cpp
[0.209s] [ 32%] Built target turtlebot3_control_services__rosidl_typesupport_fastrtps_cpp
[0.220s] [ 41%] Built target turtlebot3_control_services__rosidl_typesupport_introspection_cpp
[0.231s] [ 51%] Built target turtlebot3_control_services__rosidl_typesupport_introspection_c
[0.234s] [ 61%] Built target turtlebot3_control_services__rosidl_typesupport_c
[0.235s] [ 70%] Built target turtlebot3_control_services__rosidl_typesupport_fastrtps_c
[0.254s] [ 70%] Built target turtlebot3_control_services
[0.273s] [ 74%] Built target turtlebot3_control_services__py
[0.293s] [ 80%] Built target turtlebot3_control_services__rosidl_generator_py
[0.318s] [ 87%] Built target turtlebot3_control_services__rosidl_typesupport_introspection_c__pyext
[0.321s] [100%] Built target turtlebot3_control_services__rosidl_typesupport_fastrtps_c__pyext
[0.321s] [100%] Built target turtlebot3_control_services__rosidl_typesupport_c__pyext
[0.489s] running egg_info
[0.490s] writing turtlebot3_control_services.egg-info/PKG-INFO
[0.490s] writing dependency_links to turtlebot3_control_services.egg-info/dependency_links.txt
[0.490s] writing top-level names to turtlebot3_control_services.egg-info/top_level.txt
[0.493s] reading manifest file 'turtlebot3_control_services.egg-info/SOURCES.txt'
[0.493s] writing manifest file 'turtlebot3_control_services.egg-info/SOURCES.txt'
[0.540s] [100%] Built target ament_cmake_python_build_turtlebot3_control_services_egg
[0.844s] Invoked command in '/home/marvin/RobotArchitecture/ros2_ws/build/turtlebot3_control_services' returned '0': CMAKE_PREFIX_PATH=/home/marvin/RobotArchitecture/ros2_ws/install/custom_msgs:/home/marvin/RobotArchitecture/ros2_ws/install/turtlebot3_simulations:/home/marvin/RobotArchitecture/ros2_ws/install/turtlebot3_gazebo:/home/marvin/RobotArchitecture/ros2_ws/install/turtlebot3_fake_node:/home/marvin/RobotArchitecture/ros2_ws/install/turtlebot3_control_services:/home/marvin/install/turtlebot3_hardware_control:/home/marvin/install/turtlebot3_explorer:/home/marvin/RobotArchitecture/ros2_ws/install/turtlebot3_slam_management:/home/marvin/RobotArchitecture/ros2_ws/install/turtlebot3_random_explorer:/home/marvin/RobotArchitecture/ros2_ws/install/turtlebot3_obstacle_avoidance:/home/marvin/RobotArchitecture/ros2_ws/install/turtlebot3_nav_management:/home/marvin/RobotArchitecture/ros2_ws/install/turtlebot3_map_change_detection:/home/marvin/RobotArchitecture/ros2_ws/install/turtlebot3_launch_configurations:/home/marvin/RobotArchitecture/ros2_ws/install/turtlebot3_hardware_control:/home/marvin/RobotArchitecture/ros2_ws/install/turtlebot3_auto_navigator:/home/marvin/RobotArchitecture/ros2_ws/install/turtlebot3_analysis:/opt/ros/humble LD_LIBRARY_PATH=/home/marvin/RobotArchitecture/ros2_ws/install/custom_msgs/lib:/home/marvin/RobotArchitecture/ros2_ws/install/turtlebot3_control_services/lib:/usr/lib/x86_64-linux-gnu/gazebo-11/plugins:/opt/ros/humble/opt/rviz_ogre_vendor/lib:/opt/ros/humble/lib/x86_64-linux-gnu:/opt/ros/humble/lib:/usr/lib/x86_64-linux-gnu/gazebo-11/plugins /usr/bin/cmake --build /home/marvin/RobotArchitecture/ros2_ws/build/turtlebot3_control_services -- -j8 -l8
[1.446s] Invoking command in '/home/marvin/RobotArchitecture/ros2_ws/build/turtlebot3_control_services': CMAKE_PREFIX_PATH=/home/marvin/RobotArchitecture/ros2_ws/install/custom_msgs:/home/marvin/RobotArchitecture/ros2_ws/install/turtlebot3_simulations:/home/marvin/RobotArchitecture/ros2_ws/install/turtlebot3_gazebo:/home/marvin/RobotArchitecture/ros2_ws/install/turtlebot3_fake_node:/home/marvin/RobotArchitecture/ros2_ws/install/turtlebot3_control_services:/home/marvin/install/turtlebot3_hardware_control:/home/marvin/install/turtlebot3_explorer:/home/marvin/RobotArchitecture/ros2_ws/install/turtlebot3_slam_management:/home/marvin/RobotArchitecture/ros2_ws/install/turtlebot3_random_explorer:/home/marvin/RobotArchitecture/ros2_ws/install/turtlebot3_obstacle_avoidance:/home/marvin/RobotArchitecture/ros2_ws/install/turtlebot3_nav_management:/home/marvin/RobotArchitecture/ros2_ws/install/turtlebot3_map_change_detection:/home/marvin/RobotArchitecture/ros2_ws/install/turtlebot3_launch_configurations:/home/marvin/RobotArchitecture/ros2_ws/install/turtlebot3_hardware_control:/home/marvin/RobotArchitecture/ros2_ws/install/turtlebot3_auto_navigator:/home/marvin/RobotArchitecture/ros2_ws/install/turtlebot3_analysis:/opt/ros/humble LD_LIBRARY_PATH=/home/marvin/RobotArchitecture/ros2_ws/install/custom_msgs/lib:/home/marvin/RobotArchitecture/ros2_ws/install/turtlebot3_control_services/lib:/usr/lib/x86_64-linux-gnu/gazebo-11/plugins:/opt/ros/humble/opt/rviz_ogre_vendor/lib:/opt/ros/humble/lib/x86_64-linux-gnu:/opt/ros/humble/lib:/usr/lib/x86_64-linux-gnu/gazebo-11/plugins /usr/bin/cmake --install /home/marvin/RobotArchitecture/ros2_ws/build/turtlebot3_control_services
[1.478s] -- Install configuration: ""
[1.478s] -- Execute custom install script
[1.478s] -- Up-to-date symlink: /home/marvin/RobotArchitecture/ros2_ws/install/turtlebot3_control_services/share/ament_index/resource_index/rosidl_interfaces/turtlebot3_control_services
[1.478s] -- Up-to-date symlink: /home/marvin/RobotArchitecture/ros2_ws/install/turtlebot3_control_services/include/turtlebot3_control_services/turtlebot3_control_services/msg/rosidl_generator_c__visibility_control.h
[1.478s] -- Up-to-date symlink: /home/marvin/RobotArchitecture/ros2_ws/install/turtlebot3_control_services/include/turtlebot3_control_services/turtlebot3_control_services/srv/detail/robot_control__functions.h
[1.479s] -- Up-to-date symlink: /home/marvin/RobotArchitecture/ros2_ws/install/turtlebot3_control_services/include/turtlebot3_control_services/turtlebot3_control_services/srv/detail/robot_control__struct.h
[1.479s] -- Up-to-date symlink: /home/marvin/RobotArchitecture/ros2_ws/install/turtlebot3_control_services/include/turtlebot3_control_services/turtlebot3_control_services/srv/detail/robot_control__type_support.h
[1.479s] -- Up-to-date symlink: /home/marvin/RobotArchitecture/ros2_ws/install/turtlebot3_control_services/include/turtlebot3_control_services/turtlebot3_control_services/srv/robot_control.h
[1.479s] -- Up-to-date symlink: /home/marvin/RobotArchitecture/ros2_ws/install/turtlebot3_control_services/share/turtlebot3_control_services/environment/library_path.sh
[1.479s] -- Up-to-date symlink: /home/marvin/RobotArchitecture/ros2_ws/install/turtlebot3_control_services/share/turtlebot3_control_services/environment/library_path.dsv
[1.479s] -- Up-to-date symlink: /home/marvin/RobotArchitecture/ros2_ws/install/turtlebot3_control_services/include/turtlebot3_control_services/turtlebot3_control_services/msg/rosidl_typesupport_fastrtps_c__visibility_control.h
[1.479s] -- Up-to-date symlink: /home/marvin/RobotArchitecture/ros2_ws/install/turtlebot3_control_services/include/turtlebot3_control_services/turtlebot3_control_services/srv/detail/robot_control__rosidl_typesupport_fastrtps_c.h
[1.480s] -- Up-to-date symlink: /home/marvin/RobotArchitecture/ros2_ws/install/turtlebot3_control_services/include/turtlebot3_control_services/turtlebot3_control_services/srv/detail/robot_control__builder.hpp
[1.480s] -- Up-to-date symlink: /home/marvin/RobotArchitecture/ros2_ws/install/turtlebot3_control_services/include/turtlebot3_control_services/turtlebot3_control_services/srv/detail/robot_control__struct.hpp
[1.480s] -- Up-to-date symlink: /home/marvin/RobotArchitecture/ros2_ws/install/turtlebot3_control_services/include/turtlebot3_control_services/turtlebot3_control_services/srv/detail/robot_control__traits.hpp
[1.480s] -- Up-to-date symlink: /home/marvin/RobotArchitecture/ros2_ws/install/turtlebot3_control_services/include/turtlebot3_control_services/turtlebot3_control_services/srv/robot_control.hpp
[1.480s] -- Up-to-date symlink: /home/marvin/RobotArchitecture/ros2_ws/install/turtlebot3_control_services/include/turtlebot3_control_services/turtlebot3_control_services/msg/rosidl_typesupport_fastrtps_cpp__visibility_control.h
[1.480s] -- Up-to-date symlink: /home/marvin/RobotArchitecture/ros2_ws/install/turtlebot3_control_services/include/turtlebot3_control_services/turtlebot3_control_services/srv/detail/robot_control__rosidl_typesupport_fastrtps_cpp.hpp
[1.480s] -- Up-to-date symlink: /home/marvin/RobotArchitecture/ros2_ws/install/turtlebot3_control_services/include/turtlebot3_control_services/turtlebot3_control_services/msg/rosidl_typesupport_introspection_c__visibility_control.h
[1.481s] -- Up-to-date symlink: /home/marvin/RobotArchitecture/ros2_ws/install/turtlebot3_control_services/include/turtlebot3_control_services/turtlebot3_control_services/srv/detail/robot_control__rosidl_typesupport_introspection_c.h
[1.481s] -- Up-to-date symlink: /home/marvin/RobotArchitecture/ros2_ws/install/turtlebot3_control_services/include/turtlebot3_control_services/turtlebot3_control_services/srv/detail/robot_control__rosidl_typesupport_introspection_cpp.hpp
[1.481s] -- Up-to-date symlink: /home/marvin/RobotArchitecture/ros2_ws/install/turtlebot3_control_services/share/turtlebot3_control_services/environment/pythonpath.sh
[1.481s] -- Up-to-date symlink: /home/marvin/RobotArchitecture/ros2_ws/install/turtlebot3_control_services/share/turtlebot3_control_services/environment/pythonpath.dsv
[1.481s] -- Up-to-date symlink: /home/marvin/RobotArchitecture/ros2_ws/install/turtlebot3_control_services/local/lib/python3.10/dist-packages/turtlebot3_control_services-0.0.0-py3.10.egg-info/PKG-INFO
[1.481s] -- Up-to-date symlink: /home/marvin/RobotArchitecture/ros2_ws/install/turtlebot3_control_services/local/lib/python3.10/dist-packages/turtlebot3_control_services-0.0.0-py3.10.egg-info/SOURCES.txt
[1.481s] -- Up-to-date symlink: /home/marvin/RobotArchitecture/ros2_ws/install/turtlebot3_control_services/local/lib/python3.10/dist-packages/turtlebot3_control_services-0.0.0-py3.10.egg-info/dependency_links.txt
[1.481s] -- Up-to-date symlink: /home/marvin/RobotArchitecture/ros2_ws/install/turtlebot3_control_services/local/lib/python3.10/dist-packages/turtlebot3_control_services-0.0.0-py3.10.egg-info/top_level.txt
[1.482s] -- Up-to-date symlink: /home/marvin/RobotArchitecture/ros2_ws/install/turtlebot3_control_services/local/lib/python3.10/dist-packages/turtlebot3_control_services/__init__.py
[1.482s] -- Up-to-date symlink: /home/marvin/RobotArchitecture/ros2_ws/install/turtlebot3_control_services/local/lib/python3.10/dist-packages/turtlebot3_control_services/_turtlebot3_control_services_s.ep.rosidl_typesupport_c.c
[1.482s] -- Up-to-date symlink: /home/marvin/RobotArchitecture/ros2_ws/install/turtlebot3_control_services/local/lib/python3.10/dist-packages/turtlebot3_control_services/_turtlebot3_control_services_s.ep.rosidl_typesupport_fastrtps_c.c
[1.482s] -- Up-to-date symlink: /home/marvin/RobotArchitecture/ros2_ws/install/turtlebot3_control_services/local/lib/python3.10/dist-packages/turtlebot3_control_services/_turtlebot3_control_services_s.ep.rosidl_typesupport_introspection_c.c
[1.482s] -- Up-to-date symlink: /home/marvin/RobotArchitecture/ros2_ws/install/turtlebot3_control_services/local/lib/python3.10/dist-packages/turtlebot3_control_services/libturtlebot3_control_services__rosidl_generator_py.so
[1.482s] -- Up-to-date symlink: /home/marvin/RobotArchitecture/ros2_ws/install/turtlebot3_control_services/local/lib/python3.10/dist-packages/turtlebot3_control_services/srv/__init__.py
[1.482s] -- Up-to-date symlink: /home/marvin/RobotArchitecture/ros2_ws/install/turtlebot3_control_services/local/lib/python3.10/dist-packages/turtlebot3_control_services/srv/_robot_control.py
[1.482s] -- Up-to-date symlink: /home/marvin/RobotArchitecture/ros2_ws/install/turtlebot3_control_services/local/lib/python3.10/dist-packages/turtlebot3_control_services/srv/_robot_control_s.c
[1.483s] -- Up-to-date symlink: /home/marvin/RobotArchitecture/ros2_ws/install/turtlebot3_control_services/local/lib/python3.10/dist-packages/turtlebot3_control_services/turtlebot3_control_services_s__rosidl_typesupport_c.cpython-310-x86_64-linux-gnu.so
[1.483s] -- Up-to-date symlink: /home/marvin/RobotArchitecture/ros2_ws/install/turtlebot3_control_services/local/lib/python3.10/dist-packages/turtlebot3_control_services/turtlebot3_control_services_s__rosidl_typesupport_fastrtps_c.cpython-310-x86_64-linux-gnu.so
[1.483s] -- Up-to-date symlink: /home/marvin/RobotArchitecture/ros2_ws/install/turtlebot3_control_services/local/lib/python3.10/dist-packages/turtlebot3_control_services/turtlebot3_control_services_s__rosidl_typesupport_introspection_c.cpython-310-x86_64-linux-gnu.so
[1.483s] -- Up-to-date symlink: /home/marvin/RobotArchitecture/ros2_ws/install/turtlebot3_control_services/local/lib/python3.10/dist-packages/turtlebot3_control_services/turtlebot3_control_services_s__rosidl_typesupport_fastrtps_c.cpython-310-x86_64-linux-gnu.so
[1.483s] -- Up-to-date symlink: /home/marvin/RobotArchitecture/ros2_ws/install/turtlebot3_control_services/local/lib/python3.10/dist-packages/turtlebot3_control_services/turtlebot3_control_services_s__rosidl_typesupport_introspection_c.cpython-310-x86_64-linux-gnu.so
[1.483s] -- Up-to-date symlink: /home/marvin/RobotArchitecture/ros2_ws/install/turtlebot3_control_services/local/lib/python3.10/dist-packages/turtlebot3_control_services/turtlebot3_control_services_s__rosidl_typesupport_c.cpython-310-x86_64-linux-gnu.so
[1.483s] -- Up-to-date symlink: /home/marvin/RobotArchitecture/ros2_ws/install/turtlebot3_control_services/share/turtlebot3_control_services/srv/RobotControl.idl
[1.483s] -- Up-to-date symlink: /home/marvin/RobotArchitecture/ros2_ws/install/turtlebot3_control_services/share/turtlebot3_control_services/srv/RobotControl.srv
[1.484s] -- Up-to-date symlink: /home/marvin/RobotArchitecture/ros2_ws/install/turtlebot3_control_services/share/turtlebot3_control_services/srv/RobotControl_Request.msg
[1.484s] -- Up-to-date symlink: /home/marvin/RobotArchitecture/ros2_ws/install/turtlebot3_control_services/share/turtlebot3_control_services/srv/RobotControl_Response.msg
[1.484s] -- Up-to-date symlink: /home/marvin/RobotArchitecture/ros2_ws/install/turtlebot3_control_services/share/ament_index/resource_index/package_run_dependencies/turtlebot3_control_services
[1.484s] -- Up-to-date symlink: /home/marvin/RobotArchitecture/ros2_ws/install/turtlebot3_control_services/share/ament_index/resource_index/parent_prefix_path/turtlebot3_control_services
[1.484s] -- Up-to-date symlink: /home/marvin/RobotArchitecture/ros2_ws/install/turtlebot3_control_services/share/turtlebot3_control_services/environment/ament_prefix_path.sh
[1.484s] -- Up-to-date symlink: /home/marvin/RobotArchitecture/ros2_ws/install/turtlebot3_control_services/share/turtlebot3_control_services/environment/ament_prefix_path.dsv
[1.484s] -- Up-to-date symlink: /home/marvin/RobotArchitecture/ros2_ws/install/turtlebot3_control_services/share/turtlebot3_control_services/environment/path.sh
[1.485s] -- Up-to-date symlink: /home/marvin/RobotArchitecture/ros2_ws/install/turtlebot3_control_services/share/turtlebot3_control_services/environment/path.dsv
[1.485s] -- Up-to-date symlink: /home/marvin/RobotArchitecture/ros2_ws/install/turtlebot3_control_services/share/turtlebot3_control_services/local_setup.bash
[1.485s] -- Up-to-date symlink: /home/marvin/RobotArchitecture/ros2_ws/install/turtlebot3_control_services/share/turtlebot3_control_services/local_setup.sh
[1.485s] -- Up-to-date symlink: /home/marvin/RobotArchitecture/ros2_ws/install/turtlebot3_control_services/share/turtlebot3_control_services/local_setup.zsh
[1.485s] -- Up-to-date symlink: /home/marvin/RobotArchitecture/ros2_ws/install/turtlebot3_control_services/share/turtlebot3_control_services/local_setup.dsv
[1.485s] -- Symlinking: /home/marvin/RobotArchitecture/ros2_ws/install/turtlebot3_control_services/share/turtlebot3_control_services/package.dsv
[1.488s] -- Up-to-date symlink: /home/marvin/RobotArchitecture/ros2_ws/install/turtlebot3_control_services/share/ament_index/resource_index/packages/turtlebot3_control_services
[1.489s] -- Up-to-date symlink: /home/marvin/RobotArchitecture/ros2_ws/install/turtlebot3_control_services/share/turtlebot3_control_services/cmake/rosidl_cmake-extras.cmake
[1.489s] -- Up-to-date symlink: /home/marvin/RobotArchitecture/ros2_ws/install/turtlebot3_control_services/share/turtlebot3_control_services/cmake/ament_cmake_export_dependencies-extras.cmake
[1.489s] -- Up-to-date symlink: /home/marvin/RobotArchitecture/ros2_ws/install/turtlebot3_control_services/share/turtlebot3_control_services/cmake/ament_cmake_export_include_directories-extras.cmake
[1.489s] -- Up-to-date symlink: /home/marvin/RobotArchitecture/ros2_ws/install/turtlebot3_control_services/share/turtlebot3_control_services/cmake/ament_cmake_export_libraries-extras.cmake
[1.490s] -- Up-to-date symlink: /home/marvin/RobotArchitecture/ros2_ws/install/turtlebot3_control_services/share/turtlebot3_control_services/cmake/ament_cmake_export_targets-extras.cmake
[1.490s] -- Up-to-date symlink: /home/marvin/RobotArchitecture/ros2_ws/install/turtlebot3_control_services/share/turtlebot3_control_services/cmake/rosidl_cmake_export_typesupport_targets-extras.cmake
[1.490s] -- Up-to-date symlink: /home/marvin/RobotArchitecture/ros2_ws/install/turtlebot3_control_services/share/turtlebot3_control_services/cmake/rosidl_cmake_export_typesupport_libraries-extras.cmake
[1.490s] -- Up-to-date symlink: /home/marvin/RobotArchitecture/ros2_ws/install/turtlebot3_control_services/share/turtlebot3_control_services/cmake/turtlebot3_control_servicesConfig.cmake
[1.490s] -- Up-to-date symlink: /home/marvin/RobotArchitecture/ros2_ws/install/turtlebot3_control_services/share/turtlebot3_control_services/cmake/turtlebot3_control_servicesConfig-version.cmake
[1.490s] -- Up-to-date symlink: /home/marvin/RobotArchitecture/ros2_ws/install/turtlebot3_control_services/share/turtlebot3_control_services/package.xml
[1.491s] -- Up-to-date: /home/marvin/RobotArchitecture/ros2_ws/install/turtlebot3_control_services/lib/libturtlebot3_control_services__rosidl_generator_c.so
[1.496s] -- Up-to-date: /home/marvin/RobotArchitecture/ros2_ws/install/turtlebot3_control_services/lib/libturtlebot3_control_services__rosidl_typesupport_fastrtps_c.so
[1.497s] -- Up-to-date: /home/marvin/RobotArchitecture/ros2_ws/install/turtlebot3_control_services/lib/libturtlebot3_control_services__rosidl_typesupport_fastrtps_cpp.so
[1.497s] -- Up-to-date: /home/marvin/RobotArchitecture/ros2_ws/install/turtlebot3_control_services/lib/libturtlebot3_control_services__rosidl_typesupport_introspection_c.so
[1.497s] -- Up-to-date: /home/marvin/RobotArchitecture/ros2_ws/install/turtlebot3_control_services/lib/libturtlebot3_control_services__rosidl_typesupport_c.so
[1.497s] -- Up-to-date: /home/marvin/RobotArchitecture/ros2_ws/install/turtlebot3_control_services/lib/libturtlebot3_control_services__rosidl_typesupport_introspection_cpp.so
[1.500s] -- Up-to-date: /home/marvin/RobotArchitecture/ros2_ws/install/turtlebot3_control_services/lib/libturtlebot3_control_services__rosidl_typesupport_cpp.so
[1.555s] Listing '/home/marvin/RobotArchitecture/ros2_ws/install/turtlebot3_control_services/local/lib/python3.10/dist-packages/turtlebot3_control_services'...
[1.555s] Listing '/home/marvin/RobotArchitecture/ros2_ws/install/turtlebot3_control_services/local/lib/python3.10/dist-packages/turtlebot3_control_services/srv'...
[1.564s] -- Up-to-date: /home/marvin/RobotArchitecture/ros2_ws/install/turtlebot3_control_services/lib/libturtlebot3_control_services__rosidl_generator_py.so
[1.564s] -- Up-to-date: /home/marvin/RobotArchitecture/ros2_ws/install/turtlebot3_control_services/share/turtlebot3_control_services/cmake/export_turtlebot3_control_services__rosidl_generator_cExport.cmake
[1.564s] -- Up-to-date: /home/marvin/RobotArchitecture/ros2_ws/install/turtlebot3_control_services/share/turtlebot3_control_services/cmake/export_turtlebot3_control_services__rosidl_generator_cExport-noconfig.cmake
[1.565s] -- Up-to-date: /home/marvin/RobotArchitecture/ros2_ws/install/turtlebot3_control_services/share/turtlebot3_control_services/cmake/export_turtlebot3_control_services__rosidl_typesupport_fastrtps_cExport.cmake
[1.565s] -- Up-to-date: /home/marvin/RobotArchitecture/ros2_ws/install/turtlebot3_control_services/share/turtlebot3_control_services/cmake/export_turtlebot3_control_services__rosidl_typesupport_fastrtps_cExport-noconfig.cmake
[1.565s] -- Up-to-date: /home/marvin/RobotArchitecture/ros2_ws/install/turtlebot3_control_services/share/turtlebot3_control_services/cmake/export_turtlebot3_control_services__rosidl_generator_cppExport.cmake
[1.565s] -- Up-to-date: /home/marvin/RobotArchitecture/ros2_ws/install/turtlebot3_control_services/share/turtlebot3_control_services/cmake/export_turtlebot3_control_services__rosidl_typesupport_fastrtps_cppExport.cmake
[1.565s] -- Up-to-date: /home/marvin/RobotArchitecture/ros2_ws/install/turtlebot3_control_services/share/turtlebot3_control_services/cmake/export_turtlebot3_control_services__rosidl_typesupport_fastrtps_cppExport-noconfig.cmake
[1.566s] -- Up-to-date: /home/marvin/RobotArchitecture/ros2_ws/install/turtlebot3_control_services/share/turtlebot3_control_services/cmake/turtlebot3_control_services__rosidl_typesupport_introspection_cExport.cmake
[1.566s] -- Up-to-date: /home/marvin/RobotArchitecture/ros2_ws/install/turtlebot3_control_services/share/turtlebot3_control_services/cmake/turtlebot3_control_services__rosidl_typesupport_introspection_cExport-noconfig.cmake
[1.566s] -- Up-to-date: /home/marvin/RobotArchitecture/ros2_ws/install/turtlebot3_control_services/share/turtlebot3_control_services/cmake/turtlebot3_control_services__rosidl_typesupport_cExport.cmake
[1.566s] -- Up-to-date: /home/marvin/RobotArchitecture/ros2_ws/install/turtlebot3_control_services/share/turtlebot3_control_services/cmake/turtlebot3_control_services__rosidl_typesupport_cExport-noconfig.cmake
[1.566s] -- Up-to-date: /home/marvin/RobotArchitecture/ros2_ws/install/turtlebot3_control_services/share/turtlebot3_control_services/cmake/turtlebot3_control_services__rosidl_typesupport_introspection_cppExport.cmake
[1.567s] -- Up-to-date: /home/marvin/RobotArchitecture/ros2_ws/install/turtlebot3_control_services/share/turtlebot3_control_services/cmake/turtlebot3_control_services__rosidl_typesupport_introspection_cppExport-noconfig.cmake
[1.567s] -- Up-to-date: /home/marvin/RobotArchitecture/ros2_ws/install/turtlebot3_control_services/share/turtlebot3_control_services/cmake/turtlebot3_control_services__rosidl_typesupport_cppExport.cmake
[1.567s] -- Up-to-date: /home/marvin/RobotArchitecture/ros2_ws/install/turtlebot3_control_services/share/turtlebot3_control_services/cmake/turtlebot3_control_services__rosidl_typesupport_cppExport-noconfig.cmake
[1.567s] -- Up-to-date: /home/marvin/RobotArchitecture/ros2_ws/install/turtlebot3_control_services/share/turtlebot3_control_services/cmake/export_turtlebot3_control_services__rosidl_generator_pyExport.cmake
[1.567s] -- Up-to-date: /home/marvin/RobotArchitecture/ros2_ws/install/turtlebot3_control_services/share/turtlebot3_control_services/cmake/export_turtlebot3_control_services__rosidl_generator_pyExport-noconfig.cmake
[1.588s] Invoked command in '/home/marvin/RobotArchitecture/ros2_ws/build/turtlebot3_control_services' returned '0': CMAKE_PREFIX_PATH=/home/marvin/RobotArchitecture/ros2_ws/install/custom_msgs:/home/marvin/RobotArchitecture/ros2_ws/install/turtlebot3_simulations:/home/marvin/RobotArchitecture/ros2_ws/install/turtlebot3_gazebo:/home/marvin/RobotArchitecture/ros2_ws/install/turtlebot3_fake_node:/home/marvin/RobotArchitecture/ros2_ws/install/turtlebot3_control_services:/home/marvin/install/turtlebot3_hardware_control:/home/marvin/install/turtlebot3_explorer:/home/marvin/RobotArchitecture/ros2_ws/install/turtlebot3_slam_management:/home/marvin/RobotArchitecture/ros2_ws/install/turtlebot3_random_explorer:/home/marvin/RobotArchitecture/ros2_ws/install/turtlebot3_obstacle_avoidance:/home/marvin/RobotArchitecture/ros2_ws/install/turtlebot3_nav_management:/home/marvin/RobotArchitecture/ros2_ws/install/turtlebot3_map_change_detection:/home/marvin/RobotArchitecture/ros2_ws/install/turtlebot3_launch_configurations:/home/marvin/RobotArchitecture/ros2_ws/install/turtlebot3_hardware_control:/home/marvin/RobotArchitecture/ros2_ws/install/turtlebot3_auto_navigator:/home/marvin/RobotArchitecture/ros2_ws/install/turtlebot3_analysis:/opt/ros/humble LD_LIBRARY_PATH=/home/marvin/RobotArchitecture/ros2_ws/install/custom_msgs/lib:/home/marvin/RobotArchitecture/ros2_ws/install/turtlebot3_control_services/lib:/usr/lib/x86_64-linux-gnu/gazebo-11/plugins:/opt/ros/humble/opt/rviz_ogre_vendor/lib:/opt/ros/humble/lib/x86_64-linux-gnu:/opt/ros/humble/lib:/usr/lib/x86_64-linux-gnu/gazebo-11/plugins /usr/bin/cmake --install /home/marvin/RobotArchitecture/ros2_ws/build/turtlebot3_control_services
