[0.317s] DEBUG:colcon:Command line arguments: ['/usr/bin/colcon', 'build']
[0.318s] DEBUG:colcon:Parsed command line arguments: Namespace(allow_overriding=[], ament_cmake_args=None, base_paths=['.'], build_base='build', catkin_cmake_args=None, catkin_skip_building_tests=False, cmake_args=None, cmake_clean_cache=False, cmake_clean_first=False, cmake_force_configure=False, cmake_target=None, cmake_target_skip_unavailable=False, continue_on_error=False, event_handlers=None, executor='parallel', ignore_user_meta=False, install_base='install', log_base=None, log_level=None, main=<bound method BuildVerb.main of <colcon_core.verb.build.BuildVerb object at 0x7fc2ef6c3910>>, merge_install=False, metas=['./colcon.meta'], packages_above=None, packages_above_and_dependencies=None, packages_above_depth=None, packages_end=None, packages_ignore=None, packages_ignore_regex=None, packages_select=None, packages_select_build_failed=False, packages_select_by_dep=None, packages_select_regex=None, packages_select_test_failures=False, packages_skip=None, packages_skip_build_finished=False, packages_skip_by_dep=None, packages_skip_regex=None, packages_skip_test_passed=False, packages_skip_up_to=None, packages_start=None, packages_up_to=None, packages_up_to_regex=None, parallel_workers=8, paths=None, symlink_install=False, test_result_base=None, verb_extension=<colcon_core.verb.build.BuildVerb object at 0x7fc2ef6c3910>, verb_name='build', verb_parser=<colcon_defaults.argument_parser.defaults.DefaultArgumentsDecorator object at 0x7fc2ef6c3e80>)
[0.343s] Level 1:colcon.colcon_core.package_discovery:discover_packages(colcon_meta) check parameters
[0.343s] Level 1:colcon.colcon_core.package_discovery:discover_packages(recursive) check parameters
[0.343s] Level 1:colcon.colcon_core.package_discovery:discover_packages(ignore) check parameters
[0.343s] Level 1:colcon.colcon_core.package_discovery:discover_packages(path) check parameters
[0.343s] Level 1:colcon.colcon_core.package_discovery:discover_packages(colcon_meta) discover
[0.343s] Level 1:colcon.colcon_core.package_discovery:discover_packages(recursive) discover
[0.343s] INFO:colcon.colcon_core.package_discovery:Crawling recursively for packages in '/home/rama/catkin_ws'
[0.343s] Level 1:colcon.colcon_core.package_identification:_identify(.) by extensions ['ignore', 'ignore_ament_install']
[0.344s] Level 1:colcon.colcon_core.package_identification:_identify(.) by extension 'ignore'
[0.344s] Level 1:colcon.colcon_core.package_identification:_identify(.) by extension 'ignore_ament_install'
[0.344s] Level 1:colcon.colcon_core.package_identification:_identify(.) by extensions ['colcon_pkg']
[0.344s] Level 1:colcon.colcon_core.package_identification:_identify(.) by extension 'colcon_pkg'
[0.344s] Level 1:colcon.colcon_core.package_identification:_identify(.) by extensions ['colcon_meta']
[0.344s] Level 1:colcon.colcon_core.package_identification:_identify(.) by extension 'colcon_meta'
[0.344s] Level 1:colcon.colcon_core.package_identification:_identify(.) by extensions ['ros']
[0.344s] Level 1:colcon.colcon_core.package_identification:_identify(.) by extension 'ros'
[0.364s] Level 1:colcon.colcon_core.package_identification:_identify(.) by extensions ['cmake', 'python']
[0.364s] Level 1:colcon.colcon_core.package_identification:_identify(.) by extension 'cmake'
[0.364s] Level 1:colcon.colcon_core.package_identification:_identify(.) by extension 'python'
[0.364s] Level 1:colcon.colcon_core.package_identification:_identify(.) by extensions ['python_setup_py']
[0.365s] Level 1:colcon.colcon_core.package_identification:_identify(.) by extension 'python_setup_py'
[0.365s] Level 1:colcon.colcon_core.package_identification:_identify(build) by extensions ['ignore', 'ignore_ament_install']
[0.365s] Level 1:colcon.colcon_core.package_identification:_identify(build) by extension 'ignore'
[0.365s] Level 1:colcon.colcon_core.package_identification:_identify(build) ignored
[0.365s] Level 1:colcon.colcon_core.package_identification:_identify(install) by extensions ['ignore', 'ignore_ament_install']
[0.366s] Level 1:colcon.colcon_core.package_identification:_identify(install) by extension 'ignore'
[0.366s] Level 1:colcon.colcon_core.package_identification:_identify(install) ignored
[0.366s] Level 1:colcon.colcon_core.package_identification:_identify(log) by extensions ['ignore', 'ignore_ament_install']
[0.366s] Level 1:colcon.colcon_core.package_identification:_identify(log) by extension 'ignore'
[0.367s] Level 1:colcon.colcon_core.package_identification:_identify(log) ignored
[0.367s] Level 1:colcon.colcon_core.package_identification:_identify(src) by extensions ['ignore', 'ignore_ament_install']
[0.367s] Level 1:colcon.colcon_core.package_identification:_identify(src) by extension 'ignore'
[0.367s] Level 1:colcon.colcon_core.package_identification:_identify(src) by extension 'ignore_ament_install'
[0.367s] Level 1:colcon.colcon_core.package_identification:_identify(src) by extensions ['colcon_pkg']
[0.367s] Level 1:colcon.colcon_core.package_identification:_identify(src) by extension 'colcon_pkg'
[0.367s] Level 1:colcon.colcon_core.package_identification:_identify(src) by extensions ['colcon_meta']
[0.367s] Level 1:colcon.colcon_core.package_identification:_identify(src) by extension 'colcon_meta'
[0.367s] Level 1:colcon.colcon_core.package_identification:_identify(src) by extensions ['ros']
[0.367s] Level 1:colcon.colcon_core.package_identification:_identify(src) by extension 'ros'
[0.367s] Level 1:colcon.colcon_core.package_identification:_identify(src) by extensions ['cmake', 'python']
[0.367s] Level 1:colcon.colcon_core.package_identification:_identify(src) by extension 'cmake'
[0.367s] Level 1:colcon.colcon_core.package_identification:_identify(src) by extension 'python'
[0.367s] Level 1:colcon.colcon_core.package_identification:_identify(src) by extensions ['python_setup_py']
[0.368s] Level 1:colcon.colcon_core.package_identification:_identify(src) by extension 'python_setup_py'
[0.368s] Level 1:colcon.colcon_core.package_identification:_identify(src/nodes) by extensions ['ignore', 'ignore_ament_install']
[0.368s] Level 1:colcon.colcon_core.package_identification:_identify(src/nodes) by extension 'ignore'
[0.368s] Level 1:colcon.colcon_core.package_identification:_identify(src/nodes) by extension 'ignore_ament_install'
[0.368s] Level 1:colcon.colcon_core.package_identification:_identify(src/nodes) by extensions ['colcon_pkg']
[0.368s] Level 1:colcon.colcon_core.package_identification:_identify(src/nodes) by extension 'colcon_pkg'
[0.368s] Level 1:colcon.colcon_core.package_identification:_identify(src/nodes) by extensions ['colcon_meta']
[0.368s] Level 1:colcon.colcon_core.package_identification:_identify(src/nodes) by extension 'colcon_meta'
[0.368s] Level 1:colcon.colcon_core.package_identification:_identify(src/nodes) by extensions ['ros']
[0.368s] Level 1:colcon.colcon_core.package_identification:_identify(src/nodes) by extension 'ros'
[0.371s] DEBUG:colcon.colcon_core.package_identification:Package 'src/nodes' with type 'ros.ament_python' and name 'nodes'
[0.371s] Level 1:colcon.colcon_core.package_identification:_identify(src/nodes2) by extensions ['ignore', 'ignore_ament_install']
[0.371s] Level 1:colcon.colcon_core.package_identification:_identify(src/nodes2) by extension 'ignore'
[0.371s] Level 1:colcon.colcon_core.package_identification:_identify(src/nodes2) by extension 'ignore_ament_install'
[0.371s] Level 1:colcon.colcon_core.package_identification:_identify(src/nodes2) by extensions ['colcon_pkg']
[0.371s] Level 1:colcon.colcon_core.package_identification:_identify(src/nodes2) by extension 'colcon_pkg'
[0.371s] Level 1:colcon.colcon_core.package_identification:_identify(src/nodes2) by extensions ['colcon_meta']
[0.371s] Level 1:colcon.colcon_core.package_identification:_identify(src/nodes2) by extension 'colcon_meta'
[0.371s] Level 1:colcon.colcon_core.package_identification:_identify(src/nodes2) by extensions ['ros']
[0.371s] Level 1:colcon.colcon_core.package_identification:_identify(src/nodes2) by extension 'ros'
[0.372s] DEBUG:colcon.colcon_core.package_identification:Package 'src/nodes2' with type 'ros.ament_python' and name 'nodes2'
[0.372s] Level 1:colcon.colcon_core.package_identification:_identify(src/turtlebot3_simulations) by extensions ['ignore', 'ignore_ament_install']
[0.372s] Level 1:colcon.colcon_core.package_identification:_identify(src/turtlebot3_simulations) by extension 'ignore'
[0.372s] Level 1:colcon.colcon_core.package_identification:_identify(src/turtlebot3_simulations) by extension 'ignore_ament_install'
[0.372s] Level 1:colcon.colcon_core.package_identification:_identify(src/turtlebot3_simulations) by extensions ['colcon_pkg']
[0.372s] Level 1:colcon.colcon_core.package_identification:_identify(src/turtlebot3_simulations) by extension 'colcon_pkg'
[0.372s] Level 1:colcon.colcon_core.package_identification:_identify(src/turtlebot3_simulations) by extensions ['colcon_meta']
[0.372s] Level 1:colcon.colcon_core.package_identification:_identify(src/turtlebot3_simulations) by extension 'colcon_meta'
[0.372s] Level 1:colcon.colcon_core.package_identification:_identify(src/turtlebot3_simulations) by extensions ['ros']
[0.372s] Level 1:colcon.colcon_core.package_identification:_identify(src/turtlebot3_simulations) by extension 'ros'
[0.372s] Level 1:colcon.colcon_core.package_identification:_identify(src/turtlebot3_simulations) by extensions ['cmake', 'python']
[0.372s] Level 1:colcon.colcon_core.package_identification:_identify(src/turtlebot3_simulations) by extension 'cmake'
[0.372s] Level 1:colcon.colcon_core.package_identification:_identify(src/turtlebot3_simulations) by extension 'python'
[0.372s] Level 1:colcon.colcon_core.package_identification:_identify(src/turtlebot3_simulations) by extensions ['python_setup_py']
[0.372s] Level 1:colcon.colcon_core.package_identification:_identify(src/turtlebot3_simulations) by extension 'python_setup_py'
[0.373s] Level 1:colcon.colcon_core.package_identification:_identify(src/turtlebot3_simulations/turtlebot3_fake_node) by extensions ['ignore', 'ignore_ament_install']
[0.373s] Level 1:colcon.colcon_core.package_identification:_identify(src/turtlebot3_simulations/turtlebot3_fake_node) by extension 'ignore'
[0.373s] Level 1:colcon.colcon_core.package_identification:_identify(src/turtlebot3_simulations/turtlebot3_fake_node) by extension 'ignore_ament_install'
[0.373s] Level 1:colcon.colcon_core.package_identification:_identify(src/turtlebot3_simulations/turtlebot3_fake_node) by extensions ['colcon_pkg']
[0.373s] Level 1:colcon.colcon_core.package_identification:_identify(src/turtlebot3_simulations/turtlebot3_fake_node) by extension 'colcon_pkg'
[0.373s] Level 1:colcon.colcon_core.package_identification:_identify(src/turtlebot3_simulations/turtlebot3_fake_node) by extensions ['colcon_meta']
[0.373s] Level 1:colcon.colcon_core.package_identification:_identify(src/turtlebot3_simulations/turtlebot3_fake_node) by extension 'colcon_meta'
[0.373s] Level 1:colcon.colcon_core.package_identification:_identify(src/turtlebot3_simulations/turtlebot3_fake_node) by extensions ['ros']
[0.373s] Level 1:colcon.colcon_core.package_identification:_identify(src/turtlebot3_simulations/turtlebot3_fake_node) by extension 'ros'
[0.374s] DEBUG:colcon.colcon_core.package_identification:Package 'src/turtlebot3_simulations/turtlebot3_fake_node' with type 'ros.ament_cmake' and name 'turtlebot3_fake_node'
[0.374s] Level 1:colcon.colcon_core.package_identification:_identify(src/turtlebot3_simulations/turtlebot3_gazebo) by extensions ['ignore', 'ignore_ament_install']
[0.374s] Level 1:colcon.colcon_core.package_identification:_identify(src/turtlebot3_simulations/turtlebot3_gazebo) by extension 'ignore'
[0.374s] Level 1:colcon.colcon_core.package_identification:_identify(src/turtlebot3_simulations/turtlebot3_gazebo) by extension 'ignore_ament_install'
[0.375s] Level 1:colcon.colcon_core.package_identification:_identify(src/turtlebot3_simulations/turtlebot3_gazebo) by extensions ['colcon_pkg']
[0.375s] Level 1:colcon.colcon_core.package_identification:_identify(src/turtlebot3_simulations/turtlebot3_gazebo) by extension 'colcon_pkg'
[0.375s] Level 1:colcon.colcon_core.package_identification:_identify(src/turtlebot3_simulations/turtlebot3_gazebo) by extensions ['colcon_meta']
[0.375s] Level 1:colcon.colcon_core.package_identification:_identify(src/turtlebot3_simulations/turtlebot3_gazebo) by extension 'colcon_meta'
[0.375s] Level 1:colcon.colcon_core.package_identification:_identify(src/turtlebot3_simulations/turtlebot3_gazebo) by extensions ['ros']
[0.375s] Level 1:colcon.colcon_core.package_identification:_identify(src/turtlebot3_simulations/turtlebot3_gazebo) by extension 'ros'
[0.376s] DEBUG:colcon.colcon_core.package_identification:Package 'src/turtlebot3_simulations/turtlebot3_gazebo' with type 'ros.ament_cmake' and name 'turtlebot3_gazebo'
[0.376s] Level 1:colcon.colcon_core.package_identification:_identify(src/turtlebot3_simulations/turtlebot3_simulations) by extensions ['ignore', 'ignore_ament_install']
[0.376s] Level 1:colcon.colcon_core.package_identification:_identify(src/turtlebot3_simulations/turtlebot3_simulations) by extension 'ignore'
[0.376s] Level 1:colcon.colcon_core.package_identification:_identify(src/turtlebot3_simulations/turtlebot3_simulations) by extension 'ignore_ament_install'
[0.376s] Level 1:colcon.colcon_core.package_identification:_identify(src/turtlebot3_simulations/turtlebot3_simulations) by extensions ['colcon_pkg']
[0.376s] Level 1:colcon.colcon_core.package_identification:_identify(src/turtlebot3_simulations/turtlebot3_simulations) by extension 'colcon_pkg'
[0.376s] Level 1:colcon.colcon_core.package_identification:_identify(src/turtlebot3_simulations/turtlebot3_simulations) by extensions ['colcon_meta']
[0.376s] Level 1:colcon.colcon_core.package_identification:_identify(src/turtlebot3_simulations/turtlebot3_simulations) by extension 'colcon_meta'
[0.376s] Level 1:colcon.colcon_core.package_identification:_identify(src/turtlebot3_simulations/turtlebot3_simulations) by extensions ['ros']
[0.376s] Level 1:colcon.colcon_core.package_identification:_identify(src/turtlebot3_simulations/turtlebot3_simulations) by extension 'ros'
[0.377s] DEBUG:colcon.colcon_core.package_identification:Package 'src/turtlebot3_simulations/turtlebot3_simulations' with type 'ros.ament_cmake' and name 'turtlebot3_simulations'
[0.377s] Level 1:colcon.colcon_core.package_discovery:discover_packages(recursive) using defaults
[0.377s] Level 1:colcon.colcon_core.package_discovery:discover_packages(ignore) discover
[0.377s] Level 1:colcon.colcon_core.package_discovery:discover_packages(ignore) using defaults
[0.377s] Level 1:colcon.colcon_core.package_discovery:discover_packages(path) discover
[0.377s] Level 1:colcon.colcon_core.package_discovery:discover_packages(path) using defaults
[0.400s] Level 1:colcon.colcon_core.package_discovery:discover_packages(prefix_path) check parameters
[0.400s] Level 1:colcon.colcon_core.package_discovery:discover_packages(prefix_path) discover
[0.403s] DEBUG:colcon.colcon_installed_package_information.package_discovery:Found 5 installed packages in /home/rama/catkin_ws/install
[0.405s] DEBUG:colcon.colcon_installed_package_information.package_discovery:Found 335 installed packages in /opt/ros/foxy
[0.406s] Level 1:colcon.colcon_core.package_discovery:discover_packages(prefix_path) using defaults
[0.477s] Level 5:colcon.colcon_core.verb:set package 'nodes' build argument 'cmake_args' from command line to 'None'
[0.477s] Level 5:colcon.colcon_core.verb:set package 'nodes' build argument 'cmake_target' from command line to 'None'
[0.477s] Level 5:colcon.colcon_core.verb:set package 'nodes' build argument 'cmake_target_skip_unavailable' from command line to 'False'
[0.477s] Level 5:colcon.colcon_core.verb:set package 'nodes' build argument 'cmake_clean_cache' from command line to 'False'
[0.477s] Level 5:colcon.colcon_core.verb:set package 'nodes' build argument 'cmake_clean_first' from command line to 'False'
[0.477s] Level 5:colcon.colcon_core.verb:set package 'nodes' build argument 'cmake_force_configure' from command line to 'False'
[0.477s] Level 5:colcon.colcon_core.verb:set package 'nodes' build argument 'ament_cmake_args' from command line to 'None'
[0.477s] Level 5:colcon.colcon_core.verb:set package 'nodes' build argument 'catkin_cmake_args' from command line to 'None'
[0.477s] Level 5:colcon.colcon_core.verb:set package 'nodes' build argument 'catkin_skip_building_tests' from command line to 'False'
[0.478s] DEBUG:colcon.colcon_core.verb:Building package 'nodes' with the following arguments: {'ament_cmake_args': None, 'build_base': '/home/rama/catkin_ws/build/nodes', 'catkin_cmake_args': None, 'catkin_skip_building_tests': False, 'cmake_args': None, 'cmake_clean_cache': False, 'cmake_clean_first': False, 'cmake_force_configure': False, 'cmake_target': None, 'cmake_target_skip_unavailable': False, 'install_base': '/home/rama/catkin_ws/install/nodes', 'merge_install': False, 'path': '/home/rama/catkin_ws/src/nodes', 'symlink_install': False, 'test_result_base': None}
[0.478s] Level 5:colcon.colcon_core.verb:set package 'nodes2' build argument 'cmake_args' from command line to 'None'
[0.479s] Level 5:colcon.colcon_core.verb:set package 'nodes2' build argument 'cmake_target' from command line to 'None'
[0.479s] Level 5:colcon.colcon_core.verb:set package 'nodes2' build argument 'cmake_target_skip_unavailable' from command line to 'False'
[0.479s] Level 5:colcon.colcon_core.verb:set package 'nodes2' build argument 'cmake_clean_cache' from command line to 'False'
[0.479s] Level 5:colcon.colcon_core.verb:set package 'nodes2' build argument 'cmake_clean_first' from command line to 'False'
[0.479s] Level 5:colcon.colcon_core.verb:set package 'nodes2' build argument 'cmake_force_configure' from command line to 'False'
[0.479s] Level 5:colcon.colcon_core.verb:set package 'nodes2' build argument 'ament_cmake_args' from command line to 'None'
[0.479s] Level 5:colcon.colcon_core.verb:set package 'nodes2' build argument 'catkin_cmake_args' from command line to 'None'
[0.479s] Level 5:colcon.colcon_core.verb:set package 'nodes2' build argument 'catkin_skip_building_tests' from command line to 'False'
[0.479s] DEBUG:colcon.colcon_core.verb:Building package 'nodes2' with the following arguments: {'ament_cmake_args': None, 'build_base': '/home/rama/catkin_ws/build/nodes2', 'catkin_cmake_args': None, 'catkin_skip_building_tests': False, 'cmake_args': None, 'cmake_clean_cache': False, 'cmake_clean_first': False, 'cmake_force_configure': False, 'cmake_target': None, 'cmake_target_skip_unavailable': False, 'install_base': '/home/rama/catkin_ws/install/nodes2', 'merge_install': False, 'path': '/home/rama/catkin_ws/src/nodes2', 'symlink_install': False, 'test_result_base': None}
[0.480s] Level 5:colcon.colcon_core.verb:set package 'turtlebot3_fake_node' build argument 'cmake_args' from command line to 'None'
[0.480s] Level 5:colcon.colcon_core.verb:set package 'turtlebot3_fake_node' build argument 'cmake_target' from command line to 'None'
[0.480s] Level 5:colcon.colcon_core.verb:set package 'turtlebot3_fake_node' build argument 'cmake_target_skip_unavailable' from command line to 'False'
[0.480s] Level 5:colcon.colcon_core.verb:set package 'turtlebot3_fake_node' build argument 'cmake_clean_cache' from command line to 'False'
[0.480s] Level 5:colcon.colcon_core.verb:set package 'turtlebot3_fake_node' build argument 'cmake_clean_first' from command line to 'False'
[0.480s] Level 5:colcon.colcon_core.verb:set package 'turtlebot3_fake_node' build argument 'cmake_force_configure' from command line to 'False'
[0.480s] Level 5:colcon.colcon_core.verb:set package 'turtlebot3_fake_node' build argument 'ament_cmake_args' from command line to 'None'
[0.480s] Level 5:colcon.colcon_core.verb:set package 'turtlebot3_fake_node' build argument 'catkin_cmake_args' from command line to 'None'
[0.480s] Level 5:colcon.colcon_core.verb:set package 'turtlebot3_fake_node' build argument 'catkin_skip_building_tests' from command line to 'False'
[0.480s] DEBUG:colcon.colcon_core.verb:Building package 'turtlebot3_fake_node' with the following arguments: {'ament_cmake_args': None, 'build_base': '/home/rama/catkin_ws/build/turtlebot3_fake_node', 'catkin_cmake_args': None, 'catkin_skip_building_tests': False, 'cmake_args': None, 'cmake_clean_cache': False, 'cmake_clean_first': False, 'cmake_force_configure': False, 'cmake_target': None, 'cmake_target_skip_unavailable': False, 'install_base': '/home/rama/catkin_ws/install/turtlebot3_fake_node', 'merge_install': False, 'path': '/home/rama/catkin_ws/src/turtlebot3_simulations/turtlebot3_fake_node', 'symlink_install': False, 'test_result_base': None}
[0.482s] Level 5:colcon.colcon_core.verb:set package 'turtlebot3_gazebo' build argument 'cmake_args' from command line to 'None'
[0.482s] Level 5:colcon.colcon_core.verb:set package 'turtlebot3_gazebo' build argument 'cmake_target' from command line to 'None'
[0.482s] Level 5:colcon.colcon_core.verb:set package 'turtlebot3_gazebo' build argument 'cmake_target_skip_unavailable' from command line to 'False'
[0.482s] Level 5:colcon.colcon_core.verb:set package 'turtlebot3_gazebo' build argument 'cmake_clean_cache' from command line to 'False'
[0.482s] Level 5:colcon.colcon_core.verb:set package 'turtlebot3_gazebo' build argument 'cmake_clean_first' from command line to 'False'
[0.482s] Level 5:colcon.colcon_core.verb:set package 'turtlebot3_gazebo' build argument 'cmake_force_configure' from command line to 'False'
[0.482s] Level 5:colcon.colcon_core.verb:set package 'turtlebot3_gazebo' build argument 'ament_cmake_args' from command line to 'None'
[0.482s] Level 5:colcon.colcon_core.verb:set package 'turtlebot3_gazebo' build argument 'catkin_cmake_args' from command line to 'None'
[0.482s] Level 5:colcon.colcon_core.verb:set package 'turtlebot3_gazebo' build argument 'catkin_skip_building_tests' from command line to 'False'
[0.482s] DEBUG:colcon.colcon_core.verb:Building package 'turtlebot3_gazebo' with the following arguments: {'ament_cmake_args': None, 'build_base': '/home/rama/catkin_ws/build/turtlebot3_gazebo', 'catkin_cmake_args': None, 'catkin_skip_building_tests': False, 'cmake_args': None, 'cmake_clean_cache': False, 'cmake_clean_first': False, 'cmake_force_configure': False, 'cmake_target': None, 'cmake_target_skip_unavailable': False, 'install_base': '/home/rama/catkin_ws/install/turtlebot3_gazebo', 'merge_install': False, 'path': '/home/rama/catkin_ws/src/turtlebot3_simulations/turtlebot3_gazebo', 'symlink_install': False, 'test_result_base': None}
[0.483s] Level 5:colcon.colcon_core.verb:set package 'turtlebot3_simulations' build argument 'cmake_args' from command line to 'None'
[0.483s] Level 5:colcon.colcon_core.verb:set package 'turtlebot3_simulations' build argument 'cmake_target' from command line to 'None'
[0.483s] Level 5:colcon.colcon_core.verb:set package 'turtlebot3_simulations' build argument 'cmake_target_skip_unavailable' from command line to 'False'
[0.483s] Level 5:colcon.colcon_core.verb:set package 'turtlebot3_simulations' build argument 'cmake_clean_cache' from command line to 'False'
[0.483s] Level 5:colcon.colcon_core.verb:set package 'turtlebot3_simulations' build argument 'cmake_clean_first' from command line to 'False'
[0.483s] Level 5:colcon.colcon_core.verb:set package 'turtlebot3_simulations' build argument 'cmake_force_configure' from command line to 'False'
[0.483s] Level 5:colcon.colcon_core.verb:set package 'turtlebot3_simulations' build argument 'ament_cmake_args' from command line to 'None'
[0.483s] Level 5:colcon.colcon_core.verb:set package 'turtlebot3_simulations' build argument 'catkin_cmake_args' from command line to 'None'
[0.483s] Level 5:colcon.colcon_core.verb:set package 'turtlebot3_simulations' build argument 'catkin_skip_building_tests' from command line to 'False'
[0.483s] DEBUG:colcon.colcon_core.verb:Building package 'turtlebot3_simulations' with the following arguments: {'ament_cmake_args': None, 'build_base': '/home/rama/catkin_ws/build/turtlebot3_simulations', 'catkin_cmake_args': None, 'catkin_skip_building_tests': False, 'cmake_args': None, 'cmake_clean_cache': False, 'cmake_clean_first': False, 'cmake_force_configure': False, 'cmake_target': None, 'cmake_target_skip_unavailable': False, 'install_base': '/home/rama/catkin_ws/install/turtlebot3_simulations', 'merge_install': False, 'path': '/home/rama/catkin_ws/src/turtlebot3_simulations/turtlebot3_simulations', 'symlink_install': False, 'test_result_base': None}
[0.484s] INFO:colcon.colcon_core.executor:Executing jobs using 'parallel' executor
[0.487s] DEBUG:colcon.colcon_parallel_executor.executor.parallel:run_until_complete
[0.488s] INFO:colcon.colcon_ros.task.ament_cmake.build:Building ROS package in '/home/rama/catkin_ws/src/turtlebot3_simulations/turtlebot3_fake_node' with build type 'ament_cmake'
[0.488s] INFO:colcon.colcon_cmake.task.cmake.build:Building CMake package in '/home/rama/catkin_ws/src/turtlebot3_simulations/turtlebot3_fake_node'
[0.492s] INFO:colcon.colcon_core.plugin_system:Skipping extension 'colcon_core.shell.bat': Not used on non-Windows systems
[0.492s] INFO:colcon.colcon_core.shell:Skip shell extension 'powershell' for command environment: Not usable outside of PowerShell
[0.492s] DEBUG:colcon.colcon_core.shell:Skip shell extension 'dsv' for command environment
[0.501s] INFO:colcon.colcon_ros.task.ament_cmake.build:Building ROS package in '/home/rama/catkin_ws/src/turtlebot3_simulations/turtlebot3_gazebo' with build type 'ament_cmake'
[0.501s] INFO:colcon.colcon_cmake.task.cmake.build:Building CMake package in '/home/rama/catkin_ws/src/turtlebot3_simulations/turtlebot3_gazebo'
[0.503s] INFO:colcon.colcon_core.shell:Skip shell extension 'powershell' for command environment: Not usable outside of PowerShell
[0.504s] DEBUG:colcon.colcon_core.shell:Skip shell extension 'dsv' for command environment
[0.510s] INFO:colcon.colcon_ros.task.ament_python.build:Building ROS package in '/home/rama/catkin_ws/src/nodes' with build type 'ament_python'
[0.510s] Level 1:colcon.colcon_core.shell:create_environment_hook('nodes', 'ament_prefix_path')
[0.512s] INFO:colcon.colcon_core.shell:Creating environment hook '/home/rama/catkin_ws/install/nodes/share/nodes/hook/ament_prefix_path.ps1'
[0.513s] INFO:colcon.colcon_core.shell:Creating environment descriptor '/home/rama/catkin_ws/install/nodes/share/nodes/hook/ament_prefix_path.dsv'
[0.513s] INFO:colcon.colcon_core.shell:Creating environment hook '/home/rama/catkin_ws/install/nodes/share/nodes/hook/ament_prefix_path.sh'
[0.516s] INFO:colcon.colcon_core.shell:Skip shell extension 'powershell' for command environment: Not usable outside of PowerShell
[0.516s] DEBUG:colcon.colcon_core.shell:Skip shell extension 'dsv' for command environment
[0.523s] INFO:colcon.colcon_ros.task.ament_python.build:Building ROS package in '/home/rama/catkin_ws/src/nodes2' with build type 'ament_python'
[0.523s] Level 1:colcon.colcon_core.shell:create_environment_hook('nodes2', 'ament_prefix_path')
[0.525s] INFO:colcon.colcon_core.shell:Creating environment hook '/home/rama/catkin_ws/install/nodes2/share/nodes2/hook/ament_prefix_path.ps1'
[0.525s] INFO:colcon.colcon_core.shell:Creating environment descriptor '/home/rama/catkin_ws/install/nodes2/share/nodes2/hook/ament_prefix_path.dsv'
[0.526s] INFO:colcon.colcon_core.shell:Creating environment hook '/home/rama/catkin_ws/install/nodes2/share/nodes2/hook/ament_prefix_path.sh'
[0.527s] INFO:colcon.colcon_core.shell:Skip shell extension 'powershell' for command environment: Not usable outside of PowerShell
[0.527s] DEBUG:colcon.colcon_core.shell:Skip shell extension 'dsv' for command environment
[0.541s] DEBUG:colcon.colcon_core.event_handler.log_command:Invoking command in '/home/rama/catkin_ws/build/turtlebot3_fake_node': CMAKE_PREFIX_PATH=${CMAKE_PREFIX_PATH}:/home/rama/catkin_ws/install/nodes2:/home/rama/catkin_ws/install/nodes:/opt/ros/foxy /usr/bin/cmake --build /home/rama/catkin_ws/build/turtlebot3_fake_node -- -j8 -l8
[0.545s] DEBUG:colcon.colcon_core.event_handler.log_command:Invoking command in '/home/rama/catkin_ws/build/turtlebot3_gazebo': CMAKE_PREFIX_PATH=${CMAKE_PREFIX_PATH}:/home/rama/catkin_ws/install/nodes2:/home/rama/catkin_ws/install/nodes:/opt/ros/foxy /usr/bin/cmake --build /home/rama/catkin_ws/build/turtlebot3_gazebo -- -j8 -l8
[0.807s] INFO:colcon.colcon_core.task.python.build:Building Python package in '/home/rama/catkin_ws/src/nodes'
[0.809s] INFO:colcon.colcon_core.shell:Skip shell extension 'powershell' for command environment: Not usable outside of PowerShell
[0.809s] DEBUG:colcon.colcon_core.shell:Skip shell extension 'dsv' for command environment
[1.047s] INFO:colcon.colcon_core.task.python.build:Building Python package in '/home/rama/catkin_ws/src/nodes2'
[1.049s] INFO:colcon.colcon_core.shell:Skip shell extension 'powershell' for command environment: Not usable outside of PowerShell
[1.049s] DEBUG:colcon.colcon_core.shell:Skip shell extension 'dsv' for command environment
[1.061s] DEBUG:colcon.colcon_core.event_handler.log_command:Invoked command in '/home/rama/catkin_ws/build/turtlebot3_fake_node' returned '0': CMAKE_PREFIX_PATH=${CMAKE_PREFIX_PATH}:/home/rama/catkin_ws/install/nodes2:/home/rama/catkin_ws/install/nodes:/opt/ros/foxy /usr/bin/cmake --build /home/rama/catkin_ws/build/turtlebot3_fake_node -- -j8 -l8
[1.062s] DEBUG:colcon.colcon_core.event_handler.log_command:Invoked command in '/home/rama/catkin_ws/build/turtlebot3_gazebo' returned '0': CMAKE_PREFIX_PATH=${CMAKE_PREFIX_PATH}:/home/rama/catkin_ws/install/nodes2:/home/rama/catkin_ws/install/nodes:/opt/ros/foxy /usr/bin/cmake --build /home/rama/catkin_ws/build/turtlebot3_gazebo -- -j8 -l8
[1.097s] DEBUG:colcon.colcon_core.event_handler.log_command:Invoking command in '/home/rama/catkin_ws/build/turtlebot3_fake_node': CMAKE_PREFIX_PATH=${CMAKE_PREFIX_PATH}:/home/rama/catkin_ws/install/nodes2:/home/rama/catkin_ws/install/nodes:/opt/ros/foxy /usr/bin/cmake --install /home/rama/catkin_ws/build/turtlebot3_fake_node
[1.107s] DEBUG:colcon.colcon_core.event_handler.log_command:Invoking command in '/home/rama/catkin_ws/build/turtlebot3_gazebo': CMAKE_PREFIX_PATH=${CMAKE_PREFIX_PATH}:/home/rama/catkin_ws/install/nodes2:/home/rama/catkin_ws/install/nodes:/opt/ros/foxy /usr/bin/cmake --install /home/rama/catkin_ws/build/turtlebot3_gazebo
[1.114s] Level 1:colcon.colcon_core.environment:create_environment_scripts_only(turtlebot3_fake_node)
[1.124s] DEBUG:colcon.colcon_core.event_handler.log_command:Invoked command in '/home/rama/catkin_ws/build/turtlebot3_fake_node' returned '0': CMAKE_PREFIX_PATH=${CMAKE_PREFIX_PATH}:/home/rama/catkin_ws/install/nodes2:/home/rama/catkin_ws/install/nodes:/opt/ros/foxy /usr/bin/cmake --install /home/rama/catkin_ws/build/turtlebot3_fake_node
[1.135s] Level 1:colcon.colcon_core.environment:checking '/home/rama/catkin_ws/install/turtlebot3_fake_node' for CMake module files
[1.136s] Level 1:colcon.colcon_core.environment:checking '/home/rama/catkin_ws/install/turtlebot3_fake_node' for CMake config files
[1.136s] Level 1:colcon.colcon_core.shell:create_environment_hook('turtlebot3_fake_node', 'cmake_prefix_path')
[1.139s] INFO:colcon.colcon_core.shell:Creating environment hook '/home/rama/catkin_ws/install/turtlebot3_fake_node/share/turtlebot3_fake_node/hook/cmake_prefix_path.ps1'
[1.140s] INFO:colcon.colcon_core.shell:Creating environment descriptor '/home/rama/catkin_ws/install/turtlebot3_fake_node/share/turtlebot3_fake_node/hook/cmake_prefix_path.dsv'
[1.141s] INFO:colcon.colcon_core.shell:Creating environment hook '/home/rama/catkin_ws/install/turtlebot3_fake_node/share/turtlebot3_fake_node/hook/cmake_prefix_path.sh'
[1.143s] Level 1:colcon.colcon_core.environment:checking '/home/rama/catkin_ws/install/turtlebot3_fake_node/lib'
[1.143s] Level 1:colcon.colcon_core.environment:checking '/home/rama/catkin_ws/install/turtlebot3_fake_node/bin'
[1.144s] Level 1:colcon.colcon_core.environment:checking '/home/rama/catkin_ws/install/turtlebot3_fake_node/lib/pkgconfig/turtlebot3_fake_node.pc'
[1.144s] Level 1:colcon.colcon_core.environment:checking '/home/rama/catkin_ws/install/turtlebot3_fake_node/lib/python3.8/site-packages'
[1.144s] Level 1:colcon.colcon_core.environment:checking '/home/rama/catkin_ws/install/turtlebot3_fake_node/bin'
[1.148s] INFO:colcon.colcon_core.shell:Creating package script '/home/rama/catkin_ws/install/turtlebot3_fake_node/share/turtlebot3_fake_node/package.ps1'
[1.149s] INFO:colcon.colcon_core.shell:Creating package descriptor '/home/rama/catkin_ws/install/turtlebot3_fake_node/share/turtlebot3_fake_node/package.dsv'
[1.150s] INFO:colcon.colcon_core.shell:Creating package script '/home/rama/catkin_ws/install/turtlebot3_fake_node/share/turtlebot3_fake_node/package.sh'
[1.152s] INFO:colcon.colcon_core.shell:Creating package script '/home/rama/catkin_ws/install/turtlebot3_fake_node/share/turtlebot3_fake_node/package.bash'
[1.158s] INFO:colcon.colcon_core.shell:Creating package script '/home/rama/catkin_ws/install/turtlebot3_fake_node/share/turtlebot3_fake_node/package.zsh'
[1.163s] Level 1:colcon.colcon_core.environment:create_file_with_runtime_dependencies(/home/rama/catkin_ws/install/turtlebot3_fake_node/share/colcon-core/packages/turtlebot3_fake_node)
[1.171s] Level 1:colcon.colcon_core.environment:create_environment_scripts_only(turtlebot3_gazebo)
[1.175s] Level 1:colcon.colcon_core.environment:checking '/home/rama/catkin_ws/install/turtlebot3_gazebo' for CMake module files
[1.178s] DEBUG:colcon.colcon_core.event_handler.log_command:Invoked command in '/home/rama/catkin_ws/build/turtlebot3_gazebo' returned '0': CMAKE_PREFIX_PATH=${CMAKE_PREFIX_PATH}:/home/rama/catkin_ws/install/nodes2:/home/rama/catkin_ws/install/nodes:/opt/ros/foxy /usr/bin/cmake --install /home/rama/catkin_ws/build/turtlebot3_gazebo
[1.178s] Level 1:colcon.colcon_core.environment:checking '/home/rama/catkin_ws/install/turtlebot3_gazebo' for CMake config files
[1.179s] Level 1:colcon.colcon_core.shell:create_environment_hook('turtlebot3_gazebo', 'cmake_prefix_path')
[1.182s] INFO:colcon.colcon_core.shell:Creating environment hook '/home/rama/catkin_ws/install/turtlebot3_gazebo/share/turtlebot3_gazebo/hook/cmake_prefix_path.ps1'
[1.184s] INFO:colcon.colcon_core.shell:Creating environment descriptor '/home/rama/catkin_ws/install/turtlebot3_gazebo/share/turtlebot3_gazebo/hook/cmake_prefix_path.dsv'
[1.184s] INFO:colcon.colcon_core.shell:Creating environment hook '/home/rama/catkin_ws/install/turtlebot3_gazebo/share/turtlebot3_gazebo/hook/cmake_prefix_path.sh'
[1.186s] Level 1:colcon.colcon_core.environment:checking '/home/rama/catkin_ws/install/turtlebot3_gazebo/lib'
[1.186s] Level 1:colcon.colcon_core.environment:checking '/home/rama/catkin_ws/install/turtlebot3_gazebo/bin'
[1.186s] Level 1:colcon.colcon_core.environment:checking '/home/rama/catkin_ws/install/turtlebot3_gazebo/lib/pkgconfig/turtlebot3_gazebo.pc'
[1.187s] Level 1:colcon.colcon_core.environment:checking '/home/rama/catkin_ws/install/turtlebot3_gazebo/lib/python3.8/site-packages'
[1.187s] Level 1:colcon.colcon_core.environment:checking '/home/rama/catkin_ws/install/turtlebot3_gazebo/bin'
[1.190s] INFO:colcon.colcon_core.shell:Creating package script '/home/rama/catkin_ws/install/turtlebot3_gazebo/share/turtlebot3_gazebo/package.ps1'
[1.192s] INFO:colcon.colcon_core.shell:Creating package descriptor '/home/rama/catkin_ws/install/turtlebot3_gazebo/share/turtlebot3_gazebo/package.dsv'
[1.193s] INFO:colcon.colcon_core.shell:Creating package script '/home/rama/catkin_ws/install/turtlebot3_gazebo/share/turtlebot3_gazebo/package.sh'
[1.194s] INFO:colcon.colcon_core.shell:Creating package script '/home/rama/catkin_ws/install/turtlebot3_gazebo/share/turtlebot3_gazebo/package.bash'
[1.194s] INFO:colcon.colcon_core.shell:Creating package script '/home/rama/catkin_ws/install/turtlebot3_gazebo/share/turtlebot3_gazebo/package.zsh'
[1.195s] Level 1:colcon.colcon_core.environment:create_file_with_runtime_dependencies(/home/rama/catkin_ws/install/turtlebot3_gazebo/share/colcon-core/packages/turtlebot3_gazebo)
[1.215s] Level 1:colcon.colcon_core.environment:create_environment_scripts_only(turtlebot3_fake_node)
[1.220s] Level 1:colcon.colcon_core.environment:checking '/home/rama/catkin_ws/install/turtlebot3_fake_node' for CMake module files
[1.221s] Level 1:colcon.colcon_core.environment:checking '/home/rama/catkin_ws/install/turtlebot3_fake_node' for CMake config files
[1.221s] Level 1:colcon.colcon_core.shell:create_environment_hook('turtlebot3_fake_node', 'cmake_prefix_path')
[1.224s] INFO:colcon.colcon_core.shell:Creating environment hook '/home/rama/catkin_ws/install/turtlebot3_fake_node/share/turtlebot3_fake_node/hook/cmake_prefix_path.ps1'
[1.225s] INFO:colcon.colcon_core.shell:Creating environment descriptor '/home/rama/catkin_ws/install/turtlebot3_fake_node/share/turtlebot3_fake_node/hook/cmake_prefix_path.dsv'
[1.225s] INFO:colcon.colcon_core.shell:Creating environment hook '/home/rama/catkin_ws/install/turtlebot3_fake_node/share/turtlebot3_fake_node/hook/cmake_prefix_path.sh'
[1.226s] Level 1:colcon.colcon_core.environment:checking '/home/rama/catkin_ws/install/turtlebot3_fake_node/lib'
[1.227s] Level 1:colcon.colcon_core.environment:checking '/home/rama/catkin_ws/install/turtlebot3_fake_node/bin'
[1.227s] Level 1:colcon.colcon_core.environment:checking '/home/rama/catkin_ws/install/turtlebot3_fake_node/lib/pkgconfig/turtlebot3_fake_node.pc'
[1.227s] Level 1:colcon.colcon_core.environment:checking '/home/rama/catkin_ws/install/turtlebot3_fake_node/lib/python3.8/site-packages'
[1.227s] Level 1:colcon.colcon_core.environment:checking '/home/rama/catkin_ws/install/turtlebot3_fake_node/bin'
[1.230s] INFO:colcon.colcon_core.shell:Creating package script '/home/rama/catkin_ws/install/turtlebot3_fake_node/share/turtlebot3_fake_node/package.ps1'
[1.231s] INFO:colcon.colcon_core.shell:Creating package descriptor '/home/rama/catkin_ws/install/turtlebot3_fake_node/share/turtlebot3_fake_node/package.dsv'
[1.232s] INFO:colcon.colcon_core.shell:Creating package script '/home/rama/catkin_ws/install/turtlebot3_fake_node/share/turtlebot3_fake_node/package.sh'
[1.233s] INFO:colcon.colcon_core.shell:Creating package script '/home/rama/catkin_ws/install/turtlebot3_fake_node/share/turtlebot3_fake_node/package.bash'
[1.234s] INFO:colcon.colcon_core.shell:Creating package script '/home/rama/catkin_ws/install/turtlebot3_fake_node/share/turtlebot3_fake_node/package.zsh'
[1.234s] Level 1:colcon.colcon_core.environment:create_file_with_runtime_dependencies(/home/rama/catkin_ws/install/turtlebot3_fake_node/share/colcon-core/packages/turtlebot3_fake_node)
[1.239s] Level 1:colcon.colcon_core.environment:create_environment_scripts_only(turtlebot3_gazebo)
[1.243s] Level 1:colcon.colcon_core.environment:checking '/home/rama/catkin_ws/install/turtlebot3_gazebo' for CMake module files
[1.244s] Level 1:colcon.colcon_core.environment:checking '/home/rama/catkin_ws/install/turtlebot3_gazebo' for CMake config files
[1.244s] Level 1:colcon.colcon_core.shell:create_environment_hook('turtlebot3_gazebo', 'cmake_prefix_path')
[1.247s] INFO:colcon.colcon_core.shell:Creating environment hook '/home/rama/catkin_ws/install/turtlebot3_gazebo/share/turtlebot3_gazebo/hook/cmake_prefix_path.ps1'
[1.248s] INFO:colcon.colcon_core.shell:Creating environment descriptor '/home/rama/catkin_ws/install/turtlebot3_gazebo/share/turtlebot3_gazebo/hook/cmake_prefix_path.dsv'
[1.249s] INFO:colcon.colcon_core.shell:Creating environment hook '/home/rama/catkin_ws/install/turtlebot3_gazebo/share/turtlebot3_gazebo/hook/cmake_prefix_path.sh'
[1.250s] Level 1:colcon.colcon_core.environment:checking '/home/rama/catkin_ws/install/turtlebot3_gazebo/lib'
[1.250s] Level 1:colcon.colcon_core.environment:checking '/home/rama/catkin_ws/install/turtlebot3_gazebo/bin'
[1.250s] Level 1:colcon.colcon_core.environment:checking '/home/rama/catkin_ws/install/turtlebot3_gazebo/lib/pkgconfig/turtlebot3_gazebo.pc'
[1.251s] Level 1:colcon.colcon_core.environment:checking '/home/rama/catkin_ws/install/turtlebot3_gazebo/lib/python3.8/site-packages'
[1.251s] Level 1:colcon.colcon_core.environment:checking '/home/rama/catkin_ws/install/turtlebot3_gazebo/bin'
[1.254s] INFO:colcon.colcon_core.shell:Creating package script '/home/rama/catkin_ws/install/turtlebot3_gazebo/share/turtlebot3_gazebo/package.ps1'
[1.255s] INFO:colcon.colcon_core.shell:Creating package descriptor '/home/rama/catkin_ws/install/turtlebot3_gazebo/share/turtlebot3_gazebo/package.dsv'
[1.256s] INFO:colcon.colcon_core.shell:Creating package script '/home/rama/catkin_ws/install/turtlebot3_gazebo/share/turtlebot3_gazebo/package.sh'
[1.256s] INFO:colcon.colcon_core.shell:Creating package script '/home/rama/catkin_ws/install/turtlebot3_gazebo/share/turtlebot3_gazebo/package.bash'
[1.257s] INFO:colcon.colcon_core.shell:Creating package script '/home/rama/catkin_ws/install/turtlebot3_gazebo/share/turtlebot3_gazebo/package.zsh'
[1.258s] Level 1:colcon.colcon_core.environment:create_file_with_runtime_dependencies(/home/rama/catkin_ws/install/turtlebot3_gazebo/share/colcon-core/packages/turtlebot3_gazebo)
[1.258s] INFO:colcon.colcon_ros.task.ament_cmake.build:Building ROS package in '/home/rama/catkin_ws/src/turtlebot3_simulations/turtlebot3_simulations' with build type 'ament_cmake'
[1.259s] INFO:colcon.colcon_cmake.task.cmake.build:Building CMake package in '/home/rama/catkin_ws/src/turtlebot3_simulations/turtlebot3_simulations'
[1.262s] INFO:colcon.colcon_core.shell:Skip shell extension 'powershell' for command environment: Not usable outside of PowerShell
[1.262s] DEBUG:colcon.colcon_core.shell:Skip shell extension 'dsv' for command environment
[1.283s] DEBUG:colcon.colcon_core.event_handler.log_command:Invoking command in '/home/rama/catkin_ws/build/turtlebot3_simulations': CMAKE_PREFIX_PATH=/home/rama/catkin_ws/install/turtlebot3_gazebo:/home/rama/catkin_ws/install/turtlebot3_fake_node:/home/rama/catkin_ws/install/turtlebot3_simulations:/home/rama/catkin_ws/install/nodes2:/home/rama/catkin_ws/install/nodes:/opt/ros/foxy /usr/bin/cmake --build /home/rama/catkin_ws/build/turtlebot3_simulations -- -j8 -l8
[1.331s] DEBUG:colcon.colcon_core.event_handler.log_command:Invoked command in '/home/rama/catkin_ws/build/turtlebot3_simulations' returned '0': CMAKE_PREFIX_PATH=/home/rama/catkin_ws/install/turtlebot3_gazebo:/home/rama/catkin_ws/install/turtlebot3_fake_node:/home/rama/catkin_ws/install/turtlebot3_simulations:/home/rama/catkin_ws/install/nodes2:/home/rama/catkin_ws/install/nodes:/opt/ros/foxy /usr/bin/cmake --build /home/rama/catkin_ws/build/turtlebot3_simulations -- -j8 -l8
[1.355s] DEBUG:colcon.colcon_core.event_handler.log_command:Invoking command in '/home/rama/catkin_ws/build/turtlebot3_simulations': CMAKE_PREFIX_PATH=/home/rama/catkin_ws/install/turtlebot3_gazebo:/home/rama/catkin_ws/install/turtlebot3_fake_node:/home/rama/catkin_ws/install/turtlebot3_simulations:/home/rama/catkin_ws/install/nodes2:/home/rama/catkin_ws/install/nodes:/opt/ros/foxy /usr/bin/cmake --install /home/rama/catkin_ws/build/turtlebot3_simulations
[1.365s] Level 1:colcon.colcon_core.environment:create_environment_scripts_only(turtlebot3_simulations)
[1.368s] Level 1:colcon.colcon_core.environment:checking '/home/rama/catkin_ws/install/turtlebot3_simulations' for CMake module files
[1.369s] DEBUG:colcon.colcon_core.event_handler.log_command:Invoked command in '/home/rama/catkin_ws/build/turtlebot3_simulations' returned '0': CMAKE_PREFIX_PATH=/home/rama/catkin_ws/install/turtlebot3_gazebo:/home/rama/catkin_ws/install/turtlebot3_fake_node:/home/rama/catkin_ws/install/turtlebot3_simulations:/home/rama/catkin_ws/install/nodes2:/home/rama/catkin_ws/install/nodes:/opt/ros/foxy /usr/bin/cmake --install /home/rama/catkin_ws/build/turtlebot3_simulations
[1.369s] Level 1:colcon.colcon_core.environment:checking '/home/rama/catkin_ws/install/turtlebot3_simulations' for CMake config files
[1.369s] Level 1:colcon.colcon_core.shell:create_environment_hook('turtlebot3_simulations', 'cmake_prefix_path')
[1.371s] INFO:colcon.colcon_core.shell:Creating environment hook '/home/rama/catkin_ws/install/turtlebot3_simulations/share/turtlebot3_simulations/hook/cmake_prefix_path.ps1'
[1.371s] INFO:colcon.colcon_core.shell:Creating environment descriptor '/home/rama/catkin_ws/install/turtlebot3_simulations/share/turtlebot3_simulations/hook/cmake_prefix_path.dsv'
[1.371s] INFO:colcon.colcon_core.shell:Creating environment hook '/home/rama/catkin_ws/install/turtlebot3_simulations/share/turtlebot3_simulations/hook/cmake_prefix_path.sh'
[1.372s] Level 1:colcon.colcon_core.environment:checking '/home/rama/catkin_ws/install/turtlebot3_simulations/bin'
[1.372s] Level 1:colcon.colcon_core.environment:checking '/home/rama/catkin_ws/install/turtlebot3_simulations/lib/pkgconfig/turtlebot3_simulations.pc'
[1.372s] Level 1:colcon.colcon_core.environment:checking '/home/rama/catkin_ws/install/turtlebot3_simulations/lib/python3.8/site-packages'
[1.372s] Level 1:colcon.colcon_core.environment:checking '/home/rama/catkin_ws/install/turtlebot3_simulations/bin'
[1.374s] INFO:colcon.colcon_core.shell:Creating package script '/home/rama/catkin_ws/install/turtlebot3_simulations/share/turtlebot3_simulations/package.ps1'
[1.374s] INFO:colcon.colcon_core.shell:Creating package descriptor '/home/rama/catkin_ws/install/turtlebot3_simulations/share/turtlebot3_simulations/package.dsv'
[1.375s] INFO:colcon.colcon_core.shell:Creating package script '/home/rama/catkin_ws/install/turtlebot3_simulations/share/turtlebot3_simulations/package.sh'
[1.375s] INFO:colcon.colcon_core.shell:Creating package script '/home/rama/catkin_ws/install/turtlebot3_simulations/share/turtlebot3_simulations/package.bash'
[1.375s] INFO:colcon.colcon_core.shell:Creating package script '/home/rama/catkin_ws/install/turtlebot3_simulations/share/turtlebot3_simulations/package.zsh'
[1.376s] Level 1:colcon.colcon_core.environment:create_file_with_runtime_dependencies(/home/rama/catkin_ws/install/turtlebot3_simulations/share/colcon-core/packages/turtlebot3_simulations)
[1.403s] Level 1:colcon.colcon_core.environment:create_environment_scripts_only(turtlebot3_simulations)
[1.405s] Level 1:colcon.colcon_core.environment:checking '/home/rama/catkin_ws/install/turtlebot3_simulations' for CMake module files
[1.405s] Level 1:colcon.colcon_core.environment:checking '/home/rama/catkin_ws/install/turtlebot3_simulations' for CMake config files
[1.406s] Level 1:colcon.colcon_core.shell:create_environment_hook('turtlebot3_simulations', 'cmake_prefix_path')
[1.407s] INFO:colcon.colcon_core.shell:Creating environment hook '/home/rama/catkin_ws/install/turtlebot3_simulations/share/turtlebot3_simulations/hook/cmake_prefix_path.ps1'
[1.407s] INFO:colcon.colcon_core.shell:Creating environment descriptor '/home/rama/catkin_ws/install/turtlebot3_simulations/share/turtlebot3_simulations/hook/cmake_prefix_path.dsv'
[1.408s] INFO:colcon.colcon_core.shell:Creating environment hook '/home/rama/catkin_ws/install/turtlebot3_simulations/share/turtlebot3_simulations/hook/cmake_prefix_path.sh'
[1.408s] Level 1:colcon.colcon_core.environment:checking '/home/rama/catkin_ws/install/turtlebot3_simulations/bin'
[1.409s] Level 1:colcon.colcon_core.environment:checking '/home/rama/catkin_ws/install/turtlebot3_simulations/lib/pkgconfig/turtlebot3_simulations.pc'
[1.409s] Level 1:colcon.colcon_core.environment:checking '/home/rama/catkin_ws/install/turtlebot3_simulations/lib/python3.8/site-packages'
[1.409s] Level 1:colcon.colcon_core.environment:checking '/home/rama/catkin_ws/install/turtlebot3_simulations/bin'
[1.411s] INFO:colcon.colcon_core.shell:Creating package script '/home/rama/catkin_ws/install/turtlebot3_simulations/share/turtlebot3_simulations/package.ps1'
[1.411s] INFO:colcon.colcon_core.shell:Creating package descriptor '/home/rama/catkin_ws/install/turtlebot3_simulations/share/turtlebot3_simulations/package.dsv'
[1.412s] INFO:colcon.colcon_core.shell:Creating package script '/home/rama/catkin_ws/install/turtlebot3_simulations/share/turtlebot3_simulations/package.sh'
[1.412s] INFO:colcon.colcon_core.shell:Creating package script '/home/rama/catkin_ws/install/turtlebot3_simulations/share/turtlebot3_simulations/package.bash'
[1.412s] INFO:colcon.colcon_core.shell:Creating package script '/home/rama/catkin_ws/install/turtlebot3_simulations/share/turtlebot3_simulations/package.zsh'
[1.413s] Level 1:colcon.colcon_core.environment:create_file_with_runtime_dependencies(/home/rama/catkin_ws/install/turtlebot3_simulations/share/colcon-core/packages/turtlebot3_simulations)
[1.600s] DEBUG:colcon.colcon_core.event_handler.log_command:Invoking command in '/home/rama/catkin_ws/src/nodes': PYTHONPATH=/home/rama/catkin_ws/build/nodes/prefix_override:/home/rama/catkin_ws/install/nodes/lib/python3.8/site-packages:${PYTHONPATH} /usr/bin/python3 setup.py egg_info --egg-base ../../build/nodes build --build-base /home/rama/catkin_ws/build/nodes/build install --record /home/rama/catkin_ws/build/nodes/install.log --install-scripts $base/lib/nodes --single-version-externally-managed
[1.618s] DEBUG:colcon.colcon_core.event_handler.log_command:Invoking command in '/home/rama/catkin_ws/src/nodes2': PYTHONPATH=/home/rama/catkin_ws/build/nodes2/prefix_override:/home/rama/catkin_ws/install/nodes2/lib/python3.8/site-packages:${PYTHONPATH} /usr/bin/python3 setup.py egg_info --egg-base ../../build/nodes2 build --build-base /home/rama/catkin_ws/build/nodes2/build install --record /home/rama/catkin_ws/build/nodes2/install.log --install-scripts $base/lib/nodes2 --single-version-externally-managed
[1.937s] Level 1:colcon.colcon_core.environment:checking '/home/rama/catkin_ws/install/nodes' for CMake module files
[1.938s] DEBUG:colcon.colcon_core.event_handler.log_command:Invoked command in '/home/rama/catkin_ws/src/nodes' returned '0': PYTHONPATH=/home/rama/catkin_ws/build/nodes/prefix_override:/home/rama/catkin_ws/install/nodes/lib/python3.8/site-packages:${PYTHONPATH} /usr/bin/python3 setup.py egg_info --egg-base ../../build/nodes build --build-base /home/rama/catkin_ws/build/nodes/build install --record /home/rama/catkin_ws/build/nodes/install.log --install-scripts $base/lib/nodes --single-version-externally-managed
[1.938s] Level 1:colcon.colcon_core.environment:checking '/home/rama/catkin_ws/install/nodes' for CMake config files
[1.939s] Level 1:colcon.colcon_core.environment:checking '/home/rama/catkin_ws/install/nodes/lib'
[1.939s] Level 1:colcon.colcon_core.environment:checking '/home/rama/catkin_ws/install/nodes/bin'
[1.939s] Level 1:colcon.colcon_core.environment:checking '/home/rama/catkin_ws/install/nodes/lib/pkgconfig/nodes.pc'
[1.939s] Level 1:colcon.colcon_core.environment:checking '/home/rama/catkin_ws/install/nodes/lib/python3.8/site-packages'
[1.939s] Level 1:colcon.colcon_core.shell:create_environment_hook('nodes', 'pythonpath')
[1.940s] INFO:colcon.colcon_core.shell:Creating environment hook '/home/rama/catkin_ws/install/nodes/share/nodes/hook/pythonpath.ps1'
[1.941s] INFO:colcon.colcon_core.shell:Creating environment descriptor '/home/rama/catkin_ws/install/nodes/share/nodes/hook/pythonpath.dsv'
[1.941s] INFO:colcon.colcon_core.shell:Creating environment hook '/home/rama/catkin_ws/install/nodes/share/nodes/hook/pythonpath.sh'
[1.942s] Level 1:colcon.colcon_core.environment:checking '/home/rama/catkin_ws/install/nodes/bin'
[1.942s] Level 1:colcon.colcon_core.environment:create_environment_scripts_only(nodes)
[1.943s] INFO:colcon.colcon_core.shell:Creating package script '/home/rama/catkin_ws/install/nodes/share/nodes/package.ps1'
[1.944s] INFO:colcon.colcon_core.shell:Creating package descriptor '/home/rama/catkin_ws/install/nodes/share/nodes/package.dsv'
[1.944s] INFO:colcon.colcon_core.shell:Creating package script '/home/rama/catkin_ws/install/nodes/share/nodes/package.sh'
[1.945s] INFO:colcon.colcon_core.shell:Creating package script '/home/rama/catkin_ws/install/nodes/share/nodes/package.bash'
[1.945s] INFO:colcon.colcon_core.shell:Creating package script '/home/rama/catkin_ws/install/nodes/share/nodes/package.zsh'
[1.945s] Level 1:colcon.colcon_core.environment:create_file_with_runtime_dependencies(/home/rama/catkin_ws/install/nodes/share/colcon-core/packages/nodes)
[1.959s] Level 1:colcon.colcon_core.environment:checking '/home/rama/catkin_ws/install/nodes2' for CMake module files
[1.959s] DEBUG:colcon.colcon_core.event_handler.log_command:Invoked command in '/home/rama/catkin_ws/src/nodes2' returned '0': PYTHONPATH=/home/rama/catkin_ws/build/nodes2/prefix_override:/home/rama/catkin_ws/install/nodes2/lib/python3.8/site-packages:${PYTHONPATH} /usr/bin/python3 setup.py egg_info --egg-base ../../build/nodes2 build --build-base /home/rama/catkin_ws/build/nodes2/build install --record /home/rama/catkin_ws/build/nodes2/install.log --install-scripts $base/lib/nodes2 --single-version-externally-managed
[1.960s] Level 1:colcon.colcon_core.environment:checking '/home/rama/catkin_ws/install/nodes2' for CMake config files
[1.960s] Level 1:colcon.colcon_core.environment:checking '/home/rama/catkin_ws/install/nodes2/lib'
[1.960s] Level 1:colcon.colcon_core.environment:checking '/home/rama/catkin_ws/install/nodes2/bin'
[1.960s] Level 1:colcon.colcon_core.environment:checking '/home/rama/catkin_ws/install/nodes2/lib/pkgconfig/nodes2.pc'
[1.960s] Level 1:colcon.colcon_core.environment:checking '/home/rama/catkin_ws/install/nodes2/lib/python3.8/site-packages'
[1.960s] Level 1:colcon.colcon_core.shell:create_environment_hook('nodes2', 'pythonpath')
[1.961s] INFO:colcon.colcon_core.shell:Creating environment hook '/home/rama/catkin_ws/install/nodes2/share/nodes2/hook/pythonpath.ps1'
[1.962s] INFO:colcon.colcon_core.shell:Creating environment descriptor '/home/rama/catkin_ws/install/nodes2/share/nodes2/hook/pythonpath.dsv'
[1.962s] INFO:colcon.colcon_core.shell:Creating environment hook '/home/rama/catkin_ws/install/nodes2/share/nodes2/hook/pythonpath.sh'
[1.962s] Level 1:colcon.colcon_core.environment:checking '/home/rama/catkin_ws/install/nodes2/bin'
[1.962s] Level 1:colcon.colcon_core.environment:create_environment_scripts_only(nodes2)
[1.964s] INFO:colcon.colcon_core.shell:Creating package script '/home/rama/catkin_ws/install/nodes2/share/nodes2/package.ps1'
[1.965s] INFO:colcon.colcon_core.shell:Creating package descriptor '/home/rama/catkin_ws/install/nodes2/share/nodes2/package.dsv'
[1.966s] INFO:colcon.colcon_core.shell:Creating package script '/home/rama/catkin_ws/install/nodes2/share/nodes2/package.sh'
[1.966s] INFO:colcon.colcon_core.shell:Creating package script '/home/rama/catkin_ws/install/nodes2/share/nodes2/package.bash'
[1.966s] INFO:colcon.colcon_core.shell:Creating package script '/home/rama/catkin_ws/install/nodes2/share/nodes2/package.zsh'
[1.967s] Level 1:colcon.colcon_core.environment:create_file_with_runtime_dependencies(/home/rama/catkin_ws/install/nodes2/share/colcon-core/packages/nodes2)
[1.967s] DEBUG:colcon.colcon_parallel_executor.executor.parallel:closing loop
[1.967s] DEBUG:colcon.colcon_parallel_executor.executor.parallel:loop closed
[1.967s] DEBUG:colcon.colcon_parallel_executor.executor.parallel:run_until_complete finished with '0'
[1.967s] DEBUG:colcon.colcon_core.event_reactor:joining thread
[1.973s] INFO:colcon.colcon_core.plugin_system:Skipping extension 'colcon_notification.desktop_notification.terminal_notifier': Not used on non-Darwin systems
[1.973s] INFO:colcon.colcon_core.plugin_system:Skipping extension 'colcon_notification.desktop_notification.win32': Not used on non-Windows systems
[1.973s] INFO:colcon.colcon_notification.desktop_notification:Sending desktop notification using 'notify2'
[1.990s] DEBUG:colcon.colcon_core.event_reactor:joined thread
[1.992s] INFO:colcon.colcon_core.shell:Creating prefix script '/home/rama/catkin_ws/install/local_setup.ps1'
[1.993s] INFO:colcon.colcon_core.shell:Creating prefix util module '/home/rama/catkin_ws/install/_local_setup_util_ps1.py'
[1.994s] INFO:colcon.colcon_core.shell:Creating prefix chain script '/home/rama/catkin_ws/install/setup.ps1'
[1.995s] INFO:colcon.colcon_core.shell:Creating prefix script '/home/rama/catkin_ws/install/local_setup.sh'
[1.996s] INFO:colcon.colcon_core.shell:Creating prefix util module '/home/rama/catkin_ws/install/_local_setup_util_sh.py'
[1.996s] INFO:colcon.colcon_core.shell:Creating prefix chain script '/home/rama/catkin_ws/install/setup.sh'
[1.999s] INFO:colcon.colcon_core.shell:Creating prefix script '/home/rama/catkin_ws/install/local_setup.bash'
[1.999s] INFO:colcon.colcon_core.shell:Creating prefix chain script '/home/rama/catkin_ws/install/setup.bash'
[2.001s] INFO:colcon.colcon_core.shell:Creating prefix script '/home/rama/catkin_ws/install/local_setup.zsh'
[2.001s] INFO:colcon.colcon_core.shell:Creating prefix chain script '/home/rama/catkin_ws/install/setup.zsh'
