[1.087s] Invoking command in '/home/rama/catkin_ws/src/nodes': PYTHONPATH=/home/rama/catkin_ws/build/nodes/prefix_override:/home/rama/catkin_ws/install/nodes/lib/python3.8/site-packages:${PYTHONPATH} /usr/bin/python3 setup.py egg_info --egg-base ../../build/nodes build --build-base /home/rama/catkin_ws/build/nodes/build install --record /home/rama/catkin_ws/build/nodes/install.log --install-scripts $base/lib/nodes --single-version-externally-managed
[1.312s] running egg_info
[1.313s] writing ../../build/nodes/nodes.egg-info/PKG-INFO
[1.313s] writing dependency_links to ../../build/nodes/nodes.egg-info/dependency_links.txt
[1.314s] writing entry points to ../../build/nodes/nodes.egg-info/entry_points.txt
[1.314s] writing requirements to ../../build/nodes/nodes.egg-info/requires.txt
[1.314s] writing top-level names to ../../build/nodes/nodes.egg-info/top_level.txt
[1.352s] reading manifest file '../../build/nodes/nodes.egg-info/SOURCES.txt'
[1.352s] writing manifest file '../../build/nodes/nodes.egg-info/SOURCES.txt'
[1.353s] running build
[1.353s] running build_py
[1.353s] running install
[1.354s] running install_lib
[1.356s] running install_data
[1.357s] running install_egg_info
[1.359s] removing '/home/rama/catkin_ws/install/nodes/lib/python3.8/site-packages/nodes-0.0.0-py3.8.egg-info' (and everything under it)
[1.359s] Copying ../../build/nodes/nodes.egg-info to /home/rama/catkin_ws/install/nodes/lib/python3.8/site-packages/nodes-0.0.0-py3.8.egg-info
[1.360s] running install_scripts
[1.381s] Installing Handgesture_node script to /home/rama/catkin_ws/install/nodes/lib/nodes
[1.382s] Installing kf_depthCamera script to /home/rama/catkin_ws/install/nodes/lib/nodes
[1.382s] Installing obstacle_avoidance_node script to /home/rama/catkin_ws/install/nodes/lib/nodes
[1.382s] Installing test_node script to /home/rama/catkin_ws/install/nodes/lib/nodes
[1.383s] writing list of installed files to '/home/rama/catkin_ws/build/nodes/install.log'
[1.404s] Invoked command in '/home/rama/catkin_ws/src/nodes' returned '0': PYTHONPATH=/home/rama/catkin_ws/build/nodes/prefix_override:/home/rama/catkin_ws/install/nodes/lib/python3.8/site-packages:${PYTHONPATH} /usr/bin/python3 setup.py egg_info --egg-base ../../build/nodes build --build-base /home/rama/catkin_ws/build/nodes/build install --record /home/rama/catkin_ws/build/nodes/install.log --install-scripts $base/lib/nodes --single-version-externally-managed
