[2.234s] Invoking command in '/home/rama/catkin_ws/src/nodes2': PYTHONPATH=/home/rama/catkin_ws/build/nodes2/prefix_override:/home/rama/catkin_ws/install/nodes2/lib/python3.8/site-packages:${PYTHONPATH} /usr/bin/python3 setup.py egg_info --egg-base ../../build/nodes2 build --build-base /home/rama/catkin_ws/build/nodes2/build install --record /home/rama/catkin_ws/build/nodes2/install.log --install-scripts $base/lib/nodes2 --single-version-externally-managed
[2.692s] running egg_info
[2.694s] writing ../../build/nodes2/nodes2.egg-info/PKG-INFO
[2.695s] writing dependency_links to ../../build/nodes2/nodes2.egg-info/dependency_links.txt
[2.695s] writing entry points to ../../build/nodes2/nodes2.egg-info/entry_points.txt
[2.695s] writing requirements to ../../build/nodes2/nodes2.egg-info/requires.txt
[2.696s] writing top-level names to ../../build/nodes2/nodes2.egg-info/top_level.txt
[2.815s] reading manifest file '../../build/nodes2/nodes2.egg-info/SOURCES.txt'
[2.817s] writing manifest file '../../build/nodes2/nodes2.egg-info/SOURCES.txt'
[2.818s] running build
[2.818s] running build_py
[2.820s] running install
[2.822s] running install_lib
[2.828s] running install_data
[2.830s] running install_egg_info
[2.838s] removing '/home/rama/catkin_ws/install/nodes2/lib/python3.8/site-packages/nodes2-0.0.0-py3.8.egg-info' (and everything under it)
[2.840s] Copying ../../build/nodes2/nodes2.egg-info to /home/rama/catkin_ws/install/nodes2/lib/python3.8/site-packages/nodes2-0.0.0-py3.8.egg-info
[2.844s] running install_scripts
[2.923s] writing list of installed files to '/home/rama/catkin_ws/build/nodes2/install.log'
[3.001s] Invoked command in '/home/rama/catkin_ws/src/nodes2' returned '0': PYTHONPATH=/home/rama/catkin_ws/build/nodes2/prefix_override:/home/rama/catkin_ws/install/nodes2/lib/python3.8/site-packages:${PYTHONPATH} /usr/bin/python3 setup.py egg_info --egg-base ../../build/nodes2 build --build-base /home/rama/catkin_ws/build/nodes2/build install --record /home/rama/catkin_ws/build/nodes2/install.log --install-scripts $base/lib/nodes2 --single-version-externally-managed
