[2.274s] Invoking command in '/home/rama/catkin_ws/src/nodes': PYTHONPATH=/home/rama/catkin_ws/build/nodes/prefix_override:/home/rama/catkin_ws/install/nodes/lib/python3.8/site-packages:${PYTHONPATH} /usr/bin/python3 setup.py egg_info --egg-base ../../build/nodes build --build-base /home/rama/catkin_ws/build/nodes/build install --record /home/rama/catkin_ws/build/nodes/install.log --install-scripts $base/lib/nodes --single-version-externally-managed
[2.732s] running egg_info
[2.736s] writing ../../build/nodes/nodes.egg-info/PKG-INFO
[2.738s] writing dependency_links to ../../build/nodes/nodes.egg-info/dependency_links.txt
[2.740s] writing entry points to ../../build/nodes/nodes.egg-info/entry_points.txt
[2.741s] writing requirements to ../../build/nodes/nodes.egg-info/requires.txt
[2.742s] writing top-level names to ../../build/nodes/nodes.egg-info/top_level.txt
[2.825s] reading manifest file '../../build/nodes/nodes.egg-info/SOURCES.txt'
[2.826s] writing manifest file '../../build/nodes/nodes.egg-info/SOURCES.txt'
[2.826s] running build
[2.826s] running build_py
[2.826s] running install
[2.828s] running install_lib
[2.833s] running install_data
[2.834s] running install_egg_info
[2.838s] removing '/home/rama/catkin_ws/install/nodes/lib/python3.8/site-packages/nodes-0.0.0-py3.8.egg-info' (and everything under it)
[2.839s] Copying ../../build/nodes/nodes.egg-info to /home/rama/catkin_ws/install/nodes/lib/python3.8/site-packages/nodes-0.0.0-py3.8.egg-info
[2.840s] running install_scripts
[2.884s] Installing Handgesture_node script to /home/rama/catkin_ws/install/nodes/lib/nodes
[2.884s] Installing kf_depthCamera script to /home/rama/catkin_ws/install/nodes/lib/nodes
[2.885s] Installing obstacle_avoidance_node script to /home/rama/catkin_ws/install/nodes/lib/nodes
[2.885s] Installing test_node script to /home/rama/catkin_ws/install/nodes/lib/nodes
[2.885s] writing list of installed files to '/home/rama/catkin_ws/build/nodes/install.log'
[2.939s] Invoked command in '/home/rama/catkin_ws/src/nodes' returned '0': PYTHONPATH=/home/rama/catkin_ws/build/nodes/prefix_override:/home/rama/catkin_ws/install/nodes/lib/python3.8/site-packages:${PYTHONPATH} /usr/bin/python3 setup.py egg_info --egg-base ../../build/nodes build --build-base /home/rama/catkin_ws/build/nodes/build install --record /home/rama/catkin_ws/build/nodes/install.log --install-scripts $base/lib/nodes --single-version-externally-managed
