[1.789s] Invoking command in '/home/marvin/RobotArchitecture/ros2_ws/build/turtlebot3_teleop': PYTHONPATH=/home/marvin/RobotArchitecture/ros2_ws/build/turtlebot3_teleop/prefix_override:/usr/lib/python3/dist-packages/colcon_core/task/python/colcon_distutils_commands:/home/marvin/RobotArchitecture/ros2_ws/install/turtlebot3_teleop/lib/python3.10/site-packages:${PYTHONPATH} /usr/bin/python3 -W ignore:setup.py install is deprecated setup.py develop --uninstall --editable --build-directory /home/marvin/RobotArchitecture/ros2_ws/build/turtlebot3_teleop/build
[2.456s] running develop
[2.456s] /home/marvin/.local/lib/python3.10/site-packages/setuptools/command/easy_install.py:157: EasyInstallDeprecationWarning: easy_install command is deprecated. Use build and pip and other standards-based tools.
[2.456s]   warnings.warn(
[2.903s] Removing /home/marvin/RobotArchitecture/ros2_ws/install/turtlebot3_teleop/lib/python3.10/site-packages/turtlebot3-teleop.egg-link (link to .)
[3.128s] Invoked command in '/home/marvin/RobotArchitecture/ros2_ws/build/turtlebot3_teleop' returned '0': PYTHONPATH=/home/marvin/RobotArchitecture/ros2_ws/build/turtlebot3_teleop/prefix_override:/usr/lib/python3/dist-packages/colcon_core/task/python/colcon_distutils_commands:/home/marvin/RobotArchitecture/ros2_ws/install/turtlebot3_teleop/lib/python3.10/site-packages:${PYTHONPATH} /usr/bin/python3 -W ignore:setup.py install is deprecated setup.py develop --uninstall --editable --build-directory /home/marvin/RobotArchitecture/ros2_ws/build/turtlebot3_teleop/build
[3.130s] Invoking command in '/home/marvin/RobotArchitecture/ros2_ws/src/turtlebot3/turtlebot3_teleop': PYTHONPATH=/home/marvin/RobotArchitecture/ros2_ws/build/turtlebot3_teleop/prefix_override:/usr/lib/python3/dist-packages/colcon_core/task/python/colcon_distutils_commands:/home/marvin/RobotArchitecture/ros2_ws/install/turtlebot3_teleop/lib/python3.10/site-packages:${PYTHONPATH} /usr/bin/python3 -W ignore:setup.py install is deprecated setup.py egg_info --egg-base ../../../build/turtlebot3_teleop build --build-base /home/marvin/RobotArchitecture/ros2_ws/build/turtlebot3_teleop/build install --record /home/marvin/RobotArchitecture/ros2_ws/build/turtlebot3_teleop/install.log --single-version-externally-managed install_data --force
[3.714s] running egg_info
[3.714s] writing ../../../build/turtlebot3_teleop/turtlebot3_teleop.egg-info/PKG-INFO
[3.714s] writing dependency_links to ../../../build/turtlebot3_teleop/turtlebot3_teleop.egg-info/dependency_links.txt
[3.714s] writing entry points to ../../../build/turtlebot3_teleop/turtlebot3_teleop.egg-info/entry_points.txt
[3.715s] writing requirements to ../../../build/turtlebot3_teleop/turtlebot3_teleop.egg-info/requires.txt
[3.715s] writing top-level names to ../../../build/turtlebot3_teleop/turtlebot3_teleop.egg-info/top_level.txt
[3.715s] reading manifest file '../../../build/turtlebot3_teleop/turtlebot3_teleop.egg-info/SOURCES.txt'
[3.721s] running build
[3.721s] running build_py
[3.721s] running install
[3.728s] running install_lib
[3.734s] running install_data
[3.734s] running install_egg_info
[3.741s] running install_scripts
[3.762s] Installing teleop_keyboard script to /home/marvin/RobotArchitecture/ros2_ws/install/turtlebot3_teleop/lib/turtlebot3_teleop
[3.841s] Invoked command in '/home/marvin/RobotArchitecture/ros2_ws/src/turtlebot3/turtlebot3_teleop' returned '0': PYTHONPATH=/home/marvin/RobotArchitecture/ros2_ws/build/turtlebot3_teleop/prefix_override:/usr/lib/python3/dist-packages/colcon_core/task/python/colcon_distutils_commands:/home/marvin/RobotArchitecture/ros2_ws/install/turtlebot3_teleop/lib/python3.10/site-packages:${PYTHONPATH} /usr/bin/python3 -W ignore:setup.py install is deprecated setup.py egg_info --egg-base ../../../build/turtlebot3_teleop build --build-base /home/marvin/RobotArchitecture/ros2_ws/build/turtlebot3_teleop/build install --record /home/marvin/RobotArchitecture/ros2_ws/build/turtlebot3_teleop/install.log --single-version-externally-managed install_data --force
