[2.359s] Invoking command in '/home/rama/catkin_ws/src/nodes': PYTHONPATH=/home/rama/catkin_ws/build/nodes/prefix_override:/home/rama/catkin_ws/install/nodes/lib/python3.8/site-packages:${PYTHONPATH} /usr/bin/python3 setup.py egg_info --egg-base ../../build/nodes build --build-base /home/rama/catkin_ws/build/nodes/build install --record /home/rama/catkin_ws/build/nodes/install.log --install-scripts $base/lib/nodes --single-version-externally-managed
[2.799s] running egg_info
[2.800s] writing ../../build/nodes/nodes.egg-info/PKG-INFO
[2.801s] writing dependency_links to ../../build/nodes/nodes.egg-info/dependency_links.txt
[2.801s] writing entry points to ../../build/nodes/nodes.egg-info/entry_points.txt
[2.801s] writing requirements to ../../build/nodes/nodes.egg-info/requires.txt
[2.801s] writing top-level names to ../../build/nodes/nodes.egg-info/top_level.txt
[2.882s] reading manifest file '../../build/nodes/nodes.egg-info/SOURCES.txt'
[2.884s] writing manifest file '../../build/nodes/nodes.egg-info/SOURCES.txt'
[2.884s] running build
[2.884s] running build_py
[2.885s] running install
[2.887s] running install_lib
[2.891s] running install_data
[2.892s] running install_egg_info
[2.895s] removing '/home/rama/catkin_ws/install/nodes/lib/python3.8/site-packages/nodes-0.0.0-py3.8.egg-info' (and everything under it)
[2.895s] Copying ../../build/nodes/nodes.egg-info to /home/rama/catkin_ws/install/nodes/lib/python3.8/site-packages/nodes-0.0.0-py3.8.egg-info
[2.897s] running install_scripts
[2.943s] Installing Handgesture_node script to /home/rama/catkin_ws/install/nodes/lib/nodes
[2.943s] Installing kf_depthCamera script to /home/rama/catkin_ws/install/nodes/lib/nodes
[2.943s] Installing test_node script to /home/rama/catkin_ws/install/nodes/lib/nodes
[2.944s] writing list of installed files to '/home/rama/catkin_ws/build/nodes/install.log'
[2.993s] Invoked command in '/home/rama/catkin_ws/src/nodes' returned '0': PYTHONPATH=/home/rama/catkin_ws/build/nodes/prefix_override:/home/rama/catkin_ws/install/nodes/lib/python3.8/site-packages:${PYTHONPATH} /usr/bin/python3 setup.py egg_info --egg-base ../../build/nodes build --build-base /home/rama/catkin_ws/build/nodes/build install --record /home/rama/catkin_ws/build/nodes/install.log --install-scripts $base/lib/nodes --single-version-externally-managed
