[2.689s] Invoking command in '/home/marvin/RobotArchitecture/ros2_ws/src/turtlebot3_auto_navigator': PYTHONPATH=/home/marvin/RobotArchitecture/ros2_ws/build/turtlebot3_auto_navigator/prefix_override:/home/marvin/RobotArchitecture/ros2_ws/install/turtlebot3_auto_navigator/lib/python3.10/site-packages:${PYTHONPATH} /usr/bin/python3 -W ignore:setup.py install is deprecated setup.py egg_info --egg-base ../../build/turtlebot3_auto_navigator build --build-base /home/marvin/RobotArchitecture/ros2_ws/build/turtlebot3_auto_navigator/build install --record /home/marvin/RobotArchitecture/ros2_ws/build/turtlebot3_auto_navigator/install.log --single-version-externally-managed install_data
[3.207s] running egg_info
[3.208s] writing ../../build/turtlebot3_auto_navigator/turtlebot3_auto_navigator.egg-info/PKG-INFO
[3.209s] writing dependency_links to ../../build/turtlebot3_auto_navigator/turtlebot3_auto_navigator.egg-info/dependency_links.txt
[3.209s] writing entry points to ../../build/turtlebot3_auto_navigator/turtlebot3_auto_navigator.egg-info/entry_points.txt
[3.209s] writing requirements to ../../build/turtlebot3_auto_navigator/turtlebot3_auto_navigator.egg-info/requires.txt
[3.209s] writing top-level names to ../../build/turtlebot3_auto_navigator/turtlebot3_auto_navigator.egg-info/top_level.txt
[3.213s] reading manifest file '../../build/turtlebot3_auto_navigator/turtlebot3_auto_navigator.egg-info/SOURCES.txt'
[3.217s] writing manifest file '../../build/turtlebot3_auto_navigator/turtlebot3_auto_navigator.egg-info/SOURCES.txt'
[3.217s] running build
[3.217s] running build_py
[3.218s] running install
[3.218s] running install_lib
[3.221s] running install_data
[3.222s] running install_egg_info
[3.226s] removing '/home/marvin/RobotArchitecture/ros2_ws/install/turtlebot3_auto_navigator/lib/python3.10/site-packages/turtlebot3_auto_navigator-0.0.0-py3.10.egg-info' (and everything under it)
[3.228s] Copying ../../build/turtlebot3_auto_navigator/turtlebot3_auto_navigator.egg-info to /home/marvin/RobotArchitecture/ros2_ws/install/turtlebot3_auto_navigator/lib/python3.10/site-packages/turtlebot3_auto_navigator-0.0.0-py3.10.egg-info
[3.231s] running install_scripts
[3.292s] Installing auto_navigator script to /home/marvin/RobotArchitecture/ros2_ws/install/turtlebot3_auto_navigator/lib/turtlebot3_auto_navigator
[3.299s] writing list of installed files to '/home/marvin/RobotArchitecture/ros2_ws/build/turtlebot3_auto_navigator/install.log'
[3.778s] Invoked command in '/home/marvin/RobotArchitecture/ros2_ws/src/turtlebot3_auto_navigator' returned '0': PYTHONPATH=/home/marvin/RobotArchitecture/ros2_ws/build/turtlebot3_auto_navigator/prefix_override:/home/marvin/RobotArchitecture/ros2_ws/install/turtlebot3_auto_navigator/lib/python3.10/site-packages:${PYTHONPATH} /usr/bin/python3 -W ignore:setup.py install is deprecated setup.py egg_info --egg-base ../../build/turtlebot3_auto_navigator build --build-base /home/marvin/RobotArchitecture/ros2_ws/build/turtlebot3_auto_navigator/build install --record /home/marvin/RobotArchitecture/ros2_ws/build/turtlebot3_auto_navigator/install.log --single-version-externally-managed install_data
