[1.336s] Invoking command in '/home/rama/catkin_ws/src/nodes2': PYTHONPATH=/home/rama/catkin_ws/build/nodes2/prefix_override:/home/rama/catkin_ws/install/nodes2/lib/python3.8/site-packages:${PYTHONPATH} /usr/bin/python3 setup.py egg_info --egg-base ../../build/nodes2 build --build-base /home/rama/catkin_ws/build/nodes2/build install --record /home/rama/catkin_ws/build/nodes2/install.log --install-scripts $base/lib/nodes2 --single-version-externally-managed
[1.620s] running egg_info
[1.621s] writing ../../build/nodes2/nodes2.egg-info/PKG-INFO
[1.621s] writing dependency_links to ../../build/nodes2/nodes2.egg-info/dependency_links.txt
[1.621s] writing entry points to ../../build/nodes2/nodes2.egg-info/entry_points.txt
[1.621s] writing requirements to ../../build/nodes2/nodes2.egg-info/requires.txt
[1.622s] writing top-level names to ../../build/nodes2/nodes2.egg-info/top_level.txt
[1.677s] reading manifest file '../../build/nodes2/nodes2.egg-info/SOURCES.txt'
[1.677s] writing manifest file '../../build/nodes2/nodes2.egg-info/SOURCES.txt'
[1.678s] running build
[1.678s] running build_py
[1.678s] running install
[1.680s] running install_lib
[1.681s] running install_data
[1.682s] running install_egg_info
[1.685s] removing '/home/rama/catkin_ws/install/nodes2/lib/python3.8/site-packages/nodes2-0.0.0-py3.8.egg-info' (and everything under it)
[1.685s] Copying ../../build/nodes2/nodes2.egg-info to /home/rama/catkin_ws/install/nodes2/lib/python3.8/site-packages/nodes2-0.0.0-py3.8.egg-info
[1.687s] running install_scripts
[1.706s] writing list of installed files to '/home/rama/catkin_ws/build/nodes2/install.log'
[1.727s] Invoked command in '/home/rama/catkin_ws/src/nodes2' returned '0': PYTHONPATH=/home/rama/catkin_ws/build/nodes2/prefix_override:/home/rama/catkin_ws/install/nodes2/lib/python3.8/site-packages:${PYTHONPATH} /usr/bin/python3 setup.py egg_info --egg-base ../../build/nodes2 build --build-base /home/rama/catkin_ws/build/nodes2/build install --record /home/rama/catkin_ws/build/nodes2/install.log --install-scripts $base/lib/nodes2 --single-version-externally-managed
