[0.047s] Invoking command in '/home/marvin/RobotArchitecture/ros2_ws/build/turtlebot3_gazebo': CMAKE_PREFIX_PATH=/home/marvin/RobotArchitecture/ros2_ws/install/turtlebot3:/home/marvin/RobotArchitecture/ros2_ws/install/turtlebot3_simulations:/home/marvin/RobotArchitecture/ros2_ws/install/turtlebot3_bringup:/home/marvin/RobotArchitecture/ros2_ws/install/turtlebot3_node:/home/marvin/RobotArchitecture/ros2_ws/install/turtlebot3_navigation2:/home/marvin/RobotArchitecture/ros2_ws/install/turtlebot3_gazebo:/home/marvin/RobotArchitecture/ros2_ws/install/turtlebot3_fake_node:/home/marvin/RobotArchitecture/ros2_ws/install/turtlebot3_teleop:/home/marvin/RobotArchitecture/ros2_ws/install/turtlebot3_slam_management:/home/marvin/RobotArchitecture/ros2_ws/install/turtlebot3_random_explorer:/home/marvin/RobotArchitecture/ros2_ws/install/turtlebot3_obstacle_avoidance:/home/marvin/RobotArchitecture/ros2_ws/install/turtlebot3_nav_management:/home/marvin/RobotArchitecture/ros2_ws/install/turtlebot3_map_change_detection:/home/marvin/RobotArchitecture/ros2_ws/install/turtlebot3_launch_configurations:/home/marvin/RobotArchitecture/ros2_ws/install/turtlebot3_hardware_control:/home/marvin/RobotArchitecture/ros2_ws/install/turtlebot3_example:/home/marvin/RobotArchitecture/ros2_ws/install/turtlebot3_auto_navigator:/home/marvin/RobotArchitecture/ros2_ws/install/turtlebot3_analysis:/opt/ros/humble:/home/marvin/RobotArchitecture/ros2_ws/install/turtlebot3_description:/home/marvin/RobotArchitecture/ros2_ws/install/turtlebot3_control_services:/home/marvin/RobotArchitecture/ros2_ws/install/turtlebot3_cartographer:/home/marvin/RobotArchitecture/ros2_ws/install/custom_msgs /usr/bin/cmake /home/marvin/RobotArchitecture/ros2_ws/src/turtlebot3_simulations/turtlebot3_gazebo -DAMENT_CMAKE_SYMLINK_INSTALL=1 -DCMAKE_INSTALL_PREFIX=/home/marvin/RobotArchitecture/ros2_ws/install/turtlebot3_gazebo
[0.829s] -- Found ament_cmake: 1.3.9 (/opt/ros/humble/share/ament_cmake/cmake)
[0.830s] -- Override CMake install command with custom implementation using symlinks instead of copying resources
[0.830s] -- Found DART: /usr/include (Required is at least version "6.6") found components: dart 
[0.830s] -- Found Protobuf: /usr/lib/x86_64-linux-gnu/libprotobuf.so (found version "3.12.4") 
[0.830s] -- Looking for ignition-math6 -- found version 6.15.1
[0.830s] -- Searching for dependencies of ignition-math6
[0.830s] -- Looking for OGRE...
[0.830s] -- Found Ogre Ghadamon (1.9.0)
[0.830s] -- Found OGRE: optimized;/usr/lib/x86_64-linux-gnu/libOgreMain.so;debug;/usr/lib/x86_64-linux-gnu/libOgreMain.so
[0.830s] -- Looking for OGRE_Paging...
[0.830s] -- Found OGRE_Paging: optimized;/usr/lib/x86_64-linux-gnu/libOgrePaging.so;debug;/usr/lib/x86_64-linux-gnu/libOgrePaging.so
[0.830s] -- Looking for OGRE_Terrain...
[0.831s] -- Found OGRE_Terrain: optimized;/usr/lib/x86_64-linux-gnu/libOgreTerrain.so;debug;/usr/lib/x86_64-linux-gnu/libOgreTerrain.so
[0.831s] -- Looking for OGRE_Property...
[0.831s] -- Found OGRE_Property: optimized;/usr/lib/x86_64-linux-gnu/libOgreProperty.so;debug;/usr/lib/x86_64-linux-gnu/libOgreProperty.so
[0.831s] -- Looking for OGRE_RTShaderSystem...
[0.831s] -- Found OGRE_RTShaderSystem: optimized;/usr/lib/x86_64-linux-gnu/libOgreRTShaderSystem.so;debug;/usr/lib/x86_64-linux-gnu/libOgreRTShaderSystem.so
[0.831s] -- Looking for OGRE_Volume...
[0.831s] -- Found OGRE_Volume: optimized;/usr/lib/x86_64-linux-gnu/libOgreVolume.so;debug;/usr/lib/x86_64-linux-gnu/libOgreVolume.so
[0.831s] -- Looking for OGRE_Overlay...
[0.831s] -- Found OGRE_Overlay: optimized;/usr/lib/x86_64-linux-gnu/libOgreOverlay.so;debug;/usr/lib/x86_64-linux-gnu/libOgreOverlay.so
[0.831s] -- Looking for ignition-math6 -- found version 6.15.1
[0.831s] -- Looking for ignition-transport8 -- found version 8.2.1
[0.831s] -- Searching for dependencies of ignition-transport8
[0.831s] -- Found Protobuf: /usr/lib/x86_64-linux-gnu/libprotobuf.so (found suitable version "3.12.4", minimum required is "3") 
[0.832s] -- Config-file not installed for ZeroMQ -- checking for pkg-config
[0.832s] -- Checking for module 'libzmq >= 4'
[0.832s] --   Found libzmq , version 4.3.4
[0.832s] -- Checking for module 'uuid'
[0.832s] --   Found uuid, version 2.37.2
[0.832s] -- Looking for ignition-msgs5 -- found version 5.8.1
[0.832s] -- Searching for dependencies of ignition-msgs5
[0.832s] -- Looking for ignition-math6 -- found version 6.15.1
[0.832s] -- Checking for module 'tinyxml2'
[0.832s] --   Found tinyxml2, version 9.0.0
[0.832s] -- Looking for ignition-msgs5 -- found version 5.8.1
[0.832s] -- Looking for ignition-common3 -- found version 3.14.0
[0.833s] -- Searching for dependencies of ignition-common3
[0.833s] -- Looking for dlfcn.h - found
[0.833s] -- Looking for libdl - found
[0.833s] -- Searching for <ignition-common3> component [graphics]
[0.833s] -- Looking for ignition-common3-graphics -- found version 3.14.0
[0.833s] -- Searching for dependencies of ignition-common3-graphics
[0.833s] -- Looking for ignition-math6 -- found version 6.15.1
[0.833s] -- Looking for ignition-fuel_tools4 -- found version 4.4.0
[0.833s] -- Searching for dependencies of ignition-fuel_tools4
[0.833s] -- Checking for module 'jsoncpp'
[0.833s] --   Found jsoncpp, version 1.9.5
[0.833s] [33mCMake Warning (dev) at /usr/share/cmake-3.22/Modules/FindPackageHandleStandardArgs.cmake:438 (message):
[0.833s]   The package name passed to `find_package_handle_standard_args` (PkgConfig)
[0.834s]   does not match the name of the calling package (gazebo).  This can lead to
[0.834s]   problems in calling code that expects `find_package` result variables
[0.834s]   (e.g., `_FOUND`) to follow a certain pattern.
[0.834s] Call Stack (most recent call first):
[0.834s]   /usr/share/cmake-3.22/Modules/FindPkgConfig.cmake:99 (find_package_handle_standard_args)
[0.834s]   /usr/lib/x86_64-linux-gnu/cmake/gazebo/gazebo-config.cmake:72 (include)
[0.834s]   CMakeLists.txt:23 (find_package)
[0.834s] This warning is for project developers.  Use -Wno-dev to suppress it.
[0.834s] [0m
[0.834s] -- Checking for module 'libzip'
[0.847s] --   Found libzip, version 1.7.3
[0.886s] -- Looking for ignition-common3 -- found version 3.14.0
[0.887s] -- Looking for ignition-math6 -- found version 6.15.1
[0.887s] -- Looking for ignition-msgs5 -- found version 5.8.1
[0.890s] -- Found gazebo_ros_pkgs: 3.7.0 (/opt/ros/humble/share/gazebo_ros_pkgs/cmake)
[0.890s] -- Found geometry_msgs: 4.2.4 (/opt/ros/humble/share/geometry_msgs/cmake)
[0.919s] -- Found rosidl_generator_c: 3.1.5 (/opt/ros/humble/share/rosidl_generator_c/cmake)
[0.922s] -- Found rosidl_adapter: 3.1.5 (/opt/ros/humble/share/rosidl_adapter/cmake)
[0.928s] -- Found rosidl_generator_cpp: 3.1.5 (/opt/ros/humble/share/rosidl_generator_cpp/cmake)
[0.940s] -- Using all available rosidl_typesupport_c: rosidl_typesupport_fastrtps_c;rosidl_typesupport_introspection_c
[0.956s] -- Using all available rosidl_typesupport_cpp: rosidl_typesupport_fastrtps_cpp;rosidl_typesupport_introspection_cpp
[1.072s] -- Found nav_msgs: 4.2.4 (/opt/ros/humble/share/nav_msgs/cmake)
[1.152s] -- Found rclcpp: 16.0.9 (/opt/ros/humble/share/rclcpp/cmake)
[1.216s] -- Found rmw_implementation_cmake: 6.1.2 (/opt/ros/humble/share/rmw_implementation_cmake/cmake)
[1.220s] -- Found rmw_cyclonedds_cpp: 1.3.4 (/opt/ros/humble/share/rmw_cyclonedds_cpp/cmake)
[1.254s] -- Using RMW implementation 'rmw_cyclonedds_cpp' as default
[1.381s] -- Found sensor_msgs: 4.2.4 (/opt/ros/humble/share/sensor_msgs/cmake)
[1.461s] -- Found tf2: 0.25.7 (/opt/ros/humble/share/tf2/cmake)
[1.555s] -- Configuring done
[1.619s] -- Generating done
[1.623s] -- Build files have been written to: /home/marvin/RobotArchitecture/ros2_ws/build/turtlebot3_gazebo
