[0.057s] Invoking command in '/home/marvin/RobotArchitecture/ros2_ws/build/turtlebot3_control_services': CMAKE_PREFIX_PATH=/home/marvin/RobotArchitecture/ros2_ws/install/custom_msgs:/home/marvin/RobotArchitecture/ros2_ws/install/turtlebot3_simulations:/home/marvin/RobotArchitecture/ros2_ws/install/turtlebot3_gazebo:/home/marvin/RobotArchitecture/ros2_ws/install/turtlebot3_fake_node:/home/marvin/RobotArchitecture/ros2_ws/install/turtlebot3_control_services:/home/marvin/RobotArchitecture/ros2_ws/install/turtlebot3_slam_management:/home/marvin/RobotArchitecture/ros2_ws/install/turtlebot3_random_explorer:/home/marvin/RobotArchitecture/ros2_ws/install/turtlebot3_obstacle_avoidance:/home/marvin/RobotArchitecture/ros2_ws/install/turtlebot3_nav_management:/home/marvin/RobotArchitecture/ros2_ws/install/turtlebot3_map_change_detection:/home/marvin/RobotArchitecture/ros2_ws/install/turtlebot3_launch_configurations:/home/marvin/RobotArchitecture/ros2_ws/install/turtlebot3_hardware_control:/home/marvin/RobotArchitecture/ros2_ws/install/turtlebot3_auto_navigator:/home/marvin/RobotArchitecture/ros2_ws/install/turtlebot3_analysis:/opt/ros/humble LD_LIBRARY_PATH=/home/marvin/RobotArchitecture/ros2_ws/install/custom_msgs/lib:/home/marvin/RobotArchitecture/ros2_ws/install/turtlebot3_control_services/lib:/usr/lib/x86_64-linux-gnu/gazebo-11/plugins:/opt/ros/humble/opt/rviz_ogre_vendor/lib:/opt/ros/humble/lib/x86_64-linux-gnu:/opt/ros/humble/lib:/usr/lib/x86_64-linux-gnu/gazebo-11/plugins /usr/bin/cmake --build /home/marvin/RobotArchitecture/ros2_ws/build/turtlebot3_control_services -- -j8 -l8
[0.578s] [  3%] Built target turtlebot3_control_services__cpp
[0.579s] [ 12%] Built target turtlebot3_control_services__rosidl_generator_c
[0.579s] [ 12%] Built target ament_cmake_python_symlink_turtlebot3_control_services
[0.580s] [ 22%] Built target turtlebot3_control_services__rosidl_typesupport_cpp
[0.580s] [ 32%] Built target turtlebot3_control_services__rosidl_typesupport_fastrtps_cpp
[0.580s] [ 41%] Built target turtlebot3_control_services__rosidl_typesupport_introspection_cpp
[0.580s] [ 51%] Built target turtlebot3_control_services__rosidl_typesupport_fastrtps_c
[0.580s] [ 61%] Built target turtlebot3_control_services__rosidl_typesupport_introspection_c
[0.581s] [ 70%] Built target turtlebot3_control_services__rosidl_typesupport_c
[0.581s] [ 70%] Built target turtlebot3_control_services
[0.581s] [ 74%] Built target turtlebot3_control_services__py
[0.581s] [ 80%] Built target turtlebot3_control_services__rosidl_generator_py
[0.581s] [ 87%] Built target turtlebot3_control_services__rosidl_typesupport_introspection_c__pyext
[0.581s] [100%] Built target turtlebot3_control_services__rosidl_typesupport_c__pyext
[0.581s] [100%] Built target turtlebot3_control_services__rosidl_typesupport_fastrtps_c__pyext
[0.625s] running egg_info
[0.625s] writing turtlebot3_control_services.egg-info/PKG-INFO
[0.625s] writing dependency_links to turtlebot3_control_services.egg-info/dependency_links.txt
[0.626s] writing top-level names to turtlebot3_control_services.egg-info/top_level.txt
[0.630s] reading manifest file 'turtlebot3_control_services.egg-info/SOURCES.txt'
[0.664s] [100%] Built target ament_cmake_python_build_turtlebot3_control_services_egg
[1.020s] Invoked command in '/home/marvin/RobotArchitecture/ros2_ws/build/turtlebot3_control_services' returned '0': CMAKE_PREFIX_PATH=/home/marvin/RobotArchitecture/ros2_ws/install/custom_msgs:/home/marvin/RobotArchitecture/ros2_ws/install/turtlebot3_simulations:/home/marvin/RobotArchitecture/ros2_ws/install/turtlebot3_gazebo:/home/marvin/RobotArchitecture/ros2_ws/install/turtlebot3_fake_node:/home/marvin/RobotArchitecture/ros2_ws/install/turtlebot3_control_services:/home/marvin/RobotArchitecture/ros2_ws/install/turtlebot3_slam_management:/home/marvin/RobotArchitecture/ros2_ws/install/turtlebot3_random_explorer:/home/marvin/RobotArchitecture/ros2_ws/install/turtlebot3_obstacle_avoidance:/home/marvin/RobotArchitecture/ros2_ws/install/turtlebot3_nav_management:/home/marvin/RobotArchitecture/ros2_ws/install/turtlebot3_map_change_detection:/home/marvin/RobotArchitecture/ros2_ws/install/turtlebot3_launch_configurations:/home/marvin/RobotArchitecture/ros2_ws/install/turtlebot3_hardware_control:/home/marvin/RobotArchitecture/ros2_ws/install/turtlebot3_auto_navigator:/home/marvin/RobotArchitecture/ros2_ws/install/turtlebot3_analysis:/opt/ros/humble LD_LIBRARY_PATH=/home/marvin/RobotArchitecture/ros2_ws/install/custom_msgs/lib:/home/marvin/RobotArchitecture/ros2_ws/install/turtlebot3_control_services/lib:/usr/lib/x86_64-linux-gnu/gazebo-11/plugins:/opt/ros/humble/opt/rviz_ogre_vendor/lib:/opt/ros/humble/lib/x86_64-linux-gnu:/opt/ros/humble/lib:/usr/lib/x86_64-linux-gnu/gazebo-11/plugins /usr/bin/cmake --build /home/marvin/RobotArchitecture/ros2_ws/build/turtlebot3_control_services -- -j8 -l8
[1.355s] Invoking command in '/home/marvin/RobotArchitecture/ros2_ws/build/turtlebot3_control_services': CMAKE_PREFIX_PATH=/home/marvin/RobotArchitecture/ros2_ws/install/custom_msgs:/home/marvin/RobotArchitecture/ros2_ws/install/turtlebot3_simulations:/home/marvin/RobotArchitecture/ros2_ws/install/turtlebot3_gazebo:/home/marvin/RobotArchitecture/ros2_ws/install/turtlebot3_fake_node:/home/marvin/RobotArchitecture/ros2_ws/install/turtlebot3_control_services:/home/marvin/RobotArchitecture/ros2_ws/install/turtlebot3_slam_management:/home/marvin/RobotArchitecture/ros2_ws/install/turtlebot3_random_explorer:/home/marvin/RobotArchitecture/ros2_ws/install/turtlebot3_obstacle_avoidance:/home/marvin/RobotArchitecture/ros2_ws/install/turtlebot3_nav_management:/home/marvin/RobotArchitecture/ros2_ws/install/turtlebot3_map_change_detection:/home/marvin/RobotArchitecture/ros2_ws/install/turtlebot3_launch_configurations:/home/marvin/RobotArchitecture/ros2_ws/install/turtlebot3_hardware_control:/home/marvin/RobotArchitecture/ros2_ws/install/turtlebot3_auto_navigator:/home/marvin/RobotArchitecture/ros2_ws/install/turtlebot3_analysis:/opt/ros/humble LD_LIBRARY_PATH=/home/marvin/RobotArchitecture/ros2_ws/install/custom_msgs/lib:/home/marvin/RobotArchitecture/ros2_ws/install/turtlebot3_control_services/lib:/usr/lib/x86_64-linux-gnu/gazebo-11/plugins:/opt/ros/humble/opt/rviz_ogre_vendor/lib:/opt/ros/humble/lib/x86_64-linux-gnu:/opt/ros/humble/lib:/usr/lib/x86_64-linux-gnu/gazebo-11/plugins /usr/bin/cmake --install /home/marvin/RobotArchitecture/ros2_ws/build/turtlebot3_control_services
[1.367s] -- Install configuration: ""
[1.368s] -- Execute custom install script
[1.369s] -- Up-to-date symlink: /home/marvin/RobotArchitecture/ros2_ws/install/turtlebot3_control_services/share/ament_index/resource_index/rosidl_interfaces/turtlebot3_control_services
[1.370s] -- Up-to-date symlink: /home/marvin/RobotArchitecture/ros2_ws/install/turtlebot3_control_services/include/turtlebot3_control_services/turtlebot3_control_services/msg/rosidl_generator_c__visibility_control.h
[1.370s] -- Up-to-date symlink: /home/marvin/RobotArchitecture/ros2_ws/install/turtlebot3_control_services/include/turtlebot3_control_services/turtlebot3_control_services/srv/detail/robot_control__functions.h
[1.372s] -- Up-to-date symlink: /home/marvin/RobotArchitecture/ros2_ws/install/turtlebot3_control_services/include/turtlebot3_control_services/turtlebot3_control_services/srv/detail/robot_control__struct.h
[1.372s] -- Up-to-date symlink: /home/marvin/RobotArchitecture/ros2_ws/install/turtlebot3_control_services/include/turtlebot3_control_services/turtlebot3_control_services/srv/detail/robot_control__type_support.h
[1.372s] -- Up-to-date symlink: /home/marvin/RobotArchitecture/ros2_ws/install/turtlebot3_control_services/include/turtlebot3_control_services/turtlebot3_control_services/srv/robot_control.h
[1.372s] -- Up-to-date symlink: /home/marvin/RobotArchitecture/ros2_ws/install/turtlebot3_control_services/share/turtlebot3_control_services/environment/library_path.sh
[1.372s] -- Up-to-date symlink: /home/marvin/RobotArchitecture/ros2_ws/install/turtlebot3_control_services/share/turtlebot3_control_services/environment/library_path.dsv
[1.375s] -- Up-to-date symlink: /home/marvin/RobotArchitecture/ros2_ws/install/turtlebot3_control_services/include/turtlebot3_control_services/turtlebot3_control_services/msg/rosidl_typesupport_fastrtps_c__visibility_control.h
[1.375s] -- Up-to-date symlink: /home/marvin/RobotArchitecture/ros2_ws/install/turtlebot3_control_services/include/turtlebot3_control_services/turtlebot3_control_services/srv/detail/robot_control__rosidl_typesupport_fastrtps_c.h
[1.375s] -- Up-to-date symlink: /home/marvin/RobotArchitecture/ros2_ws/install/turtlebot3_control_services/include/turtlebot3_control_services/turtlebot3_control_services/srv/detail/robot_control__builder.hpp
[1.375s] -- Up-to-date symlink: /home/marvin/RobotArchitecture/ros2_ws/install/turtlebot3_control_services/include/turtlebot3_control_services/turtlebot3_control_services/srv/detail/robot_control__struct.hpp
[1.376s] -- Up-to-date symlink: /home/marvin/RobotArchitecture/ros2_ws/install/turtlebot3_control_services/include/turtlebot3_control_services/turtlebot3_control_services/srv/detail/robot_control__traits.hpp
[1.376s] -- Up-to-date symlink: /home/marvin/RobotArchitecture/ros2_ws/install/turtlebot3_control_services/include/turtlebot3_control_services/turtlebot3_control_services/srv/robot_control.hpp
[1.377s] -- Up-to-date symlink: /home/marvin/RobotArchitecture/ros2_ws/install/turtlebot3_control_services/include/turtlebot3_control_services/turtlebot3_control_services/msg/rosidl_typesupport_fastrtps_cpp__visibility_control.h
[1.377s] -- Up-to-date symlink: /home/marvin/RobotArchitecture/ros2_ws/install/turtlebot3_control_services/include/turtlebot3_control_services/turtlebot3_control_services/srv/detail/robot_control__rosidl_typesupport_fastrtps_cpp.hpp
[1.378s] -- Up-to-date symlink: /home/marvin/RobotArchitecture/ros2_ws/install/turtlebot3_control_services/include/turtlebot3_control_services/turtlebot3_control_services/msg/rosidl_typesupport_introspection_c__visibility_control.h
[1.379s] -- Up-to-date symlink: /home/marvin/RobotArchitecture/ros2_ws/install/turtlebot3_control_services/include/turtlebot3_control_services/turtlebot3_control_services/srv/detail/robot_control__rosidl_typesupport_introspection_c.h
[1.379s] -- Up-to-date symlink: /home/marvin/RobotArchitecture/ros2_ws/install/turtlebot3_control_services/include/turtlebot3_control_services/turtlebot3_control_services/srv/detail/robot_control__rosidl_typesupport_introspection_cpp.hpp
[1.380s] -- Up-to-date symlink: /home/marvin/RobotArchitecture/ros2_ws/install/turtlebot3_control_services/share/turtlebot3_control_services/environment/pythonpath.sh
[1.380s] -- Up-to-date symlink: /home/marvin/RobotArchitecture/ros2_ws/install/turtlebot3_control_services/share/turtlebot3_control_services/environment/pythonpath.dsv
[1.381s] -- Up-to-date symlink: /home/marvin/RobotArchitecture/ros2_ws/install/turtlebot3_control_services/local/lib/python3.10/dist-packages/turtlebot3_control_services-0.0.0-py3.10.egg-info/PKG-INFO
[1.381s] -- Up-to-date symlink: /home/marvin/RobotArchitecture/ros2_ws/install/turtlebot3_control_services/local/lib/python3.10/dist-packages/turtlebot3_control_services-0.0.0-py3.10.egg-info/SOURCES.txt
[1.382s] -- Up-to-date symlink: /home/marvin/RobotArchitecture/ros2_ws/install/turtlebot3_control_services/local/lib/python3.10/dist-packages/turtlebot3_control_services-0.0.0-py3.10.egg-info/dependency_links.txt
[1.382s] -- Up-to-date symlink: /home/marvin/RobotArchitecture/ros2_ws/install/turtlebot3_control_services/local/lib/python3.10/dist-packages/turtlebot3_control_services-0.0.0-py3.10.egg-info/top_level.txt
[1.383s] -- Up-to-date symlink: /home/marvin/RobotArchitecture/ros2_ws/install/turtlebot3_control_services/local/lib/python3.10/dist-packages/turtlebot3_control_services/__init__.py
[1.384s] -- Up-to-date symlink: /home/marvin/RobotArchitecture/ros2_ws/install/turtlebot3_control_services/local/lib/python3.10/dist-packages/turtlebot3_control_services/_turtlebot3_control_services_s.ep.rosidl_typesupport_c.c
[1.384s] -- Up-to-date symlink: /home/marvin/RobotArchitecture/ros2_ws/install/turtlebot3_control_services/local/lib/python3.10/dist-packages/turtlebot3_control_services/_turtlebot3_control_services_s.ep.rosidl_typesupport_fastrtps_c.c
[1.385s] -- Up-to-date symlink: /home/marvin/RobotArchitecture/ros2_ws/install/turtlebot3_control_services/local/lib/python3.10/dist-packages/turtlebot3_control_services/_turtlebot3_control_services_s.ep.rosidl_typesupport_introspection_c.c
[1.385s] -- Up-to-date symlink: /home/marvin/RobotArchitecture/ros2_ws/install/turtlebot3_control_services/local/lib/python3.10/dist-packages/turtlebot3_control_services/libturtlebot3_control_services__rosidl_generator_py.so
[1.385s] -- Up-to-date symlink: /home/marvin/RobotArchitecture/ros2_ws/install/turtlebot3_control_services/local/lib/python3.10/dist-packages/turtlebot3_control_services/srv/__init__.py
[1.386s] -- Up-to-date symlink: /home/marvin/RobotArchitecture/ros2_ws/install/turtlebot3_control_services/local/lib/python3.10/dist-packages/turtlebot3_control_services/srv/_robot_control.py
[1.386s] -- Up-to-date symlink: /home/marvin/RobotArchitecture/ros2_ws/install/turtlebot3_control_services/local/lib/python3.10/dist-packages/turtlebot3_control_services/srv/_robot_control_s.c
[1.387s] -- Up-to-date symlink: /home/marvin/RobotArchitecture/ros2_ws/install/turtlebot3_control_services/local/lib/python3.10/dist-packages/turtlebot3_control_services/turtlebot3_control_services_s__rosidl_typesupport_c.cpython-310-x86_64-linux-gnu.so
[1.387s] -- Up-to-date symlink: /home/marvin/RobotArchitecture/ros2_ws/install/turtlebot3_control_services/local/lib/python3.10/dist-packages/turtlebot3_control_services/turtlebot3_control_services_s__rosidl_typesupport_fastrtps_c.cpython-310-x86_64-linux-gnu.so
[1.388s] -- Up-to-date symlink: /home/marvin/RobotArchitecture/ros2_ws/install/turtlebot3_control_services/local/lib/python3.10/dist-packages/turtlebot3_control_services/turtlebot3_control_services_s__rosidl_typesupport_introspection_c.cpython-310-x86_64-linux-gnu.so
[1.388s] -- Up-to-date symlink: /home/marvin/RobotArchitecture/ros2_ws/install/turtlebot3_control_services/local/lib/python3.10/dist-packages/turtlebot3_control_services/turtlebot3_control_services_s__rosidl_typesupport_fastrtps_c.cpython-310-x86_64-linux-gnu.so
[1.389s] -- Up-to-date symlink: /home/marvin/RobotArchitecture/ros2_ws/install/turtlebot3_control_services/local/lib/python3.10/dist-packages/turtlebot3_control_services/turtlebot3_control_services_s__rosidl_typesupport_introspection_c.cpython-310-x86_64-linux-gnu.so
[1.389s] -- Up-to-date symlink: /home/marvin/RobotArchitecture/ros2_ws/install/turtlebot3_control_services/local/lib/python3.10/dist-packages/turtlebot3_control_services/turtlebot3_control_services_s__rosidl_typesupport_c.cpython-310-x86_64-linux-gnu.so
[1.390s] -- Up-to-date symlink: /home/marvin/RobotArchitecture/ros2_ws/install/turtlebot3_control_services/share/turtlebot3_control_services/srv/RobotControl.idl
[1.390s] -- Up-to-date symlink: /home/marvin/RobotArchitecture/ros2_ws/install/turtlebot3_control_services/share/turtlebot3_control_services/srv/RobotControl.srv
[1.391s] -- Up-to-date symlink: /home/marvin/RobotArchitecture/ros2_ws/install/turtlebot3_control_services/share/turtlebot3_control_services/srv/RobotControl_Request.msg
[1.392s] -- Up-to-date symlink: /home/marvin/RobotArchitecture/ros2_ws/install/turtlebot3_control_services/share/turtlebot3_control_services/srv/RobotControl_Response.msg
[1.392s] -- Up-to-date symlink: /home/marvin/RobotArchitecture/ros2_ws/install/turtlebot3_control_services/share/ament_index/resource_index/package_run_dependencies/turtlebot3_control_services
[1.393s] -- Up-to-date symlink: /home/marvin/RobotArchitecture/ros2_ws/install/turtlebot3_control_services/share/ament_index/resource_index/parent_prefix_path/turtlebot3_control_services
[1.393s] -- Up-to-date symlink: /home/marvin/RobotArchitecture/ros2_ws/install/turtlebot3_control_services/share/turtlebot3_control_services/environment/ament_prefix_path.sh
[1.394s] -- Up-to-date symlink: /home/marvin/RobotArchitecture/ros2_ws/install/turtlebot3_control_services/share/turtlebot3_control_services/environment/ament_prefix_path.dsv
[1.394s] -- Up-to-date symlink: /home/marvin/RobotArchitecture/ros2_ws/install/turtlebot3_control_services/share/turtlebot3_control_services/environment/path.sh
[1.395s] -- Up-to-date symlink: /home/marvin/RobotArchitecture/ros2_ws/install/turtlebot3_control_services/share/turtlebot3_control_services/environment/path.dsv
[1.395s] -- Up-to-date symlink: /home/marvin/RobotArchitecture/ros2_ws/install/turtlebot3_control_services/share/turtlebot3_control_services/local_setup.bash
[1.396s] -- Up-to-date symlink: /home/marvin/RobotArchitecture/ros2_ws/install/turtlebot3_control_services/share/turtlebot3_control_services/local_setup.sh
[1.396s] -- Up-to-date symlink: /home/marvin/RobotArchitecture/ros2_ws/install/turtlebot3_control_services/share/turtlebot3_control_services/local_setup.zsh
[1.396s] -- Up-to-date symlink: /home/marvin/RobotArchitecture/ros2_ws/install/turtlebot3_control_services/share/turtlebot3_control_services/local_setup.dsv
[1.397s] -- Symlinking: /home/marvin/RobotArchitecture/ros2_ws/install/turtlebot3_control_services/share/turtlebot3_control_services/package.dsv
[1.451s] -- Up-to-date symlink: /home/marvin/RobotArchitecture/ros2_ws/install/turtlebot3_control_services/share/ament_index/resource_index/packages/turtlebot3_control_services
[1.451s] -- Up-to-date symlink: /home/marvin/RobotArchitecture/ros2_ws/install/turtlebot3_control_services/share/turtlebot3_control_services/cmake/rosidl_cmake-extras.cmake
[1.451s] -- Up-to-date symlink: /home/marvin/RobotArchitecture/ros2_ws/install/turtlebot3_control_services/share/turtlebot3_control_services/cmake/ament_cmake_export_dependencies-extras.cmake
[1.451s] -- Up-to-date symlink: /home/marvin/RobotArchitecture/ros2_ws/install/turtlebot3_control_services/share/turtlebot3_control_services/cmake/ament_cmake_export_include_directories-extras.cmake
[1.451s] -- Up-to-date symlink: /home/marvin/RobotArchitecture/ros2_ws/install/turtlebot3_control_services/share/turtlebot3_control_services/cmake/ament_cmake_export_libraries-extras.cmake
[1.451s] -- Up-to-date symlink: /home/marvin/RobotArchitecture/ros2_ws/install/turtlebot3_control_services/share/turtlebot3_control_services/cmake/ament_cmake_export_targets-extras.cmake
[1.452s] -- Up-to-date symlink: /home/marvin/RobotArchitecture/ros2_ws/install/turtlebot3_control_services/share/turtlebot3_control_services/cmake/rosidl_cmake_export_typesupport_targets-extras.cmake
[1.452s] -- Up-to-date symlink: /home/marvin/RobotArchitecture/ros2_ws/install/turtlebot3_control_services/share/turtlebot3_control_services/cmake/rosidl_cmake_export_typesupport_libraries-extras.cmake
[1.452s] -- Up-to-date symlink: /home/marvin/RobotArchitecture/ros2_ws/install/turtlebot3_control_services/share/turtlebot3_control_services/cmake/turtlebot3_control_servicesConfig.cmake
[1.452s] -- Up-to-date symlink: /home/marvin/RobotArchitecture/ros2_ws/install/turtlebot3_control_services/share/turtlebot3_control_services/cmake/turtlebot3_control_servicesConfig-version.cmake
[1.452s] -- Up-to-date symlink: /home/marvin/RobotArchitecture/ros2_ws/install/turtlebot3_control_services/share/turtlebot3_control_services/package.xml
[1.452s] -- Up-to-date: /home/marvin/RobotArchitecture/ros2_ws/install/turtlebot3_control_services/lib/libturtlebot3_control_services__rosidl_generator_c.so
[1.453s] -- Up-to-date: /home/marvin/RobotArchitecture/ros2_ws/install/turtlebot3_control_services/lib/libturtlebot3_control_services__rosidl_typesupport_fastrtps_c.so
[1.453s] -- Up-to-date: /home/marvin/RobotArchitecture/ros2_ws/install/turtlebot3_control_services/lib/libturtlebot3_control_services__rosidl_typesupport_fastrtps_cpp.so
[1.453s] -- Up-to-date: /home/marvin/RobotArchitecture/ros2_ws/install/turtlebot3_control_services/lib/libturtlebot3_control_services__rosidl_typesupport_introspection_c.so
[1.453s] -- Up-to-date: /home/marvin/RobotArchitecture/ros2_ws/install/turtlebot3_control_services/lib/libturtlebot3_control_services__rosidl_typesupport_c.so
[1.453s] -- Up-to-date: /home/marvin/RobotArchitecture/ros2_ws/install/turtlebot3_control_services/lib/libturtlebot3_control_services__rosidl_typesupport_introspection_cpp.so
[1.453s] -- Up-to-date: /home/marvin/RobotArchitecture/ros2_ws/install/turtlebot3_control_services/lib/libturtlebot3_control_services__rosidl_typesupport_cpp.so
[1.590s] Listing '/home/marvin/RobotArchitecture/ros2_ws/install/turtlebot3_control_services/local/lib/python3.10/dist-packages/turtlebot3_control_services'...
[1.590s] Listing '/home/marvin/RobotArchitecture/ros2_ws/install/turtlebot3_control_services/local/lib/python3.10/dist-packages/turtlebot3_control_services/srv'...
[1.599s] -- Up-to-date: /home/marvin/RobotArchitecture/ros2_ws/install/turtlebot3_control_services/lib/libturtlebot3_control_services__rosidl_generator_py.so
[1.600s] -- Up-to-date: /home/marvin/RobotArchitecture/ros2_ws/install/turtlebot3_control_services/share/turtlebot3_control_services/cmake/export_turtlebot3_control_services__rosidl_generator_cExport.cmake
[1.600s] -- Up-to-date: /home/marvin/RobotArchitecture/ros2_ws/install/turtlebot3_control_services/share/turtlebot3_control_services/cmake/export_turtlebot3_control_services__rosidl_generator_cExport-noconfig.cmake
[1.600s] -- Up-to-date: /home/marvin/RobotArchitecture/ros2_ws/install/turtlebot3_control_services/share/turtlebot3_control_services/cmake/export_turtlebot3_control_services__rosidl_typesupport_fastrtps_cExport.cmake
[1.600s] -- Up-to-date: /home/marvin/RobotArchitecture/ros2_ws/install/turtlebot3_control_services/share/turtlebot3_control_services/cmake/export_turtlebot3_control_services__rosidl_typesupport_fastrtps_cExport-noconfig.cmake
[1.601s] -- Up-to-date: /home/marvin/RobotArchitecture/ros2_ws/install/turtlebot3_control_services/share/turtlebot3_control_services/cmake/export_turtlebot3_control_services__rosidl_generator_cppExport.cmake
[1.601s] -- Up-to-date: /home/marvin/RobotArchitecture/ros2_ws/install/turtlebot3_control_services/share/turtlebot3_control_services/cmake/export_turtlebot3_control_services__rosidl_typesupport_fastrtps_cppExport.cmake
[1.601s] -- Up-to-date: /home/marvin/RobotArchitecture/ros2_ws/install/turtlebot3_control_services/share/turtlebot3_control_services/cmake/export_turtlebot3_control_services__rosidl_typesupport_fastrtps_cppExport-noconfig.cmake
[1.601s] -- Up-to-date: /home/marvin/RobotArchitecture/ros2_ws/install/turtlebot3_control_services/share/turtlebot3_control_services/cmake/turtlebot3_control_services__rosidl_typesupport_introspection_cExport.cmake
[1.601s] -- Up-to-date: /home/marvin/RobotArchitecture/ros2_ws/install/turtlebot3_control_services/share/turtlebot3_control_services/cmake/turtlebot3_control_services__rosidl_typesupport_introspection_cExport-noconfig.cmake
[1.608s] -- Up-to-date: /home/marvin/RobotArchitecture/ros2_ws/install/turtlebot3_control_services/share/turtlebot3_control_services/cmake/turtlebot3_control_services__rosidl_typesupport_cExport.cmake
[1.609s] -- Up-to-date: /home/marvin/RobotArchitecture/ros2_ws/install/turtlebot3_control_services/share/turtlebot3_control_services/cmake/turtlebot3_control_services__rosidl_typesupport_cExport-noconfig.cmake
[1.609s] -- Up-to-date: /home/marvin/RobotArchitecture/ros2_ws/install/turtlebot3_control_services/share/turtlebot3_control_services/cmake/turtlebot3_control_services__rosidl_typesupport_introspection_cppExport.cmake
[1.609s] -- Up-to-date: /home/marvin/RobotArchitecture/ros2_ws/install/turtlebot3_control_services/share/turtlebot3_control_services/cmake/turtlebot3_control_services__rosidl_typesupport_introspection_cppExport-noconfig.cmake
[1.610s] -- Up-to-date: /home/marvin/RobotArchitecture/ros2_ws/install/turtlebot3_control_services/share/turtlebot3_control_services/cmake/turtlebot3_control_services__rosidl_typesupport_cppExport.cmake
[1.610s] -- Up-to-date: /home/marvin/RobotArchitecture/ros2_ws/install/turtlebot3_control_services/share/turtlebot3_control_services/cmake/turtlebot3_control_services__rosidl_typesupport_cppExport-noconfig.cmake
[1.610s] -- Up-to-date: /home/marvin/RobotArchitecture/ros2_ws/install/turtlebot3_control_services/share/turtlebot3_control_services/cmake/export_turtlebot3_control_services__rosidl_generator_pyExport.cmake
[1.610s] -- Up-to-date: /home/marvin/RobotArchitecture/ros2_ws/install/turtlebot3_control_services/share/turtlebot3_control_services/cmake/export_turtlebot3_control_services__rosidl_generator_pyExport-noconfig.cmake
[1.624s] Invoked command in '/home/marvin/RobotArchitecture/ros2_ws/build/turtlebot3_control_services' returned '0': CMAKE_PREFIX_PATH=/home/marvin/RobotArchitecture/ros2_ws/install/custom_msgs:/home/marvin/RobotArchitecture/ros2_ws/install/turtlebot3_simulations:/home/marvin/RobotArchitecture/ros2_ws/install/turtlebot3_gazebo:/home/marvin/RobotArchitecture/ros2_ws/install/turtlebot3_fake_node:/home/marvin/RobotArchitecture/ros2_ws/install/turtlebot3_control_services:/home/marvin/RobotArchitecture/ros2_ws/install/turtlebot3_slam_management:/home/marvin/RobotArchitecture/ros2_ws/install/turtlebot3_random_explorer:/home/marvin/RobotArchitecture/ros2_ws/install/turtlebot3_obstacle_avoidance:/home/marvin/RobotArchitecture/ros2_ws/install/turtlebot3_nav_management:/home/marvin/RobotArchitecture/ros2_ws/install/turtlebot3_map_change_detection:/home/marvin/RobotArchitecture/ros2_ws/install/turtlebot3_launch_configurations:/home/marvin/RobotArchitecture/ros2_ws/install/turtlebot3_hardware_control:/home/marvin/RobotArchitecture/ros2_ws/install/turtlebot3_auto_navigator:/home/marvin/RobotArchitecture/ros2_ws/install/turtlebot3_analysis:/opt/ros/humble LD_LIBRARY_PATH=/home/marvin/RobotArchitecture/ros2_ws/install/custom_msgs/lib:/home/marvin/RobotArchitecture/ros2_ws/install/turtlebot3_control_services/lib:/usr/lib/x86_64-linux-gnu/gazebo-11/plugins:/opt/ros/humble/opt/rviz_ogre_vendor/lib:/opt/ros/humble/lib/x86_64-linux-gnu:/opt/ros/humble/lib:/usr/lib/x86_64-linux-gnu/gazebo-11/plugins /usr/bin/cmake --install /home/marvin/RobotArchitecture/ros2_ws/build/turtlebot3_control_services
