[0.932s] Invoking command in '/home/rama/catkin_ws/src/nodes': PYTHONPATH=/home/rama/catkin_ws/build/nodes/prefix_override:/home/rama/catkin_ws/install/nodes/lib/python3.8/site-packages:${PYTHONPATH} /usr/bin/python3 setup.py egg_info --egg-base ../../build/nodes build --build-base /home/rama/catkin_ws/build/nodes/build install --record /home/rama/catkin_ws/build/nodes/install.log --install-scripts $base/lib/nodes --single-version-externally-managed
[1.118s] running egg_info
[1.118s] writing ../../build/nodes/nodes.egg-info/PKG-INFO
[1.127s] writing dependency_links to ../../build/nodes/nodes.egg-info/dependency_links.txt
[1.127s] writing entry points to ../../build/nodes/nodes.egg-info/entry_points.txt
[1.127s] writing requirements to ../../build/nodes/nodes.egg-info/requires.txt
[1.127s] writing top-level names to ../../build/nodes/nodes.egg-info/top_level.txt
[1.158s] reading manifest file '../../build/nodes/nodes.egg-info/SOURCES.txt'
[1.158s] writing manifest file '../../build/nodes/nodes.egg-info/SOURCES.txt'
[1.158s] running build
[1.159s] running build_py
[1.160s] running install
[1.160s] running install_lib
[1.162s] running install_data
[1.163s] running install_egg_info
[1.164s] removing '/home/rama/catkin_ws/install/nodes/lib/python3.8/site-packages/nodes-0.0.0-py3.8.egg-info' (and everything under it)
[1.164s] Copying ../../build/nodes/nodes.egg-info to /home/rama/catkin_ws/install/nodes/lib/python3.8/site-packages/nodes-0.0.0-py3.8.egg-info
[1.165s] running install_scripts
[1.179s] Installing Handgesture_node script to /home/rama/catkin_ws/install/nodes/lib/nodes
[1.180s] Installing kf_depthCamera script to /home/rama/catkin_ws/install/nodes/lib/nodes
[1.180s] Installing obstacle_avoidance_node script to /home/rama/catkin_ws/install/nodes/lib/nodes
[1.180s] Installing test_node script to /home/rama/catkin_ws/install/nodes/lib/nodes
[1.180s] writing list of installed files to '/home/rama/catkin_ws/build/nodes/install.log'
[1.213s] Invoked command in '/home/rama/catkin_ws/src/nodes' returned '0': PYTHONPATH=/home/rama/catkin_ws/build/nodes/prefix_override:/home/rama/catkin_ws/install/nodes/lib/python3.8/site-packages:${PYTHONPATH} /usr/bin/python3 setup.py egg_info --egg-base ../../build/nodes build --build-base /home/rama/catkin_ws/build/nodes/build install --record /home/rama/catkin_ws/build/nodes/install.log --install-scripts $base/lib/nodes --single-version-externally-managed
