[0.037s] Invoking command in '/home/marvin/RobotArchitecture/ros2_ws/build/turtlebot3_control_services': AMENT_PREFIX_PATH=/home/marvin/RobotArchitecture/ros2_ws/install/custom_msgs:${AMENT_PREFIX_PATH} CMAKE_PREFIX_PATH=/home/marvin/RobotArchitecture/ros2_ws/install/custom_msgs:/home/marvin/turtlebot3_ws/install/turtlebot3:/home/marvin/turtlebot3_ws/install/turtlebot3_simulations:/home/marvin/turtlebot3_ws/install/turtlebot3_bringup:/home/marvin/turtlebot3_ws/install/turtlebot3_node:/home/marvin/turtlebot3_ws/install/turtlebot3_navigation2:/home/marvin/turtlebot3_ws/install/turtlebot3_gazebo:/home/marvin/turtlebot3_ws/install/turtlebot3_fake_node:/home/marvin/turtlebot3_ws/install/turtlebot3_description:/home/marvin/turtlebot3_ws/install/turtlebot3_cartographer:/home/marvin/RobotArchitecture/ros2_ws/install/turtlebot3_obstacle_avoidance:/home/marvin/RobotArchitecture/ros2_ws/install/turtlebot3_hardware_control:/home/marvin/install/turtlebot3_hardware_control:/home/marvin/install/turtlebot3_explorer:/home/marvin/turtlebot3_ws/install/turtlebot3_teleop:/home/marvin/turtlebot3_ws/install/turtlebot3_obstacle_avoidance:/home/marvin/turtlebot3_ws/install/turtlebot3_hardware_control:/home/marvin/turtlebot3_ws/install/turtlebot3_example:/opt/ros/humble LD_LIBRARY_PATH=/home/marvin/RobotArchitecture/ros2_ws/install/custom_msgs/lib:/usr/lib/x86_64-linux-gnu/gazebo-11/plugins:/opt/ros/humble/opt/rviz_ogre_vendor/lib:/opt/ros/humble/lib/x86_64-linux-gnu:/opt/ros/humble/lib:/usr/lib/x86_64-linux-gnu/gazebo-11/plugins PYTHONPATH=/home/marvin/RobotArchitecture/ros2_ws/install/custom_msgs/local/lib/python3.10/dist-packages:${PYTHONPATH} /usr/bin/cmake /home/marvin/RobotArchitecture/ros2_ws/src/turtlebot3_control_services -DAMENT_CMAKE_SYMLINK_INSTALL=1 -DCMAKE_INSTALL_PREFIX=/home/marvin/RobotArchitecture/ros2_ws/install/turtlebot3_control_services
[0.584s] -- Found ament_cmake: 1.3.8 (/opt/ros/humble/share/ament_cmake/cmake)
[0.584s] -- Override CMake install command with custom implementation using symlinks instead of copying resources
[0.584s] -- Found rclcpp: 16.0.8 (/opt/ros/humble/share/rclcpp/cmake)
[0.584s] -- Found rosidl_generator_c: 3.1.5 (/opt/ros/humble/share/rosidl_generator_c/cmake)
[0.584s] -- Found rosidl_adapter: 3.1.5 (/opt/ros/humble/share/rosidl_adapter/cmake)
[0.584s] -- Found rosidl_generator_cpp: 3.1.5 (/opt/ros/humble/share/rosidl_generator_cpp/cmake)
[0.584s] -- Using all available rosidl_typesupport_c: rosidl_typesupport_fastrtps_c;rosidl_typesupport_introspection_c
[0.584s] -- Using all available rosidl_typesupport_cpp: rosidl_typesupport_fastrtps_cpp;rosidl_typesupport_introspection_cpp
[0.585s] -- Found rmw_implementation_cmake: 6.1.1 (/opt/ros/humble/share/rmw_implementation_cmake/cmake)
[0.585s] -- Found rmw_fastrtps_cpp: 6.2.6 (/opt/ros/humble/share/rmw_fastrtps_cpp/cmake)
[0.585s] -- Using RMW implementation 'rmw_fastrtps_cpp' as default
[0.585s] -- Found geometry_msgs: 4.2.3 (/opt/ros/humble/share/geometry_msgs/cmake)
[0.604s] -- Found custom_msgs: 0.0.0 (/home/marvin/RobotArchitecture/ros2_ws/install/custom_msgs/share/custom_msgs/cmake)
[0.664s] -- Found rosidl_default_generators: 1.2.0 (/opt/ros/humble/share/rosidl_default_generators/cmake)
[0.965s] -- Found ament_cmake_ros: 0.10.0 (/opt/ros/humble/share/ament_cmake_ros/cmake)
[1.390s] -- Using all available rosidl_typesupport_c: rosidl_typesupport_fastrtps_c;rosidl_typesupport_introspection_c
[1.552s] -- Using all available rosidl_typesupport_cpp: rosidl_typesupport_fastrtps_cpp;rosidl_typesupport_introspection_cpp
[1.574s] -- Found PythonInterp: /usr/bin/python3 (found suitable version "3.10.12", minimum required is "3.6") 
[1.579s] -- Found python_cmake_module: 0.10.0 (/opt/ros/humble/share/python_cmake_module/cmake)
[1.605s] -- Found PythonLibs: /usr/lib/x86_64-linux-gnu/libpython3.10.so (found suitable version "3.10.12", minimum required is "3.5") 
[1.605s] -- Using PYTHON_EXECUTABLE: /usr/bin/python3
[1.606s] -- Using PYTHON_INCLUDE_DIRS: /usr/include/python3.10
[1.606s] -- Using PYTHON_LIBRARIES: /usr/lib/x86_64-linux-gnu/libpython3.10.so
[1.639s] -- Found PythonExtra: .so  
[1.707s] -- Found ament_lint_auto: 0.12.10 (/opt/ros/humble/share/ament_lint_auto/cmake)
[1.764s] -- Added test 'lint_cmake' to check CMake code style
[1.766s] -- Added test 'xmllint' to check XML markup files
[1.771s] -- Configuring done
[1.825s] -- Generating done
[1.829s] -- Build files have been written to: /home/marvin/RobotArchitecture/ros2_ws/build/turtlebot3_control_services
[1.839s] Invoked command in '/home/marvin/RobotArchitecture/ros2_ws/build/turtlebot3_control_services' returned '0': AMENT_PREFIX_PATH=/home/marvin/RobotArchitecture/ros2_ws/install/custom_msgs:${AMENT_PREFIX_PATH} CMAKE_PREFIX_PATH=/home/marvin/RobotArchitecture/ros2_ws/install/custom_msgs:/home/marvin/turtlebot3_ws/install/turtlebot3:/home/marvin/turtlebot3_ws/install/turtlebot3_simulations:/home/marvin/turtlebot3_ws/install/turtlebot3_bringup:/home/marvin/turtlebot3_ws/install/turtlebot3_node:/home/marvin/turtlebot3_ws/install/turtlebot3_navigation2:/home/marvin/turtlebot3_ws/install/turtlebot3_gazebo:/home/marvin/turtlebot3_ws/install/turtlebot3_fake_node:/home/marvin/turtlebot3_ws/install/turtlebot3_description:/home/marvin/turtlebot3_ws/install/turtlebot3_cartographer:/home/marvin/RobotArchitecture/ros2_ws/install/turtlebot3_obstacle_avoidance:/home/marvin/RobotArchitecture/ros2_ws/install/turtlebot3_hardware_control:/home/marvin/install/turtlebot3_hardware_control:/home/marvin/install/turtlebot3_explorer:/home/marvin/turtlebot3_ws/install/turtlebot3_teleop:/home/marvin/turtlebot3_ws/install/turtlebot3_obstacle_avoidance:/home/marvin/turtlebot3_ws/install/turtlebot3_hardware_control:/home/marvin/turtlebot3_ws/install/turtlebot3_example:/opt/ros/humble LD_LIBRARY_PATH=/home/marvin/RobotArchitecture/ros2_ws/install/custom_msgs/lib:/usr/lib/x86_64-linux-gnu/gazebo-11/plugins:/opt/ros/humble/opt/rviz_ogre_vendor/lib:/opt/ros/humble/lib/x86_64-linux-gnu:/opt/ros/humble/lib:/usr/lib/x86_64-linux-gnu/gazebo-11/plugins PYTHONPATH=/home/marvin/RobotArchitecture/ros2_ws/install/custom_msgs/local/lib/python3.10/dist-packages:${PYTHONPATH} /usr/bin/cmake /home/marvin/RobotArchitecture/ros2_ws/src/turtlebot3_control_services -DAMENT_CMAKE_SYMLINK_INSTALL=1 -DCMAKE_INSTALL_PREFIX=/home/marvin/RobotArchitecture/ros2_ws/install/turtlebot3_control_services
[1.841s] Invoking command in '/home/marvin/RobotArchitecture/ros2_ws/build/turtlebot3_control_services': AMENT_PREFIX_PATH=/home/marvin/RobotArchitecture/ros2_ws/install/custom_msgs:${AMENT_PREFIX_PATH} CMAKE_PREFIX_PATH=/home/marvin/RobotArchitecture/ros2_ws/install/custom_msgs:/home/marvin/turtlebot3_ws/install/turtlebot3:/home/marvin/turtlebot3_ws/install/turtlebot3_simulations:/home/marvin/turtlebot3_ws/install/turtlebot3_bringup:/home/marvin/turtlebot3_ws/install/turtlebot3_node:/home/marvin/turtlebot3_ws/install/turtlebot3_navigation2:/home/marvin/turtlebot3_ws/install/turtlebot3_gazebo:/home/marvin/turtlebot3_ws/install/turtlebot3_fake_node:/home/marvin/turtlebot3_ws/install/turtlebot3_description:/home/marvin/turtlebot3_ws/install/turtlebot3_cartographer:/home/marvin/RobotArchitecture/ros2_ws/install/turtlebot3_obstacle_avoidance:/home/marvin/RobotArchitecture/ros2_ws/install/turtlebot3_hardware_control:/home/marvin/install/turtlebot3_hardware_control:/home/marvin/install/turtlebot3_explorer:/home/marvin/turtlebot3_ws/install/turtlebot3_teleop:/home/marvin/turtlebot3_ws/install/turtlebot3_obstacle_avoidance:/home/marvin/turtlebot3_ws/install/turtlebot3_hardware_control:/home/marvin/turtlebot3_ws/install/turtlebot3_example:/opt/ros/humble LD_LIBRARY_PATH=/home/marvin/RobotArchitecture/ros2_ws/install/custom_msgs/lib:/usr/lib/x86_64-linux-gnu/gazebo-11/plugins:/opt/ros/humble/opt/rviz_ogre_vendor/lib:/opt/ros/humble/lib/x86_64-linux-gnu:/opt/ros/humble/lib:/usr/lib/x86_64-linux-gnu/gazebo-11/plugins PYTHONPATH=/home/marvin/RobotArchitecture/ros2_ws/install/custom_msgs/local/lib/python3.10/dist-packages:${PYTHONPATH} /usr/bin/cmake --build /home/marvin/RobotArchitecture/ros2_ws/build/turtlebot3_control_services -- -j8 -l8
[1.877s] [  3%] [34m[1mGenerating C code for ROS interfaces[0m
[1.885s] [  6%] [34m[1mGenerating C++ code for ROS interfaces[0m
[1.892s] [  6%] Built target ament_cmake_python_symlink_turtlebot3_control_services
[2.151s] running egg_info
[2.152s] creating turtlebot3_control_services.egg-info
[2.152s] writing turtlebot3_control_services.egg-info/PKG-INFO
[2.153s] writing dependency_links to turtlebot3_control_services.egg-info/dependency_links.txt
[2.153s] writing top-level names to turtlebot3_control_services.egg-info/top_level.txt
[2.153s] writing manifest file 'turtlebot3_control_services.egg-info/SOURCES.txt'
[2.157s] reading manifest file 'turtlebot3_control_services.egg-info/SOURCES.txt'
[2.158s] writing manifest file 'turtlebot3_control_services.egg-info/SOURCES.txt'
[2.191s] [  6%] Built target turtlebot3_control_services__cpp
[2.197s] [  9%] [32mBuilding C object CMakeFiles/turtlebot3_control_services__rosidl_generator_c.dir/rosidl_generator_c/turtlebot3_control_services/srv/detail/robot_control__functions.c.o[0m
[2.201s] [ 16%] Built target ament_cmake_python_build_turtlebot3_control_services_egg
[2.201s] [ 16%] [34m[1mGenerating C++ type support dispatch for ROS interfaces[0m
[2.201s] [ 16%] [34m[1mGenerating C++ type support for eProsima Fast-RTPS[0m
[2.203s] [ 19%] [34m[1mGenerating C++ introspection for ROS interfaces[0m
[2.264s] [ 22%] [32m[1mLinking C shared library libturtlebot3_control_services__rosidl_generator_c.so[0m
[2.296s] [ 22%] Built target turtlebot3_control_services__rosidl_generator_c
[2.306s] [ 25%] [34m[1mGenerating C type support dispatch for ROS interfaces[0m
[2.308s] [ 29%] [34m[1mGenerating C type support for eProsima Fast-RTPS[0m
[2.309s] [ 32%] [34m[1mGenerating C introspection for ROS interfaces[0m
[2.510s] [ 35%] [32mBuilding CXX object CMakeFiles/turtlebot3_control_services__rosidl_typesupport_introspection_cpp.dir/rosidl_typesupport_introspection_cpp/turtlebot3_control_services/srv/detail/robot_control__type_support.cpp.o[0m
[2.606s] [ 38%] [32mBuilding CXX object CMakeFiles/turtlebot3_control_services__rosidl_typesupport_c.dir/rosidl_typesupport_c/turtlebot3_control_services/srv/robot_control__type_support.cpp.o[0m
[2.639s] [ 41%] [32m[1mLinking CXX shared library libturtlebot3_control_services__rosidl_typesupport_c.so[0m
[2.640s] [ 45%] [32mBuilding CXX object CMakeFiles/turtlebot3_control_services__rosidl_typesupport_cpp.dir/rosidl_typesupport_cpp/turtlebot3_control_services/srv/robot_control__type_support.cpp.o[0m
[2.654s] [ 48%] [32mBuilding CXX object CMakeFiles/turtlebot3_control_services__rosidl_typesupport_fastrtps_cpp.dir/rosidl_typesupport_fastrtps_cpp/turtlebot3_control_services/srv/detail/dds_fastrtps/robot_control__type_support.cpp.o[0m
[2.690s] [ 48%] Built target turtlebot3_control_services__rosidl_typesupport_c
[2.759s] [ 51%] [32mBuilding CXX object CMakeFiles/turtlebot3_control_services__rosidl_typesupport_fastrtps_c.dir/rosidl_typesupport_fastrtps_c/turtlebot3_control_services/srv/detail/robot_control__type_support_c.cpp.o[0m
[2.822s] [ 54%] [32mBuilding C object CMakeFiles/turtlebot3_control_services__rosidl_typesupport_introspection_c.dir/rosidl_typesupport_introspection_c/turtlebot3_control_services/srv/detail/robot_control__type_support.c.o[0m
[2.873s] [ 58%] [32m[1mLinking C shared library libturtlebot3_control_services__rosidl_typesupport_introspection_c.so[0m
[2.895s] [ 61%] [32m[1mLinking CXX shared library libturtlebot3_control_services__rosidl_typesupport_cpp.so[0m
[2.904s] [ 61%] Built target turtlebot3_control_services__rosidl_typesupport_introspection_c
[2.941s] [ 61%] Built target turtlebot3_control_services__rosidl_typesupport_cpp
[2.970s] [ 64%] [32m[1mLinking CXX shared library libturtlebot3_control_services__rosidl_typesupport_introspection_cpp.so[0m
[3.032s] [ 64%] Built target turtlebot3_control_services__rosidl_typesupport_introspection_cpp
[3.065s] [ 67%] [32m[1mLinking CXX shared library libturtlebot3_control_services__rosidl_typesupport_fastrtps_cpp.so[0m
[3.097s] [ 70%] [32m[1mLinking CXX shared library libturtlebot3_control_services__rosidl_typesupport_fastrtps_c.so[0m
[3.142s] [ 70%] Built target turtlebot3_control_services__rosidl_typesupport_fastrtps_cpp
[3.169s] [ 70%] Built target turtlebot3_control_services__rosidl_typesupport_fastrtps_c
[3.186s] [ 70%] Built target turtlebot3_control_services
[3.204s] [ 74%] [34m[1mGenerating Python code for ROS interfaces[0m
[3.604s] [ 74%] Built target turtlebot3_control_services__py
[3.621s] [ 77%] [32mBuilding C object CMakeFiles/turtlebot3_control_services__rosidl_generator_py.dir/rosidl_generator_py/turtlebot3_control_services/srv/_robot_control_s.c.o[0m
[3.715s] [ 80%] [32m[1mLinking C shared library rosidl_generator_py/turtlebot3_control_services/libturtlebot3_control_services__rosidl_generator_py.so[0m
[3.750s] [ 80%] Built target turtlebot3_control_services__rosidl_generator_py
[3.768s] [ 90%] [32mBuilding C object CMakeFiles/turtlebot3_control_services__rosidl_typesupport_c__pyext.dir/rosidl_generator_py/turtlebot3_control_services/_turtlebot3_control_services_s.ep.rosidl_typesupport_c.c.o[0m
[3.769s] [ 90%] [32mBuilding C object CMakeFiles/turtlebot3_control_services__rosidl_typesupport_introspection_c__pyext.dir/rosidl_generator_py/turtlebot3_control_services/_turtlebot3_control_services_s.ep.rosidl_typesupport_introspection_c.c.o[0m
[3.769s] [ 90%] [32mBuilding C object CMakeFiles/turtlebot3_control_services__rosidl_typesupport_fastrtps_c__pyext.dir/rosidl_generator_py/turtlebot3_control_services/_turtlebot3_control_services_s.ep.rosidl_typesupport_fastrtps_c.c.o[0m
[3.855s] [ 93%] [32m[1mLinking C shared library rosidl_generator_py/turtlebot3_control_services/turtlebot3_control_services_s__rosidl_typesupport_c.cpython-310-x86_64-linux-gnu.so[0m
[3.860s] [ 96%] [32m[1mLinking C shared library rosidl_generator_py/turtlebot3_control_services/turtlebot3_control_services_s__rosidl_typesupport_introspection_c.cpython-310-x86_64-linux-gnu.so[0m
[3.862s] [100%] [32m[1mLinking C shared library rosidl_generator_py/turtlebot3_control_services/turtlebot3_control_services_s__rosidl_typesupport_fastrtps_c.cpython-310-x86_64-linux-gnu.so[0m
[3.892s] [100%] Built target turtlebot3_control_services__rosidl_typesupport_c__pyext
[3.897s] [100%] Built target turtlebot3_control_services__rosidl_typesupport_fastrtps_c__pyext
[3.897s] [100%] Built target turtlebot3_control_services__rosidl_typesupport_introspection_c__pyext
[3.907s] Invoked command in '/home/marvin/RobotArchitecture/ros2_ws/build/turtlebot3_control_services' returned '0': AMENT_PREFIX_PATH=/home/marvin/RobotArchitecture/ros2_ws/install/custom_msgs:${AMENT_PREFIX_PATH} CMAKE_PREFIX_PATH=/home/marvin/RobotArchitecture/ros2_ws/install/custom_msgs:/home/marvin/turtlebot3_ws/install/turtlebot3:/home/marvin/turtlebot3_ws/install/turtlebot3_simulations:/home/marvin/turtlebot3_ws/install/turtlebot3_bringup:/home/marvin/turtlebot3_ws/install/turtlebot3_node:/home/marvin/turtlebot3_ws/install/turtlebot3_navigation2:/home/marvin/turtlebot3_ws/install/turtlebot3_gazebo:/home/marvin/turtlebot3_ws/install/turtlebot3_fake_node:/home/marvin/turtlebot3_ws/install/turtlebot3_description:/home/marvin/turtlebot3_ws/install/turtlebot3_cartographer:/home/marvin/RobotArchitecture/ros2_ws/install/turtlebot3_obstacle_avoidance:/home/marvin/RobotArchitecture/ros2_ws/install/turtlebot3_hardware_control:/home/marvin/install/turtlebot3_hardware_control:/home/marvin/install/turtlebot3_explorer:/home/marvin/turtlebot3_ws/install/turtlebot3_teleop:/home/marvin/turtlebot3_ws/install/turtlebot3_obstacle_avoidance:/home/marvin/turtlebot3_ws/install/turtlebot3_hardware_control:/home/marvin/turtlebot3_ws/install/turtlebot3_example:/opt/ros/humble LD_LIBRARY_PATH=/home/marvin/RobotArchitecture/ros2_ws/install/custom_msgs/lib:/usr/lib/x86_64-linux-gnu/gazebo-11/plugins:/opt/ros/humble/opt/rviz_ogre_vendor/lib:/opt/ros/humble/lib/x86_64-linux-gnu:/opt/ros/humble/lib:/usr/lib/x86_64-linux-gnu/gazebo-11/plugins PYTHONPATH=/home/marvin/RobotArchitecture/ros2_ws/install/custom_msgs/local/lib/python3.10/dist-packages:${PYTHONPATH} /usr/bin/cmake --build /home/marvin/RobotArchitecture/ros2_ws/build/turtlebot3_control_services -- -j8 -l8
[3.955s] Invoking command in '/home/marvin/RobotArchitecture/ros2_ws/build/turtlebot3_control_services': AMENT_PREFIX_PATH=/home/marvin/RobotArchitecture/ros2_ws/install/custom_msgs:${AMENT_PREFIX_PATH} CMAKE_PREFIX_PATH=/home/marvin/RobotArchitecture/ros2_ws/install/custom_msgs:/home/marvin/turtlebot3_ws/install/turtlebot3:/home/marvin/turtlebot3_ws/install/turtlebot3_simulations:/home/marvin/turtlebot3_ws/install/turtlebot3_bringup:/home/marvin/turtlebot3_ws/install/turtlebot3_node:/home/marvin/turtlebot3_ws/install/turtlebot3_navigation2:/home/marvin/turtlebot3_ws/install/turtlebot3_gazebo:/home/marvin/turtlebot3_ws/install/turtlebot3_fake_node:/home/marvin/turtlebot3_ws/install/turtlebot3_description:/home/marvin/turtlebot3_ws/install/turtlebot3_cartographer:/home/marvin/RobotArchitecture/ros2_ws/install/turtlebot3_obstacle_avoidance:/home/marvin/RobotArchitecture/ros2_ws/install/turtlebot3_hardware_control:/home/marvin/install/turtlebot3_hardware_control:/home/marvin/install/turtlebot3_explorer:/home/marvin/turtlebot3_ws/install/turtlebot3_teleop:/home/marvin/turtlebot3_ws/install/turtlebot3_obstacle_avoidance:/home/marvin/turtlebot3_ws/install/turtlebot3_hardware_control:/home/marvin/turtlebot3_ws/install/turtlebot3_example:/opt/ros/humble LD_LIBRARY_PATH=/home/marvin/RobotArchitecture/ros2_ws/install/custom_msgs/lib:/usr/lib/x86_64-linux-gnu/gazebo-11/plugins:/opt/ros/humble/opt/rviz_ogre_vendor/lib:/opt/ros/humble/lib/x86_64-linux-gnu:/opt/ros/humble/lib:/usr/lib/x86_64-linux-gnu/gazebo-11/plugins PYTHONPATH=/home/marvin/RobotArchitecture/ros2_ws/install/custom_msgs/local/lib/python3.10/dist-packages:${PYTHONPATH} /usr/bin/cmake --install /home/marvin/RobotArchitecture/ros2_ws/build/turtlebot3_control_services
[3.961s] -- Install configuration: ""
[3.962s] -- Execute custom install script
[3.962s] -- Symlinking: /home/marvin/RobotArchitecture/ros2_ws/install/turtlebot3_control_services/share/ament_index/resource_index/rosidl_interfaces/turtlebot3_control_services
[3.970s] -- Symlinking: /home/marvin/RobotArchitecture/ros2_ws/install/turtlebot3_control_services/include/turtlebot3_control_services/turtlebot3_control_services/msg/rosidl_generator_c__visibility_control.h
[3.976s] -- Symlinking: /home/marvin/RobotArchitecture/ros2_ws/install/turtlebot3_control_services/include/turtlebot3_control_services/turtlebot3_control_services/srv/detail/robot_control__functions.h
[3.983s] -- Symlinking: /home/marvin/RobotArchitecture/ros2_ws/install/turtlebot3_control_services/include/turtlebot3_control_services/turtlebot3_control_services/srv/detail/robot_control__struct.h
[3.990s] -- Symlinking: /home/marvin/RobotArchitecture/ros2_ws/install/turtlebot3_control_services/include/turtlebot3_control_services/turtlebot3_control_services/srv/detail/robot_control__type_support.h
[3.997s] -- Symlinking: /home/marvin/RobotArchitecture/ros2_ws/install/turtlebot3_control_services/include/turtlebot3_control_services/turtlebot3_control_services/srv/robot_control.h
[4.004s] -- Symlinking: /home/marvin/RobotArchitecture/ros2_ws/install/turtlebot3_control_services/share/turtlebot3_control_services/environment/library_path.sh
[4.011s] -- Symlinking: /home/marvin/RobotArchitecture/ros2_ws/install/turtlebot3_control_services/share/turtlebot3_control_services/environment/library_path.dsv
[4.018s] -- Symlinking: /home/marvin/RobotArchitecture/ros2_ws/install/turtlebot3_control_services/include/turtlebot3_control_services/turtlebot3_control_services/msg/rosidl_typesupport_fastrtps_c__visibility_control.h
[4.025s] -- Symlinking: /home/marvin/RobotArchitecture/ros2_ws/install/turtlebot3_control_services/include/turtlebot3_control_services/turtlebot3_control_services/srv/detail/robot_control__rosidl_typesupport_fastrtps_c.h
[4.033s] -- Symlinking: /home/marvin/RobotArchitecture/ros2_ws/install/turtlebot3_control_services/include/turtlebot3_control_services/turtlebot3_control_services/srv/detail/robot_control__builder.hpp
[4.040s] -- Symlinking: /home/marvin/RobotArchitecture/ros2_ws/install/turtlebot3_control_services/include/turtlebot3_control_services/turtlebot3_control_services/srv/detail/robot_control__struct.hpp
[4.047s] -- Symlinking: /home/marvin/RobotArchitecture/ros2_ws/install/turtlebot3_control_services/include/turtlebot3_control_services/turtlebot3_control_services/srv/detail/robot_control__traits.hpp
[4.054s] -- Symlinking: /home/marvin/RobotArchitecture/ros2_ws/install/turtlebot3_control_services/include/turtlebot3_control_services/turtlebot3_control_services/srv/robot_control.hpp
[4.061s] -- Symlinking: /home/marvin/RobotArchitecture/ros2_ws/install/turtlebot3_control_services/include/turtlebot3_control_services/turtlebot3_control_services/msg/rosidl_typesupport_fastrtps_cpp__visibility_control.h
[4.070s] -- Symlinking: /home/marvin/RobotArchitecture/ros2_ws/install/turtlebot3_control_services/include/turtlebot3_control_services/turtlebot3_control_services/srv/detail/robot_control__rosidl_typesupport_fastrtps_cpp.hpp
[4.078s] -- Symlinking: /home/marvin/RobotArchitecture/ros2_ws/install/turtlebot3_control_services/include/turtlebot3_control_services/turtlebot3_control_services/msg/rosidl_typesupport_introspection_c__visibility_control.h
[4.085s] -- Symlinking: /home/marvin/RobotArchitecture/ros2_ws/install/turtlebot3_control_services/include/turtlebot3_control_services/turtlebot3_control_services/srv/detail/robot_control__rosidl_typesupport_introspection_c.h
[4.092s] -- Symlinking: /home/marvin/RobotArchitecture/ros2_ws/install/turtlebot3_control_services/include/turtlebot3_control_services/turtlebot3_control_services/srv/detail/robot_control__rosidl_typesupport_introspection_cpp.hpp
[4.099s] -- Symlinking: /home/marvin/RobotArchitecture/ros2_ws/install/turtlebot3_control_services/share/turtlebot3_control_services/environment/pythonpath.sh
[4.106s] -- Symlinking: /home/marvin/RobotArchitecture/ros2_ws/install/turtlebot3_control_services/share/turtlebot3_control_services/environment/pythonpath.dsv
[4.114s] -- Symlinking: /home/marvin/RobotArchitecture/ros2_ws/install/turtlebot3_control_services/local/lib/python3.10/dist-packages/turtlebot3_control_services-0.0.0-py3.10.egg-info/PKG-INFO
[4.120s] -- Symlinking: /home/marvin/RobotArchitecture/ros2_ws/install/turtlebot3_control_services/local/lib/python3.10/dist-packages/turtlebot3_control_services-0.0.0-py3.10.egg-info/SOURCES.txt
[4.128s] -- Symlinking: /home/marvin/RobotArchitecture/ros2_ws/install/turtlebot3_control_services/local/lib/python3.10/dist-packages/turtlebot3_control_services-0.0.0-py3.10.egg-info/dependency_links.txt
[4.135s] -- Symlinking: /home/marvin/RobotArchitecture/ros2_ws/install/turtlebot3_control_services/local/lib/python3.10/dist-packages/turtlebot3_control_services-0.0.0-py3.10.egg-info/top_level.txt
[4.143s] -- Symlinking: /home/marvin/RobotArchitecture/ros2_ws/install/turtlebot3_control_services/local/lib/python3.10/dist-packages/turtlebot3_control_services/__init__.py
[4.150s] -- Symlinking: /home/marvin/RobotArchitecture/ros2_ws/install/turtlebot3_control_services/local/lib/python3.10/dist-packages/turtlebot3_control_services/_turtlebot3_control_services_s.ep.rosidl_typesupport_c.c
[4.156s] -- Symlinking: /home/marvin/RobotArchitecture/ros2_ws/install/turtlebot3_control_services/local/lib/python3.10/dist-packages/turtlebot3_control_services/_turtlebot3_control_services_s.ep.rosidl_typesupport_fastrtps_c.c
[4.164s] -- Symlinking: /home/marvin/RobotArchitecture/ros2_ws/install/turtlebot3_control_services/local/lib/python3.10/dist-packages/turtlebot3_control_services/_turtlebot3_control_services_s.ep.rosidl_typesupport_introspection_c.c
[4.171s] -- Symlinking: /home/marvin/RobotArchitecture/ros2_ws/install/turtlebot3_control_services/local/lib/python3.10/dist-packages/turtlebot3_control_services/libturtlebot3_control_services__rosidl_generator_py.so
[4.178s] -- Symlinking: /home/marvin/RobotArchitecture/ros2_ws/install/turtlebot3_control_services/local/lib/python3.10/dist-packages/turtlebot3_control_services/srv/__init__.py
[4.186s] -- Symlinking: /home/marvin/RobotArchitecture/ros2_ws/install/turtlebot3_control_services/local/lib/python3.10/dist-packages/turtlebot3_control_services/srv/_robot_control.py
[4.193s] -- Symlinking: /home/marvin/RobotArchitecture/ros2_ws/install/turtlebot3_control_services/local/lib/python3.10/dist-packages/turtlebot3_control_services/srv/_robot_control_s.c
[4.200s] -- Symlinking: /home/marvin/RobotArchitecture/ros2_ws/install/turtlebot3_control_services/local/lib/python3.10/dist-packages/turtlebot3_control_services/turtlebot3_control_services_s__rosidl_typesupport_c.cpython-310-x86_64-linux-gnu.so
[4.207s] -- Symlinking: /home/marvin/RobotArchitecture/ros2_ws/install/turtlebot3_control_services/local/lib/python3.10/dist-packages/turtlebot3_control_services/turtlebot3_control_services_s__rosidl_typesupport_fastrtps_c.cpython-310-x86_64-linux-gnu.so
[4.214s] -- Symlinking: /home/marvin/RobotArchitecture/ros2_ws/install/turtlebot3_control_services/local/lib/python3.10/dist-packages/turtlebot3_control_services/turtlebot3_control_services_s__rosidl_typesupport_introspection_c.cpython-310-x86_64-linux-gnu.so
[4.221s] -- Up-to-date symlink: /home/marvin/RobotArchitecture/ros2_ws/install/turtlebot3_control_services/local/lib/python3.10/dist-packages/turtlebot3_control_services/turtlebot3_control_services_s__rosidl_typesupport_fastrtps_c.cpython-310-x86_64-linux-gnu.so
[4.222s] -- Up-to-date symlink: /home/marvin/RobotArchitecture/ros2_ws/install/turtlebot3_control_services/local/lib/python3.10/dist-packages/turtlebot3_control_services/turtlebot3_control_services_s__rosidl_typesupport_introspection_c.cpython-310-x86_64-linux-gnu.so
[4.222s] -- Up-to-date symlink: /home/marvin/RobotArchitecture/ros2_ws/install/turtlebot3_control_services/local/lib/python3.10/dist-packages/turtlebot3_control_services/turtlebot3_control_services_s__rosidl_typesupport_c.cpython-310-x86_64-linux-gnu.so
[4.223s] -- Symlinking: /home/marvin/RobotArchitecture/ros2_ws/install/turtlebot3_control_services/share/turtlebot3_control_services/srv/RobotControl.idl
[4.231s] -- Symlinking: /home/marvin/RobotArchitecture/ros2_ws/install/turtlebot3_control_services/share/turtlebot3_control_services/srv/RobotControl.srv
[4.238s] -- Symlinking: /home/marvin/RobotArchitecture/ros2_ws/install/turtlebot3_control_services/share/turtlebot3_control_services/srv/RobotControl_Request.msg
[4.245s] -- Symlinking: /home/marvin/RobotArchitecture/ros2_ws/install/turtlebot3_control_services/share/turtlebot3_control_services/srv/RobotControl_Response.msg
[4.252s] -- Symlinking: /home/marvin/RobotArchitecture/ros2_ws/install/turtlebot3_control_services/share/ament_index/resource_index/package_run_dependencies/turtlebot3_control_services
[4.259s] -- Symlinking: /home/marvin/RobotArchitecture/ros2_ws/install/turtlebot3_control_services/share/ament_index/resource_index/parent_prefix_path/turtlebot3_control_services
[4.266s] -- Symlinking: /home/marvin/RobotArchitecture/ros2_ws/install/turtlebot3_control_services/share/turtlebot3_control_services/environment/ament_prefix_path.sh
[4.272s] -- Symlinking: /home/marvin/RobotArchitecture/ros2_ws/install/turtlebot3_control_services/share/turtlebot3_control_services/environment/ament_prefix_path.dsv
[4.279s] -- Symlinking: /home/marvin/RobotArchitecture/ros2_ws/install/turtlebot3_control_services/share/turtlebot3_control_services/environment/path.sh
[4.287s] -- Symlinking: /home/marvin/RobotArchitecture/ros2_ws/install/turtlebot3_control_services/share/turtlebot3_control_services/environment/path.dsv
[4.294s] -- Symlinking: /home/marvin/RobotArchitecture/ros2_ws/install/turtlebot3_control_services/share/turtlebot3_control_services/local_setup.bash
[4.301s] -- Symlinking: /home/marvin/RobotArchitecture/ros2_ws/install/turtlebot3_control_services/share/turtlebot3_control_services/local_setup.sh
[4.308s] -- Symlinking: /home/marvin/RobotArchitecture/ros2_ws/install/turtlebot3_control_services/share/turtlebot3_control_services/local_setup.zsh
[4.315s] -- Symlinking: /home/marvin/RobotArchitecture/ros2_ws/install/turtlebot3_control_services/share/turtlebot3_control_services/local_setup.dsv
[4.322s] -- Symlinking: /home/marvin/RobotArchitecture/ros2_ws/install/turtlebot3_control_services/share/turtlebot3_control_services/package.dsv
[4.330s] -- Symlinking: /home/marvin/RobotArchitecture/ros2_ws/install/turtlebot3_control_services/share/ament_index/resource_index/packages/turtlebot3_control_services
[4.337s] -- Symlinking: /home/marvin/RobotArchitecture/ros2_ws/install/turtlebot3_control_services/share/turtlebot3_control_services/cmake/rosidl_cmake-extras.cmake
[4.344s] -- Symlinking: /home/marvin/RobotArchitecture/ros2_ws/install/turtlebot3_control_services/share/turtlebot3_control_services/cmake/ament_cmake_export_dependencies-extras.cmake
[4.351s] -- Symlinking: /home/marvin/RobotArchitecture/ros2_ws/install/turtlebot3_control_services/share/turtlebot3_control_services/cmake/ament_cmake_export_include_directories-extras.cmake
[4.358s] -- Symlinking: /home/marvin/RobotArchitecture/ros2_ws/install/turtlebot3_control_services/share/turtlebot3_control_services/cmake/ament_cmake_export_libraries-extras.cmake
[4.365s] -- Symlinking: /home/marvin/RobotArchitecture/ros2_ws/install/turtlebot3_control_services/share/turtlebot3_control_services/cmake/ament_cmake_export_targets-extras.cmake
[4.372s] -- Symlinking: /home/marvin/RobotArchitecture/ros2_ws/install/turtlebot3_control_services/share/turtlebot3_control_services/cmake/rosidl_cmake_export_typesupport_targets-extras.cmake
[4.379s] -- Symlinking: /home/marvin/RobotArchitecture/ros2_ws/install/turtlebot3_control_services/share/turtlebot3_control_services/cmake/rosidl_cmake_export_typesupport_libraries-extras.cmake
[4.386s] -- Symlinking: /home/marvin/RobotArchitecture/ros2_ws/install/turtlebot3_control_services/share/turtlebot3_control_services/cmake/turtlebot3_control_servicesConfig.cmake
[4.394s] -- Symlinking: /home/marvin/RobotArchitecture/ros2_ws/install/turtlebot3_control_services/share/turtlebot3_control_services/cmake/turtlebot3_control_servicesConfig-version.cmake
[4.400s] -- Symlinking: /home/marvin/RobotArchitecture/ros2_ws/install/turtlebot3_control_services/share/turtlebot3_control_services/package.xml
[4.408s] -- Installing: /home/marvin/RobotArchitecture/ros2_ws/install/turtlebot3_control_services/lib/libturtlebot3_control_services__rosidl_generator_c.so
[4.409s] -- Set runtime path of "/home/marvin/RobotArchitecture/ros2_ws/install/turtlebot3_control_services/lib/libturtlebot3_control_services__rosidl_generator_c.so" to ""
[4.409s] -- Installing: /home/marvin/RobotArchitecture/ros2_ws/install/turtlebot3_control_services/lib/libturtlebot3_control_services__rosidl_typesupport_fastrtps_c.so
[4.410s] -- Set runtime path of "/home/marvin/RobotArchitecture/ros2_ws/install/turtlebot3_control_services/lib/libturtlebot3_control_services__rosidl_typesupport_fastrtps_c.so" to ""
[4.410s] -- Installing: /home/marvin/RobotArchitecture/ros2_ws/install/turtlebot3_control_services/lib/libturtlebot3_control_services__rosidl_typesupport_fastrtps_cpp.so
[4.411s] -- Set runtime path of "/home/marvin/RobotArchitecture/ros2_ws/install/turtlebot3_control_services/lib/libturtlebot3_control_services__rosidl_typesupport_fastrtps_cpp.so" to ""
[4.411s] -- Installing: /home/marvin/RobotArchitecture/ros2_ws/install/turtlebot3_control_services/lib/libturtlebot3_control_services__rosidl_typesupport_introspection_c.so
[4.412s] -- Set runtime path of "/home/marvin/RobotArchitecture/ros2_ws/install/turtlebot3_control_services/lib/libturtlebot3_control_services__rosidl_typesupport_introspection_c.so" to ""
[4.412s] -- Installing: /home/marvin/RobotArchitecture/ros2_ws/install/turtlebot3_control_services/lib/libturtlebot3_control_services__rosidl_typesupport_c.so
[4.413s] -- Set runtime path of "/home/marvin/RobotArchitecture/ros2_ws/install/turtlebot3_control_services/lib/libturtlebot3_control_services__rosidl_typesupport_c.so" to ""
[4.413s] -- Installing: /home/marvin/RobotArchitecture/ros2_ws/install/turtlebot3_control_services/lib/libturtlebot3_control_services__rosidl_typesupport_introspection_cpp.so
[4.414s] -- Set runtime path of "/home/marvin/RobotArchitecture/ros2_ws/install/turtlebot3_control_services/lib/libturtlebot3_control_services__rosidl_typesupport_introspection_cpp.so" to ""
[4.414s] -- Installing: /home/marvin/RobotArchitecture/ros2_ws/install/turtlebot3_control_services/lib/libturtlebot3_control_services__rosidl_typesupport_cpp.so
[4.415s] -- Set runtime path of "/home/marvin/RobotArchitecture/ros2_ws/install/turtlebot3_control_services/lib/libturtlebot3_control_services__rosidl_typesupport_cpp.so" to ""
[4.451s] Listing '/home/marvin/RobotArchitecture/ros2_ws/install/turtlebot3_control_services/local/lib/python3.10/dist-packages/turtlebot3_control_services'...
[4.451s] Compiling '/home/marvin/RobotArchitecture/ros2_ws/install/turtlebot3_control_services/local/lib/python3.10/dist-packages/turtlebot3_control_services/__init__.py'...
[4.451s] Listing '/home/marvin/RobotArchitecture/ros2_ws/install/turtlebot3_control_services/local/lib/python3.10/dist-packages/turtlebot3_control_services/srv'...
[4.451s] Compiling '/home/marvin/RobotArchitecture/ros2_ws/install/turtlebot3_control_services/local/lib/python3.10/dist-packages/turtlebot3_control_services/srv/__init__.py'...
[4.451s] Compiling '/home/marvin/RobotArchitecture/ros2_ws/install/turtlebot3_control_services/local/lib/python3.10/dist-packages/turtlebot3_control_services/srv/_robot_control.py'...
[4.455s] -- Installing: /home/marvin/RobotArchitecture/ros2_ws/install/turtlebot3_control_services/lib/libturtlebot3_control_services__rosidl_generator_py.so
[4.456s] -- Set runtime path of "/home/marvin/RobotArchitecture/ros2_ws/install/turtlebot3_control_services/lib/libturtlebot3_control_services__rosidl_generator_py.so" to ""
[4.456s] -- Installing: /home/marvin/RobotArchitecture/ros2_ws/install/turtlebot3_control_services/share/turtlebot3_control_services/cmake/export_turtlebot3_control_services__rosidl_generator_cExport.cmake
[4.456s] -- Installing: /home/marvin/RobotArchitecture/ros2_ws/install/turtlebot3_control_services/share/turtlebot3_control_services/cmake/export_turtlebot3_control_services__rosidl_generator_cExport-noconfig.cmake
[4.456s] -- Installing: /home/marvin/RobotArchitecture/ros2_ws/install/turtlebot3_control_services/share/turtlebot3_control_services/cmake/export_turtlebot3_control_services__rosidl_typesupport_fastrtps_cExport.cmake
[4.456s] -- Installing: /home/marvin/RobotArchitecture/ros2_ws/install/turtlebot3_control_services/share/turtlebot3_control_services/cmake/export_turtlebot3_control_services__rosidl_typesupport_fastrtps_cExport-noconfig.cmake
[4.457s] -- Installing: /home/marvin/RobotArchitecture/ros2_ws/install/turtlebot3_control_services/share/turtlebot3_control_services/cmake/export_turtlebot3_control_services__rosidl_generator_cppExport.cmake
[4.457s] -- Installing: /home/marvin/RobotArchitecture/ros2_ws/install/turtlebot3_control_services/share/turtlebot3_control_services/cmake/export_turtlebot3_control_services__rosidl_typesupport_fastrtps_cppExport.cmake
[4.457s] -- Installing: /home/marvin/RobotArchitecture/ros2_ws/install/turtlebot3_control_services/share/turtlebot3_control_services/cmake/export_turtlebot3_control_services__rosidl_typesupport_fastrtps_cppExport-noconfig.cmake
[4.457s] -- Installing: /home/marvin/RobotArchitecture/ros2_ws/install/turtlebot3_control_services/share/turtlebot3_control_services/cmake/turtlebot3_control_services__rosidl_typesupport_introspection_cExport.cmake
[4.458s] -- Installing: /home/marvin/RobotArchitecture/ros2_ws/install/turtlebot3_control_services/share/turtlebot3_control_services/cmake/turtlebot3_control_services__rosidl_typesupport_introspection_cExport-noconfig.cmake
[4.458s] -- Installing: /home/marvin/RobotArchitecture/ros2_ws/install/turtlebot3_control_services/share/turtlebot3_control_services/cmake/turtlebot3_control_services__rosidl_typesupport_cExport.cmake
[4.458s] -- Installing: /home/marvin/RobotArchitecture/ros2_ws/install/turtlebot3_control_services/share/turtlebot3_control_services/cmake/turtlebot3_control_services__rosidl_typesupport_cExport-noconfig.cmake
[4.458s] -- Installing: /home/marvin/RobotArchitecture/ros2_ws/install/turtlebot3_control_services/share/turtlebot3_control_services/cmake/turtlebot3_control_services__rosidl_typesupport_introspection_cppExport.cmake
[4.459s] -- Installing: /home/marvin/RobotArchitecture/ros2_ws/install/turtlebot3_control_services/share/turtlebot3_control_services/cmake/turtlebot3_control_services__rosidl_typesupport_introspection_cppExport-noconfig.cmake
[4.459s] -- Installing: /home/marvin/RobotArchitecture/ros2_ws/install/turtlebot3_control_services/share/turtlebot3_control_services/cmake/turtlebot3_control_services__rosidl_typesupport_cppExport.cmake
[4.459s] -- Installing: /home/marvin/RobotArchitecture/ros2_ws/install/turtlebot3_control_services/share/turtlebot3_control_services/cmake/turtlebot3_control_services__rosidl_typesupport_cppExport-noconfig.cmake
[4.459s] -- Installing: /home/marvin/RobotArchitecture/ros2_ws/install/turtlebot3_control_services/share/turtlebot3_control_services/cmake/export_turtlebot3_control_services__rosidl_generator_pyExport.cmake
[4.460s] -- Installing: /home/marvin/RobotArchitecture/ros2_ws/install/turtlebot3_control_services/share/turtlebot3_control_services/cmake/export_turtlebot3_control_services__rosidl_generator_pyExport-noconfig.cmake
[4.463s] Invoked command in '/home/marvin/RobotArchitecture/ros2_ws/build/turtlebot3_control_services' returned '0': AMENT_PREFIX_PATH=/home/marvin/RobotArchitecture/ros2_ws/install/custom_msgs:${AMENT_PREFIX_PATH} CMAKE_PREFIX_PATH=/home/marvin/RobotArchitecture/ros2_ws/install/custom_msgs:/home/marvin/turtlebot3_ws/install/turtlebot3:/home/marvin/turtlebot3_ws/install/turtlebot3_simulations:/home/marvin/turtlebot3_ws/install/turtlebot3_bringup:/home/marvin/turtlebot3_ws/install/turtlebot3_node:/home/marvin/turtlebot3_ws/install/turtlebot3_navigation2:/home/marvin/turtlebot3_ws/install/turtlebot3_gazebo:/home/marvin/turtlebot3_ws/install/turtlebot3_fake_node:/home/marvin/turtlebot3_ws/install/turtlebot3_description:/home/marvin/turtlebot3_ws/install/turtlebot3_cartographer:/home/marvin/RobotArchitecture/ros2_ws/install/turtlebot3_obstacle_avoidance:/home/marvin/RobotArchitecture/ros2_ws/install/turtlebot3_hardware_control:/home/marvin/install/turtlebot3_hardware_control:/home/marvin/install/turtlebot3_explorer:/home/marvin/turtlebot3_ws/install/turtlebot3_teleop:/home/marvin/turtlebot3_ws/install/turtlebot3_obstacle_avoidance:/home/marvin/turtlebot3_ws/install/turtlebot3_hardware_control:/home/marvin/turtlebot3_ws/install/turtlebot3_example:/opt/ros/humble LD_LIBRARY_PATH=/home/marvin/RobotArchitecture/ros2_ws/install/custom_msgs/lib:/usr/lib/x86_64-linux-gnu/gazebo-11/plugins:/opt/ros/humble/opt/rviz_ogre_vendor/lib:/opt/ros/humble/lib/x86_64-linux-gnu:/opt/ros/humble/lib:/usr/lib/x86_64-linux-gnu/gazebo-11/plugins PYTHONPATH=/home/marvin/RobotArchitecture/ros2_ws/install/custom_msgs/local/lib/python3.10/dist-packages:${PYTHONPATH} /usr/bin/cmake --install /home/marvin/RobotArchitecture/ros2_ws/build/turtlebot3_control_services
