[1.152s] Invoking command in '/home/marvin/RobotArchitecture/ros2_ws/build/turtlebot3_hardware_control': AMENT_PREFIX_PATH=/home/marvin/RobotArchitecture/ros2_ws/install/custom_msgs:${AMENT_PREFIX_PATH} CMAKE_PREFIX_PATH=/home/marvin/RobotArchitecture/ros2_ws/install/custom_msgs:${CMAKE_PREFIX_PATH} LD_LIBRARY_PATH=/home/marvin/RobotArchitecture/ros2_ws/install/custom_msgs/lib:/usr/lib/x86_64-linux-gnu/gazebo-11/plugins:/opt/ros/humble/opt/rviz_ogre_vendor/lib:/opt/ros/humble/lib/x86_64-linux-gnu:/opt/ros/humble/lib:/usr/lib/x86_64-linux-gnu/gazebo-11/plugins PYTHONPATH=/home/marvin/RobotArchitecture/ros2_ws/build/turtlebot3_hardware_control/prefix_override:/home/marvin/RobotArchitecture/ros2_ws/install/turtlebot3_hardware_control/lib/python3.10/site-packages:/home/marvin/RobotArchitecture/ros2_ws/install/custom_msgs/local/lib/python3.10/dist-packages:${PYTHONPATH} /usr/bin/python3 -W ignore:setup.py install is deprecated setup.py develop --editable --build-directory /home/marvin/RobotArchitecture/ros2_ws/build/turtlebot3_hardware_control/build --no-deps symlink_data --force
[1.418s] running develop
[1.418s] /usr/lib/python3/dist-packages/setuptools/command/easy_install.py:158: EasyInstallDeprecationWarning: easy_install command is deprecated. Use build and pip and other standards-based tools.
[1.418s]   warnings.warn(
[1.608s] running egg_info
[1.608s] writing turtlebot3_hardware_control.egg-info/PKG-INFO
[1.608s] writing dependency_links to turtlebot3_hardware_control.egg-info/dependency_links.txt
[1.608s] writing entry points to turtlebot3_hardware_control.egg-info/entry_points.txt
[1.609s] writing requirements to turtlebot3_hardware_control.egg-info/requires.txt
[1.609s] writing top-level names to turtlebot3_hardware_control.egg-info/top_level.txt
[1.611s] reading manifest file 'turtlebot3_hardware_control.egg-info/SOURCES.txt'
[1.612s] writing manifest file 'turtlebot3_hardware_control.egg-info/SOURCES.txt'
[1.613s] running build_ext
[1.614s] Creating /home/marvin/RobotArchitecture/ros2_ws/install/turtlebot3_hardware_control/lib/python3.10/site-packages/turtlebot3-hardware-control.egg-link (link to .)
[1.616s] Installing hardware_control script to /home/marvin/RobotArchitecture/ros2_ws/install/turtlebot3_hardware_control/lib/turtlebot3_hardware_control
[1.616s] 
[1.616s] Installed /home/marvin/RobotArchitecture/ros2_ws/build/turtlebot3_hardware_control
[1.616s] running symlink_data
[1.616s] symbolically linking /home/marvin/RobotArchitecture/ros2_ws/build/turtlebot3_hardware_control/resource/turtlebot3_hardware_control -> /home/marvin/RobotArchitecture/ros2_ws/install/turtlebot3_hardware_control/share/ament_index/resource_index/packages
[1.617s] symbolically linking /home/marvin/RobotArchitecture/ros2_ws/build/turtlebot3_hardware_control/package.xml -> /home/marvin/RobotArchitecture/ros2_ws/install/turtlebot3_hardware_control/share/turtlebot3_hardware_control
[1.653s] Invoked command in '/home/marvin/RobotArchitecture/ros2_ws/build/turtlebot3_hardware_control' returned '0': AMENT_PREFIX_PATH=/home/marvin/RobotArchitecture/ros2_ws/install/custom_msgs:${AMENT_PREFIX_PATH} CMAKE_PREFIX_PATH=/home/marvin/RobotArchitecture/ros2_ws/install/custom_msgs:${CMAKE_PREFIX_PATH} LD_LIBRARY_PATH=/home/marvin/RobotArchitecture/ros2_ws/install/custom_msgs/lib:/usr/lib/x86_64-linux-gnu/gazebo-11/plugins:/opt/ros/humble/opt/rviz_ogre_vendor/lib:/opt/ros/humble/lib/x86_64-linux-gnu:/opt/ros/humble/lib:/usr/lib/x86_64-linux-gnu/gazebo-11/plugins PYTHONPATH=/home/marvin/RobotArchitecture/ros2_ws/build/turtlebot3_hardware_control/prefix_override:/home/marvin/RobotArchitecture/ros2_ws/install/turtlebot3_hardware_control/lib/python3.10/site-packages:/home/marvin/RobotArchitecture/ros2_ws/install/custom_msgs/local/lib/python3.10/dist-packages:${PYTHONPATH} /usr/bin/python3 -W ignore:setup.py install is deprecated setup.py develop --editable --build-directory /home/marvin/RobotArchitecture/ros2_ws/build/turtlebot3_hardware_control/build --no-deps symlink_data --force
