[4.449s] Invoking command in '/home/rama/catkin_ws/src/nodes': PYTHONPATH=/home/rama/catkin_ws/build/nodes/prefix_override:/home/rama/catkin_ws/install/nodes/lib/python3.8/site-packages:${PYTHONPATH} /usr/bin/python3 setup.py egg_info --egg-base ../../build/nodes build --build-base /home/rama/catkin_ws/build/nodes/build install --record /home/rama/catkin_ws/build/nodes/install.log --install-scripts $base/lib/nodes --single-version-externally-managed
[5.466s] running egg_info
[5.470s] writing ../../build/nodes/nodes.egg-info/PKG-INFO
[5.470s] writing dependency_links to ../../build/nodes/nodes.egg-info/dependency_links.txt
[5.471s] writing entry points to ../../build/nodes/nodes.egg-info/entry_points.txt
[5.471s] writing requirements to ../../build/nodes/nodes.egg-info/requires.txt
[5.472s] writing top-level names to ../../build/nodes/nodes.egg-info/top_level.txt
[5.648s] reading manifest file '../../build/nodes/nodes.egg-info/SOURCES.txt'
[5.652s] writing manifest file '../../build/nodes/nodes.egg-info/SOURCES.txt'
[5.654s] running build
[5.657s] running build_py
[5.658s] running install
[5.661s] running install_lib
[5.668s] running install_data
[5.669s] running install_egg_info
[5.681s] removing '/home/rama/catkin_ws/install/nodes/lib/python3.8/site-packages/nodes-0.0.0-py3.8.egg-info' (and everything under it)
[5.684s] Copying ../../build/nodes/nodes.egg-info to /home/rama/catkin_ws/install/nodes/lib/python3.8/site-packages/nodes-0.0.0-py3.8.egg-info
[5.688s] running install_scripts
[5.778s] Installing Handgesture_node script to /home/rama/catkin_ws/install/nodes/lib/nodes
[5.779s] Installing kf_depthCamera script to /home/rama/catkin_ws/install/nodes/lib/nodes
[5.779s] Installing obstacle_avoidance_node script to /home/rama/catkin_ws/install/nodes/lib/nodes
[5.779s] Installing test_node script to /home/rama/catkin_ws/install/nodes/lib/nodes
[5.780s] writing list of installed files to '/home/rama/catkin_ws/build/nodes/install.log'
[5.876s] Invoked command in '/home/rama/catkin_ws/src/nodes' returned '0': PYTHONPATH=/home/rama/catkin_ws/build/nodes/prefix_override:/home/rama/catkin_ws/install/nodes/lib/python3.8/site-packages:${PYTHONPATH} /usr/bin/python3 setup.py egg_info --egg-base ../../build/nodes build --build-base /home/rama/catkin_ws/build/nodes/build install --record /home/rama/catkin_ws/build/nodes/install.log --install-scripts $base/lib/nodes --single-version-externally-managed
