[3.631s] Invoking command in '/home/rama/catkin_ws/src/nodes': PYTHONPATH=/home/rama/catkin_ws/build/nodes/prefix_override:/home/rama/catkin_ws/install/nodes/lib/python3.8/site-packages:${PYTHONPATH} /usr/bin/python3 setup.py egg_info --egg-base ../../build/nodes build --build-base /home/rama/catkin_ws/build/nodes/build install --record /home/rama/catkin_ws/build/nodes/install.log --install-scripts $base/lib/nodes --single-version-externally-managed
[4.477s] running egg_info
[4.482s] writing ../../build/nodes/nodes.egg-info/PKG-INFO
[4.483s] writing dependency_links to ../../build/nodes/nodes.egg-info/dependency_links.txt
[4.483s] writing entry points to ../../build/nodes/nodes.egg-info/entry_points.txt
[4.484s] writing requirements to ../../build/nodes/nodes.egg-info/requires.txt
[4.484s] writing top-level names to ../../build/nodes/nodes.egg-info/top_level.txt
[4.634s] reading manifest file '../../build/nodes/nodes.egg-info/SOURCES.txt'
[4.639s] writing manifest file '../../build/nodes/nodes.egg-info/SOURCES.txt'
[4.639s] running build
[4.640s] running build_py
[4.641s] copying nodes/obstacle_avoidance.py -> /home/rama/catkin_ws/build/nodes/build/lib/nodes
[4.643s] running install
[4.646s] running install_lib
[4.652s] copying /home/rama/catkin_ws/build/nodes/build/lib/nodes/obstacle_avoidance.py -> /home/rama/catkin_ws/install/nodes/lib/python3.8/site-packages/nodes
[4.653s] byte-compiling /home/rama/catkin_ws/install/nodes/lib/python3.8/site-packages/nodes/obstacle_avoidance.py to obstacle_avoidance.cpython-38.pyc
[4.662s] running install_data
[4.663s] running install_egg_info
[4.671s] removing '/home/rama/catkin_ws/install/nodes/lib/python3.8/site-packages/nodes-0.0.0-py3.8.egg-info' (and everything under it)
[4.674s] Copying ../../build/nodes/nodes.egg-info to /home/rama/catkin_ws/install/nodes/lib/python3.8/site-packages/nodes-0.0.0-py3.8.egg-info
[4.678s] running install_scripts
[4.758s] Installing Handgesture_node script to /home/rama/catkin_ws/install/nodes/lib/nodes
[4.773s] Installing kf_depthCamera script to /home/rama/catkin_ws/install/nodes/lib/nodes
[4.774s] Installing obstacle_avoidance_node script to /home/rama/catkin_ws/install/nodes/lib/nodes
[4.775s] Installing test_node script to /home/rama/catkin_ws/install/nodes/lib/nodes
[4.775s] writing list of installed files to '/home/rama/catkin_ws/build/nodes/install.log'
[4.842s] Invoked command in '/home/rama/catkin_ws/src/nodes' returned '0': PYTHONPATH=/home/rama/catkin_ws/build/nodes/prefix_override:/home/rama/catkin_ws/install/nodes/lib/python3.8/site-packages:${PYTHONPATH} /usr/bin/python3 setup.py egg_info --egg-base ../../build/nodes build --build-base /home/rama/catkin_ws/build/nodes/build install --record /home/rama/catkin_ws/build/nodes/install.log --install-scripts $base/lib/nodes --single-version-externally-managed
