[0.083s] Invoking command in '/home/rama/catkin_ws/build/turtlebot3_gazebo': CMAKE_PREFIX_PATH=${CMAKE_PREFIX_PATH}:/home/rama/catkin_ws/install/nodes2:/home/rama/catkin_ws/install/nodes:/opt/ros/foxy /usr/bin/cmake --build /home/rama/catkin_ws/build/turtlebot3_gazebo -- -j8 -l8
[0.595s] [ 25%] Built target turtlebot3_drive
[0.596s] [ 50%] Built target obstacle2
[0.598s] [ 75%] Built target obstacle1
[0.599s] [100%] Built target obstacles
[0.955s] Invoked command in '/home/rama/catkin_ws/build/turtlebot3_gazebo' returned '0': CMAKE_PREFIX_PATH=${CMAKE_PREFIX_PATH}:/home/rama/catkin_ws/install/nodes2:/home/rama/catkin_ws/install/nodes:/opt/ros/foxy /usr/bin/cmake --build /home/rama/catkin_ws/build/turtlebot3_gazebo -- -j8 -l8
[1.056s] Invoking command in '/home/rama/catkin_ws/build/turtlebot3_gazebo': CMAKE_PREFIX_PATH=${CMAKE_PREFIX_PATH}:/home/rama/catkin_ws/install/nodes2:/home/rama/catkin_ws/install/nodes:/opt/ros/foxy /usr/bin/cmake --install /home/rama/catkin_ws/build/turtlebot3_gazebo
[1.115s] -- Install configuration: ""
[1.122s] -- Up-to-date: /home/rama/catkin_ws/install/turtlebot3_gazebo/lib/turtlebot3_gazebo/turtlebot3_drive
[1.126s] -- Up-to-date: /home/rama/catkin_ws/install/turtlebot3_gazebo/share/turtlebot3_gazebo//launch
[1.126s] -- Up-to-date: /home/rama/catkin_ws/install/turtlebot3_gazebo/share/turtlebot3_gazebo//launch/turtlebot3_autorace.launch.py
[1.127s] -- Up-to-date: /home/rama/catkin_ws/install/turtlebot3_gazebo/share/turtlebot3_gazebo//launch/turtlebot3_dqn_stage2.launch.py
[1.128s] -- Up-to-date: /home/rama/catkin_ws/install/turtlebot3_gazebo/share/turtlebot3_gazebo//launch/turtlebot3_world.launch.py
[1.128s] -- Up-to-date: /home/rama/catkin_ws/install/turtlebot3_gazebo/share/turtlebot3_gazebo//launch/turtlebot3_dqn_stage1.launch.py
[1.128s] -- Up-to-date: /home/rama/catkin_ws/install/turtlebot3_gazebo/share/turtlebot3_gazebo//launch/turtlebot3_house.launch.py
[1.129s] -- Up-to-date: /home/rama/catkin_ws/install/turtlebot3_gazebo/share/turtlebot3_gazebo//launch/turtlebot3_dqn_stage4.launch.py
[1.129s] -- Up-to-date: /home/rama/catkin_ws/install/turtlebot3_gazebo/share/turtlebot3_gazebo//launch/robot_state_publisher.launch.py
[1.130s] -- Up-to-date: /home/rama/catkin_ws/install/turtlebot3_gazebo/share/turtlebot3_gazebo//launch/turtlebot3_dqn_stage3.launch.py
[1.130s] -- Up-to-date: /home/rama/catkin_ws/install/turtlebot3_gazebo/share/turtlebot3_gazebo//launch/empty_world.launch.py
[1.130s] -- Up-to-date: /home/rama/catkin_ws/install/turtlebot3_gazebo/share/turtlebot3_gazebo//models
[1.135s] -- Up-to-date: /home/rama/catkin_ws/install/turtlebot3_gazebo/share/turtlebot3_gazebo//models/turtlebot3_burger
[1.136s] -- Up-to-date: /home/rama/catkin_ws/install/turtlebot3_gazebo/share/turtlebot3_gazebo//models/turtlebot3_burger/model.sdf
[1.137s] -- Up-to-date: /home/rama/catkin_ws/install/turtlebot3_gazebo/share/turtlebot3_gazebo//models/turtlebot3_burger/model-1_4.sdf
[1.142s] -- Up-to-date: /home/rama/catkin_ws/install/turtlebot3_gazebo/share/turtlebot3_gazebo//models/turtlebot3_burger/model.config
[1.143s] -- Up-to-date: /home/rama/catkin_ws/install/turtlebot3_gazebo/share/turtlebot3_gazebo//models/turtlebot3_burger/meshes
[1.145s] -- Up-to-date: /home/rama/catkin_ws/install/turtlebot3_gazebo/share/turtlebot3_gazebo//models/turtlebot3_burger/meshes/burger_base.dae
[1.149s] -- Up-to-date: /home/rama/catkin_ws/install/turtlebot3_gazebo/share/turtlebot3_gazebo//models/turtlebot3_burger/meshes/tire.dae
[1.150s] -- Up-to-date: /home/rama/catkin_ws/install/turtlebot3_gazebo/share/turtlebot3_gazebo//models/turtlebot3_burger/meshes/lds.dae
[1.150s] -- Up-to-date: /home/rama/catkin_ws/install/turtlebot3_gazebo/share/turtlebot3_gazebo//models/turtlebot3_autorace
[1.151s] -- Up-to-date: /home/rama/catkin_ws/install/turtlebot3_gazebo/share/turtlebot3_gazebo//models/turtlebot3_autorace/tunnel_obstacles
[1.151s] -- Up-to-date: /home/rama/catkin_ws/install/turtlebot3_gazebo/share/turtlebot3_gazebo//models/turtlebot3_autorace/tunnel_obstacles/model.sdf
[1.152s] -- Up-to-date: /home/rama/catkin_ws/install/turtlebot3_gazebo/share/turtlebot3_gazebo//models/turtlebot3_autorace/tunnel_obstacles/model.config
[1.152s] -- Up-to-date: /home/rama/catkin_ws/install/turtlebot3_gazebo/share/turtlebot3_gazebo//models/turtlebot3_autorace/model.config
[1.152s] -- Up-to-date: /home/rama/catkin_ws/install/turtlebot3_gazebo/share/turtlebot3_gazebo//models/turtlebot3_autorace/traffic_light_red
[1.153s] -- Up-to-date: /home/rama/catkin_ws/install/turtlebot3_gazebo/share/turtlebot3_gazebo//models/turtlebot3_autorace/traffic_light_red/model.sdf
[1.153s] -- Up-to-date: /home/rama/catkin_ws/install/turtlebot3_gazebo/share/turtlebot3_gazebo//models/turtlebot3_autorace/traffic_light_red/model.config
[1.154s] -- Up-to-date: /home/rama/catkin_ws/install/turtlebot3_gazebo/share/turtlebot3_gazebo//models/turtlebot3_autorace/traffic_light_yellow
[1.154s] -- Up-to-date: /home/rama/catkin_ws/install/turtlebot3_gazebo/share/turtlebot3_gazebo//models/turtlebot3_autorace/traffic_light_yellow/model.sdf
[1.155s] -- Up-to-date: /home/rama/catkin_ws/install/turtlebot3_gazebo/share/turtlebot3_gazebo//models/turtlebot3_autorace/traffic_light_yellow/model.config
[1.155s] -- Up-to-date: /home/rama/catkin_ws/install/turtlebot3_gazebo/share/turtlebot3_gazebo//models/turtlebot3_autorace/tunnel_wall
[1.160s] -- Up-to-date: /home/rama/catkin_ws/install/turtlebot3_gazebo/share/turtlebot3_gazebo//models/turtlebot3_autorace/tunnel_wall/model.sdf
[1.161s] -- Up-to-date: /home/rama/catkin_ws/install/turtlebot3_gazebo/share/turtlebot3_gazebo//models/turtlebot3_autorace/tunnel_wall/model.config
[1.162s] -- Up-to-date: /home/rama/catkin_ws/install/turtlebot3_gazebo/share/turtlebot3_gazebo//models/turtlebot3_autorace/traffic_bar_up
[1.171s] -- Up-to-date: /home/rama/catkin_ws/install/turtlebot3_gazebo/share/turtlebot3_gazebo//models/turtlebot3_autorace/traffic_bar_up/model.sdf
[1.174s] -- Up-to-date: /home/rama/catkin_ws/install/turtlebot3_gazebo/share/turtlebot3_gazebo//models/turtlebot3_autorace/traffic_bar_up/model.config
[1.175s] -- Up-to-date: /home/rama/catkin_ws/install/turtlebot3_gazebo/share/turtlebot3_gazebo//models/turtlebot3_autorace/traffic_bar_up/materials
[1.176s] -- Up-to-date: /home/rama/catkin_ws/install/turtlebot3_gazebo/share/turtlebot3_gazebo//models/turtlebot3_autorace/traffic_bar_up/materials/scripts
[1.177s] -- Up-to-date: /home/rama/catkin_ws/install/turtlebot3_gazebo/share/turtlebot3_gazebo//models/turtlebot3_autorace/traffic_bar_up/materials/scripts/traffic_bar.material
[1.177s] -- Up-to-date: /home/rama/catkin_ws/install/turtlebot3_gazebo/share/turtlebot3_gazebo//models/turtlebot3_autorace/traffic_bar_up/materials/textures
[1.178s] -- Up-to-date: /home/rama/catkin_ws/install/turtlebot3_gazebo/share/turtlebot3_gazebo//models/turtlebot3_autorace/traffic_bar_up/materials/textures/traffic_bar.png
[1.182s] -- Up-to-date: /home/rama/catkin_ws/install/turtlebot3_gazebo/share/turtlebot3_gazebo//models/turtlebot3_autorace/course
[1.185s] -- Up-to-date: /home/rama/catkin_ws/install/turtlebot3_gazebo/share/turtlebot3_gazebo//models/turtlebot3_autorace/course/model.sdf
[1.185s] -- Up-to-date: /home/rama/catkin_ws/install/turtlebot3_gazebo/share/turtlebot3_gazebo//models/turtlebot3_autorace/course/model.config
[1.186s] -- Up-to-date: /home/rama/catkin_ws/install/turtlebot3_gazebo/share/turtlebot3_gazebo//models/turtlebot3_autorace/course/materials
[1.186s] -- Up-to-date: /home/rama/catkin_ws/install/turtlebot3_gazebo/share/turtlebot3_gazebo//models/turtlebot3_autorace/course/materials/scripts
[1.188s] -- Up-to-date: /home/rama/catkin_ws/install/turtlebot3_gazebo/share/turtlebot3_gazebo//models/turtlebot3_autorace/course/materials/scripts/course.material
[1.209s] -- Up-to-date: /home/rama/catkin_ws/install/turtlebot3_gazebo/share/turtlebot3_gazebo//models/turtlebot3_autorace/course/materials/textures
[1.209s] -- Up-to-date: /home/rama/catkin_ws/install/turtlebot3_gazebo/share/turtlebot3_gazebo//models/turtlebot3_autorace/course/materials/textures/course.png
[1.210s] -- Up-to-date: /home/rama/catkin_ws/install/turtlebot3_gazebo/share/turtlebot3_gazebo//models/turtlebot3_autorace/traffic_tunnel
[1.210s] -- Up-to-date: /home/rama/catkin_ws/install/turtlebot3_gazebo/share/turtlebot3_gazebo//models/turtlebot3_autorace/traffic_tunnel/model.sdf
[1.211s] -- Up-to-date: /home/rama/catkin_ws/install/turtlebot3_gazebo/share/turtlebot3_gazebo//models/turtlebot3_autorace/traffic_tunnel/model.config
[1.212s] -- Up-to-date: /home/rama/catkin_ws/install/turtlebot3_gazebo/share/turtlebot3_gazebo//models/turtlebot3_autorace/traffic_tunnel/materials
[1.212s] -- Up-to-date: /home/rama/catkin_ws/install/turtlebot3_gazebo/share/turtlebot3_gazebo//models/turtlebot3_autorace/traffic_tunnel/materials/scripts
[1.213s] -- Up-to-date: /home/rama/catkin_ws/install/turtlebot3_gazebo/share/turtlebot3_gazebo//models/turtlebot3_autorace/traffic_tunnel/materials/scripts/tunnel.material
[1.214s] -- Up-to-date: /home/rama/catkin_ws/install/turtlebot3_gazebo/share/turtlebot3_gazebo//models/turtlebot3_autorace/traffic_tunnel/materials/textures
[1.214s] -- Up-to-date: /home/rama/catkin_ws/install/turtlebot3_gazebo/share/turtlebot3_gazebo//models/turtlebot3_autorace/traffic_tunnel/materials/textures/tunnel.png
[1.215s] -- Up-to-date: /home/rama/catkin_ws/install/turtlebot3_gazebo/share/turtlebot3_gazebo//models/turtlebot3_autorace/traffic_parking
[1.215s] -- Up-to-date: /home/rama/catkin_ws/install/turtlebot3_gazebo/share/turtlebot3_gazebo//models/turtlebot3_autorace/traffic_parking/model.sdf
[1.215s] -- Up-to-date: /home/rama/catkin_ws/install/turtlebot3_gazebo/share/turtlebot3_gazebo//models/turtlebot3_autorace/traffic_parking/model.config
[1.216s] -- Up-to-date: /home/rama/catkin_ws/install/turtlebot3_gazebo/share/turtlebot3_gazebo//models/turtlebot3_autorace/traffic_parking/materials
[1.217s] -- Up-to-date: /home/rama/catkin_ws/install/turtlebot3_gazebo/share/turtlebot3_gazebo//models/turtlebot3_autorace/traffic_parking/materials/scripts
[1.217s] -- Up-to-date: /home/rama/catkin_ws/install/turtlebot3_gazebo/share/turtlebot3_gazebo//models/turtlebot3_autorace/traffic_parking/materials/scripts/traffic_parking.material
[1.218s] -- Up-to-date: /home/rama/catkin_ws/install/turtlebot3_gazebo/share/turtlebot3_gazebo//models/turtlebot3_autorace/traffic_parking/materials/textures
[1.218s] -- Up-to-date: /home/rama/catkin_ws/install/turtlebot3_gazebo/share/turtlebot3_gazebo//models/turtlebot3_autorace/traffic_parking/materials/textures/traffic_parking.png
[1.218s] -- Up-to-date: /home/rama/catkin_ws/install/turtlebot3_gazebo/share/turtlebot3_gazebo//models/turtlebot3_autorace/lights
[1.219s] -- Up-to-date: /home/rama/catkin_ws/install/turtlebot3_gazebo/share/turtlebot3_gazebo//models/turtlebot3_autorace/lights/model.sdf
[1.219s] -- Up-to-date: /home/rama/catkin_ws/install/turtlebot3_gazebo/share/turtlebot3_gazebo//models/turtlebot3_autorace/lights/model.config
[1.219s] -- Up-to-date: /home/rama/catkin_ws/install/turtlebot3_gazebo/share/turtlebot3_gazebo//models/turtlebot3_autorace/traffic_light_green
[1.219s] -- Up-to-date: /home/rama/catkin_ws/install/turtlebot3_gazebo/share/turtlebot3_gazebo//models/turtlebot3_autorace/traffic_light_green/model.sdf
[1.220s] -- Up-to-date: /home/rama/catkin_ws/install/turtlebot3_gazebo/share/turtlebot3_gazebo//models/turtlebot3_autorace/traffic_light_green/model.config
[1.220s] -- Up-to-date: /home/rama/catkin_ws/install/turtlebot3_gazebo/share/turtlebot3_gazebo//models/turtlebot3_autorace/ground
[1.220s] -- Up-to-date: /home/rama/catkin_ws/install/turtlebot3_gazebo/share/turtlebot3_gazebo//models/turtlebot3_autorace/ground/model.sdf
[1.221s] -- Up-to-date: /home/rama/catkin_ws/install/turtlebot3_gazebo/share/turtlebot3_gazebo//models/turtlebot3_autorace/ground/model.config
[1.221s] -- Up-to-date: /home/rama/catkin_ws/install/turtlebot3_gazebo/share/turtlebot3_gazebo//models/turtlebot3_autorace/traffic_stop
[1.221s] -- Up-to-date: /home/rama/catkin_ws/install/turtlebot3_gazebo/share/turtlebot3_gazebo//models/turtlebot3_autorace/traffic_stop/model.sdf
[1.222s] -- Up-to-date: /home/rama/catkin_ws/install/turtlebot3_gazebo/share/turtlebot3_gazebo//models/turtlebot3_autorace/traffic_stop/model.config
[1.222s] -- Up-to-date: /home/rama/catkin_ws/install/turtlebot3_gazebo/share/turtlebot3_gazebo//models/turtlebot3_autorace/traffic_stop/materials
[1.222s] -- Up-to-date: /home/rama/catkin_ws/install/turtlebot3_gazebo/share/turtlebot3_gazebo//models/turtlebot3_autorace/traffic_stop/materials/scripts
[1.222s] -- Up-to-date: /home/rama/catkin_ws/install/turtlebot3_gazebo/share/turtlebot3_gazebo//models/turtlebot3_autorace/traffic_stop/materials/scripts/traffic_stop.material
[1.223s] -- Up-to-date: /home/rama/catkin_ws/install/turtlebot3_gazebo/share/turtlebot3_gazebo//models/turtlebot3_autorace/traffic_stop/materials/textures
[1.223s] -- Up-to-date: /home/rama/catkin_ws/install/turtlebot3_gazebo/share/turtlebot3_gazebo//models/turtlebot3_autorace/traffic_stop/materials/textures/traffic_stop.png
[1.223s] -- Up-to-date: /home/rama/catkin_ws/install/turtlebot3_gazebo/share/turtlebot3_gazebo//models/turtlebot3_autorace/traffic_bar_down
[1.224s] -- Up-to-date: /home/rama/catkin_ws/install/turtlebot3_gazebo/share/turtlebot3_gazebo//models/turtlebot3_autorace/traffic_bar_down/model.sdf
[1.224s] -- Up-to-date: /home/rama/catkin_ws/install/turtlebot3_gazebo/share/turtlebot3_gazebo//models/turtlebot3_autorace/traffic_bar_down/model.config
[1.225s] -- Up-to-date: /home/rama/catkin_ws/install/turtlebot3_gazebo/share/turtlebot3_gazebo//models/turtlebot3_autorace/traffic_bar_down/materials
[1.225s] -- Up-to-date: /home/rama/catkin_ws/install/turtlebot3_gazebo/share/turtlebot3_gazebo//models/turtlebot3_autorace/traffic_bar_down/materials/scripts
[1.225s] -- Up-to-date: /home/rama/catkin_ws/install/turtlebot3_gazebo/share/turtlebot3_gazebo//models/turtlebot3_autorace/traffic_bar_down/materials/scripts/traffic_bar.material
[1.226s] -- Up-to-date: /home/rama/catkin_ws/install/turtlebot3_gazebo/share/turtlebot3_gazebo//models/turtlebot3_autorace/traffic_bar_down/materials/textures
[1.226s] -- Up-to-date: /home/rama/catkin_ws/install/turtlebot3_gazebo/share/turtlebot3_gazebo//models/turtlebot3_autorace/traffic_bar_down/materials/textures/traffic_bar.png
[1.227s] -- Up-to-date: /home/rama/catkin_ws/install/turtlebot3_gazebo/share/turtlebot3_gazebo//models/turtlebot3_waffle_pi
[1.227s] -- Up-to-date: /home/rama/catkin_ws/install/turtlebot3_gazebo/share/turtlebot3_gazebo//models/turtlebot3_waffle_pi/model.sdf
[1.227s] -- Up-to-date: /home/rama/catkin_ws/install/turtlebot3_gazebo/share/turtlebot3_gazebo//models/turtlebot3_waffle_pi/model.config
[1.228s] -- Up-to-date: /home/rama/catkin_ws/install/turtlebot3_gazebo/share/turtlebot3_gazebo//models/turtlebot3_waffle_pi/model-1_4_.sdf
[1.228s] -- Up-to-date: /home/rama/catkin_ws/install/turtlebot3_gazebo/share/turtlebot3_gazebo//models/turtlebot3_waffle_pi/meshes
[1.228s] -- Up-to-date: /home/rama/catkin_ws/install/turtlebot3_gazebo/share/turtlebot3_gazebo//models/turtlebot3_waffle_pi/meshes/waffle_pi_base.dae
[1.229s] -- Up-to-date: /home/rama/catkin_ws/install/turtlebot3_gazebo/share/turtlebot3_gazebo//models/turtlebot3_waffle_pi/meshes/tire.dae
[1.230s] -- Up-to-date: /home/rama/catkin_ws/install/turtlebot3_gazebo/share/turtlebot3_gazebo//models/turtlebot3_waffle_pi/meshes/lds.dae
[1.231s] -- Up-to-date: /home/rama/catkin_ws/install/turtlebot3_gazebo/share/turtlebot3_gazebo//models/turtlebot3_dqn_world
[1.242s] -- Up-to-date: /home/rama/catkin_ws/install/turtlebot3_gazebo/share/turtlebot3_gazebo//models/turtlebot3_dqn_world/model.sdf
[1.244s] -- Up-to-date: /home/rama/catkin_ws/install/turtlebot3_gazebo/share/turtlebot3_gazebo//models/turtlebot3_dqn_world/obstacles
[1.245s] -- Up-to-date: /home/rama/catkin_ws/install/turtlebot3_gazebo/share/turtlebot3_gazebo//models/turtlebot3_dqn_world/obstacles/model.sdf
[1.246s] -- Up-to-date: /home/rama/catkin_ws/install/turtlebot3_gazebo/share/turtlebot3_gazebo//models/turtlebot3_dqn_world/obstacles/model.config
[1.247s] -- Up-to-date: /home/rama/catkin_ws/install/turtlebot3_gazebo/share/turtlebot3_gazebo//models/turtlebot3_dqn_world/obstacle_plugin
[1.247s] -- Up-to-date: /home/rama/catkin_ws/install/turtlebot3_gazebo/share/turtlebot3_gazebo//models/turtlebot3_dqn_world/obstacle_plugin/obstacles.cc
[1.248s] -- Up-to-date: /home/rama/catkin_ws/install/turtlebot3_gazebo/share/turtlebot3_gazebo//models/turtlebot3_dqn_world/obstacle_plugin/CMakeLists.txt
[1.249s] -- Up-to-date: /home/rama/catkin_ws/install/turtlebot3_gazebo/share/turtlebot3_gazebo//models/turtlebot3_dqn_world/obstacle_plugin/obstacle2.cc
[1.249s] -- Up-to-date: /home/rama/catkin_ws/install/turtlebot3_gazebo/share/turtlebot3_gazebo//models/turtlebot3_dqn_world/obstacle_plugin/obstacle1.cc
[1.249s] -- Up-to-date: /home/rama/catkin_ws/install/turtlebot3_gazebo/share/turtlebot3_gazebo//models/turtlebot3_dqn_world/model.config
[1.249s] -- Up-to-date: /home/rama/catkin_ws/install/turtlebot3_gazebo/share/turtlebot3_gazebo//models/turtlebot3_dqn_world/obstacle2
[1.249s] -- Up-to-date: /home/rama/catkin_ws/install/turtlebot3_gazebo/share/turtlebot3_gazebo//models/turtlebot3_dqn_world/obstacle2/model.sdf
[1.250s] -- Up-to-date: /home/rama/catkin_ws/install/turtlebot3_gazebo/share/turtlebot3_gazebo//models/turtlebot3_dqn_world/obstacle2/model.config
[1.250s] -- Up-to-date: /home/rama/catkin_ws/install/turtlebot3_gazebo/share/turtlebot3_gazebo//models/turtlebot3_dqn_world/goal_box
[1.250s] -- Up-to-date: /home/rama/catkin_ws/install/turtlebot3_gazebo/share/turtlebot3_gazebo//models/turtlebot3_dqn_world/goal_box/model.sdf
[1.250s] -- Up-to-date: /home/rama/catkin_ws/install/turtlebot3_gazebo/share/turtlebot3_gazebo//models/turtlebot3_dqn_world/goal_box/model.config
[1.251s] -- Up-to-date: /home/rama/catkin_ws/install/turtlebot3_gazebo/share/turtlebot3_gazebo//models/turtlebot3_dqn_world/obstacle1
[1.251s] -- Up-to-date: /home/rama/catkin_ws/install/turtlebot3_gazebo/share/turtlebot3_gazebo//models/turtlebot3_dqn_world/obstacle1/model.sdf
[1.251s] -- Up-to-date: /home/rama/catkin_ws/install/turtlebot3_gazebo/share/turtlebot3_gazebo//models/turtlebot3_dqn_world/obstacle1/model.config
[1.252s] -- Up-to-date: /home/rama/catkin_ws/install/turtlebot3_gazebo/share/turtlebot3_gazebo//models/turtlebot3_dqn_world/inner_walls
[1.252s] -- Up-to-date: /home/rama/catkin_ws/install/turtlebot3_gazebo/share/turtlebot3_gazebo//models/turtlebot3_dqn_world/inner_walls/model.sdf
[1.252s] -- Up-to-date: /home/rama/catkin_ws/install/turtlebot3_gazebo/share/turtlebot3_gazebo//models/turtlebot3_dqn_world/inner_walls/model.config
[1.252s] -- Up-to-date: /home/rama/catkin_ws/install/turtlebot3_gazebo/share/turtlebot3_gazebo//models/turtlebot3_house
[1.252s] -- Up-to-date: /home/rama/catkin_ws/install/turtlebot3_gazebo/share/turtlebot3_gazebo//models/turtlebot3_house/model.sdf
[1.253s] -- Up-to-date: /home/rama/catkin_ws/install/turtlebot3_gazebo/share/turtlebot3_gazebo//models/turtlebot3_house/model.config
[1.253s] -- Up-to-date: /home/rama/catkin_ws/install/turtlebot3_gazebo/share/turtlebot3_gazebo//models/turtlebot3_waffle
[1.253s] -- Up-to-date: /home/rama/catkin_ws/install/turtlebot3_gazebo/share/turtlebot3_gazebo//models/turtlebot3_waffle/model.sdf
[1.254s] -- Up-to-date: /home/rama/catkin_ws/install/turtlebot3_gazebo/share/turtlebot3_gazebo//models/turtlebot3_waffle/model-1_4.sdf
[1.254s] -- Up-to-date: /home/rama/catkin_ws/install/turtlebot3_gazebo/share/turtlebot3_gazebo//models/turtlebot3_waffle/model.config
[1.254s] -- Up-to-date: /home/rama/catkin_ws/install/turtlebot3_gazebo/share/turtlebot3_gazebo//models/turtlebot3_waffle/meshes
[1.254s] -- Up-to-date: /home/rama/catkin_ws/install/turtlebot3_gazebo/share/turtlebot3_gazebo//models/turtlebot3_waffle/meshes/waffle_base.dae
[1.255s] -- Up-to-date: /home/rama/catkin_ws/install/turtlebot3_gazebo/share/turtlebot3_gazebo//models/turtlebot3_waffle/meshes/tire.dae
[1.255s] -- Up-to-date: /home/rama/catkin_ws/install/turtlebot3_gazebo/share/turtlebot3_gazebo//models/turtlebot3_waffle/meshes/lds.dae
[1.255s] -- Up-to-date: /home/rama/catkin_ws/install/turtlebot3_gazebo/share/turtlebot3_gazebo//models/turtlebot3_waffle/meshes/r200.dae
[1.256s] -- Up-to-date: /home/rama/catkin_ws/install/turtlebot3_gazebo/share/turtlebot3_gazebo//models/turtlebot3_world
[1.256s] -- Up-to-date: /home/rama/catkin_ws/install/turtlebot3_gazebo/share/turtlebot3_gazebo//models/turtlebot3_world/model.sdf
[1.257s] -- Up-to-date: /home/rama/catkin_ws/install/turtlebot3_gazebo/share/turtlebot3_gazebo//models/turtlebot3_world/model-1_4.sdf
[1.257s] -- Up-to-date: /home/rama/catkin_ws/install/turtlebot3_gazebo/share/turtlebot3_gazebo//models/turtlebot3_world/model.config
[1.258s] -- Up-to-date: /home/rama/catkin_ws/install/turtlebot3_gazebo/share/turtlebot3_gazebo//models/turtlebot3_world/meshes
[1.260s] -- Up-to-date: /home/rama/catkin_ws/install/turtlebot3_gazebo/share/turtlebot3_gazebo//models/turtlebot3_world/meshes/hexagon.dae
[1.261s] -- Up-to-date: /home/rama/catkin_ws/install/turtlebot3_gazebo/share/turtlebot3_gazebo//models/turtlebot3_world/meshes/wall.dae
[1.261s] -- Up-to-date: /home/rama/catkin_ws/install/turtlebot3_gazebo/share/turtlebot3_gazebo//rviz
[1.261s] -- Up-to-date: /home/rama/catkin_ws/install/turtlebot3_gazebo/share/turtlebot3_gazebo//rviz/tb3_gazebo.rviz
[1.262s] -- Up-to-date: /home/rama/catkin_ws/install/turtlebot3_gazebo/share/turtlebot3_gazebo//worlds
[1.262s] -- Up-to-date: /home/rama/catkin_ws/install/turtlebot3_gazebo/share/turtlebot3_gazebo//worlds/turtlebot3_dqn_stage2
[1.262s] -- Up-to-date: /home/rama/catkin_ws/install/turtlebot3_gazebo/share/turtlebot3_gazebo//worlds/turtlebot3_dqn_stage2/burger.model
[1.263s] -- Up-to-date: /home/rama/catkin_ws/install/turtlebot3_gazebo/share/turtlebot3_gazebo//worlds/turtlebot3_dqn_stage2/waffle_pi.model
[1.263s] -- Up-to-date: /home/rama/catkin_ws/install/turtlebot3_gazebo/share/turtlebot3_gazebo//worlds/turtlebot3_dqn_stage2/waffle.model
[1.263s] -- Up-to-date: /home/rama/catkin_ws/install/turtlebot3_gazebo/share/turtlebot3_gazebo//worlds/empty_worlds
[1.263s] -- Up-to-date: /home/rama/catkin_ws/install/turtlebot3_gazebo/share/turtlebot3_gazebo//worlds/empty_worlds/burger.model
[1.264s] -- Up-to-date: /home/rama/catkin_ws/install/turtlebot3_gazebo/share/turtlebot3_gazebo//worlds/empty_worlds/waffle_pi.model
[1.264s] -- Up-to-date: /home/rama/catkin_ws/install/turtlebot3_gazebo/share/turtlebot3_gazebo//worlds/empty_worlds/waffle.model
[1.264s] -- Up-to-date: /home/rama/catkin_ws/install/turtlebot3_gazebo/share/turtlebot3_gazebo//worlds/turtlebot3_houses
[1.266s] -- Up-to-date: /home/rama/catkin_ws/install/turtlebot3_gazebo/share/turtlebot3_gazebo//worlds/turtlebot3_houses/burger.model
[1.276s] -- Up-to-date: /home/rama/catkin_ws/install/turtlebot3_gazebo/share/turtlebot3_gazebo//worlds/turtlebot3_houses/waffle_pi.model
[1.279s] -- Up-to-date: /home/rama/catkin_ws/install/turtlebot3_gazebo/share/turtlebot3_gazebo//worlds/turtlebot3_houses/waffle.model
[1.280s] -- Up-to-date: /home/rama/catkin_ws/install/turtlebot3_gazebo/share/turtlebot3_gazebo//worlds/turtlebot3_worlds
[1.280s] -- Up-to-date: /home/rama/catkin_ws/install/turtlebot3_gazebo/share/turtlebot3_gazebo//worlds/turtlebot3_worlds/burger.model
[1.281s] -- Up-to-date: /home/rama/catkin_ws/install/turtlebot3_gazebo/share/turtlebot3_gazebo//worlds/turtlebot3_worlds/waffle_pi.model
[1.282s] -- Up-to-date: /home/rama/catkin_ws/install/turtlebot3_gazebo/share/turtlebot3_gazebo//worlds/turtlebot3_worlds/waffle.model
[1.282s] -- Up-to-date: /home/rama/catkin_ws/install/turtlebot3_gazebo/share/turtlebot3_gazebo//worlds/turtlebot3_dqn_stage4
[1.283s] -- Up-to-date: /home/rama/catkin_ws/install/turtlebot3_gazebo/share/turtlebot3_gazebo//worlds/turtlebot3_dqn_stage4/burger.model
[1.284s] -- Up-to-date: /home/rama/catkin_ws/install/turtlebot3_gazebo/share/turtlebot3_gazebo//worlds/turtlebot3_dqn_stage4/waffle_pi.model
[1.288s] -- Up-to-date: /home/rama/catkin_ws/install/turtlebot3_gazebo/share/turtlebot3_gazebo//worlds/turtlebot3_dqn_stage4/waffle.model
[1.289s] -- Up-to-date: /home/rama/catkin_ws/install/turtlebot3_gazebo/share/turtlebot3_gazebo//worlds/turtlebot3_dqn_stage3
[1.290s] -- Up-to-date: /home/rama/catkin_ws/install/turtlebot3_gazebo/share/turtlebot3_gazebo//worlds/turtlebot3_dqn_stage3/burger.model
[1.292s] -- Up-to-date: /home/rama/catkin_ws/install/turtlebot3_gazebo/share/turtlebot3_gazebo//worlds/turtlebot3_dqn_stage3/waffle_pi.model
[1.294s] -- Up-to-date: /home/rama/catkin_ws/install/turtlebot3_gazebo/share/turtlebot3_gazebo//worlds/turtlebot3_dqn_stage3/waffle.model
[1.297s] -- Up-to-date: /home/rama/catkin_ws/install/turtlebot3_gazebo/share/turtlebot3_gazebo//worlds/turtlebot3_autoraces
[1.299s] -- Up-to-date: /home/rama/catkin_ws/install/turtlebot3_gazebo/share/turtlebot3_gazebo//worlds/turtlebot3_autoraces/burger.model
[1.324s] -- Up-to-date: /home/rama/catkin_ws/install/turtlebot3_gazebo/share/turtlebot3_gazebo//worlds/turtlebot3_autoraces/waffle_pi.model
[1.329s] -- Up-to-date: /home/rama/catkin_ws/install/turtlebot3_gazebo/share/turtlebot3_gazebo//worlds/turtlebot3_autoraces/waffle.model
[1.329s] -- Up-to-date: /home/rama/catkin_ws/install/turtlebot3_gazebo/share/turtlebot3_gazebo//worlds/turtlebot3_dqn_stage1
[1.330s] -- Up-to-date: /home/rama/catkin_ws/install/turtlebot3_gazebo/share/turtlebot3_gazebo//worlds/turtlebot3_dqn_stage1/burger.model
[1.330s] -- Up-to-date: /home/rama/catkin_ws/install/turtlebot3_gazebo/share/turtlebot3_gazebo//worlds/turtlebot3_dqn_stage1/waffle_pi.model
[1.331s] -- Up-to-date: /home/rama/catkin_ws/install/turtlebot3_gazebo/share/turtlebot3_gazebo//worlds/turtlebot3_dqn_stage1/waffle.model
[1.332s] -- Up-to-date: /home/rama/catkin_ws/install/turtlebot3_gazebo/include/
[1.332s] -- Up-to-date: /home/rama/catkin_ws/install/turtlebot3_gazebo/include//turtlebot3_gazebo
[1.334s] -- Up-to-date: /home/rama/catkin_ws/install/turtlebot3_gazebo/include//turtlebot3_gazebo/turtlebot3_drive.hpp
[1.335s] -- Up-to-date: /home/rama/catkin_ws/install/turtlebot3_gazebo/share/ament_index/resource_index/package_run_dependencies/turtlebot3_gazebo
[1.335s] -- Up-to-date: /home/rama/catkin_ws/install/turtlebot3_gazebo/share/ament_index/resource_index/parent_prefix_path/turtlebot3_gazebo
[1.335s] -- Up-to-date: /home/rama/catkin_ws/install/turtlebot3_gazebo/share/turtlebot3_gazebo/environment/ament_prefix_path.sh
[1.336s] -- Up-to-date: /home/rama/catkin_ws/install/turtlebot3_gazebo/share/turtlebot3_gazebo/environment/ament_prefix_path.dsv
[1.336s] -- Up-to-date: /home/rama/catkin_ws/install/turtlebot3_gazebo/share/turtlebot3_gazebo/environment/path.sh
[1.336s] -- Up-to-date: /home/rama/catkin_ws/install/turtlebot3_gazebo/share/turtlebot3_gazebo/environment/path.dsv
[1.337s] -- Up-to-date: /home/rama/catkin_ws/install/turtlebot3_gazebo/share/turtlebot3_gazebo/local_setup.bash
[1.337s] -- Up-to-date: /home/rama/catkin_ws/install/turtlebot3_gazebo/share/turtlebot3_gazebo/local_setup.sh
[1.338s] -- Up-to-date: /home/rama/catkin_ws/install/turtlebot3_gazebo/share/turtlebot3_gazebo/local_setup.zsh
[1.338s] -- Up-to-date: /home/rama/catkin_ws/install/turtlebot3_gazebo/share/turtlebot3_gazebo/local_setup.dsv
[1.338s] -- Installing: /home/rama/catkin_ws/install/turtlebot3_gazebo/share/turtlebot3_gazebo/package.dsv
[1.339s] -- Up-to-date: /home/rama/catkin_ws/install/turtlebot3_gazebo/share/ament_index/resource_index/packages/turtlebot3_gazebo
[1.346s] -- Up-to-date: /home/rama/catkin_ws/install/turtlebot3_gazebo/share/turtlebot3_gazebo/cmake/ament_cmake_export_include_directories-extras.cmake
[1.347s] -- Up-to-date: /home/rama/catkin_ws/install/turtlebot3_gazebo/share/turtlebot3_gazebo/cmake/ament_cmake_export_dependencies-extras.cmake
[1.348s] -- Up-to-date: /home/rama/catkin_ws/install/turtlebot3_gazebo/share/turtlebot3_gazebo/cmake/turtlebot3_gazeboConfig.cmake
[1.349s] -- Up-to-date: /home/rama/catkin_ws/install/turtlebot3_gazebo/share/turtlebot3_gazebo/cmake/turtlebot3_gazeboConfig-version.cmake
[1.349s] -- Up-to-date: /home/rama/catkin_ws/install/turtlebot3_gazebo/share/turtlebot3_gazebo/package.xml
[1.351s] Invoked command in '/home/rama/catkin_ws/build/turtlebot3_gazebo' returned '0': CMAKE_PREFIX_PATH=${CMAKE_PREFIX_PATH}:/home/rama/catkin_ws/install/nodes2:/home/rama/catkin_ws/install/nodes:/opt/ros/foxy /usr/bin/cmake --install /home/rama/catkin_ws/build/turtlebot3_gazebo
