[1.176s] Invoking command in '/home/marvin/RobotArchitecture/ros2_ws/build/turtlebot3_hardware_control': CMAKE_PREFIX_PATH=/home/marvin/RobotArchitecture/ros2_ws/install/custom_msgs:/home/marvin/RobotArchitecture/ros2_ws/install/turtlebot3_simulations:/home/marvin/RobotArchitecture/ros2_ws/install/turtlebot3_gazebo:/home/marvin/RobotArchitecture/ros2_ws/install/turtlebot3_fake_node:/home/marvin/RobotArchitecture/ros2_ws/install/turtlebot3_control_services LD_LIBRARY_PATH=/home/marvin/RobotArchitecture/ros2_ws/install/custom_msgs/lib:/home/marvin/RobotArchitecture/ros2_ws/install/turtlebot3_control_services/lib:/usr/lib/x86_64-linux-gnu/gazebo-11/plugins:/opt/ros/humble/opt/rviz_ogre_vendor/lib:/opt/ros/humble/lib/x86_64-linux-gnu:/opt/ros/humble/lib:/usr/lib/x86_64-linux-gnu/gazebo-11/plugins PYTHONPATH=/home/marvin/RobotArchitecture/ros2_ws/build/turtlebot3_hardware_control/prefix_override:/home/marvin/RobotArchitecture/ros2_ws/install/turtlebot3_hardware_control/lib/python3.10/site-packages:${PYTHONPATH} /usr/bin/python3 -W ignore:setup.py install is deprecated setup.py develop --uninstall --editable --build-directory /home/marvin/RobotArchitecture/ros2_ws/build/turtlebot3_hardware_control/build
[1.621s] running develop
[1.622s] /usr/lib/python3/dist-packages/setuptools/command/easy_install.py:158: EasyInstallDeprecationWarning: easy_install command is deprecated. Use build and pip and other standards-based tools.
[1.622s]   warnings.warn(
[1.816s] Removing /home/marvin/RobotArchitecture/ros2_ws/install/turtlebot3_hardware_control/lib/python3.10/site-packages/turtlebot3-hardware-control.egg-link (link to .)
[1.845s] Invoked command in '/home/marvin/RobotArchitecture/ros2_ws/build/turtlebot3_hardware_control' returned '0': CMAKE_PREFIX_PATH=/home/marvin/RobotArchitecture/ros2_ws/install/custom_msgs:/home/marvin/RobotArchitecture/ros2_ws/install/turtlebot3_simulations:/home/marvin/RobotArchitecture/ros2_ws/install/turtlebot3_gazebo:/home/marvin/RobotArchitecture/ros2_ws/install/turtlebot3_fake_node:/home/marvin/RobotArchitecture/ros2_ws/install/turtlebot3_control_services LD_LIBRARY_PATH=/home/marvin/RobotArchitecture/ros2_ws/install/custom_msgs/lib:/home/marvin/RobotArchitecture/ros2_ws/install/turtlebot3_control_services/lib:/usr/lib/x86_64-linux-gnu/gazebo-11/plugins:/opt/ros/humble/opt/rviz_ogre_vendor/lib:/opt/ros/humble/lib/x86_64-linux-gnu:/opt/ros/humble/lib:/usr/lib/x86_64-linux-gnu/gazebo-11/plugins PYTHONPATH=/home/marvin/RobotArchitecture/ros2_ws/build/turtlebot3_hardware_control/prefix_override:/home/marvin/RobotArchitecture/ros2_ws/install/turtlebot3_hardware_control/lib/python3.10/site-packages:${PYTHONPATH} /usr/bin/python3 -W ignore:setup.py install is deprecated setup.py develop --uninstall --editable --build-directory /home/marvin/RobotArchitecture/ros2_ws/build/turtlebot3_hardware_control/build
[1.846s] Invoking command in '/home/marvin/RobotArchitecture/ros2_ws/src/turtlebot3_hardware_control': CMAKE_PREFIX_PATH=/home/marvin/RobotArchitecture/ros2_ws/install/custom_msgs:/home/marvin/RobotArchitecture/ros2_ws/install/turtlebot3_simulations:/home/marvin/RobotArchitecture/ros2_ws/install/turtlebot3_gazebo:/home/marvin/RobotArchitecture/ros2_ws/install/turtlebot3_fake_node:/home/marvin/RobotArchitecture/ros2_ws/install/turtlebot3_control_services LD_LIBRARY_PATH=/home/marvin/RobotArchitecture/ros2_ws/install/custom_msgs/lib:/home/marvin/RobotArchitecture/ros2_ws/install/turtlebot3_control_services/lib:/usr/lib/x86_64-linux-gnu/gazebo-11/plugins:/opt/ros/humble/opt/rviz_ogre_vendor/lib:/opt/ros/humble/lib/x86_64-linux-gnu:/opt/ros/humble/lib:/usr/lib/x86_64-linux-gnu/gazebo-11/plugins PYTHONPATH=/home/marvin/RobotArchitecture/ros2_ws/build/turtlebot3_hardware_control/prefix_override:/home/marvin/RobotArchitecture/ros2_ws/install/turtlebot3_hardware_control/lib/python3.10/site-packages:${PYTHONPATH} /usr/bin/python3 -W ignore:setup.py install is deprecated setup.py egg_info --egg-base ../../build/turtlebot3_hardware_control build --build-base /home/marvin/RobotArchitecture/ros2_ws/build/turtlebot3_hardware_control/build install --record /home/marvin/RobotArchitecture/ros2_ws/build/turtlebot3_hardware_control/install.log --single-version-externally-managed install_data --force
[2.173s] running egg_info
[2.174s] writing ../../build/turtlebot3_hardware_control/turtlebot3_hardware_control.egg-info/PKG-INFO
[2.174s] writing dependency_links to ../../build/turtlebot3_hardware_control/turtlebot3_hardware_control.egg-info/dependency_links.txt
[2.174s] writing entry points to ../../build/turtlebot3_hardware_control/turtlebot3_hardware_control.egg-info/entry_points.txt
[2.175s] writing requirements to ../../build/turtlebot3_hardware_control/turtlebot3_hardware_control.egg-info/requires.txt
[2.175s] writing top-level names to ../../build/turtlebot3_hardware_control/turtlebot3_hardware_control.egg-info/top_level.txt
[2.178s] reading manifest file '../../build/turtlebot3_hardware_control/turtlebot3_hardware_control.egg-info/SOURCES.txt'
[2.181s] writing manifest file '../../build/turtlebot3_hardware_control/turtlebot3_hardware_control.egg-info/SOURCES.txt'
[2.182s] running build
[2.182s] running build_py
[2.182s] running install
[2.183s] running install_lib
[2.184s] copying /home/marvin/RobotArchitecture/ros2_ws/build/turtlebot3_hardware_control/build/lib/turtlebot3_hardware_control/__init__.py -> /home/marvin/RobotArchitecture/ros2_ws/install/turtlebot3_hardware_control/lib/python3.10/site-packages/turtlebot3_hardware_control
[2.184s] copying /home/marvin/RobotArchitecture/ros2_ws/build/turtlebot3_hardware_control/build/lib/turtlebot3_hardware_control/hardware_control.py -> /home/marvin/RobotArchitecture/ros2_ws/install/turtlebot3_hardware_control/lib/python3.10/site-packages/turtlebot3_hardware_control
[2.186s] byte-compiling /home/marvin/RobotArchitecture/ros2_ws/install/turtlebot3_hardware_control/lib/python3.10/site-packages/turtlebot3_hardware_control/__init__.py to __init__.cpython-310.pyc
[2.186s] byte-compiling /home/marvin/RobotArchitecture/ros2_ws/install/turtlebot3_hardware_control/lib/python3.10/site-packages/turtlebot3_hardware_control/hardware_control.py to hardware_control.cpython-310.pyc
[2.188s] running install_data
[2.188s] copying resource/turtlebot3_hardware_control -> /home/marvin/RobotArchitecture/ros2_ws/install/turtlebot3_hardware_control/share/ament_index/resource_index/packages
[2.188s] copying package.xml -> /home/marvin/RobotArchitecture/ros2_ws/install/turtlebot3_hardware_control/share/turtlebot3_hardware_control
[2.189s] running install_egg_info
[2.192s] Copying ../../build/turtlebot3_hardware_control/turtlebot3_hardware_control.egg-info to /home/marvin/RobotArchitecture/ros2_ws/install/turtlebot3_hardware_control/lib/python3.10/site-packages/turtlebot3_hardware_control-0.0.0-py3.10.egg-info
[2.194s] running install_scripts
[2.232s] Installing hardware_control script to /home/marvin/RobotArchitecture/ros2_ws/install/turtlebot3_hardware_control/lib/turtlebot3_hardware_control
[2.232s] writing list of installed files to '/home/marvin/RobotArchitecture/ros2_ws/build/turtlebot3_hardware_control/install.log'
[2.289s] Invoked command in '/home/marvin/RobotArchitecture/ros2_ws/src/turtlebot3_hardware_control' returned '0': CMAKE_PREFIX_PATH=/home/marvin/RobotArchitecture/ros2_ws/install/custom_msgs:/home/marvin/RobotArchitecture/ros2_ws/install/turtlebot3_simulations:/home/marvin/RobotArchitecture/ros2_ws/install/turtlebot3_gazebo:/home/marvin/RobotArchitecture/ros2_ws/install/turtlebot3_fake_node:/home/marvin/RobotArchitecture/ros2_ws/install/turtlebot3_control_services LD_LIBRARY_PATH=/home/marvin/RobotArchitecture/ros2_ws/install/custom_msgs/lib:/home/marvin/RobotArchitecture/ros2_ws/install/turtlebot3_control_services/lib:/usr/lib/x86_64-linux-gnu/gazebo-11/plugins:/opt/ros/humble/opt/rviz_ogre_vendor/lib:/opt/ros/humble/lib/x86_64-linux-gnu:/opt/ros/humble/lib:/usr/lib/x86_64-linux-gnu/gazebo-11/plugins PYTHONPATH=/home/marvin/RobotArchitecture/ros2_ws/build/turtlebot3_hardware_control/prefix_override:/home/marvin/RobotArchitecture/ros2_ws/install/turtlebot3_hardware_control/lib/python3.10/site-packages:${PYTHONPATH} /usr/bin/python3 -W ignore:setup.py install is deprecated setup.py egg_info --egg-base ../../build/turtlebot3_hardware_control build --build-base /home/marvin/RobotArchitecture/ros2_ws/build/turtlebot3_hardware_control/build install --record /home/marvin/RobotArchitecture/ros2_ws/build/turtlebot3_hardware_control/install.log --single-version-externally-managed install_data --force
