[2.134s] Invoking command in '/home/rama/catkin_ws/src/nodes2': PYTHONPATH=/home/rama/catkin_ws/build/nodes2/prefix_override:/home/rama/catkin_ws/install/nodes2/lib/python3.8/site-packages:${PYTHONPATH} /usr/bin/python3 setup.py egg_info --egg-base ../../build/nodes2 build --build-base /home/rama/catkin_ws/build/nodes2/build install --record /home/rama/catkin_ws/build/nodes2/install.log --install-scripts $base/lib/nodes2 --single-version-externally-managed
[2.622s] running egg_info
[2.624s] writing ../../build/nodes2/nodes2.egg-info/PKG-INFO
[2.624s] writing dependency_links to ../../build/nodes2/nodes2.egg-info/dependency_links.txt
[2.625s] writing entry points to ../../build/nodes2/nodes2.egg-info/entry_points.txt
[2.625s] writing requirements to ../../build/nodes2/nodes2.egg-info/requires.txt
[2.625s] writing top-level names to ../../build/nodes2/nodes2.egg-info/top_level.txt
[2.710s] reading manifest file '../../build/nodes2/nodes2.egg-info/SOURCES.txt'
[2.712s] writing manifest file '../../build/nodes2/nodes2.egg-info/SOURCES.txt'
[2.713s] running build
[2.713s] running build_py
[2.713s] running install
[2.715s] running install_lib
[2.718s] running install_data
[2.719s] running install_egg_info
[2.723s] removing '/home/rama/catkin_ws/install/nodes2/lib/python3.8/site-packages/nodes2-0.0.0-py3.8.egg-info' (and everything under it)
[2.724s] Copying ../../build/nodes2/nodes2.egg-info to /home/rama/catkin_ws/install/nodes2/lib/python3.8/site-packages/nodes2-0.0.0-py3.8.egg-info
[2.725s] running install_scripts
[2.774s] writing list of installed files to '/home/rama/catkin_ws/build/nodes2/install.log'
[2.827s] Invoked command in '/home/rama/catkin_ws/src/nodes2' returned '0': PYTHONPATH=/home/rama/catkin_ws/build/nodes2/prefix_override:/home/rama/catkin_ws/install/nodes2/lib/python3.8/site-packages:${PYTHONPATH} /usr/bin/python3 setup.py egg_info --egg-base ../../build/nodes2 build --build-base /home/rama/catkin_ws/build/nodes2/build install --record /home/rama/catkin_ws/build/nodes2/install.log --install-scripts $base/lib/nodes2 --single-version-externally-managed
