[3.284s] Invoking command in '/home/rama/catkin_ws/src/nodes2': PYTHONPATH=/home/rama/catkin_ws/build/nodes2/prefix_override:/home/rama/catkin_ws/install/nodes2/lib/python3.8/site-packages:${PYTHONPATH} /usr/bin/python3 setup.py egg_info --egg-base ../../build/nodes2 build --build-base /home/rama/catkin_ws/build/nodes2/build install --record /home/rama/catkin_ws/build/nodes2/install.log --install-scripts $base/lib/nodes2 --single-version-externally-managed
[3.941s] running egg_info
[3.942s] writing ../../build/nodes2/nodes2.egg-info/PKG-INFO
[3.943s] writing dependency_links to ../../build/nodes2/nodes2.egg-info/dependency_links.txt
[3.943s] writing entry points to ../../build/nodes2/nodes2.egg-info/entry_points.txt
[3.943s] writing requirements to ../../build/nodes2/nodes2.egg-info/requires.txt
[3.943s] writing top-level names to ../../build/nodes2/nodes2.egg-info/top_level.txt
[4.039s] reading manifest file '../../build/nodes2/nodes2.egg-info/SOURCES.txt'
[4.040s] writing manifest file '../../build/nodes2/nodes2.egg-info/SOURCES.txt'
[4.041s] running build
[4.041s] running build_py
[4.041s] running install
[4.044s] running install_lib
[4.048s] running install_data
[4.050s] running install_egg_info
[4.055s] removing '/home/rama/catkin_ws/install/nodes2/lib/python3.8/site-packages/nodes2-0.0.0-py3.8.egg-info' (and everything under it)
[4.055s] Copying ../../build/nodes2/nodes2.egg-info to /home/rama/catkin_ws/install/nodes2/lib/python3.8/site-packages/nodes2-0.0.0-py3.8.egg-info
[4.057s] running install_scripts
[4.117s] writing list of installed files to '/home/rama/catkin_ws/build/nodes2/install.log'
[4.199s] Invoked command in '/home/rama/catkin_ws/src/nodes2' returned '0': PYTHONPATH=/home/rama/catkin_ws/build/nodes2/prefix_override:/home/rama/catkin_ws/install/nodes2/lib/python3.8/site-packages:${PYTHONPATH} /usr/bin/python3 setup.py egg_info --egg-base ../../build/nodes2 build --build-base /home/rama/catkin_ws/build/nodes2/build install --record /home/rama/catkin_ws/build/nodes2/install.log --install-scripts $base/lib/nodes2 --single-version-externally-managed
