[1.344s] Invoking command in '/home/rama/catkin_ws/src/nodes': PYTHONPATH=/home/rama/catkin_ws/build/nodes/prefix_override:/home/rama/catkin_ws/install/nodes/lib/python3.8/site-packages:${PYTHONPATH} /usr/bin/python3 setup.py egg_info --egg-base ../../build/nodes build --build-base /home/rama/catkin_ws/build/nodes/build install --record /home/rama/catkin_ws/build/nodes/install.log --install-scripts $base/lib/nodes --single-version-externally-managed
[1.663s] running egg_info
[1.664s] writing ../../build/nodes/nodes.egg-info/PKG-INFO
[1.664s] writing dependency_links to ../../build/nodes/nodes.egg-info/dependency_links.txt
[1.664s] writing entry points to ../../build/nodes/nodes.egg-info/entry_points.txt
[1.664s] writing requirements to ../../build/nodes/nodes.egg-info/requires.txt
[1.665s] writing top-level names to ../../build/nodes/nodes.egg-info/top_level.txt
[1.712s] reading manifest file '../../build/nodes/nodes.egg-info/SOURCES.txt'
[1.713s] writing manifest file '../../build/nodes/nodes.egg-info/SOURCES.txt'
[1.714s] running build
[1.714s] running build_py
[1.714s] copying nodes/test_node.py -> /home/rama/catkin_ws/build/nodes/build/lib/nodes
[1.714s] running install
[1.716s] running install_lib
[1.717s] copying /home/rama/catkin_ws/build/nodes/build/lib/nodes/test_node.py -> /home/rama/catkin_ws/install/nodes/lib/python3.8/site-packages/nodes
[1.718s] byte-compiling /home/rama/catkin_ws/install/nodes/lib/python3.8/site-packages/nodes/test_node.py to test_node.cpython-38.pyc
[1.721s] running install_data
[1.722s] running install_egg_info
[1.724s] removing '/home/rama/catkin_ws/install/nodes/lib/python3.8/site-packages/nodes-0.0.0-py3.8.egg-info' (and everything under it)
[1.725s] Copying ../../build/nodes/nodes.egg-info to /home/rama/catkin_ws/install/nodes/lib/python3.8/site-packages/nodes-0.0.0-py3.8.egg-info
[1.726s] running install_scripts
[1.752s] Installing kf_depthCamera script to /home/rama/catkin_ws/install/nodes/lib/nodes
[1.753s] Installing test_node script to /home/rama/catkin_ws/install/nodes/lib/nodes
[1.753s] writing list of installed files to '/home/rama/catkin_ws/build/nodes/install.log'
[1.797s] Invoked command in '/home/rama/catkin_ws/src/nodes' returned '0': PYTHONPATH=/home/rama/catkin_ws/build/nodes/prefix_override:/home/rama/catkin_ws/install/nodes/lib/python3.8/site-packages:${PYTHONPATH} /usr/bin/python3 setup.py egg_info --egg-base ../../build/nodes build --build-base /home/rama/catkin_ws/build/nodes/build install --record /home/rama/catkin_ws/build/nodes/install.log --install-scripts $base/lib/nodes --single-version-externally-managed
