[2.399s] Invoking command in '/home/rama/catkin_ws/src/nodes': PYTHONPATH=/home/rama/catkin_ws/build/nodes/prefix_override:/home/rama/catkin_ws/install/nodes/lib/python3.8/site-packages:${PYTHONPATH} /usr/bin/python3 setup.py egg_info --egg-base ../../build/nodes build --build-base /home/rama/catkin_ws/build/nodes/build install --record /home/rama/catkin_ws/build/nodes/install.log --install-scripts $base/lib/nodes --single-version-externally-managed
[2.826s] running egg_info
[2.827s] writing ../../build/nodes/nodes.egg-info/PKG-INFO
[2.828s] writing dependency_links to ../../build/nodes/nodes.egg-info/dependency_links.txt
[2.828s] writing entry points to ../../build/nodes/nodes.egg-info/entry_points.txt
[2.829s] writing requirements to ../../build/nodes/nodes.egg-info/requires.txt
[2.829s] writing top-level names to ../../build/nodes/nodes.egg-info/top_level.txt
[2.907s] reading manifest file '../../build/nodes/nodes.egg-info/SOURCES.txt'
[2.910s] writing manifest file '../../build/nodes/nodes.egg-info/SOURCES.txt'
[2.910s] running build
[2.911s] running build_py
[2.911s] copying nodes/test_node.py -> /home/rama/catkin_ws/build/nodes/build/lib/nodes
[2.911s] running install
[2.913s] running install_lib
[2.916s] copying /home/rama/catkin_ws/build/nodes/build/lib/nodes/test_node.py -> /home/rama/catkin_ws/install/nodes/lib/python3.8/site-packages/nodes
[2.917s] byte-compiling /home/rama/catkin_ws/install/nodes/lib/python3.8/site-packages/nodes/test_node.py to test_node.cpython-38.pyc
[2.921s] running install_data
[2.922s] running install_egg_info
[2.927s] removing '/home/rama/catkin_ws/install/nodes/lib/python3.8/site-packages/nodes-0.0.0-py3.8.egg-info' (and everything under it)
[2.928s] Copying ../../build/nodes/nodes.egg-info to /home/rama/catkin_ws/install/nodes/lib/python3.8/site-packages/nodes-0.0.0-py3.8.egg-info
[2.930s] running install_scripts
[2.970s] Installing kf_depthCamera script to /home/rama/catkin_ws/install/nodes/lib/nodes
[2.970s] Installing test_node script to /home/rama/catkin_ws/install/nodes/lib/nodes
[2.971s] writing list of installed files to '/home/rama/catkin_ws/build/nodes/install.log'
[3.020s] Invoked command in '/home/rama/catkin_ws/src/nodes' returned '0': PYTHONPATH=/home/rama/catkin_ws/build/nodes/prefix_override:/home/rama/catkin_ws/install/nodes/lib/python3.8/site-packages:${PYTHONPATH} /usr/bin/python3 setup.py egg_info --egg-base ../../build/nodes build --build-base /home/rama/catkin_ws/build/nodes/build install --record /home/rama/catkin_ws/build/nodes/install.log --install-scripts $base/lib/nodes --single-version-externally-managed
