[2.816s] Invoking command in '/home/rama/catkin_ws/src/nodes': PYTHONPATH=/home/rama/catkin_ws/build/nodes/prefix_override:/home/rama/catkin_ws/install/nodes/lib/python3.8/site-packages:${PYTHONPATH} /usr/bin/python3 setup.py egg_info --egg-base ../../build/nodes build --build-base /home/rama/catkin_ws/build/nodes/build install --record /home/rama/catkin_ws/build/nodes/install.log --install-scripts $base/lib/nodes --single-version-externally-managed
[3.586s] running egg_info
[3.592s] writing ../../build/nodes/nodes.egg-info/PKG-INFO
[3.593s] writing dependency_links to ../../build/nodes/nodes.egg-info/dependency_links.txt
[3.595s] writing entry points to ../../build/nodes/nodes.egg-info/entry_points.txt
[3.595s] writing requirements to ../../build/nodes/nodes.egg-info/requires.txt
[3.596s] writing top-level names to ../../build/nodes/nodes.egg-info/top_level.txt
[3.713s] reading manifest file '../../build/nodes/nodes.egg-info/SOURCES.txt'
[3.718s] writing manifest file '../../build/nodes/nodes.egg-info/SOURCES.txt'
[3.719s] running build
[3.720s] running build_py
[3.721s] running install
[3.723s] running install_lib
[3.727s] running install_data
[3.728s] running install_egg_info
[3.735s] removing '/home/rama/catkin_ws/install/nodes/lib/python3.8/site-packages/nodes-0.0.0-py3.8.egg-info' (and everything under it)
[3.739s] Copying ../../build/nodes/nodes.egg-info to /home/rama/catkin_ws/install/nodes/lib/python3.8/site-packages/nodes-0.0.0-py3.8.egg-info
[3.741s] running install_scripts
[3.806s] Installing Handgesture_node script to /home/rama/catkin_ws/install/nodes/lib/nodes
[3.807s] Installing kf_depthCamera script to /home/rama/catkin_ws/install/nodes/lib/nodes
[3.807s] Installing realsense_camera_node script to /home/rama/catkin_ws/install/nodes/lib/nodes
[3.807s] Installing test_node script to /home/rama/catkin_ws/install/nodes/lib/nodes
[3.808s] writing list of installed files to '/home/rama/catkin_ws/build/nodes/install.log'
[3.912s] Invoked command in '/home/rama/catkin_ws/src/nodes' returned '0': PYTHONPATH=/home/rama/catkin_ws/build/nodes/prefix_override:/home/rama/catkin_ws/install/nodes/lib/python3.8/site-packages:${PYTHONPATH} /usr/bin/python3 setup.py egg_info --egg-base ../../build/nodes build --build-base /home/rama/catkin_ws/build/nodes/build install --record /home/rama/catkin_ws/build/nodes/install.log --install-scripts $base/lib/nodes --single-version-externally-managed
