[0.462s] Invoking command in '/home/marvin/RobotArchitecture/ros2_ws/build/turtlebot3_control_services': CMAKE_PREFIX_PATH=/home/marvin/RobotArchitecture/ros2_ws/install/custom_msgs:/home/marvin/RobotArchitecture/ros2_ws/install/turtlebot3:/home/marvin/RobotArchitecture/ros2_ws/install/turtlebot3_simulations:/home/marvin/RobotArchitecture/ros2_ws/install/turtlebot3_bringup:/home/marvin/RobotArchitecture/ros2_ws/install/turtlebot3_node:/home/marvin/RobotArchitecture/ros2_ws/install/turtlebot3_navigation2:/home/marvin/RobotArchitecture/ros2_ws/install/turtlebot3_gazebo:/home/marvin/RobotArchitecture/ros2_ws/install/turtlebot3_fake_node:/home/marvin/RobotArchitecture/ros2_ws/install/turtlebot3_description:/home/marvin/RobotArchitecture/ros2_ws/install/turtlebot3_control_services:/home/marvin/RobotArchitecture/ros2_ws/install/turtlebot3_cartographer:/home/marvin/RobotArchitecture/ros2_ws/install/turtlebot3_teleop:/home/marvin/RobotArchitecture/ros2_ws/install/turtlebot3_slam_management:/home/marvin/RobotArchitecture/ros2_ws/install/turtlebot3_random_explorer:/home/marvin/RobotArchitecture/ros2_ws/install/turtlebot3_obstacle_avoidance:/home/marvin/RobotArchitecture/ros2_ws/install/turtlebot3_nav_management:/home/marvin/RobotArchitecture/ros2_ws/install/turtlebot3_map_change_detection:/home/marvin/RobotArchitecture/ros2_ws/install/turtlebot3_launch_configurations:/home/marvin/RobotArchitecture/ros2_ws/install/turtlebot3_hardware_control:/home/marvin/RobotArchitecture/ros2_ws/install/turtlebot3_example:/home/marvin/RobotArchitecture/ros2_ws/install/turtlebot3_analysis:/home/marvin/RobotArchitecture/ros2_ws/install/turtlebot3_auto_navigator:/opt/ros/humble LD_LIBRARY_PATH=/home/marvin/RobotArchitecture/ros2_ws/install/custom_msgs/lib:/home/marvin/RobotArchitecture/ros2_ws/install/turtlebot3_control_services/lib:/usr/lib/x86_64-linux-gnu/gazebo-11/plugins:/opt/ros/humble/opt/rviz_ogre_vendor/lib:/opt/ros/humble/lib/x86_64-linux-gnu:/opt/ros/humble/lib:/usr/lib/x86_64-linux-gnu/gazebo-11/plugins /usr/bin/cmake --build /home/marvin/RobotArchitecture/ros2_ws/build/turtlebot3_control_services -- -j8 -l8
[0.626s] [  2%] Built target turtlebot3_control_services__cpp
[0.629s] [ 12%] Built target turtlebot3_control_services__rosidl_generator_c
[0.646s] [ 12%] Built target ament_cmake_python_symlink_turtlebot3_control_services
[0.683s] [ 23%] Built target turtlebot3_control_services__rosidl_typesupport_cpp
[0.693s] [ 34%] Built target turtlebot3_control_services__rosidl_typesupport_introspection_c
[0.706s] [ 44%] Built target turtlebot3_control_services__rosidl_typesupport_fastrtps_cpp
[0.742s] [ 55%] Built target turtlebot3_control_services__rosidl_typesupport_introspection_cpp
[0.770s] [ 65%] Built target turtlebot3_control_services__rosidl_typesupport_c
[0.817s] [ 76%] Built target turtlebot3_control_services__rosidl_typesupport_fastrtps_c
[0.883s] [ 76%] Built target turtlebot3_control_services
[0.937s] [ 78%] Built target turtlebot3_control_services__py
[1.038s] [ 87%] Built target turtlebot3_control_services__rosidl_generator_py
[1.134s] [ 91%] Built target turtlebot3_control_services__rosidl_typesupport_introspection_c__pyext
[1.149s] [ 95%] Built target turtlebot3_control_services__rosidl_typesupport_fastrtps_c__pyext
[1.150s] [100%] Built target turtlebot3_control_services__rosidl_typesupport_c__pyext
[1.267s] running egg_info
[1.267s] writing turtlebot3_control_services.egg-info/PKG-INFO
[1.267s] writing dependency_links to turtlebot3_control_services.egg-info/dependency_links.txt
[1.267s] writing top-level names to turtlebot3_control_services.egg-info/top_level.txt
[1.268s] reading manifest file 'turtlebot3_control_services.egg-info/SOURCES.txt'
[1.416s] [100%] Built target ament_cmake_python_build_turtlebot3_control_services_egg
[1.897s] Invoked command in '/home/marvin/RobotArchitecture/ros2_ws/build/turtlebot3_control_services' returned '0': CMAKE_PREFIX_PATH=/home/marvin/RobotArchitecture/ros2_ws/install/custom_msgs:/home/marvin/RobotArchitecture/ros2_ws/install/turtlebot3:/home/marvin/RobotArchitecture/ros2_ws/install/turtlebot3_simulations:/home/marvin/RobotArchitecture/ros2_ws/install/turtlebot3_bringup:/home/marvin/RobotArchitecture/ros2_ws/install/turtlebot3_node:/home/marvin/RobotArchitecture/ros2_ws/install/turtlebot3_navigation2:/home/marvin/RobotArchitecture/ros2_ws/install/turtlebot3_gazebo:/home/marvin/RobotArchitecture/ros2_ws/install/turtlebot3_fake_node:/home/marvin/RobotArchitecture/ros2_ws/install/turtlebot3_description:/home/marvin/RobotArchitecture/ros2_ws/install/turtlebot3_control_services:/home/marvin/RobotArchitecture/ros2_ws/install/turtlebot3_cartographer:/home/marvin/RobotArchitecture/ros2_ws/install/turtlebot3_teleop:/home/marvin/RobotArchitecture/ros2_ws/install/turtlebot3_slam_management:/home/marvin/RobotArchitecture/ros2_ws/install/turtlebot3_random_explorer:/home/marvin/RobotArchitecture/ros2_ws/install/turtlebot3_obstacle_avoidance:/home/marvin/RobotArchitecture/ros2_ws/install/turtlebot3_nav_management:/home/marvin/RobotArchitecture/ros2_ws/install/turtlebot3_map_change_detection:/home/marvin/RobotArchitecture/ros2_ws/install/turtlebot3_launch_configurations:/home/marvin/RobotArchitecture/ros2_ws/install/turtlebot3_hardware_control:/home/marvin/RobotArchitecture/ros2_ws/install/turtlebot3_example:/home/marvin/RobotArchitecture/ros2_ws/install/turtlebot3_analysis:/home/marvin/RobotArchitecture/ros2_ws/install/turtlebot3_auto_navigator:/opt/ros/humble LD_LIBRARY_PATH=/home/marvin/RobotArchitecture/ros2_ws/install/custom_msgs/lib:/home/marvin/RobotArchitecture/ros2_ws/install/turtlebot3_control_services/lib:/usr/lib/x86_64-linux-gnu/gazebo-11/plugins:/opt/ros/humble/opt/rviz_ogre_vendor/lib:/opt/ros/humble/lib/x86_64-linux-gnu:/opt/ros/humble/lib:/usr/lib/x86_64-linux-gnu/gazebo-11/plugins /usr/bin/cmake --build /home/marvin/RobotArchitecture/ros2_ws/build/turtlebot3_control_services -- -j8 -l8
[2.206s] Invoking command in '/home/marvin/RobotArchitecture/ros2_ws/build/turtlebot3_control_services': CMAKE_PREFIX_PATH=/home/marvin/RobotArchitecture/ros2_ws/install/custom_msgs:/home/marvin/RobotArchitecture/ros2_ws/install/turtlebot3:/home/marvin/RobotArchitecture/ros2_ws/install/turtlebot3_simulations:/home/marvin/RobotArchitecture/ros2_ws/install/turtlebot3_bringup:/home/marvin/RobotArchitecture/ros2_ws/install/turtlebot3_node:/home/marvin/RobotArchitecture/ros2_ws/install/turtlebot3_navigation2:/home/marvin/RobotArchitecture/ros2_ws/install/turtlebot3_gazebo:/home/marvin/RobotArchitecture/ros2_ws/install/turtlebot3_fake_node:/home/marvin/RobotArchitecture/ros2_ws/install/turtlebot3_description:/home/marvin/RobotArchitecture/ros2_ws/install/turtlebot3_control_services:/home/marvin/RobotArchitecture/ros2_ws/install/turtlebot3_cartographer:/home/marvin/RobotArchitecture/ros2_ws/install/turtlebot3_teleop:/home/marvin/RobotArchitecture/ros2_ws/install/turtlebot3_slam_management:/home/marvin/RobotArchitecture/ros2_ws/install/turtlebot3_random_explorer:/home/marvin/RobotArchitecture/ros2_ws/install/turtlebot3_obstacle_avoidance:/home/marvin/RobotArchitecture/ros2_ws/install/turtlebot3_nav_management:/home/marvin/RobotArchitecture/ros2_ws/install/turtlebot3_map_change_detection:/home/marvin/RobotArchitecture/ros2_ws/install/turtlebot3_launch_configurations:/home/marvin/RobotArchitecture/ros2_ws/install/turtlebot3_hardware_control:/home/marvin/RobotArchitecture/ros2_ws/install/turtlebot3_example:/home/marvin/RobotArchitecture/ros2_ws/install/turtlebot3_analysis:/home/marvin/RobotArchitecture/ros2_ws/install/turtlebot3_auto_navigator:/opt/ros/humble LD_LIBRARY_PATH=/home/marvin/RobotArchitecture/ros2_ws/install/custom_msgs/lib:/home/marvin/RobotArchitecture/ros2_ws/install/turtlebot3_control_services/lib:/usr/lib/x86_64-linux-gnu/gazebo-11/plugins:/opt/ros/humble/opt/rviz_ogre_vendor/lib:/opt/ros/humble/lib/x86_64-linux-gnu:/opt/ros/humble/lib:/usr/lib/x86_64-linux-gnu/gazebo-11/plugins /usr/bin/cmake --install /home/marvin/RobotArchitecture/ros2_ws/build/turtlebot3_control_services
[2.237s] -- Install configuration: ""
[2.238s] -- Execute custom install script
[2.238s] -- Up-to-date symlink: /home/marvin/RobotArchitecture/ros2_ws/install/turtlebot3_control_services/share/ament_index/resource_index/rosidl_interfaces/turtlebot3_control_services
[2.238s] -- Up-to-date symlink: /home/marvin/RobotArchitecture/ros2_ws/install/turtlebot3_control_services/include/turtlebot3_control_services/turtlebot3_control_services/msg/rosidl_generator_c__visibility_control.h
[2.238s] -- Up-to-date symlink: /home/marvin/RobotArchitecture/ros2_ws/install/turtlebot3_control_services/include/turtlebot3_control_services/turtlebot3_control_services/srv/detail/generate_heatmap__functions.h
[2.242s] -- Up-to-date symlink: /home/marvin/RobotArchitecture/ros2_ws/install/turtlebot3_control_services/include/turtlebot3_control_services/turtlebot3_control_services/srv/detail/generate_heatmap__struct.h
[2.243s] -- Up-to-date symlink: /home/marvin/RobotArchitecture/ros2_ws/install/turtlebot3_control_services/include/turtlebot3_control_services/turtlebot3_control_services/srv/detail/generate_heatmap__type_support.h
[2.243s] -- Up-to-date symlink: /home/marvin/RobotArchitecture/ros2_ws/install/turtlebot3_control_services/include/turtlebot3_control_services/turtlebot3_control_services/srv/detail/get_latest_map__functions.h
[2.243s] -- Up-to-date symlink: /home/marvin/RobotArchitecture/ros2_ws/install/turtlebot3_control_services/include/turtlebot3_control_services/turtlebot3_control_services/srv/detail/get_latest_map__struct.h
[2.243s] -- Up-to-date symlink: /home/marvin/RobotArchitecture/ros2_ws/install/turtlebot3_control_services/include/turtlebot3_control_services/turtlebot3_control_services/srv/detail/get_latest_map__type_support.h
[2.243s] -- Up-to-date symlink: /home/marvin/RobotArchitecture/ros2_ws/install/turtlebot3_control_services/include/turtlebot3_control_services/turtlebot3_control_services/srv/detail/robot_control__functions.h
[2.243s] -- Up-to-date symlink: /home/marvin/RobotArchitecture/ros2_ws/install/turtlebot3_control_services/include/turtlebot3_control_services/turtlebot3_control_services/srv/detail/robot_control__struct.h
[2.244s] -- Up-to-date symlink: /home/marvin/RobotArchitecture/ros2_ws/install/turtlebot3_control_services/include/turtlebot3_control_services/turtlebot3_control_services/srv/detail/robot_control__type_support.h
[2.244s] -- Up-to-date symlink: /home/marvin/RobotArchitecture/ros2_ws/install/turtlebot3_control_services/include/turtlebot3_control_services/turtlebot3_control_services/srv/generate_heatmap.h
[2.253s] -- Up-to-date symlink: /home/marvin/RobotArchitecture/ros2_ws/install/turtlebot3_control_services/include/turtlebot3_control_services/turtlebot3_control_services/srv/get_latest_map.h
[2.253s] -- Up-to-date symlink: /home/marvin/RobotArchitecture/ros2_ws/install/turtlebot3_control_services/include/turtlebot3_control_services/turtlebot3_control_services/srv/robot_control.h
[2.254s] -- Up-to-date symlink: /home/marvin/RobotArchitecture/ros2_ws/install/turtlebot3_control_services/share/turtlebot3_control_services/environment/library_path.sh
[2.254s] -- Up-to-date symlink: /home/marvin/RobotArchitecture/ros2_ws/install/turtlebot3_control_services/share/turtlebot3_control_services/environment/library_path.dsv
[2.254s] -- Up-to-date symlink: /home/marvin/RobotArchitecture/ros2_ws/install/turtlebot3_control_services/include/turtlebot3_control_services/turtlebot3_control_services/msg/rosidl_typesupport_fastrtps_c__visibility_control.h
[2.255s] -- Up-to-date symlink: /home/marvin/RobotArchitecture/ros2_ws/install/turtlebot3_control_services/include/turtlebot3_control_services/turtlebot3_control_services/srv/detail/generate_heatmap__rosidl_typesupport_fastrtps_c.h
[2.255s] -- Up-to-date symlink: /home/marvin/RobotArchitecture/ros2_ws/install/turtlebot3_control_services/include/turtlebot3_control_services/turtlebot3_control_services/srv/detail/get_latest_map__rosidl_typesupport_fastrtps_c.h
[2.255s] -- Up-to-date symlink: /home/marvin/RobotArchitecture/ros2_ws/install/turtlebot3_control_services/include/turtlebot3_control_services/turtlebot3_control_services/srv/detail/robot_control__rosidl_typesupport_fastrtps_c.h
[2.255s] -- Up-to-date symlink: /home/marvin/RobotArchitecture/ros2_ws/install/turtlebot3_control_services/include/turtlebot3_control_services/turtlebot3_control_services/srv/detail/generate_heatmap__builder.hpp
[2.256s] -- Up-to-date symlink: /home/marvin/RobotArchitecture/ros2_ws/install/turtlebot3_control_services/include/turtlebot3_control_services/turtlebot3_control_services/srv/detail/generate_heatmap__struct.hpp
[2.256s] -- Up-to-date symlink: /home/marvin/RobotArchitecture/ros2_ws/install/turtlebot3_control_services/include/turtlebot3_control_services/turtlebot3_control_services/srv/detail/generate_heatmap__traits.hpp
[2.256s] -- Up-to-date symlink: /home/marvin/RobotArchitecture/ros2_ws/install/turtlebot3_control_services/include/turtlebot3_control_services/turtlebot3_control_services/srv/detail/get_latest_map__builder.hpp
[2.256s] -- Up-to-date symlink: /home/marvin/RobotArchitecture/ros2_ws/install/turtlebot3_control_services/include/turtlebot3_control_services/turtlebot3_control_services/srv/detail/get_latest_map__struct.hpp
[2.257s] -- Up-to-date symlink: /home/marvin/RobotArchitecture/ros2_ws/install/turtlebot3_control_services/include/turtlebot3_control_services/turtlebot3_control_services/srv/detail/get_latest_map__traits.hpp
[2.257s] -- Up-to-date symlink: /home/marvin/RobotArchitecture/ros2_ws/install/turtlebot3_control_services/include/turtlebot3_control_services/turtlebot3_control_services/srv/detail/robot_control__builder.hpp
[2.257s] -- Up-to-date symlink: /home/marvin/RobotArchitecture/ros2_ws/install/turtlebot3_control_services/include/turtlebot3_control_services/turtlebot3_control_services/srv/detail/robot_control__struct.hpp
[2.257s] -- Up-to-date symlink: /home/marvin/RobotArchitecture/ros2_ws/install/turtlebot3_control_services/include/turtlebot3_control_services/turtlebot3_control_services/srv/detail/robot_control__traits.hpp
[2.257s] -- Up-to-date symlink: /home/marvin/RobotArchitecture/ros2_ws/install/turtlebot3_control_services/include/turtlebot3_control_services/turtlebot3_control_services/srv/generate_heatmap.hpp
[2.257s] -- Up-to-date symlink: /home/marvin/RobotArchitecture/ros2_ws/install/turtlebot3_control_services/include/turtlebot3_control_services/turtlebot3_control_services/srv/get_latest_map.hpp
[2.258s] -- Up-to-date symlink: /home/marvin/RobotArchitecture/ros2_ws/install/turtlebot3_control_services/include/turtlebot3_control_services/turtlebot3_control_services/srv/robot_control.hpp
[2.258s] -- Up-to-date symlink: /home/marvin/RobotArchitecture/ros2_ws/install/turtlebot3_control_services/include/turtlebot3_control_services/turtlebot3_control_services/msg/rosidl_typesupport_fastrtps_cpp__visibility_control.h
[2.258s] -- Up-to-date symlink: /home/marvin/RobotArchitecture/ros2_ws/install/turtlebot3_control_services/include/turtlebot3_control_services/turtlebot3_control_services/srv/detail/generate_heatmap__rosidl_typesupport_fastrtps_cpp.hpp
[2.258s] -- Up-to-date symlink: /home/marvin/RobotArchitecture/ros2_ws/install/turtlebot3_control_services/include/turtlebot3_control_services/turtlebot3_control_services/srv/detail/get_latest_map__rosidl_typesupport_fastrtps_cpp.hpp
[2.258s] -- Up-to-date symlink: /home/marvin/RobotArchitecture/ros2_ws/install/turtlebot3_control_services/include/turtlebot3_control_services/turtlebot3_control_services/srv/detail/robot_control__rosidl_typesupport_fastrtps_cpp.hpp
[2.259s] -- Up-to-date symlink: /home/marvin/RobotArchitecture/ros2_ws/install/turtlebot3_control_services/include/turtlebot3_control_services/turtlebot3_control_services/msg/rosidl_typesupport_introspection_c__visibility_control.h
[2.263s] -- Up-to-date symlink: /home/marvin/RobotArchitecture/ros2_ws/install/turtlebot3_control_services/include/turtlebot3_control_services/turtlebot3_control_services/srv/detail/generate_heatmap__rosidl_typesupport_introspection_c.h
[2.263s] -- Up-to-date symlink: /home/marvin/RobotArchitecture/ros2_ws/install/turtlebot3_control_services/include/turtlebot3_control_services/turtlebot3_control_services/srv/detail/get_latest_map__rosidl_typesupport_introspection_c.h
[2.264s] -- Up-to-date symlink: /home/marvin/RobotArchitecture/ros2_ws/install/turtlebot3_control_services/include/turtlebot3_control_services/turtlebot3_control_services/srv/detail/robot_control__rosidl_typesupport_introspection_c.h
[2.264s] -- Up-to-date symlink: /home/marvin/RobotArchitecture/ros2_ws/install/turtlebot3_control_services/include/turtlebot3_control_services/turtlebot3_control_services/srv/detail/generate_heatmap__rosidl_typesupport_introspection_cpp.hpp
[2.264s] -- Up-to-date symlink: /home/marvin/RobotArchitecture/ros2_ws/install/turtlebot3_control_services/include/turtlebot3_control_services/turtlebot3_control_services/srv/detail/get_latest_map__rosidl_typesupport_introspection_cpp.hpp
[2.265s] -- Up-to-date symlink: /home/marvin/RobotArchitecture/ros2_ws/install/turtlebot3_control_services/include/turtlebot3_control_services/turtlebot3_control_services/srv/detail/robot_control__rosidl_typesupport_introspection_cpp.hpp
[2.265s] -- Up-to-date symlink: /home/marvin/RobotArchitecture/ros2_ws/install/turtlebot3_control_services/share/turtlebot3_control_services/environment/pythonpath.sh
[2.265s] -- Up-to-date symlink: /home/marvin/RobotArchitecture/ros2_ws/install/turtlebot3_control_services/share/turtlebot3_control_services/environment/pythonpath.dsv
[2.265s] -- Up-to-date symlink: /home/marvin/RobotArchitecture/ros2_ws/install/turtlebot3_control_services/local/lib/python3.10/dist-packages/turtlebot3_control_services-0.0.0-py3.10.egg-info/PKG-INFO
[2.277s] -- Up-to-date symlink: /home/marvin/RobotArchitecture/ros2_ws/install/turtlebot3_control_services/local/lib/python3.10/dist-packages/turtlebot3_control_services-0.0.0-py3.10.egg-info/SOURCES.txt
[2.277s] -- Up-to-date symlink: /home/marvin/RobotArchitecture/ros2_ws/install/turtlebot3_control_services/local/lib/python3.10/dist-packages/turtlebot3_control_services-0.0.0-py3.10.egg-info/dependency_links.txt
[2.277s] -- Up-to-date symlink: /home/marvin/RobotArchitecture/ros2_ws/install/turtlebot3_control_services/local/lib/python3.10/dist-packages/turtlebot3_control_services-0.0.0-py3.10.egg-info/top_level.txt
[2.278s] -- Up-to-date symlink: /home/marvin/RobotArchitecture/ros2_ws/install/turtlebot3_control_services/local/lib/python3.10/dist-packages/turtlebot3_control_services/__init__.py
[2.278s] -- Up-to-date symlink: /home/marvin/RobotArchitecture/ros2_ws/install/turtlebot3_control_services/local/lib/python3.10/dist-packages/turtlebot3_control_services/_turtlebot3_control_services_s.ep.rosidl_typesupport_c.c
[2.278s] -- Up-to-date symlink: /home/marvin/RobotArchitecture/ros2_ws/install/turtlebot3_control_services/local/lib/python3.10/dist-packages/turtlebot3_control_services/_turtlebot3_control_services_s.ep.rosidl_typesupport_fastrtps_c.c
[2.278s] -- Up-to-date symlink: /home/marvin/RobotArchitecture/ros2_ws/install/turtlebot3_control_services/local/lib/python3.10/dist-packages/turtlebot3_control_services/_turtlebot3_control_services_s.ep.rosidl_typesupport_introspection_c.c
[2.278s] -- Up-to-date symlink: /home/marvin/RobotArchitecture/ros2_ws/install/turtlebot3_control_services/local/lib/python3.10/dist-packages/turtlebot3_control_services/libturtlebot3_control_services__rosidl_generator_py.so
[2.278s] -- Up-to-date symlink: /home/marvin/RobotArchitecture/ros2_ws/install/turtlebot3_control_services/local/lib/python3.10/dist-packages/turtlebot3_control_services/srv/__init__.py
[2.279s] -- Up-to-date symlink: /home/marvin/RobotArchitecture/ros2_ws/install/turtlebot3_control_services/local/lib/python3.10/dist-packages/turtlebot3_control_services/srv/_generate_heatmap.py
[2.279s] -- Up-to-date symlink: /home/marvin/RobotArchitecture/ros2_ws/install/turtlebot3_control_services/local/lib/python3.10/dist-packages/turtlebot3_control_services/srv/_generate_heatmap_s.c
[2.279s] -- Up-to-date symlink: /home/marvin/RobotArchitecture/ros2_ws/install/turtlebot3_control_services/local/lib/python3.10/dist-packages/turtlebot3_control_services/srv/_get_latest_map.py
[2.279s] -- Up-to-date symlink: /home/marvin/RobotArchitecture/ros2_ws/install/turtlebot3_control_services/local/lib/python3.10/dist-packages/turtlebot3_control_services/srv/_get_latest_map_s.c
[2.279s] -- Up-to-date symlink: /home/marvin/RobotArchitecture/ros2_ws/install/turtlebot3_control_services/local/lib/python3.10/dist-packages/turtlebot3_control_services/srv/_robot_control.py
[2.279s] -- Up-to-date symlink: /home/marvin/RobotArchitecture/ros2_ws/install/turtlebot3_control_services/local/lib/python3.10/dist-packages/turtlebot3_control_services/srv/_robot_control_s.c
[2.280s] -- Up-to-date symlink: /home/marvin/RobotArchitecture/ros2_ws/install/turtlebot3_control_services/local/lib/python3.10/dist-packages/turtlebot3_control_services/turtlebot3_control_services_s__rosidl_typesupport_c.cpython-310-x86_64-linux-gnu.so
[2.280s] -- Up-to-date symlink: /home/marvin/RobotArchitecture/ros2_ws/install/turtlebot3_control_services/local/lib/python3.10/dist-packages/turtlebot3_control_services/turtlebot3_control_services_s__rosidl_typesupport_fastrtps_c.cpython-310-x86_64-linux-gnu.so
[2.280s] -- Up-to-date symlink: /home/marvin/RobotArchitecture/ros2_ws/install/turtlebot3_control_services/local/lib/python3.10/dist-packages/turtlebot3_control_services/turtlebot3_control_services_s__rosidl_typesupport_introspection_c.cpython-310-x86_64-linux-gnu.so
[2.281s] -- Up-to-date symlink: /home/marvin/RobotArchitecture/ros2_ws/install/turtlebot3_control_services/local/lib/python3.10/dist-packages/turtlebot3_control_services/turtlebot3_control_services_s__rosidl_typesupport_fastrtps_c.cpython-310-x86_64-linux-gnu.so
[2.281s] -- Up-to-date symlink: /home/marvin/RobotArchitecture/ros2_ws/install/turtlebot3_control_services/local/lib/python3.10/dist-packages/turtlebot3_control_services/turtlebot3_control_services_s__rosidl_typesupport_introspection_c.cpython-310-x86_64-linux-gnu.so
[2.281s] -- Up-to-date symlink: /home/marvin/RobotArchitecture/ros2_ws/install/turtlebot3_control_services/local/lib/python3.10/dist-packages/turtlebot3_control_services/turtlebot3_control_services_s__rosidl_typesupport_c.cpython-310-x86_64-linux-gnu.so
[2.281s] -- Up-to-date symlink: /home/marvin/RobotArchitecture/ros2_ws/install/turtlebot3_control_services/share/turtlebot3_control_services/srv/RobotControl.idl
[2.281s] -- Up-to-date symlink: /home/marvin/RobotArchitecture/ros2_ws/install/turtlebot3_control_services/share/turtlebot3_control_services/srv/GetLatestMap.idl
[2.282s] -- Up-to-date symlink: /home/marvin/RobotArchitecture/ros2_ws/install/turtlebot3_control_services/share/turtlebot3_control_services/srv/GenerateHeatmap.idl
[2.282s] -- Up-to-date symlink: /home/marvin/RobotArchitecture/ros2_ws/install/turtlebot3_control_services/share/turtlebot3_control_services/srv/RobotControl.srv
[2.282s] -- Up-to-date symlink: /home/marvin/RobotArchitecture/ros2_ws/install/turtlebot3_control_services/share/turtlebot3_control_services/srv/RobotControl_Request.msg
[2.282s] -- Up-to-date symlink: /home/marvin/RobotArchitecture/ros2_ws/install/turtlebot3_control_services/share/turtlebot3_control_services/srv/RobotControl_Response.msg
[2.282s] -- Up-to-date symlink: /home/marvin/RobotArchitecture/ros2_ws/install/turtlebot3_control_services/share/turtlebot3_control_services/srv/GetLatestMap.srv
[2.282s] -- Up-to-date symlink: /home/marvin/RobotArchitecture/ros2_ws/install/turtlebot3_control_services/share/turtlebot3_control_services/srv/GetLatestMap_Request.msg
[2.283s] -- Up-to-date symlink: /home/marvin/RobotArchitecture/ros2_ws/install/turtlebot3_control_services/share/turtlebot3_control_services/srv/GetLatestMap_Response.msg
[2.283s] -- Up-to-date symlink: /home/marvin/RobotArchitecture/ros2_ws/install/turtlebot3_control_services/share/turtlebot3_control_services/srv/GenerateHeatmap.srv
[2.283s] -- Up-to-date symlink: /home/marvin/RobotArchitecture/ros2_ws/install/turtlebot3_control_services/share/turtlebot3_control_services/srv/GenerateHeatmap_Request.msg
[2.283s] -- Up-to-date symlink: /home/marvin/RobotArchitecture/ros2_ws/install/turtlebot3_control_services/share/turtlebot3_control_services/srv/GenerateHeatmap_Response.msg
[2.283s] -- Up-to-date symlink: /home/marvin/RobotArchitecture/ros2_ws/install/turtlebot3_control_services/share/ament_index/resource_index/package_run_dependencies/turtlebot3_control_services
[2.284s] -- Up-to-date symlink: /home/marvin/RobotArchitecture/ros2_ws/install/turtlebot3_control_services/share/ament_index/resource_index/parent_prefix_path/turtlebot3_control_services
[2.284s] -- Up-to-date symlink: /home/marvin/RobotArchitecture/ros2_ws/install/turtlebot3_control_services/share/turtlebot3_control_services/environment/ament_prefix_path.sh
[2.284s] -- Up-to-date symlink: /home/marvin/RobotArchitecture/ros2_ws/install/turtlebot3_control_services/share/turtlebot3_control_services/environment/ament_prefix_path.dsv
[2.284s] -- Up-to-date symlink: /home/marvin/RobotArchitecture/ros2_ws/install/turtlebot3_control_services/share/turtlebot3_control_services/environment/path.sh
[2.284s] -- Up-to-date symlink: /home/marvin/RobotArchitecture/ros2_ws/install/turtlebot3_control_services/share/turtlebot3_control_services/environment/path.dsv
[2.285s] -- Up-to-date symlink: /home/marvin/RobotArchitecture/ros2_ws/install/turtlebot3_control_services/share/turtlebot3_control_services/local_setup.bash
[2.285s] -- Up-to-date symlink: /home/marvin/RobotArchitecture/ros2_ws/install/turtlebot3_control_services/share/turtlebot3_control_services/local_setup.sh
[2.285s] -- Up-to-date symlink: /home/marvin/RobotArchitecture/ros2_ws/install/turtlebot3_control_services/share/turtlebot3_control_services/local_setup.zsh
[2.285s] -- Up-to-date symlink: /home/marvin/RobotArchitecture/ros2_ws/install/turtlebot3_control_services/share/turtlebot3_control_services/local_setup.dsv
[2.285s] -- Symlinking: /home/marvin/RobotArchitecture/ros2_ws/install/turtlebot3_control_services/share/turtlebot3_control_services/package.dsv
[2.286s] -- Up-to-date symlink: /home/marvin/RobotArchitecture/ros2_ws/install/turtlebot3_control_services/share/ament_index/resource_index/packages/turtlebot3_control_services
[2.286s] -- Up-to-date symlink: /home/marvin/RobotArchitecture/ros2_ws/install/turtlebot3_control_services/share/turtlebot3_control_services/cmake/rosidl_cmake-extras.cmake
[2.286s] -- Up-to-date symlink: /home/marvin/RobotArchitecture/ros2_ws/install/turtlebot3_control_services/share/turtlebot3_control_services/cmake/ament_cmake_export_dependencies-extras.cmake
[2.286s] -- Up-to-date symlink: /home/marvin/RobotArchitecture/ros2_ws/install/turtlebot3_control_services/share/turtlebot3_control_services/cmake/ament_cmake_export_include_directories-extras.cmake
[2.286s] -- Up-to-date symlink: /home/marvin/RobotArchitecture/ros2_ws/install/turtlebot3_control_services/share/turtlebot3_control_services/cmake/ament_cmake_export_libraries-extras.cmake
[2.287s] -- Up-to-date symlink: /home/marvin/RobotArchitecture/ros2_ws/install/turtlebot3_control_services/share/turtlebot3_control_services/cmake/ament_cmake_export_targets-extras.cmake
[2.287s] -- Up-to-date symlink: /home/marvin/RobotArchitecture/ros2_ws/install/turtlebot3_control_services/share/turtlebot3_control_services/cmake/rosidl_cmake_export_typesupport_targets-extras.cmake
[2.287s] -- Up-to-date symlink: /home/marvin/RobotArchitecture/ros2_ws/install/turtlebot3_control_services/share/turtlebot3_control_services/cmake/rosidl_cmake_export_typesupport_libraries-extras.cmake
[2.287s] -- Up-to-date symlink: /home/marvin/RobotArchitecture/ros2_ws/install/turtlebot3_control_services/share/turtlebot3_control_services/cmake/turtlebot3_control_servicesConfig.cmake
[2.287s] -- Up-to-date symlink: /home/marvin/RobotArchitecture/ros2_ws/install/turtlebot3_control_services/share/turtlebot3_control_services/cmake/turtlebot3_control_servicesConfig-version.cmake
[2.287s] -- Up-to-date symlink: /home/marvin/RobotArchitecture/ros2_ws/install/turtlebot3_control_services/share/turtlebot3_control_services/package.xml
[2.288s] -- Up-to-date: /home/marvin/RobotArchitecture/ros2_ws/install/turtlebot3_control_services/lib/libturtlebot3_control_services__rosidl_generator_c.so
[2.288s] -- Up-to-date: /home/marvin/RobotArchitecture/ros2_ws/install/turtlebot3_control_services/lib/libturtlebot3_control_services__rosidl_typesupport_fastrtps_c.so
[2.305s] -- Up-to-date: /home/marvin/RobotArchitecture/ros2_ws/install/turtlebot3_control_services/lib/libturtlebot3_control_services__rosidl_typesupport_fastrtps_cpp.so
[2.305s] -- Up-to-date: /home/marvin/RobotArchitecture/ros2_ws/install/turtlebot3_control_services/lib/libturtlebot3_control_services__rosidl_typesupport_introspection_c.so
[2.305s] -- Up-to-date: /home/marvin/RobotArchitecture/ros2_ws/install/turtlebot3_control_services/lib/libturtlebot3_control_services__rosidl_typesupport_c.so
[2.305s] -- Up-to-date: /home/marvin/RobotArchitecture/ros2_ws/install/turtlebot3_control_services/lib/libturtlebot3_control_services__rosidl_typesupport_introspection_cpp.so
[2.306s] -- Up-to-date: /home/marvin/RobotArchitecture/ros2_ws/install/turtlebot3_control_services/lib/libturtlebot3_control_services__rosidl_typesupport_cpp.so
[2.386s] Listing '/home/marvin/RobotArchitecture/ros2_ws/install/turtlebot3_control_services/local/lib/python3.10/dist-packages/turtlebot3_control_services'...
[2.386s] Listing '/home/marvin/RobotArchitecture/ros2_ws/install/turtlebot3_control_services/local/lib/python3.10/dist-packages/turtlebot3_control_services/srv'...
[2.386s] -- Up-to-date: /home/marvin/RobotArchitecture/ros2_ws/install/turtlebot3_control_services/lib/libturtlebot3_control_services__rosidl_generator_py.so
[2.386s] -- Up-to-date: /home/marvin/RobotArchitecture/ros2_ws/install/turtlebot3_control_services/share/turtlebot3_control_services/cmake/export_turtlebot3_control_services__rosidl_generator_cExport.cmake
[2.387s] -- Up-to-date: /home/marvin/RobotArchitecture/ros2_ws/install/turtlebot3_control_services/share/turtlebot3_control_services/cmake/export_turtlebot3_control_services__rosidl_generator_cExport-noconfig.cmake
[2.387s] -- Up-to-date: /home/marvin/RobotArchitecture/ros2_ws/install/turtlebot3_control_services/share/turtlebot3_control_services/cmake/export_turtlebot3_control_services__rosidl_typesupport_fastrtps_cExport.cmake
[2.387s] -- Up-to-date: /home/marvin/RobotArchitecture/ros2_ws/install/turtlebot3_control_services/share/turtlebot3_control_services/cmake/export_turtlebot3_control_services__rosidl_typesupport_fastrtps_cExport-noconfig.cmake
[2.387s] -- Up-to-date: /home/marvin/RobotArchitecture/ros2_ws/install/turtlebot3_control_services/share/turtlebot3_control_services/cmake/export_turtlebot3_control_services__rosidl_generator_cppExport.cmake
[2.387s] -- Up-to-date: /home/marvin/RobotArchitecture/ros2_ws/install/turtlebot3_control_services/share/turtlebot3_control_services/cmake/export_turtlebot3_control_services__rosidl_typesupport_fastrtps_cppExport.cmake
[2.387s] -- Up-to-date: /home/marvin/RobotArchitecture/ros2_ws/install/turtlebot3_control_services/share/turtlebot3_control_services/cmake/export_turtlebot3_control_services__rosidl_typesupport_fastrtps_cppExport-noconfig.cmake
[2.388s] -- Up-to-date: /home/marvin/RobotArchitecture/ros2_ws/install/turtlebot3_control_services/share/turtlebot3_control_services/cmake/turtlebot3_control_services__rosidl_typesupport_introspection_cExport.cmake
[2.388s] -- Up-to-date: /home/marvin/RobotArchitecture/ros2_ws/install/turtlebot3_control_services/share/turtlebot3_control_services/cmake/turtlebot3_control_services__rosidl_typesupport_introspection_cExport-noconfig.cmake
[2.389s] -- Up-to-date: /home/marvin/RobotArchitecture/ros2_ws/install/turtlebot3_control_services/share/turtlebot3_control_services/cmake/turtlebot3_control_services__rosidl_typesupport_cExport.cmake
[2.389s] -- Up-to-date: /home/marvin/RobotArchitecture/ros2_ws/install/turtlebot3_control_services/share/turtlebot3_control_services/cmake/turtlebot3_control_services__rosidl_typesupport_cExport-noconfig.cmake
[2.389s] -- Up-to-date: /home/marvin/RobotArchitecture/ros2_ws/install/turtlebot3_control_services/share/turtlebot3_control_services/cmake/turtlebot3_control_services__rosidl_typesupport_introspection_cppExport.cmake
[2.389s] -- Up-to-date: /home/marvin/RobotArchitecture/ros2_ws/install/turtlebot3_control_services/share/turtlebot3_control_services/cmake/turtlebot3_control_services__rosidl_typesupport_introspection_cppExport-noconfig.cmake
[2.389s] -- Up-to-date: /home/marvin/RobotArchitecture/ros2_ws/install/turtlebot3_control_services/share/turtlebot3_control_services/cmake/turtlebot3_control_services__rosidl_typesupport_cppExport.cmake
[2.390s] -- Up-to-date: /home/marvin/RobotArchitecture/ros2_ws/install/turtlebot3_control_services/share/turtlebot3_control_services/cmake/turtlebot3_control_services__rosidl_typesupport_cppExport-noconfig.cmake
[2.390s] -- Up-to-date: /home/marvin/RobotArchitecture/ros2_ws/install/turtlebot3_control_services/share/turtlebot3_control_services/cmake/export_turtlebot3_control_services__rosidl_generator_pyExport.cmake
[2.390s] -- Up-to-date: /home/marvin/RobotArchitecture/ros2_ws/install/turtlebot3_control_services/share/turtlebot3_control_services/cmake/export_turtlebot3_control_services__rosidl_generator_pyExport-noconfig.cmake
[2.390s] Invoked command in '/home/marvin/RobotArchitecture/ros2_ws/build/turtlebot3_control_services' returned '0': CMAKE_PREFIX_PATH=/home/marvin/RobotArchitecture/ros2_ws/install/custom_msgs:/home/marvin/RobotArchitecture/ros2_ws/install/turtlebot3:/home/marvin/RobotArchitecture/ros2_ws/install/turtlebot3_simulations:/home/marvin/RobotArchitecture/ros2_ws/install/turtlebot3_bringup:/home/marvin/RobotArchitecture/ros2_ws/install/turtlebot3_node:/home/marvin/RobotArchitecture/ros2_ws/install/turtlebot3_navigation2:/home/marvin/RobotArchitecture/ros2_ws/install/turtlebot3_gazebo:/home/marvin/RobotArchitecture/ros2_ws/install/turtlebot3_fake_node:/home/marvin/RobotArchitecture/ros2_ws/install/turtlebot3_description:/home/marvin/RobotArchitecture/ros2_ws/install/turtlebot3_control_services:/home/marvin/RobotArchitecture/ros2_ws/install/turtlebot3_cartographer:/home/marvin/RobotArchitecture/ros2_ws/install/turtlebot3_teleop:/home/marvin/RobotArchitecture/ros2_ws/install/turtlebot3_slam_management:/home/marvin/RobotArchitecture/ros2_ws/install/turtlebot3_random_explorer:/home/marvin/RobotArchitecture/ros2_ws/install/turtlebot3_obstacle_avoidance:/home/marvin/RobotArchitecture/ros2_ws/install/turtlebot3_nav_management:/home/marvin/RobotArchitecture/ros2_ws/install/turtlebot3_map_change_detection:/home/marvin/RobotArchitecture/ros2_ws/install/turtlebot3_launch_configurations:/home/marvin/RobotArchitecture/ros2_ws/install/turtlebot3_hardware_control:/home/marvin/RobotArchitecture/ros2_ws/install/turtlebot3_example:/home/marvin/RobotArchitecture/ros2_ws/install/turtlebot3_analysis:/home/marvin/RobotArchitecture/ros2_ws/install/turtlebot3_auto_navigator:/opt/ros/humble LD_LIBRARY_PATH=/home/marvin/RobotArchitecture/ros2_ws/install/custom_msgs/lib:/home/marvin/RobotArchitecture/ros2_ws/install/turtlebot3_control_services/lib:/usr/lib/x86_64-linux-gnu/gazebo-11/plugins:/opt/ros/humble/opt/rviz_ogre_vendor/lib:/opt/ros/humble/lib/x86_64-linux-gnu:/opt/ros/humble/lib:/usr/lib/x86_64-linux-gnu/gazebo-11/plugins /usr/bin/cmake --install /home/marvin/RobotArchitecture/ros2_ws/build/turtlebot3_control_services
