[0.018s] Invoking command in '/home/rama/catkin_ws/build/turtlebot3_simulations': CMAKE_PREFIX_PATH=/home/rama/catkin_ws/install/turtlebot3_gazebo:/home/rama/catkin_ws/install/turtlebot3_fake_node:/opt/ros/noetic:/home/rama/catkin_ws/install/turtlebot3_simulations:/home/rama/catkin_ws/install/nodes2:/home/rama/catkin_ws/install/nodes:/opt/ros/foxy /usr/bin/cmake --build /home/rama/catkin_ws/build/turtlebot3_simulations -- -j8 -l8
[0.062s] Invoked command in '/home/rama/catkin_ws/build/turtlebot3_simulations' returned '0': CMAKE_PREFIX_PATH=/home/rama/catkin_ws/install/turtlebot3_gazebo:/home/rama/catkin_ws/install/turtlebot3_fake_node:/opt/ros/noetic:/home/rama/catkin_ws/install/turtlebot3_simulations:/home/rama/catkin_ws/install/nodes2:/home/rama/catkin_ws/install/nodes:/opt/ros/foxy /usr/bin/cmake --build /home/rama/catkin_ws/build/turtlebot3_simulations -- -j8 -l8
[0.089s] Invoking command in '/home/rama/catkin_ws/build/turtlebot3_simulations': CMAKE_PREFIX_PATH=/home/rama/catkin_ws/install/turtlebot3_gazebo:/home/rama/catkin_ws/install/turtlebot3_fake_node:/opt/ros/noetic:/home/rama/catkin_ws/install/turtlebot3_simulations:/home/rama/catkin_ws/install/nodes2:/home/rama/catkin_ws/install/nodes:/opt/ros/foxy /usr/bin/cmake --install /home/rama/catkin_ws/build/turtlebot3_simulations
[0.099s] -- Install configuration: ""
[0.100s] -- Up-to-date: /home/rama/catkin_ws/install/turtlebot3_simulations/share/ament_index/resource_index/package_run_dependencies/turtlebot3_simulations
[0.100s] -- Up-to-date: /home/rama/catkin_ws/install/turtlebot3_simulations/share/ament_index/resource_index/parent_prefix_path/turtlebot3_simulations
[0.100s] -- Up-to-date: /home/rama/catkin_ws/install/turtlebot3_simulations/share/turtlebot3_simulations/environment/ament_prefix_path.sh
[0.100s] -- Up-to-date: /home/rama/catkin_ws/install/turtlebot3_simulations/share/turtlebot3_simulations/environment/ament_prefix_path.dsv
[0.100s] -- Up-to-date: /home/rama/catkin_ws/install/turtlebot3_simulations/share/turtlebot3_simulations/environment/path.sh
[0.101s] -- Up-to-date: /home/rama/catkin_ws/install/turtlebot3_simulations/share/turtlebot3_simulations/environment/path.dsv
[0.101s] -- Up-to-date: /home/rama/catkin_ws/install/turtlebot3_simulations/share/turtlebot3_simulations/local_setup.bash
[0.101s] -- Up-to-date: /home/rama/catkin_ws/install/turtlebot3_simulations/share/turtlebot3_simulations/local_setup.sh
[0.101s] -- Up-to-date: /home/rama/catkin_ws/install/turtlebot3_simulations/share/turtlebot3_simulations/local_setup.zsh
[0.101s] -- Up-to-date: /home/rama/catkin_ws/install/turtlebot3_simulations/share/turtlebot3_simulations/local_setup.dsv
[0.101s] -- Installing: /home/rama/catkin_ws/install/turtlebot3_simulations/share/turtlebot3_simulations/package.dsv
[0.101s] -- Up-to-date: /home/rama/catkin_ws/install/turtlebot3_simulations/share/ament_index/resource_index/packages/turtlebot3_simulations
[0.101s] -- Up-to-date: /home/rama/catkin_ws/install/turtlebot3_simulations/share/turtlebot3_simulations/cmake/turtlebot3_simulationsConfig.cmake
[0.102s] -- Up-to-date: /home/rama/catkin_ws/install/turtlebot3_simulations/share/turtlebot3_simulations/cmake/turtlebot3_simulationsConfig-version.cmake
[0.102s] -- Up-to-date: /home/rama/catkin_ws/install/turtlebot3_simulations/share/turtlebot3_simulations/package.xml
[0.108s] Invoked command in '/home/rama/catkin_ws/build/turtlebot3_simulations' returned '0': CMAKE_PREFIX_PATH=/home/rama/catkin_ws/install/turtlebot3_gazebo:/home/rama/catkin_ws/install/turtlebot3_fake_node:/opt/ros/noetic:/home/rama/catkin_ws/install/turtlebot3_simulations:/home/rama/catkin_ws/install/nodes2:/home/rama/catkin_ws/install/nodes:/opt/ros/foxy /usr/bin/cmake --install /home/rama/catkin_ws/build/turtlebot3_simulations
