[0.931s] Invoking command in '/home/rama/catkin_ws/src/nodes': PYTHONPATH=/home/rama/catkin_ws/build/nodes/prefix_override:/home/rama/catkin_ws/install/nodes/lib/python3.8/site-packages:${PYTHONPATH} /usr/bin/python3 setup.py egg_info --egg-base ../../build/nodes build --build-base /home/rama/catkin_ws/build/nodes/build install --record /home/rama/catkin_ws/build/nodes/install.log --install-scripts $base/lib/nodes --single-version-externally-managed
[1.118s] running egg_info
[1.119s] writing ../../build/nodes/nodes.egg-info/PKG-INFO
[1.119s] writing dependency_links to ../../build/nodes/nodes.egg-info/dependency_links.txt
[1.119s] writing entry points to ../../build/nodes/nodes.egg-info/entry_points.txt
[1.119s] writing requirements to ../../build/nodes/nodes.egg-info/requires.txt
[1.119s] writing top-level names to ../../build/nodes/nodes.egg-info/top_level.txt
[1.150s] reading manifest file '../../build/nodes/nodes.egg-info/SOURCES.txt'
[1.151s] writing manifest file '../../build/nodes/nodes.egg-info/SOURCES.txt'
[1.151s] running build
[1.151s] running build_py
[1.151s] copying nodes/hand_gesture_recognition.py -> /home/rama/catkin_ws/build/nodes/build/lib/nodes
[1.151s] copying nodes/obstacle_avoidance.py -> /home/rama/catkin_ws/build/nodes/build/lib/nodes
[1.152s] running install
[1.153s] running install_lib
[1.154s] copying /home/rama/catkin_ws/build/nodes/build/lib/nodes/hand_gesture_recognition.py -> /home/rama/catkin_ws/install/nodes/lib/python3.8/site-packages/nodes
[1.154s] copying /home/rama/catkin_ws/build/nodes/build/lib/nodes/obstacle_avoidance.py -> /home/rama/catkin_ws/install/nodes/lib/python3.8/site-packages/nodes
[1.154s] byte-compiling /home/rama/catkin_ws/install/nodes/lib/python3.8/site-packages/nodes/hand_gesture_recognition.py to hand_gesture_recognition.cpython-38.pyc
[1.157s] byte-compiling /home/rama/catkin_ws/install/nodes/lib/python3.8/site-packages/nodes/obstacle_avoidance.py to obstacle_avoidance.cpython-38.pyc
[1.158s] running install_data
[1.159s] running install_egg_info
[1.161s] removing '/home/rama/catkin_ws/install/nodes/lib/python3.8/site-packages/nodes-0.0.0-py3.8.egg-info' (and everything under it)
[1.161s] Copying ../../build/nodes/nodes.egg-info to /home/rama/catkin_ws/install/nodes/lib/python3.8/site-packages/nodes-0.0.0-py3.8.egg-info
[1.161s] running install_scripts
[1.178s] Installing Handgesture_node script to /home/rama/catkin_ws/install/nodes/lib/nodes
[1.179s] Installing kf_depthCamera script to /home/rama/catkin_ws/install/nodes/lib/nodes
[1.179s] Installing obstacle_avoidance_node script to /home/rama/catkin_ws/install/nodes/lib/nodes
[1.179s] Installing test_node script to /home/rama/catkin_ws/install/nodes/lib/nodes
[1.180s] writing list of installed files to '/home/rama/catkin_ws/build/nodes/install.log'
[1.200s] Invoked command in '/home/rama/catkin_ws/src/nodes' returned '0': PYTHONPATH=/home/rama/catkin_ws/build/nodes/prefix_override:/home/rama/catkin_ws/install/nodes/lib/python3.8/site-packages:${PYTHONPATH} /usr/bin/python3 setup.py egg_info --egg-base ../../build/nodes build --build-base /home/rama/catkin_ws/build/nodes/build install --record /home/rama/catkin_ws/build/nodes/install.log --install-scripts $base/lib/nodes --single-version-externally-managed
