[1.579s] Invoking command in '/home/marvin/RobotArchitecture/ros2_ws/build/turtlebot3_example': PYTHONPATH=/home/marvin/RobotArchitecture/ros2_ws/build/turtlebot3_example/prefix_override:/usr/lib/python3/dist-packages/colcon_core/task/python/colcon_distutils_commands:/home/marvin/RobotArchitecture/ros2_ws/install/turtlebot3_example/lib/python3.10/site-packages:${PYTHONPATH} /usr/bin/python3 -W ignore:setup.py install is deprecated setup.py develop --editable --build-directory /home/marvin/RobotArchitecture/ros2_ws/build/turtlebot3_example/build --no-deps symlink_data
[2.023s] running develop
[2.024s] /home/marvin/.local/lib/python3.10/site-packages/setuptools/command/easy_install.py:157: EasyInstallDeprecationWarning: easy_install command is deprecated. Use build and pip and other standards-based tools.
[2.024s]   warnings.warn(
[2.295s] running egg_info
[2.295s] writing turtlebot3_example.egg-info/PKG-INFO
[2.296s] writing dependency_links to turtlebot3_example.egg-info/dependency_links.txt
[2.296s] writing entry points to turtlebot3_example.egg-info/entry_points.txt
[2.296s] writing requirements to turtlebot3_example.egg-info/requires.txt
[2.296s] writing top-level names to turtlebot3_example.egg-info/top_level.txt
[2.300s] reading manifest file 'turtlebot3_example.egg-info/SOURCES.txt'
[2.303s] running build_ext
[2.303s] Creating /home/marvin/RobotArchitecture/ros2_ws/install/turtlebot3_example/lib/python3.10/site-packages/turtlebot3-example.egg-link (link to .)
[2.304s] Installing turtlebot3_obstacle_detection script to /home/marvin/RobotArchitecture/ros2_ws/install/turtlebot3_example/lib/turtlebot3_example
[2.305s] Installing turtlebot3_patrol_client script to /home/marvin/RobotArchitecture/ros2_ws/install/turtlebot3_example/lib/turtlebot3_example
[2.305s] Installing turtlebot3_patrol_server script to /home/marvin/RobotArchitecture/ros2_ws/install/turtlebot3_example/lib/turtlebot3_example
[2.305s] Installing turtlebot3_position_control script to /home/marvin/RobotArchitecture/ros2_ws/install/turtlebot3_example/lib/turtlebot3_example
[2.306s] 
[2.307s] Installed /home/marvin/RobotArchitecture/ros2_ws/build/turtlebot3_example
[2.307s] running symlink_data
[2.528s] Invoked command in '/home/marvin/RobotArchitecture/ros2_ws/build/turtlebot3_example' returned '0': PYTHONPATH=/home/marvin/RobotArchitecture/ros2_ws/build/turtlebot3_example/prefix_override:/usr/lib/python3/dist-packages/colcon_core/task/python/colcon_distutils_commands:/home/marvin/RobotArchitecture/ros2_ws/install/turtlebot3_example/lib/python3.10/site-packages:${PYTHONPATH} /usr/bin/python3 -W ignore:setup.py install is deprecated setup.py develop --editable --build-directory /home/marvin/RobotArchitecture/ros2_ws/build/turtlebot3_example/build --no-deps symlink_data
