[3.951s] Invoking command in '/home/rama/catkin_ws/src/nodes2': PYTHONPATH=/home/rama/catkin_ws/build/nodes2/prefix_override:/home/rama/catkin_ws/install/nodes2/lib/python3.8/site-packages:${PYTHONPATH} /usr/bin/python3 setup.py egg_info --egg-base ../../build/nodes2 build --build-base /home/rama/catkin_ws/build/nodes2/build install --record /home/rama/catkin_ws/build/nodes2/install.log --install-scripts $base/lib/nodes2 --single-version-externally-managed
[4.834s] running egg_info
[4.837s] writing ../../build/nodes2/nodes2.egg-info/PKG-INFO
[4.839s] writing dependency_links to ../../build/nodes2/nodes2.egg-info/dependency_links.txt
[4.840s] writing entry points to ../../build/nodes2/nodes2.egg-info/entry_points.txt
[4.841s] writing requirements to ../../build/nodes2/nodes2.egg-info/requires.txt
[4.842s] writing top-level names to ../../build/nodes2/nodes2.egg-info/top_level.txt
[4.996s] reading manifest file '../../build/nodes2/nodes2.egg-info/SOURCES.txt'
[5.003s] writing manifest file '../../build/nodes2/nodes2.egg-info/SOURCES.txt'
[5.004s] running build
[5.005s] running build_py
[5.005s] running install
[5.008s] running install_lib
[5.013s] running install_data
[5.014s] running install_egg_info
[5.026s] removing '/home/rama/catkin_ws/install/nodes2/lib/python3.8/site-packages/nodes2-0.0.0-py3.8.egg-info' (and everything under it)
[5.027s] Copying ../../build/nodes2/nodes2.egg-info to /home/rama/catkin_ws/install/nodes2/lib/python3.8/site-packages/nodes2-0.0.0-py3.8.egg-info
[5.030s] running install_scripts
[5.124s] writing list of installed files to '/home/rama/catkin_ws/build/nodes2/install.log'
[5.272s] Invoked command in '/home/rama/catkin_ws/src/nodes2' returned '0': PYTHONPATH=/home/rama/catkin_ws/build/nodes2/prefix_override:/home/rama/catkin_ws/install/nodes2/lib/python3.8/site-packages:${PYTHONPATH} /usr/bin/python3 setup.py egg_info --egg-base ../../build/nodes2 build --build-base /home/rama/catkin_ws/build/nodes2/build install --record /home/rama/catkin_ws/build/nodes2/install.log --install-scripts $base/lib/nodes2 --single-version-externally-managed
