[4.357s] Invoking command in '/home/rama/catkin_ws/src/nodes2': PYTHONPATH=/home/rama/catkin_ws/build/nodes2/prefix_override:/home/rama/catkin_ws/install/nodes2/lib/python3.8/site-packages:${PYTHONPATH} /usr/bin/python3 setup.py egg_info --egg-base ../../build/nodes2 build --build-base /home/rama/catkin_ws/build/nodes2/build install --record /home/rama/catkin_ws/build/nodes2/install.log --install-scripts $base/lib/nodes2 --single-version-externally-managed
[5.425s] running egg_info
[5.428s] writing ../../build/nodes2/nodes2.egg-info/PKG-INFO
[5.428s] writing dependency_links to ../../build/nodes2/nodes2.egg-info/dependency_links.txt
[5.429s] writing entry points to ../../build/nodes2/nodes2.egg-info/entry_points.txt
[5.429s] writing requirements to ../../build/nodes2/nodes2.egg-info/requires.txt
[5.430s] writing top-level names to ../../build/nodes2/nodes2.egg-info/top_level.txt
[5.600s] reading manifest file '../../build/nodes2/nodes2.egg-info/SOURCES.txt'
[5.602s] writing manifest file '../../build/nodes2/nodes2.egg-info/SOURCES.txt'
[5.603s] running build
[5.603s] running build_py
[5.604s] running install
[5.607s] running install_lib
[5.614s] running install_data
[5.616s] running install_egg_info
[5.623s] removing '/home/rama/catkin_ws/install/nodes2/lib/python3.8/site-packages/nodes2-0.0.0-py3.8.egg-info' (and everything under it)
[5.625s] Copying ../../build/nodes2/nodes2.egg-info to /home/rama/catkin_ws/install/nodes2/lib/python3.8/site-packages/nodes2-0.0.0-py3.8.egg-info
[5.633s] running install_scripts
[5.732s] writing list of installed files to '/home/rama/catkin_ws/build/nodes2/install.log'
[5.810s] Invoked command in '/home/rama/catkin_ws/src/nodes2' returned '0': PYTHONPATH=/home/rama/catkin_ws/build/nodes2/prefix_override:/home/rama/catkin_ws/install/nodes2/lib/python3.8/site-packages:${PYTHONPATH} /usr/bin/python3 setup.py egg_info --egg-base ../../build/nodes2 build --build-base /home/rama/catkin_ws/build/nodes2/build install --record /home/rama/catkin_ws/build/nodes2/install.log --install-scripts $base/lib/nodes2 --single-version-externally-managed
