[0.034s] Invoking command in '/home/marvin/RobotArchitecture/ros2_ws/build/turtlebot3_control_services': CMAKE_PREFIX_PATH=/home/marvin/RobotArchitecture/ros2_ws/install/custom_msgs:/home/marvin/RobotArchitecture/ros2_ws/install/turtlebot3_control_services:/home/marvin/turtlebot3_ws/install/turtlebot3:/home/marvin/turtlebot3_ws/install/turtlebot3_simulations:/home/marvin/turtlebot3_ws/install/turtlebot3_bringup:/home/marvin/turtlebot3_ws/install/turtlebot3_node:/home/marvin/turtlebot3_ws/install/turtlebot3_navigation2:/home/marvin/turtlebot3_ws/install/turtlebot3_gazebo:/home/marvin/turtlebot3_ws/install/turtlebot3_fake_node:/home/marvin/turtlebot3_ws/install/turtlebot3_description:/home/marvin/turtlebot3_ws/install/turtlebot3_cartographer:/home/marvin/RobotArchitecture/ros2_ws/install/turtlebot3_random_explorer:/home/marvin/RobotArchitecture/ros2_ws/install/turtlebot3_obstacle_avoidance:/home/marvin/RobotArchitecture/ros2_ws/install/turtlebot3_hardware_control:/home/marvin/install/turtlebot3_hardware_control:/home/marvin/install/turtlebot3_explorer:/home/marvin/turtlebot3_ws/install/turtlebot3_teleop:/home/marvin/turtlebot3_ws/install/turtlebot3_obstacle_avoidance:/home/marvin/turtlebot3_ws/install/turtlebot3_hardware_control:/home/marvin/turtlebot3_ws/install/turtlebot3_example:/opt/ros/humble LD_LIBRARY_PATH=/home/marvin/RobotArchitecture/ros2_ws/install/custom_msgs/lib:/home/marvin/RobotArchitecture/ros2_ws/install/turtlebot3_control_services/lib:/usr/lib/x86_64-linux-gnu/gazebo-11/plugins:/opt/ros/humble/opt/rviz_ogre_vendor/lib:/opt/ros/humble/lib/x86_64-linux-gnu:/opt/ros/humble/lib:/usr/lib/x86_64-linux-gnu/gazebo-11/plugins /usr/bin/cmake --build /home/marvin/RobotArchitecture/ros2_ws/build/turtlebot3_control_services -- -j8 -l8
[0.611s] [  3%] Built target turtlebot3_control_services__cpp
[0.612s] [ 12%] Built target turtlebot3_control_services__rosidl_generator_c
[0.612s] [ 12%] Built target ament_cmake_python_symlink_turtlebot3_control_services
[0.613s] [ 22%] Built target turtlebot3_control_services__rosidl_typesupport_c
[0.613s] [ 32%] Built target turtlebot3_control_services__rosidl_typesupport_cpp
[0.614s] [ 41%] Built target turtlebot3_control_services__rosidl_typesupport_introspection_cpp
[0.614s] [ 58%] Built target turtlebot3_control_services__rosidl_typesupport_fastrtps_cpp
[0.614s] [ 64%] Built target turtlebot3_control_services__rosidl_typesupport_introspection_c
[0.614s] [ 70%] Built target turtlebot3_control_services__rosidl_typesupport_fastrtps_c
[0.614s] [ 70%] Built target turtlebot3_control_services
[0.614s] [ 74%] Built target turtlebot3_control_services__py
[0.614s] [ 80%] Built target turtlebot3_control_services__rosidl_generator_py
[0.615s] [ 87%] Built target turtlebot3_control_services__rosidl_typesupport_c__pyext
[0.615s] [ 96%] Built target turtlebot3_control_services__rosidl_typesupport_fastrtps_c__pyext
[0.615s] [100%] Built target turtlebot3_control_services__rosidl_typesupport_introspection_c__pyext
[0.615s] running egg_info
[0.615s] writing turtlebot3_control_services.egg-info/PKG-INFO
[0.615s] writing dependency_links to turtlebot3_control_services.egg-info/dependency_links.txt
[0.616s] writing top-level names to turtlebot3_control_services.egg-info/top_level.txt
[0.616s] reading manifest file 'turtlebot3_control_services.egg-info/SOURCES.txt'
[0.616s] writing manifest file 'turtlebot3_control_services.egg-info/SOURCES.txt'
[0.616s] [100%] Built target ament_cmake_python_build_turtlebot3_control_services_egg
[0.616s] Invoked command in '/home/marvin/RobotArchitecture/ros2_ws/build/turtlebot3_control_services' returned '0': CMAKE_PREFIX_PATH=/home/marvin/RobotArchitecture/ros2_ws/install/custom_msgs:/home/marvin/RobotArchitecture/ros2_ws/install/turtlebot3_control_services:/home/marvin/turtlebot3_ws/install/turtlebot3:/home/marvin/turtlebot3_ws/install/turtlebot3_simulations:/home/marvin/turtlebot3_ws/install/turtlebot3_bringup:/home/marvin/turtlebot3_ws/install/turtlebot3_node:/home/marvin/turtlebot3_ws/install/turtlebot3_navigation2:/home/marvin/turtlebot3_ws/install/turtlebot3_gazebo:/home/marvin/turtlebot3_ws/install/turtlebot3_fake_node:/home/marvin/turtlebot3_ws/install/turtlebot3_description:/home/marvin/turtlebot3_ws/install/turtlebot3_cartographer:/home/marvin/RobotArchitecture/ros2_ws/install/turtlebot3_random_explorer:/home/marvin/RobotArchitecture/ros2_ws/install/turtlebot3_obstacle_avoidance:/home/marvin/RobotArchitecture/ros2_ws/install/turtlebot3_hardware_control:/home/marvin/install/turtlebot3_hardware_control:/home/marvin/install/turtlebot3_explorer:/home/marvin/turtlebot3_ws/install/turtlebot3_teleop:/home/marvin/turtlebot3_ws/install/turtlebot3_obstacle_avoidance:/home/marvin/turtlebot3_ws/install/turtlebot3_hardware_control:/home/marvin/turtlebot3_ws/install/turtlebot3_example:/opt/ros/humble LD_LIBRARY_PATH=/home/marvin/RobotArchitecture/ros2_ws/install/custom_msgs/lib:/home/marvin/RobotArchitecture/ros2_ws/install/turtlebot3_control_services/lib:/usr/lib/x86_64-linux-gnu/gazebo-11/plugins:/opt/ros/humble/opt/rviz_ogre_vendor/lib:/opt/ros/humble/lib/x86_64-linux-gnu:/opt/ros/humble/lib:/usr/lib/x86_64-linux-gnu/gazebo-11/plugins /usr/bin/cmake --build /home/marvin/RobotArchitecture/ros2_ws/build/turtlebot3_control_services -- -j8 -l8
[0.911s] Invoking command in '/home/marvin/RobotArchitecture/ros2_ws/build/turtlebot3_control_services': CMAKE_PREFIX_PATH=/home/marvin/RobotArchitecture/ros2_ws/install/custom_msgs:/home/marvin/RobotArchitecture/ros2_ws/install/turtlebot3_control_services:/home/marvin/turtlebot3_ws/install/turtlebot3:/home/marvin/turtlebot3_ws/install/turtlebot3_simulations:/home/marvin/turtlebot3_ws/install/turtlebot3_bringup:/home/marvin/turtlebot3_ws/install/turtlebot3_node:/home/marvin/turtlebot3_ws/install/turtlebot3_navigation2:/home/marvin/turtlebot3_ws/install/turtlebot3_gazebo:/home/marvin/turtlebot3_ws/install/turtlebot3_fake_node:/home/marvin/turtlebot3_ws/install/turtlebot3_description:/home/marvin/turtlebot3_ws/install/turtlebot3_cartographer:/home/marvin/RobotArchitecture/ros2_ws/install/turtlebot3_random_explorer:/home/marvin/RobotArchitecture/ros2_ws/install/turtlebot3_obstacle_avoidance:/home/marvin/RobotArchitecture/ros2_ws/install/turtlebot3_hardware_control:/home/marvin/install/turtlebot3_hardware_control:/home/marvin/install/turtlebot3_explorer:/home/marvin/turtlebot3_ws/install/turtlebot3_teleop:/home/marvin/turtlebot3_ws/install/turtlebot3_obstacle_avoidance:/home/marvin/turtlebot3_ws/install/turtlebot3_hardware_control:/home/marvin/turtlebot3_ws/install/turtlebot3_example:/opt/ros/humble LD_LIBRARY_PATH=/home/marvin/RobotArchitecture/ros2_ws/install/custom_msgs/lib:/home/marvin/RobotArchitecture/ros2_ws/install/turtlebot3_control_services/lib:/usr/lib/x86_64-linux-gnu/gazebo-11/plugins:/opt/ros/humble/opt/rviz_ogre_vendor/lib:/opt/ros/humble/lib/x86_64-linux-gnu:/opt/ros/humble/lib:/usr/lib/x86_64-linux-gnu/gazebo-11/plugins /usr/bin/cmake --install /home/marvin/RobotArchitecture/ros2_ws/build/turtlebot3_control_services
[0.919s] -- Install configuration: ""
[0.921s] -- Execute custom install script
[0.921s] -- Up-to-date symlink: /home/marvin/RobotArchitecture/ros2_ws/install/turtlebot3_control_services/share/ament_index/resource_index/rosidl_interfaces/turtlebot3_control_services
[0.921s] -- Up-to-date symlink: /home/marvin/RobotArchitecture/ros2_ws/install/turtlebot3_control_services/include/turtlebot3_control_services/turtlebot3_control_services/msg/rosidl_generator_c__visibility_control.h
[0.922s] -- Up-to-date symlink: /home/marvin/RobotArchitecture/ros2_ws/install/turtlebot3_control_services/include/turtlebot3_control_services/turtlebot3_control_services/srv/detail/robot_control__functions.h
[0.922s] -- Up-to-date symlink: /home/marvin/RobotArchitecture/ros2_ws/install/turtlebot3_control_services/include/turtlebot3_control_services/turtlebot3_control_services/srv/detail/robot_control__struct.h
[0.922s] -- Up-to-date symlink: /home/marvin/RobotArchitecture/ros2_ws/install/turtlebot3_control_services/include/turtlebot3_control_services/turtlebot3_control_services/srv/detail/robot_control__type_support.h
[0.922s] -- Up-to-date symlink: /home/marvin/RobotArchitecture/ros2_ws/install/turtlebot3_control_services/include/turtlebot3_control_services/turtlebot3_control_services/srv/robot_control.h
[0.922s] -- Up-to-date symlink: /home/marvin/RobotArchitecture/ros2_ws/install/turtlebot3_control_services/share/turtlebot3_control_services/environment/library_path.sh
[0.923s] -- Up-to-date symlink: /home/marvin/RobotArchitecture/ros2_ws/install/turtlebot3_control_services/share/turtlebot3_control_services/environment/library_path.dsv
[0.923s] -- Up-to-date symlink: /home/marvin/RobotArchitecture/ros2_ws/install/turtlebot3_control_services/include/turtlebot3_control_services/turtlebot3_control_services/msg/rosidl_typesupport_fastrtps_c__visibility_control.h
[0.923s] -- Up-to-date symlink: /home/marvin/RobotArchitecture/ros2_ws/install/turtlebot3_control_services/include/turtlebot3_control_services/turtlebot3_control_services/srv/detail/robot_control__rosidl_typesupport_fastrtps_c.h
[0.923s] -- Up-to-date symlink: /home/marvin/RobotArchitecture/ros2_ws/install/turtlebot3_control_services/include/turtlebot3_control_services/turtlebot3_control_services/srv/detail/robot_control__builder.hpp
[0.923s] -- Up-to-date symlink: /home/marvin/RobotArchitecture/ros2_ws/install/turtlebot3_control_services/include/turtlebot3_control_services/turtlebot3_control_services/srv/detail/robot_control__struct.hpp
[0.923s] -- Up-to-date symlink: /home/marvin/RobotArchitecture/ros2_ws/install/turtlebot3_control_services/include/turtlebot3_control_services/turtlebot3_control_services/srv/detail/robot_control__traits.hpp
[0.924s] -- Up-to-date symlink: /home/marvin/RobotArchitecture/ros2_ws/install/turtlebot3_control_services/include/turtlebot3_control_services/turtlebot3_control_services/srv/robot_control.hpp
[0.924s] -- Up-to-date symlink: /home/marvin/RobotArchitecture/ros2_ws/install/turtlebot3_control_services/include/turtlebot3_control_services/turtlebot3_control_services/msg/rosidl_typesupport_fastrtps_cpp__visibility_control.h
[0.924s] -- Up-to-date symlink: /home/marvin/RobotArchitecture/ros2_ws/install/turtlebot3_control_services/include/turtlebot3_control_services/turtlebot3_control_services/srv/detail/robot_control__rosidl_typesupport_fastrtps_cpp.hpp
[0.924s] -- Up-to-date symlink: /home/marvin/RobotArchitecture/ros2_ws/install/turtlebot3_control_services/include/turtlebot3_control_services/turtlebot3_control_services/msg/rosidl_typesupport_introspection_c__visibility_control.h
[0.924s] -- Up-to-date symlink: /home/marvin/RobotArchitecture/ros2_ws/install/turtlebot3_control_services/include/turtlebot3_control_services/turtlebot3_control_services/srv/detail/robot_control__rosidl_typesupport_introspection_c.h
[0.925s] -- Up-to-date symlink: /home/marvin/RobotArchitecture/ros2_ws/install/turtlebot3_control_services/include/turtlebot3_control_services/turtlebot3_control_services/srv/detail/robot_control__rosidl_typesupport_introspection_cpp.hpp
[0.925s] -- Up-to-date symlink: /home/marvin/RobotArchitecture/ros2_ws/install/turtlebot3_control_services/share/turtlebot3_control_services/environment/pythonpath.sh
[0.925s] -- Up-to-date symlink: /home/marvin/RobotArchitecture/ros2_ws/install/turtlebot3_control_services/share/turtlebot3_control_services/environment/pythonpath.dsv
[0.926s] -- Up-to-date symlink: /home/marvin/RobotArchitecture/ros2_ws/install/turtlebot3_control_services/local/lib/python3.10/dist-packages/turtlebot3_control_services-0.0.0-py3.10.egg-info/PKG-INFO
[0.926s] -- Up-to-date symlink: /home/marvin/RobotArchitecture/ros2_ws/install/turtlebot3_control_services/local/lib/python3.10/dist-packages/turtlebot3_control_services-0.0.0-py3.10.egg-info/SOURCES.txt
[0.926s] -- Up-to-date symlink: /home/marvin/RobotArchitecture/ros2_ws/install/turtlebot3_control_services/local/lib/python3.10/dist-packages/turtlebot3_control_services-0.0.0-py3.10.egg-info/dependency_links.txt
[0.926s] -- Up-to-date symlink: /home/marvin/RobotArchitecture/ros2_ws/install/turtlebot3_control_services/local/lib/python3.10/dist-packages/turtlebot3_control_services-0.0.0-py3.10.egg-info/top_level.txt
[0.927s] -- Up-to-date symlink: /home/marvin/RobotArchitecture/ros2_ws/install/turtlebot3_control_services/local/lib/python3.10/dist-packages/turtlebot3_control_services/__init__.py
[0.927s] -- Up-to-date symlink: /home/marvin/RobotArchitecture/ros2_ws/install/turtlebot3_control_services/local/lib/python3.10/dist-packages/turtlebot3_control_services/_turtlebot3_control_services_s.ep.rosidl_typesupport_c.c
[0.927s] -- Up-to-date symlink: /home/marvin/RobotArchitecture/ros2_ws/install/turtlebot3_control_services/local/lib/python3.10/dist-packages/turtlebot3_control_services/_turtlebot3_control_services_s.ep.rosidl_typesupport_fastrtps_c.c
[0.927s] -- Up-to-date symlink: /home/marvin/RobotArchitecture/ros2_ws/install/turtlebot3_control_services/local/lib/python3.10/dist-packages/turtlebot3_control_services/_turtlebot3_control_services_s.ep.rosidl_typesupport_introspection_c.c
[0.928s] -- Up-to-date symlink: /home/marvin/RobotArchitecture/ros2_ws/install/turtlebot3_control_services/local/lib/python3.10/dist-packages/turtlebot3_control_services/libturtlebot3_control_services__rosidl_generator_py.so
[0.928s] -- Up-to-date symlink: /home/marvin/RobotArchitecture/ros2_ws/install/turtlebot3_control_services/local/lib/python3.10/dist-packages/turtlebot3_control_services/srv/__init__.py
[0.928s] -- Up-to-date symlink: /home/marvin/RobotArchitecture/ros2_ws/install/turtlebot3_control_services/local/lib/python3.10/dist-packages/turtlebot3_control_services/srv/_robot_control.py
[0.929s] -- Up-to-date symlink: /home/marvin/RobotArchitecture/ros2_ws/install/turtlebot3_control_services/local/lib/python3.10/dist-packages/turtlebot3_control_services/srv/_robot_control_s.c
[0.929s] -- Up-to-date symlink: /home/marvin/RobotArchitecture/ros2_ws/install/turtlebot3_control_services/local/lib/python3.10/dist-packages/turtlebot3_control_services/turtlebot3_control_services_s__rosidl_typesupport_c.cpython-310-x86_64-linux-gnu.so
[0.929s] -- Up-to-date symlink: /home/marvin/RobotArchitecture/ros2_ws/install/turtlebot3_control_services/local/lib/python3.10/dist-packages/turtlebot3_control_services/turtlebot3_control_services_s__rosidl_typesupport_fastrtps_c.cpython-310-x86_64-linux-gnu.so
[0.929s] -- Up-to-date symlink: /home/marvin/RobotArchitecture/ros2_ws/install/turtlebot3_control_services/local/lib/python3.10/dist-packages/turtlebot3_control_services/turtlebot3_control_services_s__rosidl_typesupport_introspection_c.cpython-310-x86_64-linux-gnu.so
[0.929s] -- Up-to-date symlink: /home/marvin/RobotArchitecture/ros2_ws/install/turtlebot3_control_services/local/lib/python3.10/dist-packages/turtlebot3_control_services/turtlebot3_control_services_s__rosidl_typesupport_fastrtps_c.cpython-310-x86_64-linux-gnu.so
[0.930s] -- Up-to-date symlink: /home/marvin/RobotArchitecture/ros2_ws/install/turtlebot3_control_services/local/lib/python3.10/dist-packages/turtlebot3_control_services/turtlebot3_control_services_s__rosidl_typesupport_introspection_c.cpython-310-x86_64-linux-gnu.so
[0.930s] -- Up-to-date symlink: /home/marvin/RobotArchitecture/ros2_ws/install/turtlebot3_control_services/local/lib/python3.10/dist-packages/turtlebot3_control_services/turtlebot3_control_services_s__rosidl_typesupport_c.cpython-310-x86_64-linux-gnu.so
[0.930s] -- Up-to-date symlink: /home/marvin/RobotArchitecture/ros2_ws/install/turtlebot3_control_services/share/turtlebot3_control_services/srv/RobotControl.idl
[0.930s] -- Up-to-date symlink: /home/marvin/RobotArchitecture/ros2_ws/install/turtlebot3_control_services/share/turtlebot3_control_services/srv/RobotControl.srv
[0.931s] -- Up-to-date symlink: /home/marvin/RobotArchitecture/ros2_ws/install/turtlebot3_control_services/share/turtlebot3_control_services/srv/RobotControl_Request.msg
[0.931s] -- Up-to-date symlink: /home/marvin/RobotArchitecture/ros2_ws/install/turtlebot3_control_services/share/turtlebot3_control_services/srv/RobotControl_Response.msg
[0.931s] -- Up-to-date symlink: /home/marvin/RobotArchitecture/ros2_ws/install/turtlebot3_control_services/share/ament_index/resource_index/package_run_dependencies/turtlebot3_control_services
[0.931s] -- Up-to-date symlink: /home/marvin/RobotArchitecture/ros2_ws/install/turtlebot3_control_services/share/ament_index/resource_index/parent_prefix_path/turtlebot3_control_services
[0.931s] -- Up-to-date symlink: /home/marvin/RobotArchitecture/ros2_ws/install/turtlebot3_control_services/share/turtlebot3_control_services/environment/ament_prefix_path.sh
[0.931s] -- Up-to-date symlink: /home/marvin/RobotArchitecture/ros2_ws/install/turtlebot3_control_services/share/turtlebot3_control_services/environment/ament_prefix_path.dsv
[0.932s] -- Up-to-date symlink: /home/marvin/RobotArchitecture/ros2_ws/install/turtlebot3_control_services/share/turtlebot3_control_services/environment/path.sh
[0.932s] -- Up-to-date symlink: /home/marvin/RobotArchitecture/ros2_ws/install/turtlebot3_control_services/share/turtlebot3_control_services/environment/path.dsv
[0.932s] -- Up-to-date symlink: /home/marvin/RobotArchitecture/ros2_ws/install/turtlebot3_control_services/share/turtlebot3_control_services/local_setup.bash
[0.932s] -- Up-to-date symlink: /home/marvin/RobotArchitecture/ros2_ws/install/turtlebot3_control_services/share/turtlebot3_control_services/local_setup.sh
[0.934s] -- Up-to-date symlink: /home/marvin/RobotArchitecture/ros2_ws/install/turtlebot3_control_services/share/turtlebot3_control_services/local_setup.zsh
[0.934s] -- Up-to-date symlink: /home/marvin/RobotArchitecture/ros2_ws/install/turtlebot3_control_services/share/turtlebot3_control_services/local_setup.dsv
[0.934s] -- Symlinking: /home/marvin/RobotArchitecture/ros2_ws/install/turtlebot3_control_services/share/turtlebot3_control_services/package.dsv
[0.944s] -- Up-to-date symlink: /home/marvin/RobotArchitecture/ros2_ws/install/turtlebot3_control_services/share/ament_index/resource_index/packages/turtlebot3_control_services
[0.944s] -- Up-to-date symlink: /home/marvin/RobotArchitecture/ros2_ws/install/turtlebot3_control_services/share/turtlebot3_control_services/cmake/rosidl_cmake-extras.cmake
[0.944s] -- Up-to-date symlink: /home/marvin/RobotArchitecture/ros2_ws/install/turtlebot3_control_services/share/turtlebot3_control_services/cmake/ament_cmake_export_dependencies-extras.cmake
[0.945s] -- Up-to-date symlink: /home/marvin/RobotArchitecture/ros2_ws/install/turtlebot3_control_services/share/turtlebot3_control_services/cmake/ament_cmake_export_include_directories-extras.cmake
[0.945s] -- Up-to-date symlink: /home/marvin/RobotArchitecture/ros2_ws/install/turtlebot3_control_services/share/turtlebot3_control_services/cmake/ament_cmake_export_libraries-extras.cmake
[0.947s] -- Up-to-date symlink: /home/marvin/RobotArchitecture/ros2_ws/install/turtlebot3_control_services/share/turtlebot3_control_services/cmake/ament_cmake_export_targets-extras.cmake
[0.947s] -- Up-to-date symlink: /home/marvin/RobotArchitecture/ros2_ws/install/turtlebot3_control_services/share/turtlebot3_control_services/cmake/rosidl_cmake_export_typesupport_targets-extras.cmake
[0.947s] -- Up-to-date symlink: /home/marvin/RobotArchitecture/ros2_ws/install/turtlebot3_control_services/share/turtlebot3_control_services/cmake/rosidl_cmake_export_typesupport_libraries-extras.cmake
[0.947s] -- Up-to-date symlink: /home/marvin/RobotArchitecture/ros2_ws/install/turtlebot3_control_services/share/turtlebot3_control_services/cmake/turtlebot3_control_servicesConfig.cmake
[0.947s] -- Up-to-date symlink: /home/marvin/RobotArchitecture/ros2_ws/install/turtlebot3_control_services/share/turtlebot3_control_services/cmake/turtlebot3_control_servicesConfig-version.cmake
[0.948s] -- Up-to-date symlink: /home/marvin/RobotArchitecture/ros2_ws/install/turtlebot3_control_services/share/turtlebot3_control_services/package.xml
[0.953s] -- Up-to-date: /home/marvin/RobotArchitecture/ros2_ws/install/turtlebot3_control_services/lib/libturtlebot3_control_services__rosidl_generator_c.so
[0.953s] -- Up-to-date: /home/marvin/RobotArchitecture/ros2_ws/install/turtlebot3_control_services/lib/libturtlebot3_control_services__rosidl_typesupport_fastrtps_c.so
[0.953s] -- Up-to-date: /home/marvin/RobotArchitecture/ros2_ws/install/turtlebot3_control_services/lib/libturtlebot3_control_services__rosidl_typesupport_fastrtps_cpp.so
[0.953s] -- Up-to-date: /home/marvin/RobotArchitecture/ros2_ws/install/turtlebot3_control_services/lib/libturtlebot3_control_services__rosidl_typesupport_introspection_c.so
[0.953s] -- Up-to-date: /home/marvin/RobotArchitecture/ros2_ws/install/turtlebot3_control_services/lib/libturtlebot3_control_services__rosidl_typesupport_c.so
[0.954s] -- Up-to-date: /home/marvin/RobotArchitecture/ros2_ws/install/turtlebot3_control_services/lib/libturtlebot3_control_services__rosidl_typesupport_introspection_cpp.so
[0.954s] -- Up-to-date: /home/marvin/RobotArchitecture/ros2_ws/install/turtlebot3_control_services/lib/libturtlebot3_control_services__rosidl_typesupport_cpp.so
[0.988s] Listing '/home/marvin/RobotArchitecture/ros2_ws/install/turtlebot3_control_services/local/lib/python3.10/dist-packages/turtlebot3_control_services'...
[0.988s] Listing '/home/marvin/RobotArchitecture/ros2_ws/install/turtlebot3_control_services/local/lib/python3.10/dist-packages/turtlebot3_control_services/srv'...
[0.993s] -- Up-to-date: /home/marvin/RobotArchitecture/ros2_ws/install/turtlebot3_control_services/lib/libturtlebot3_control_services__rosidl_generator_py.so
[0.993s] -- Up-to-date: /home/marvin/RobotArchitecture/ros2_ws/install/turtlebot3_control_services/share/turtlebot3_control_services/cmake/export_turtlebot3_control_services__rosidl_generator_cExport.cmake
[0.994s] -- Up-to-date: /home/marvin/RobotArchitecture/ros2_ws/install/turtlebot3_control_services/share/turtlebot3_control_services/cmake/export_turtlebot3_control_services__rosidl_generator_cExport-noconfig.cmake
[0.994s] -- Up-to-date: /home/marvin/RobotArchitecture/ros2_ws/install/turtlebot3_control_services/share/turtlebot3_control_services/cmake/export_turtlebot3_control_services__rosidl_typesupport_fastrtps_cExport.cmake
[0.994s] -- Up-to-date: /home/marvin/RobotArchitecture/ros2_ws/install/turtlebot3_control_services/share/turtlebot3_control_services/cmake/export_turtlebot3_control_services__rosidl_typesupport_fastrtps_cExport-noconfig.cmake
[0.994s] -- Up-to-date: /home/marvin/RobotArchitecture/ros2_ws/install/turtlebot3_control_services/share/turtlebot3_control_services/cmake/export_turtlebot3_control_services__rosidl_generator_cppExport.cmake
[0.995s] -- Up-to-date: /home/marvin/RobotArchitecture/ros2_ws/install/turtlebot3_control_services/share/turtlebot3_control_services/cmake/export_turtlebot3_control_services__rosidl_typesupport_fastrtps_cppExport.cmake
[0.995s] -- Up-to-date: /home/marvin/RobotArchitecture/ros2_ws/install/turtlebot3_control_services/share/turtlebot3_control_services/cmake/export_turtlebot3_control_services__rosidl_typesupport_fastrtps_cppExport-noconfig.cmake
[0.995s] -- Up-to-date: /home/marvin/RobotArchitecture/ros2_ws/install/turtlebot3_control_services/share/turtlebot3_control_services/cmake/turtlebot3_control_services__rosidl_typesupport_introspection_cExport.cmake
[0.995s] -- Up-to-date: /home/marvin/RobotArchitecture/ros2_ws/install/turtlebot3_control_services/share/turtlebot3_control_services/cmake/turtlebot3_control_services__rosidl_typesupport_introspection_cExport-noconfig.cmake
[0.995s] -- Up-to-date: /home/marvin/RobotArchitecture/ros2_ws/install/turtlebot3_control_services/share/turtlebot3_control_services/cmake/turtlebot3_control_services__rosidl_typesupport_cExport.cmake
[0.996s] -- Up-to-date: /home/marvin/RobotArchitecture/ros2_ws/install/turtlebot3_control_services/share/turtlebot3_control_services/cmake/turtlebot3_control_services__rosidl_typesupport_cExport-noconfig.cmake
[0.996s] -- Up-to-date: /home/marvin/RobotArchitecture/ros2_ws/install/turtlebot3_control_services/share/turtlebot3_control_services/cmake/turtlebot3_control_services__rosidl_typesupport_introspection_cppExport.cmake
[0.996s] -- Up-to-date: /home/marvin/RobotArchitecture/ros2_ws/install/turtlebot3_control_services/share/turtlebot3_control_services/cmake/turtlebot3_control_services__rosidl_typesupport_introspection_cppExport-noconfig.cmake
[0.996s] -- Up-to-date: /home/marvin/RobotArchitecture/ros2_ws/install/turtlebot3_control_services/share/turtlebot3_control_services/cmake/turtlebot3_control_services__rosidl_typesupport_cppExport.cmake
[0.996s] -- Up-to-date: /home/marvin/RobotArchitecture/ros2_ws/install/turtlebot3_control_services/share/turtlebot3_control_services/cmake/turtlebot3_control_services__rosidl_typesupport_cppExport-noconfig.cmake
[0.996s] -- Up-to-date: /home/marvin/RobotArchitecture/ros2_ws/install/turtlebot3_control_services/share/turtlebot3_control_services/cmake/export_turtlebot3_control_services__rosidl_generator_pyExport.cmake
[0.996s] -- Up-to-date: /home/marvin/RobotArchitecture/ros2_ws/install/turtlebot3_control_services/share/turtlebot3_control_services/cmake/export_turtlebot3_control_services__rosidl_generator_pyExport-noconfig.cmake
[0.999s] Invoked command in '/home/marvin/RobotArchitecture/ros2_ws/build/turtlebot3_control_services' returned '0': CMAKE_PREFIX_PATH=/home/marvin/RobotArchitecture/ros2_ws/install/custom_msgs:/home/marvin/RobotArchitecture/ros2_ws/install/turtlebot3_control_services:/home/marvin/turtlebot3_ws/install/turtlebot3:/home/marvin/turtlebot3_ws/install/turtlebot3_simulations:/home/marvin/turtlebot3_ws/install/turtlebot3_bringup:/home/marvin/turtlebot3_ws/install/turtlebot3_node:/home/marvin/turtlebot3_ws/install/turtlebot3_navigation2:/home/marvin/turtlebot3_ws/install/turtlebot3_gazebo:/home/marvin/turtlebot3_ws/install/turtlebot3_fake_node:/home/marvin/turtlebot3_ws/install/turtlebot3_description:/home/marvin/turtlebot3_ws/install/turtlebot3_cartographer:/home/marvin/RobotArchitecture/ros2_ws/install/turtlebot3_random_explorer:/home/marvin/RobotArchitecture/ros2_ws/install/turtlebot3_obstacle_avoidance:/home/marvin/RobotArchitecture/ros2_ws/install/turtlebot3_hardware_control:/home/marvin/install/turtlebot3_hardware_control:/home/marvin/install/turtlebot3_explorer:/home/marvin/turtlebot3_ws/install/turtlebot3_teleop:/home/marvin/turtlebot3_ws/install/turtlebot3_obstacle_avoidance:/home/marvin/turtlebot3_ws/install/turtlebot3_hardware_control:/home/marvin/turtlebot3_ws/install/turtlebot3_example:/opt/ros/humble LD_LIBRARY_PATH=/home/marvin/RobotArchitecture/ros2_ws/install/custom_msgs/lib:/home/marvin/RobotArchitecture/ros2_ws/install/turtlebot3_control_services/lib:/usr/lib/x86_64-linux-gnu/gazebo-11/plugins:/opt/ros/humble/opt/rviz_ogre_vendor/lib:/opt/ros/humble/lib/x86_64-linux-gnu:/opt/ros/humble/lib:/usr/lib/x86_64-linux-gnu/gazebo-11/plugins /usr/bin/cmake --install /home/marvin/RobotArchitecture/ros2_ws/build/turtlebot3_control_services
