[0.045s] Invoking command in '/home/marvin/RobotArchitecture/ros2_ws/build/custom_msgs': CMAKE_PREFIX_PATH=${CMAKE_PREFIX_PATH}:/home/marvin/RobotArchitecture/ros2_ws/install/turtlebot3_slam_management:/home/marvin/RobotArchitecture/ros2_ws/install/turtlebot3_random_explorer:/home/marvin/RobotArchitecture/ros2_ws/install/turtlebot3_obstacle_avoidance:/home/marvin/RobotArchitecture/ros2_ws/install/turtlebot3_nav_management:/home/marvin/RobotArchitecture/ros2_ws/install/turtlebot3_map_change_detection:/home/marvin/RobotArchitecture/ros2_ws/install/turtlebot3_launch_configurations:/home/marvin/RobotArchitecture/ros2_ws/install/turtlebot3_hardware_control:/home/marvin/install/turtlebot3_hardware_control:/home/marvin/install/turtlebot3_explorer:/home/marvin/turtlebot3_ws/install/turtlebot3_teleop:/home/marvin/turtlebot3_ws/install/turtlebot3_obstacle_avoidance:/home/marvin/turtlebot3_ws/install/turtlebot3_hardware_control:/home/marvin/turtlebot3_ws/install/turtlebot3_example:/opt/ros/humble /usr/bin/cmake --build /home/marvin/RobotArchitecture/ros2_ws/build/custom_msgs -- -j8 -l8
[1.013s] [  3%] Built target custom_msgs__cpp
[1.014s] [ 12%] Built target custom_msgs__rosidl_generator_c
[1.014s] [ 12%] Built target ament_cmake_python_symlink_custom_msgs
[1.015s] [ 25%] Built target custom_msgs__rosidl_typesupport_cpp
[1.015s] [ 35%] Built target custom_msgs__rosidl_typesupport_c
[1.015s] [ 41%] Built target custom_msgs__rosidl_typesupport_fastrtps_c
[1.015s] [ 58%] Built target custom_msgs__rosidl_typesupport_introspection_c
[1.015s] [ 61%] Built target custom_msgs__rosidl_typesupport_introspection_cpp
[1.015s] [ 70%] Built target custom_msgs__rosidl_typesupport_fastrtps_cpp
[1.015s] [ 70%] Built target custom_msgs
[1.015s] [ 74%] Built target custom_msgs__py
[1.015s] [ 80%] Built target custom_msgs__rosidl_generator_py
[1.015s] [ 87%] Built target custom_msgs__rosidl_typesupport_fastrtps_c__pyext
[1.016s] [ 93%] Built target custom_msgs__rosidl_typesupport_introspection_c__pyext
[1.016s] [100%] Built target custom_msgs__rosidl_typesupport_c__pyext
[1.016s] running egg_info
[1.016s] writing custom_msgs.egg-info/PKG-INFO
[1.016s] writing dependency_links to custom_msgs.egg-info/dependency_links.txt
[1.016s] writing top-level names to custom_msgs.egg-info/top_level.txt
[1.016s] reading manifest file 'custom_msgs.egg-info/SOURCES.txt'
[1.016s] writing manifest file 'custom_msgs.egg-info/SOURCES.txt'
[1.016s] [100%] Built target ament_cmake_python_build_custom_msgs_egg
[1.282s] Invoked command in '/home/marvin/RobotArchitecture/ros2_ws/build/custom_msgs' returned '0': CMAKE_PREFIX_PATH=${CMAKE_PREFIX_PATH}:/home/marvin/RobotArchitecture/ros2_ws/install/turtlebot3_slam_management:/home/marvin/RobotArchitecture/ros2_ws/install/turtlebot3_random_explorer:/home/marvin/RobotArchitecture/ros2_ws/install/turtlebot3_obstacle_avoidance:/home/marvin/RobotArchitecture/ros2_ws/install/turtlebot3_nav_management:/home/marvin/RobotArchitecture/ros2_ws/install/turtlebot3_map_change_detection:/home/marvin/RobotArchitecture/ros2_ws/install/turtlebot3_launch_configurations:/home/marvin/RobotArchitecture/ros2_ws/install/turtlebot3_hardware_control:/home/marvin/install/turtlebot3_hardware_control:/home/marvin/install/turtlebot3_explorer:/home/marvin/turtlebot3_ws/install/turtlebot3_teleop:/home/marvin/turtlebot3_ws/install/turtlebot3_obstacle_avoidance:/home/marvin/turtlebot3_ws/install/turtlebot3_hardware_control:/home/marvin/turtlebot3_ws/install/turtlebot3_example:/opt/ros/humble /usr/bin/cmake --build /home/marvin/RobotArchitecture/ros2_ws/build/custom_msgs -- -j8 -l8
[1.367s] Invoking command in '/home/marvin/RobotArchitecture/ros2_ws/build/custom_msgs': CMAKE_PREFIX_PATH=${CMAKE_PREFIX_PATH}:/home/marvin/RobotArchitecture/ros2_ws/install/turtlebot3_slam_management:/home/marvin/RobotArchitecture/ros2_ws/install/turtlebot3_random_explorer:/home/marvin/RobotArchitecture/ros2_ws/install/turtlebot3_obstacle_avoidance:/home/marvin/RobotArchitecture/ros2_ws/install/turtlebot3_nav_management:/home/marvin/RobotArchitecture/ros2_ws/install/turtlebot3_map_change_detection:/home/marvin/RobotArchitecture/ros2_ws/install/turtlebot3_launch_configurations:/home/marvin/RobotArchitecture/ros2_ws/install/turtlebot3_hardware_control:/home/marvin/install/turtlebot3_hardware_control:/home/marvin/install/turtlebot3_explorer:/home/marvin/turtlebot3_ws/install/turtlebot3_teleop:/home/marvin/turtlebot3_ws/install/turtlebot3_obstacle_avoidance:/home/marvin/turtlebot3_ws/install/turtlebot3_hardware_control:/home/marvin/turtlebot3_ws/install/turtlebot3_example:/opt/ros/humble /usr/bin/cmake --install /home/marvin/RobotArchitecture/ros2_ws/build/custom_msgs
[1.378s] -- Install configuration: ""
[1.379s] -- Execute custom install script
[1.379s] -- Up-to-date symlink: /home/marvin/RobotArchitecture/ros2_ws/install/custom_msgs/share/ament_index/resource_index/rosidl_interfaces/custom_msgs
[1.380s] -- Up-to-date symlink: /home/marvin/RobotArchitecture/ros2_ws/install/custom_msgs/include/custom_msgs/custom_msgs/msg/detail/priority_twist__functions.h
[1.380s] -- Up-to-date symlink: /home/marvin/RobotArchitecture/ros2_ws/install/custom_msgs/include/custom_msgs/custom_msgs/msg/detail/priority_twist__struct.h
[1.381s] -- Up-to-date symlink: /home/marvin/RobotArchitecture/ros2_ws/install/custom_msgs/include/custom_msgs/custom_msgs/msg/detail/priority_twist__type_support.h
[1.381s] -- Up-to-date symlink: /home/marvin/RobotArchitecture/ros2_ws/install/custom_msgs/include/custom_msgs/custom_msgs/msg/priority_twist.h
[1.381s] -- Up-to-date symlink: /home/marvin/RobotArchitecture/ros2_ws/install/custom_msgs/include/custom_msgs/custom_msgs/msg/rosidl_generator_c__visibility_control.h
[1.381s] -- Up-to-date symlink: /home/marvin/RobotArchitecture/ros2_ws/install/custom_msgs/share/custom_msgs/environment/library_path.sh
[1.381s] -- Up-to-date symlink: /home/marvin/RobotArchitecture/ros2_ws/install/custom_msgs/share/custom_msgs/environment/library_path.dsv
[1.382s] -- Up-to-date symlink: /home/marvin/RobotArchitecture/ros2_ws/install/custom_msgs/include/custom_msgs/custom_msgs/msg/detail/priority_twist__rosidl_typesupport_fastrtps_c.h
[1.382s] -- Up-to-date symlink: /home/marvin/RobotArchitecture/ros2_ws/install/custom_msgs/include/custom_msgs/custom_msgs/msg/rosidl_typesupport_fastrtps_c__visibility_control.h
[1.383s] -- Up-to-date symlink: /home/marvin/RobotArchitecture/ros2_ws/install/custom_msgs/include/custom_msgs/custom_msgs/msg/detail/priority_twist__builder.hpp
[1.383s] -- Up-to-date symlink: /home/marvin/RobotArchitecture/ros2_ws/install/custom_msgs/include/custom_msgs/custom_msgs/msg/detail/priority_twist__struct.hpp
[1.383s] -- Up-to-date symlink: /home/marvin/RobotArchitecture/ros2_ws/install/custom_msgs/include/custom_msgs/custom_msgs/msg/detail/priority_twist__traits.hpp
[1.383s] -- Up-to-date symlink: /home/marvin/RobotArchitecture/ros2_ws/install/custom_msgs/include/custom_msgs/custom_msgs/msg/priority_twist.hpp
[1.384s] -- Up-to-date symlink: /home/marvin/RobotArchitecture/ros2_ws/install/custom_msgs/include/custom_msgs/custom_msgs/msg/detail/priority_twist__rosidl_typesupport_fastrtps_cpp.hpp
[1.384s] -- Up-to-date symlink: /home/marvin/RobotArchitecture/ros2_ws/install/custom_msgs/include/custom_msgs/custom_msgs/msg/rosidl_typesupport_fastrtps_cpp__visibility_control.h
[1.385s] -- Up-to-date symlink: /home/marvin/RobotArchitecture/ros2_ws/install/custom_msgs/include/custom_msgs/custom_msgs/msg/detail/priority_twist__rosidl_typesupport_introspection_c.h
[1.385s] -- Up-to-date symlink: /home/marvin/RobotArchitecture/ros2_ws/install/custom_msgs/include/custom_msgs/custom_msgs/msg/rosidl_typesupport_introspection_c__visibility_control.h
[1.385s] -- Up-to-date symlink: /home/marvin/RobotArchitecture/ros2_ws/install/custom_msgs/include/custom_msgs/custom_msgs/msg/detail/priority_twist__rosidl_typesupport_introspection_cpp.hpp
[1.386s] -- Up-to-date symlink: /home/marvin/RobotArchitecture/ros2_ws/install/custom_msgs/share/custom_msgs/environment/pythonpath.sh
[1.386s] -- Up-to-date symlink: /home/marvin/RobotArchitecture/ros2_ws/install/custom_msgs/share/custom_msgs/environment/pythonpath.dsv
[1.387s] -- Up-to-date symlink: /home/marvin/RobotArchitecture/ros2_ws/install/custom_msgs/local/lib/python3.10/dist-packages/custom_msgs-0.0.0-py3.10.egg-info/PKG-INFO
[1.387s] -- Up-to-date symlink: /home/marvin/RobotArchitecture/ros2_ws/install/custom_msgs/local/lib/python3.10/dist-packages/custom_msgs-0.0.0-py3.10.egg-info/SOURCES.txt
[1.387s] -- Up-to-date symlink: /home/marvin/RobotArchitecture/ros2_ws/install/custom_msgs/local/lib/python3.10/dist-packages/custom_msgs-0.0.0-py3.10.egg-info/dependency_links.txt
[1.387s] -- Up-to-date symlink: /home/marvin/RobotArchitecture/ros2_ws/install/custom_msgs/local/lib/python3.10/dist-packages/custom_msgs-0.0.0-py3.10.egg-info/top_level.txt
[1.388s] -- Up-to-date symlink: /home/marvin/RobotArchitecture/ros2_ws/install/custom_msgs/local/lib/python3.10/dist-packages/custom_msgs/__init__.py
[1.388s] -- Up-to-date symlink: /home/marvin/RobotArchitecture/ros2_ws/install/custom_msgs/local/lib/python3.10/dist-packages/custom_msgs/_custom_msgs_s.ep.rosidl_typesupport_c.c
[1.389s] -- Up-to-date symlink: /home/marvin/RobotArchitecture/ros2_ws/install/custom_msgs/local/lib/python3.10/dist-packages/custom_msgs/_custom_msgs_s.ep.rosidl_typesupport_fastrtps_c.c
[1.389s] -- Up-to-date symlink: /home/marvin/RobotArchitecture/ros2_ws/install/custom_msgs/local/lib/python3.10/dist-packages/custom_msgs/_custom_msgs_s.ep.rosidl_typesupport_introspection_c.c
[1.389s] -- Up-to-date symlink: /home/marvin/RobotArchitecture/ros2_ws/install/custom_msgs/local/lib/python3.10/dist-packages/custom_msgs/custom_msgs_s__rosidl_typesupport_c.cpython-310-x86_64-linux-gnu.so
[1.389s] -- Up-to-date symlink: /home/marvin/RobotArchitecture/ros2_ws/install/custom_msgs/local/lib/python3.10/dist-packages/custom_msgs/custom_msgs_s__rosidl_typesupport_fastrtps_c.cpython-310-x86_64-linux-gnu.so
[1.389s] -- Up-to-date symlink: /home/marvin/RobotArchitecture/ros2_ws/install/custom_msgs/local/lib/python3.10/dist-packages/custom_msgs/custom_msgs_s__rosidl_typesupport_introspection_c.cpython-310-x86_64-linux-gnu.so
[1.389s] -- Up-to-date symlink: /home/marvin/RobotArchitecture/ros2_ws/install/custom_msgs/local/lib/python3.10/dist-packages/custom_msgs/libcustom_msgs__rosidl_generator_py.so
[1.390s] -- Up-to-date symlink: /home/marvin/RobotArchitecture/ros2_ws/install/custom_msgs/local/lib/python3.10/dist-packages/custom_msgs/msg/__init__.py
[1.390s] -- Up-to-date symlink: /home/marvin/RobotArchitecture/ros2_ws/install/custom_msgs/local/lib/python3.10/dist-packages/custom_msgs/msg/_priority_twist.py
[1.390s] -- Up-to-date symlink: /home/marvin/RobotArchitecture/ros2_ws/install/custom_msgs/local/lib/python3.10/dist-packages/custom_msgs/msg/_priority_twist_s.c
[1.391s] -- Up-to-date symlink: /home/marvin/RobotArchitecture/ros2_ws/install/custom_msgs/local/lib/python3.10/dist-packages/custom_msgs/custom_msgs_s__rosidl_typesupport_fastrtps_c.cpython-310-x86_64-linux-gnu.so
[1.391s] -- Up-to-date symlink: /home/marvin/RobotArchitecture/ros2_ws/install/custom_msgs/local/lib/python3.10/dist-packages/custom_msgs/custom_msgs_s__rosidl_typesupport_introspection_c.cpython-310-x86_64-linux-gnu.so
[1.391s] -- Up-to-date symlink: /home/marvin/RobotArchitecture/ros2_ws/install/custom_msgs/local/lib/python3.10/dist-packages/custom_msgs/custom_msgs_s__rosidl_typesupport_c.cpython-310-x86_64-linux-gnu.so
[1.392s] -- Up-to-date symlink: /home/marvin/RobotArchitecture/ros2_ws/install/custom_msgs/share/custom_msgs/msg/PriorityTwist.idl
[1.392s] -- Up-to-date symlink: /home/marvin/RobotArchitecture/ros2_ws/install/custom_msgs/share/custom_msgs/msg/PriorityTwist.msg
[1.392s] -- Up-to-date symlink: /home/marvin/RobotArchitecture/ros2_ws/install/custom_msgs/share/ament_index/resource_index/package_run_dependencies/custom_msgs
[1.392s] -- Up-to-date symlink: /home/marvin/RobotArchitecture/ros2_ws/install/custom_msgs/share/ament_index/resource_index/parent_prefix_path/custom_msgs
[1.393s] -- Up-to-date symlink: /home/marvin/RobotArchitecture/ros2_ws/install/custom_msgs/share/custom_msgs/environment/ament_prefix_path.sh
[1.393s] -- Up-to-date symlink: /home/marvin/RobotArchitecture/ros2_ws/install/custom_msgs/share/custom_msgs/environment/ament_prefix_path.dsv
[1.393s] -- Up-to-date symlink: /home/marvin/RobotArchitecture/ros2_ws/install/custom_msgs/share/custom_msgs/environment/path.sh
[1.393s] -- Up-to-date symlink: /home/marvin/RobotArchitecture/ros2_ws/install/custom_msgs/share/custom_msgs/environment/path.dsv
[1.394s] -- Up-to-date symlink: /home/marvin/RobotArchitecture/ros2_ws/install/custom_msgs/share/custom_msgs/local_setup.bash
[1.394s] -- Up-to-date symlink: /home/marvin/RobotArchitecture/ros2_ws/install/custom_msgs/share/custom_msgs/local_setup.sh
[1.396s] -- Up-to-date symlink: /home/marvin/RobotArchitecture/ros2_ws/install/custom_msgs/share/custom_msgs/local_setup.zsh
[1.396s] -- Up-to-date symlink: /home/marvin/RobotArchitecture/ros2_ws/install/custom_msgs/share/custom_msgs/local_setup.dsv
[1.397s] -- Symlinking: /home/marvin/RobotArchitecture/ros2_ws/install/custom_msgs/share/custom_msgs/package.dsv
[1.408s] -- Up-to-date symlink: /home/marvin/RobotArchitecture/ros2_ws/install/custom_msgs/share/ament_index/resource_index/packages/custom_msgs
[1.408s] -- Up-to-date symlink: /home/marvin/RobotArchitecture/ros2_ws/install/custom_msgs/share/custom_msgs/cmake/rosidl_cmake-extras.cmake
[1.408s] -- Up-to-date symlink: /home/marvin/RobotArchitecture/ros2_ws/install/custom_msgs/share/custom_msgs/cmake/ament_cmake_export_dependencies-extras.cmake
[1.409s] -- Up-to-date symlink: /home/marvin/RobotArchitecture/ros2_ws/install/custom_msgs/share/custom_msgs/cmake/ament_cmake_export_include_directories-extras.cmake
[1.409s] -- Up-to-date symlink: /home/marvin/RobotArchitecture/ros2_ws/install/custom_msgs/share/custom_msgs/cmake/ament_cmake_export_libraries-extras.cmake
[1.409s] -- Up-to-date symlink: /home/marvin/RobotArchitecture/ros2_ws/install/custom_msgs/share/custom_msgs/cmake/ament_cmake_export_targets-extras.cmake
[1.409s] -- Up-to-date symlink: /home/marvin/RobotArchitecture/ros2_ws/install/custom_msgs/share/custom_msgs/cmake/rosidl_cmake_export_typesupport_targets-extras.cmake
[1.410s] -- Up-to-date symlink: /home/marvin/RobotArchitecture/ros2_ws/install/custom_msgs/share/custom_msgs/cmake/rosidl_cmake_export_typesupport_libraries-extras.cmake
[1.410s] -- Up-to-date symlink: /home/marvin/RobotArchitecture/ros2_ws/install/custom_msgs/share/custom_msgs/cmake/custom_msgsConfig.cmake
[1.410s] -- Up-to-date symlink: /home/marvin/RobotArchitecture/ros2_ws/install/custom_msgs/share/custom_msgs/cmake/custom_msgsConfig-version.cmake
[1.410s] -- Up-to-date symlink: /home/marvin/RobotArchitecture/ros2_ws/install/custom_msgs/share/custom_msgs/package.xml
[1.411s] -- Up-to-date: /home/marvin/RobotArchitecture/ros2_ws/install/custom_msgs/lib/libcustom_msgs__rosidl_generator_c.so
[1.411s] -- Up-to-date: /home/marvin/RobotArchitecture/ros2_ws/install/custom_msgs/lib/libcustom_msgs__rosidl_typesupport_fastrtps_c.so
[1.413s] -- Up-to-date: /home/marvin/RobotArchitecture/ros2_ws/install/custom_msgs/lib/libcustom_msgs__rosidl_typesupport_fastrtps_cpp.so
[1.414s] -- Up-to-date: /home/marvin/RobotArchitecture/ros2_ws/install/custom_msgs/lib/libcustom_msgs__rosidl_typesupport_introspection_c.so
[1.415s] -- Up-to-date: /home/marvin/RobotArchitecture/ros2_ws/install/custom_msgs/lib/libcustom_msgs__rosidl_typesupport_c.so
[1.416s] -- Up-to-date: /home/marvin/RobotArchitecture/ros2_ws/install/custom_msgs/lib/libcustom_msgs__rosidl_typesupport_introspection_cpp.so
[1.416s] -- Up-to-date: /home/marvin/RobotArchitecture/ros2_ws/install/custom_msgs/lib/libcustom_msgs__rosidl_typesupport_cpp.so
[1.482s] Listing '/home/marvin/RobotArchitecture/ros2_ws/install/custom_msgs/local/lib/python3.10/dist-packages/custom_msgs'...
[1.482s] Listing '/home/marvin/RobotArchitecture/ros2_ws/install/custom_msgs/local/lib/python3.10/dist-packages/custom_msgs/msg'...
[1.488s] -- Up-to-date: /home/marvin/RobotArchitecture/ros2_ws/install/custom_msgs/lib/libcustom_msgs__rosidl_generator_py.so
[1.488s] -- Up-to-date: /home/marvin/RobotArchitecture/ros2_ws/install/custom_msgs/share/custom_msgs/cmake/export_custom_msgs__rosidl_generator_cExport.cmake
[1.489s] -- Up-to-date: /home/marvin/RobotArchitecture/ros2_ws/install/custom_msgs/share/custom_msgs/cmake/export_custom_msgs__rosidl_generator_cExport-noconfig.cmake
[1.489s] -- Up-to-date: /home/marvin/RobotArchitecture/ros2_ws/install/custom_msgs/share/custom_msgs/cmake/export_custom_msgs__rosidl_typesupport_fastrtps_cExport.cmake
[1.489s] -- Up-to-date: /home/marvin/RobotArchitecture/ros2_ws/install/custom_msgs/share/custom_msgs/cmake/export_custom_msgs__rosidl_typesupport_fastrtps_cExport-noconfig.cmake
[1.489s] -- Up-to-date: /home/marvin/RobotArchitecture/ros2_ws/install/custom_msgs/share/custom_msgs/cmake/export_custom_msgs__rosidl_generator_cppExport.cmake
[1.489s] -- Up-to-date: /home/marvin/RobotArchitecture/ros2_ws/install/custom_msgs/share/custom_msgs/cmake/export_custom_msgs__rosidl_typesupport_fastrtps_cppExport.cmake
[1.490s] -- Up-to-date: /home/marvin/RobotArchitecture/ros2_ws/install/custom_msgs/share/custom_msgs/cmake/export_custom_msgs__rosidl_typesupport_fastrtps_cppExport-noconfig.cmake
[1.490s] -- Up-to-date: /home/marvin/RobotArchitecture/ros2_ws/install/custom_msgs/share/custom_msgs/cmake/custom_msgs__rosidl_typesupport_introspection_cExport.cmake
[1.490s] -- Up-to-date: /home/marvin/RobotArchitecture/ros2_ws/install/custom_msgs/share/custom_msgs/cmake/custom_msgs__rosidl_typesupport_introspection_cExport-noconfig.cmake
[1.490s] -- Up-to-date: /home/marvin/RobotArchitecture/ros2_ws/install/custom_msgs/share/custom_msgs/cmake/custom_msgs__rosidl_typesupport_cExport.cmake
[1.490s] -- Up-to-date: /home/marvin/RobotArchitecture/ros2_ws/install/custom_msgs/share/custom_msgs/cmake/custom_msgs__rosidl_typesupport_cExport-noconfig.cmake
[1.491s] -- Up-to-date: /home/marvin/RobotArchitecture/ros2_ws/install/custom_msgs/share/custom_msgs/cmake/custom_msgs__rosidl_typesupport_introspection_cppExport.cmake
[1.491s] -- Up-to-date: /home/marvin/RobotArchitecture/ros2_ws/install/custom_msgs/share/custom_msgs/cmake/custom_msgs__rosidl_typesupport_introspection_cppExport-noconfig.cmake
[1.491s] -- Up-to-date: /home/marvin/RobotArchitecture/ros2_ws/install/custom_msgs/share/custom_msgs/cmake/custom_msgs__rosidl_typesupport_cppExport.cmake
[1.491s] -- Up-to-date: /home/marvin/RobotArchitecture/ros2_ws/install/custom_msgs/share/custom_msgs/cmake/custom_msgs__rosidl_typesupport_cppExport-noconfig.cmake
[1.491s] -- Up-to-date: /home/marvin/RobotArchitecture/ros2_ws/install/custom_msgs/share/custom_msgs/cmake/export_custom_msgs__rosidl_generator_pyExport.cmake
[1.491s] -- Up-to-date: /home/marvin/RobotArchitecture/ros2_ws/install/custom_msgs/share/custom_msgs/cmake/export_custom_msgs__rosidl_generator_pyExport-noconfig.cmake
[1.493s] Invoked command in '/home/marvin/RobotArchitecture/ros2_ws/build/custom_msgs' returned '0': CMAKE_PREFIX_PATH=${CMAKE_PREFIX_PATH}:/home/marvin/RobotArchitecture/ros2_ws/install/turtlebot3_slam_management:/home/marvin/RobotArchitecture/ros2_ws/install/turtlebot3_random_explorer:/home/marvin/RobotArchitecture/ros2_ws/install/turtlebot3_obstacle_avoidance:/home/marvin/RobotArchitecture/ros2_ws/install/turtlebot3_nav_management:/home/marvin/RobotArchitecture/ros2_ws/install/turtlebot3_map_change_detection:/home/marvin/RobotArchitecture/ros2_ws/install/turtlebot3_launch_configurations:/home/marvin/RobotArchitecture/ros2_ws/install/turtlebot3_hardware_control:/home/marvin/install/turtlebot3_hardware_control:/home/marvin/install/turtlebot3_explorer:/home/marvin/turtlebot3_ws/install/turtlebot3_teleop:/home/marvin/turtlebot3_ws/install/turtlebot3_obstacle_avoidance:/home/marvin/turtlebot3_ws/install/turtlebot3_hardware_control:/home/marvin/turtlebot3_ws/install/turtlebot3_example:/opt/ros/humble /usr/bin/cmake --install /home/marvin/RobotArchitecture/ros2_ws/build/custom_msgs
