[3.592s] Invoking command in '/home/rama/catkin_ws/src/nodes': PYTHONPATH=/home/rama/catkin_ws/build/nodes/prefix_override:/home/rama/catkin_ws/install/nodes/lib/python3.8/site-packages:${PYTHONPATH} /usr/bin/python3 setup.py egg_info --egg-base ../../build/nodes build --build-base /home/rama/catkin_ws/build/nodes/build install --record /home/rama/catkin_ws/build/nodes/install.log --install-scripts $base/lib/nodes --single-version-externally-managed
[4.660s] running egg_info
[4.666s] writing ../../build/nodes/nodes.egg-info/PKG-INFO
[4.666s] writing dependency_links to ../../build/nodes/nodes.egg-info/dependency_links.txt
[4.666s] writing entry points to ../../build/nodes/nodes.egg-info/entry_points.txt
[4.670s] writing requirements to ../../build/nodes/nodes.egg-info/requires.txt
[4.671s] writing top-level names to ../../build/nodes/nodes.egg-info/top_level.txt
[4.854s] reading manifest file '../../build/nodes/nodes.egg-info/SOURCES.txt'
[4.857s] writing manifest file '../../build/nodes/nodes.egg-info/SOURCES.txt'
[4.858s] running build
[4.858s] running build_py
[4.859s] copying nodes/kf_depthCamera.py -> /home/rama/catkin_ws/build/nodes/build/lib/nodes
[4.859s] running install
[4.864s] running install_lib
[4.868s] copying /home/rama/catkin_ws/build/nodes/build/lib/nodes/kf_depthCamera.py -> /home/rama/catkin_ws/install/nodes/lib/python3.8/site-packages/nodes
[4.871s] byte-compiling /home/rama/catkin_ws/install/nodes/lib/python3.8/site-packages/nodes/kf_depthCamera.py to kf_depthCamera.cpython-38.pyc
[4.882s] running install_data
[4.882s] running install_egg_info
[4.890s] removing '/home/rama/catkin_ws/install/nodes/lib/python3.8/site-packages/nodes-0.0.0-py3.8.egg-info' (and everything under it)
[4.891s] Copying ../../build/nodes/nodes.egg-info to /home/rama/catkin_ws/install/nodes/lib/python3.8/site-packages/nodes-0.0.0-py3.8.egg-info
[4.894s] running install_scripts
[4.986s] Installing kf_depthCamera script to /home/rama/catkin_ws/install/nodes/lib/nodes
[4.987s] writing list of installed files to '/home/rama/catkin_ws/build/nodes/install.log'
[5.092s] Invoked command in '/home/rama/catkin_ws/src/nodes' returned '0': PYTHONPATH=/home/rama/catkin_ws/build/nodes/prefix_override:/home/rama/catkin_ws/install/nodes/lib/python3.8/site-packages:${PYTHONPATH} /usr/bin/python3 setup.py egg_info --egg-base ../../build/nodes build --build-base /home/rama/catkin_ws/build/nodes/build install --record /home/rama/catkin_ws/build/nodes/install.log --install-scripts $base/lib/nodes --single-version-externally-managed
