[2.366s] Invoking command in '/home/rama/catkin_ws/src/nodes2': PYTHONPATH=/home/rama/catkin_ws/build/nodes2/prefix_override:/home/rama/catkin_ws/install/nodes2/lib/python3.8/site-packages:${PYTHONPATH} /usr/bin/python3 setup.py egg_info --egg-base ../../build/nodes2 build --build-base /home/rama/catkin_ws/build/nodes2/build install --record /home/rama/catkin_ws/build/nodes2/install.log --install-scripts $base/lib/nodes2 --single-version-externally-managed
[2.926s] running egg_info
[2.928s] writing ../../build/nodes2/nodes2.egg-info/PKG-INFO
[2.928s] writing dependency_links to ../../build/nodes2/nodes2.egg-info/dependency_links.txt
[2.929s] writing entry points to ../../build/nodes2/nodes2.egg-info/entry_points.txt
[2.929s] writing requirements to ../../build/nodes2/nodes2.egg-info/requires.txt
[2.930s] writing top-level names to ../../build/nodes2/nodes2.egg-info/top_level.txt
[3.036s] reading manifest file '../../build/nodes2/nodes2.egg-info/SOURCES.txt'
[3.039s] writing manifest file '../../build/nodes2/nodes2.egg-info/SOURCES.txt'
[3.039s] running build
[3.039s] running build_py
[3.040s] running install
[3.043s] running install_lib
[3.047s] running install_data
[3.048s] running install_egg_info
[3.053s] removing '/home/rama/catkin_ws/install/nodes2/lib/python3.8/site-packages/nodes2-0.0.0-py3.8.egg-info' (and everything under it)
[3.054s] Copying ../../build/nodes2/nodes2.egg-info to /home/rama/catkin_ws/install/nodes2/lib/python3.8/site-packages/nodes2-0.0.0-py3.8.egg-info
[3.056s] running install_scripts
[3.110s] writing list of installed files to '/home/rama/catkin_ws/build/nodes2/install.log'
[3.187s] Invoked command in '/home/rama/catkin_ws/src/nodes2' returned '0': PYTHONPATH=/home/rama/catkin_ws/build/nodes2/prefix_override:/home/rama/catkin_ws/install/nodes2/lib/python3.8/site-packages:${PYTHONPATH} /usr/bin/python3 setup.py egg_info --egg-base ../../build/nodes2 build --build-base /home/rama/catkin_ws/build/nodes2/build install --record /home/rama/catkin_ws/build/nodes2/install.log --install-scripts $base/lib/nodes2 --single-version-externally-managed
