[1.099s] Invoking command in '/home/rama/catkin_ws/src/nodes': PYTHONPATH=/home/rama/catkin_ws/build/nodes/prefix_override:/home/rama/catkin_ws/install/nodes/lib/python3.8/site-packages:${PYTHONPATH} /usr/bin/python3 setup.py egg_info --egg-base ../../build/nodes build --build-base /home/rama/catkin_ws/build/nodes/build install --record /home/rama/catkin_ws/build/nodes/install.log --install-scripts $base/lib/nodes --single-version-externally-managed
[1.330s] running egg_info
[1.332s] writing ../../build/nodes/nodes.egg-info/PKG-INFO
[1.332s] writing dependency_links to ../../build/nodes/nodes.egg-info/dependency_links.txt
[1.332s] writing entry points to ../../build/nodes/nodes.egg-info/entry_points.txt
[1.332s] writing requirements to ../../build/nodes/nodes.egg-info/requires.txt
[1.332s] writing top-level names to ../../build/nodes/nodes.egg-info/top_level.txt
[1.368s] reading manifest file '../../build/nodes/nodes.egg-info/SOURCES.txt'
[1.368s] writing manifest file '../../build/nodes/nodes.egg-info/SOURCES.txt'
[1.369s] running build
[1.369s] running build_py
[1.369s] copying nodes/hand_gesture_recognition.py -> /home/rama/catkin_ws/build/nodes/build/lib/nodes
[1.369s] running install
[1.370s] running install_lib
[1.371s] copying /home/rama/catkin_ws/build/nodes/build/lib/nodes/hand_gesture_recognition.py -> /home/rama/catkin_ws/install/nodes/lib/python3.8/site-packages/nodes
[1.371s] byte-compiling /home/rama/catkin_ws/install/nodes/lib/python3.8/site-packages/nodes/hand_gesture_recognition.py to hand_gesture_recognition.cpython-38.pyc
[1.374s] running install_data
[1.374s] running install_egg_info
[1.376s] removing '/home/rama/catkin_ws/install/nodes/lib/python3.8/site-packages/nodes-0.0.0-py3.8.egg-info' (and everything under it)
[1.376s] Copying ../../build/nodes/nodes.egg-info to /home/rama/catkin_ws/install/nodes/lib/python3.8/site-packages/nodes-0.0.0-py3.8.egg-info
[1.377s] running install_scripts
[1.394s] Installing Handgesture_node script to /home/rama/catkin_ws/install/nodes/lib/nodes
[1.394s] Installing kf_depthCamera script to /home/rama/catkin_ws/install/nodes/lib/nodes
[1.395s] Installing test_node script to /home/rama/catkin_ws/install/nodes/lib/nodes
[1.395s] writing list of installed files to '/home/rama/catkin_ws/build/nodes/install.log'
[1.418s] Invoked command in '/home/rama/catkin_ws/src/nodes' returned '0': PYTHONPATH=/home/rama/catkin_ws/build/nodes/prefix_override:/home/rama/catkin_ws/install/nodes/lib/python3.8/site-packages:${PYTHONPATH} /usr/bin/python3 setup.py egg_info --egg-base ../../build/nodes build --build-base /home/rama/catkin_ws/build/nodes/build install --record /home/rama/catkin_ws/build/nodes/install.log --install-scripts $base/lib/nodes --single-version-externally-managed
