[4.861s] Invoking command in '/home/rama/catkin_ws/src/nodes': PYTHONPATH=/home/rama/catkin_ws/build/nodes/prefix_override:/home/rama/catkin_ws/install/nodes/lib/python3.8/site-packages:${PYTHONPATH} /usr/bin/python3 setup.py egg_info --egg-base ../../build/nodes build --build-base /home/rama/catkin_ws/build/nodes/build install --record /home/rama/catkin_ws/build/nodes/install.log --install-scripts $base/lib/nodes --single-version-externally-managed
[5.965s] running egg_info
[5.967s] writing ../../build/nodes/nodes.egg-info/PKG-INFO
[5.968s] writing dependency_links to ../../build/nodes/nodes.egg-info/dependency_links.txt
[5.968s] writing entry points to ../../build/nodes/nodes.egg-info/entry_points.txt
[5.968s] writing requirements to ../../build/nodes/nodes.egg-info/requires.txt
[5.968s] writing top-level names to ../../build/nodes/nodes.egg-info/top_level.txt
[6.173s] reading manifest file '../../build/nodes/nodes.egg-info/SOURCES.txt'
[6.176s] writing manifest file '../../build/nodes/nodes.egg-info/SOURCES.txt'
[6.176s] running build
[6.176s] running build_py
[6.177s] copying nodes/obstacle_avoidance.py -> /home/rama/catkin_ws/build/nodes/build/lib/nodes
[6.177s] running install
[6.182s] running install_lib
[6.190s] copying /home/rama/catkin_ws/build/nodes/build/lib/nodes/obstacle_avoidance.py -> /home/rama/catkin_ws/install/nodes/lib/python3.8/site-packages/nodes
[6.192s] byte-compiling /home/rama/catkin_ws/install/nodes/lib/python3.8/site-packages/nodes/obstacle_avoidance.py to obstacle_avoidance.cpython-38.pyc
[6.199s] running install_data
[6.201s] running install_egg_info
[6.209s] removing '/home/rama/catkin_ws/install/nodes/lib/python3.8/site-packages/nodes-0.0.0-py3.8.egg-info' (and everything under it)
[6.214s] Copying ../../build/nodes/nodes.egg-info to /home/rama/catkin_ws/install/nodes/lib/python3.8/site-packages/nodes-0.0.0-py3.8.egg-info
[6.217s] running install_scripts
[6.304s] Installing Handgesture_node script to /home/rama/catkin_ws/install/nodes/lib/nodes
[6.305s] Installing kf_depthCamera script to /home/rama/catkin_ws/install/nodes/lib/nodes
[6.305s] Installing obstacle_avoidance_node script to /home/rama/catkin_ws/install/nodes/lib/nodes
[6.305s] Installing test_node script to /home/rama/catkin_ws/install/nodes/lib/nodes
[6.306s] writing list of installed files to '/home/rama/catkin_ws/build/nodes/install.log'
[6.423s] Invoked command in '/home/rama/catkin_ws/src/nodes' returned '0': PYTHONPATH=/home/rama/catkin_ws/build/nodes/prefix_override:/home/rama/catkin_ws/install/nodes/lib/python3.8/site-packages:${PYTHONPATH} /usr/bin/python3 setup.py egg_info --egg-base ../../build/nodes build --build-base /home/rama/catkin_ws/build/nodes/build install --record /home/rama/catkin_ws/build/nodes/install.log --install-scripts $base/lib/nodes --single-version-externally-managed
