[0.055s] Invoking command in '/home/marvin/RobotArchitecture/ros2_ws/build/custom_msgs': CMAKE_PREFIX_PATH=${CMAKE_PREFIX_PATH}:/home/marvin/RobotArchitecture/ros2_ws/install/turtlebot3_teleop:/home/marvin/RobotArchitecture/ros2_ws/install/turtlebot3_slam_management:/home/marvin/RobotArchitecture/ros2_ws/install/turtlebot3_random_explorer:/home/marvin/RobotArchitecture/ros2_ws/install/turtlebot3_obstacle_avoidance:/home/marvin/RobotArchitecture/ros2_ws/install/turtlebot3_nav_management:/home/marvin/RobotArchitecture/ros2_ws/install/turtlebot3_map_change_detection:/home/marvin/RobotArchitecture/ros2_ws/install/turtlebot3_launch_configurations:/home/marvin/RobotArchitecture/ros2_ws/install/turtlebot3_hardware_control:/home/marvin/RobotArchitecture/ros2_ws/install/turtlebot3_example:/home/marvin/RobotArchitecture/ros2_ws/install/turtlebot3_analysis:/home/marvin/RobotArchitecture/ros2_ws/install/turtlebot3_auto_navigator:/opt/ros/humble /usr/bin/cmake --build /home/marvin/RobotArchitecture/ros2_ws/build/custom_msgs -- -j8 -l8
[0.442s] [  9%] Built target custom_msgs__rosidl_generator_c
[0.443s] [ 12%] Built target custom_msgs__cpp
[0.443s] [ 12%] Built target ament_cmake_python_symlink_custom_msgs
[0.443s] [ 25%] Built target custom_msgs__rosidl_typesupport_c
[0.444s] [ 32%] Built target custom_msgs__rosidl_typesupport_fastrtps_c
[0.444s] [ 41%] Built target custom_msgs__rosidl_typesupport_introspection_c
[0.444s] [ 51%] Built target custom_msgs__rosidl_typesupport_fastrtps_cpp
[0.445s] [ 61%] Built target custom_msgs__rosidl_typesupport_introspection_cpp
[0.445s] [ 70%] Built target custom_msgs__rosidl_typesupport_cpp
[0.446s] [ 70%] Built target custom_msgs
[0.446s] [ 74%] Built target custom_msgs__py
[0.446s] [ 80%] Built target custom_msgs__rosidl_generator_py
[0.446s] [ 93%] Built target custom_msgs__rosidl_typesupport_introspection_c__pyext
[0.447s] [ 93%] Built target custom_msgs__rosidl_typesupport_c__pyext
[0.448s] [100%] Built target custom_msgs__rosidl_typesupport_fastrtps_c__pyext
[0.451s] running egg_info
[0.451s] writing custom_msgs.egg-info/PKG-INFO
[0.452s] writing dependency_links to custom_msgs.egg-info/dependency_links.txt
[0.452s] writing top-level names to custom_msgs.egg-info/top_level.txt
[0.454s] reading manifest file 'custom_msgs.egg-info/SOURCES.txt'
[0.515s] [100%] Built target ament_cmake_python_build_custom_msgs_egg
[0.556s] Invoked command in '/home/marvin/RobotArchitecture/ros2_ws/build/custom_msgs' returned '0': CMAKE_PREFIX_PATH=${CMAKE_PREFIX_PATH}:/home/marvin/RobotArchitecture/ros2_ws/install/turtlebot3_teleop:/home/marvin/RobotArchitecture/ros2_ws/install/turtlebot3_slam_management:/home/marvin/RobotArchitecture/ros2_ws/install/turtlebot3_random_explorer:/home/marvin/RobotArchitecture/ros2_ws/install/turtlebot3_obstacle_avoidance:/home/marvin/RobotArchitecture/ros2_ws/install/turtlebot3_nav_management:/home/marvin/RobotArchitecture/ros2_ws/install/turtlebot3_map_change_detection:/home/marvin/RobotArchitecture/ros2_ws/install/turtlebot3_launch_configurations:/home/marvin/RobotArchitecture/ros2_ws/install/turtlebot3_hardware_control:/home/marvin/RobotArchitecture/ros2_ws/install/turtlebot3_example:/home/marvin/RobotArchitecture/ros2_ws/install/turtlebot3_analysis:/home/marvin/RobotArchitecture/ros2_ws/install/turtlebot3_auto_navigator:/opt/ros/humble /usr/bin/cmake --build /home/marvin/RobotArchitecture/ros2_ws/build/custom_msgs -- -j8 -l8
[0.642s] Invoking command in '/home/marvin/RobotArchitecture/ros2_ws/build/custom_msgs': CMAKE_PREFIX_PATH=${CMAKE_PREFIX_PATH}:/home/marvin/RobotArchitecture/ros2_ws/install/turtlebot3_teleop:/home/marvin/RobotArchitecture/ros2_ws/install/turtlebot3_slam_management:/home/marvin/RobotArchitecture/ros2_ws/install/turtlebot3_random_explorer:/home/marvin/RobotArchitecture/ros2_ws/install/turtlebot3_obstacle_avoidance:/home/marvin/RobotArchitecture/ros2_ws/install/turtlebot3_nav_management:/home/marvin/RobotArchitecture/ros2_ws/install/turtlebot3_map_change_detection:/home/marvin/RobotArchitecture/ros2_ws/install/turtlebot3_launch_configurations:/home/marvin/RobotArchitecture/ros2_ws/install/turtlebot3_hardware_control:/home/marvin/RobotArchitecture/ros2_ws/install/turtlebot3_example:/home/marvin/RobotArchitecture/ros2_ws/install/turtlebot3_analysis:/home/marvin/RobotArchitecture/ros2_ws/install/turtlebot3_auto_navigator:/opt/ros/humble /usr/bin/cmake --install /home/marvin/RobotArchitecture/ros2_ws/build/custom_msgs
[0.650s] -- Install configuration: ""
[0.651s] -- Execute custom install script
[0.651s] -- Up-to-date symlink: /home/marvin/RobotArchitecture/ros2_ws/install/custom_msgs/share/ament_index/resource_index/rosidl_interfaces/custom_msgs
[0.651s] -- Up-to-date symlink: /home/marvin/RobotArchitecture/ros2_ws/install/custom_msgs/include/custom_msgs/custom_msgs/msg/detail/priority_twist__functions.h
[0.651s] -- Up-to-date symlink: /home/marvin/RobotArchitecture/ros2_ws/install/custom_msgs/include/custom_msgs/custom_msgs/msg/detail/priority_twist__struct.h
[0.651s] -- Up-to-date symlink: /home/marvin/RobotArchitecture/ros2_ws/install/custom_msgs/include/custom_msgs/custom_msgs/msg/detail/priority_twist__type_support.h
[0.652s] -- Up-to-date symlink: /home/marvin/RobotArchitecture/ros2_ws/install/custom_msgs/include/custom_msgs/custom_msgs/msg/priority_twist.h
[0.652s] -- Up-to-date symlink: /home/marvin/RobotArchitecture/ros2_ws/install/custom_msgs/include/custom_msgs/custom_msgs/msg/rosidl_generator_c__visibility_control.h
[0.652s] -- Up-to-date symlink: /home/marvin/RobotArchitecture/ros2_ws/install/custom_msgs/share/custom_msgs/environment/library_path.sh
[0.652s] -- Up-to-date symlink: /home/marvin/RobotArchitecture/ros2_ws/install/custom_msgs/share/custom_msgs/environment/library_path.dsv
[0.652s] -- Up-to-date symlink: /home/marvin/RobotArchitecture/ros2_ws/install/custom_msgs/include/custom_msgs/custom_msgs/msg/detail/priority_twist__rosidl_typesupport_fastrtps_c.h
[0.652s] -- Up-to-date symlink: /home/marvin/RobotArchitecture/ros2_ws/install/custom_msgs/include/custom_msgs/custom_msgs/msg/rosidl_typesupport_fastrtps_c__visibility_control.h
[0.653s] -- Up-to-date symlink: /home/marvin/RobotArchitecture/ros2_ws/install/custom_msgs/include/custom_msgs/custom_msgs/msg/detail/priority_twist__builder.hpp
[0.653s] -- Up-to-date symlink: /home/marvin/RobotArchitecture/ros2_ws/install/custom_msgs/include/custom_msgs/custom_msgs/msg/detail/priority_twist__struct.hpp
[0.653s] -- Up-to-date symlink: /home/marvin/RobotArchitecture/ros2_ws/install/custom_msgs/include/custom_msgs/custom_msgs/msg/detail/priority_twist__traits.hpp
[0.653s] -- Up-to-date symlink: /home/marvin/RobotArchitecture/ros2_ws/install/custom_msgs/include/custom_msgs/custom_msgs/msg/priority_twist.hpp
[0.653s] -- Up-to-date symlink: /home/marvin/RobotArchitecture/ros2_ws/install/custom_msgs/include/custom_msgs/custom_msgs/msg/detail/priority_twist__rosidl_typesupport_fastrtps_cpp.hpp
[0.654s] -- Up-to-date symlink: /home/marvin/RobotArchitecture/ros2_ws/install/custom_msgs/include/custom_msgs/custom_msgs/msg/rosidl_typesupport_fastrtps_cpp__visibility_control.h
[0.654s] -- Up-to-date symlink: /home/marvin/RobotArchitecture/ros2_ws/install/custom_msgs/include/custom_msgs/custom_msgs/msg/detail/priority_twist__rosidl_typesupport_introspection_c.h
[0.654s] -- Up-to-date symlink: /home/marvin/RobotArchitecture/ros2_ws/install/custom_msgs/include/custom_msgs/custom_msgs/msg/rosidl_typesupport_introspection_c__visibility_control.h
[0.655s] -- Up-to-date symlink: /home/marvin/RobotArchitecture/ros2_ws/install/custom_msgs/include/custom_msgs/custom_msgs/msg/detail/priority_twist__rosidl_typesupport_introspection_cpp.hpp
[0.655s] -- Up-to-date symlink: /home/marvin/RobotArchitecture/ros2_ws/install/custom_msgs/share/custom_msgs/environment/pythonpath.sh
[0.655s] -- Up-to-date symlink: /home/marvin/RobotArchitecture/ros2_ws/install/custom_msgs/share/custom_msgs/environment/pythonpath.dsv
[0.666s] -- Up-to-date symlink: /home/marvin/RobotArchitecture/ros2_ws/install/custom_msgs/local/lib/python3.10/dist-packages/custom_msgs-0.0.0-py3.10.egg-info/PKG-INFO
[0.666s] -- Up-to-date symlink: /home/marvin/RobotArchitecture/ros2_ws/install/custom_msgs/local/lib/python3.10/dist-packages/custom_msgs-0.0.0-py3.10.egg-info/SOURCES.txt
[0.667s] -- Up-to-date symlink: /home/marvin/RobotArchitecture/ros2_ws/install/custom_msgs/local/lib/python3.10/dist-packages/custom_msgs-0.0.0-py3.10.egg-info/dependency_links.txt
[0.667s] -- Up-to-date symlink: /home/marvin/RobotArchitecture/ros2_ws/install/custom_msgs/local/lib/python3.10/dist-packages/custom_msgs-0.0.0-py3.10.egg-info/top_level.txt
[0.667s] -- Up-to-date symlink: /home/marvin/RobotArchitecture/ros2_ws/install/custom_msgs/local/lib/python3.10/dist-packages/custom_msgs/__init__.py
[0.667s] -- Up-to-date symlink: /home/marvin/RobotArchitecture/ros2_ws/install/custom_msgs/local/lib/python3.10/dist-packages/custom_msgs/_custom_msgs_s.ep.rosidl_typesupport_c.c
[0.667s] -- Up-to-date symlink: /home/marvin/RobotArchitecture/ros2_ws/install/custom_msgs/local/lib/python3.10/dist-packages/custom_msgs/_custom_msgs_s.ep.rosidl_typesupport_fastrtps_c.c
[0.667s] -- Up-to-date symlink: /home/marvin/RobotArchitecture/ros2_ws/install/custom_msgs/local/lib/python3.10/dist-packages/custom_msgs/_custom_msgs_s.ep.rosidl_typesupport_introspection_c.c
[0.668s] -- Up-to-date symlink: /home/marvin/RobotArchitecture/ros2_ws/install/custom_msgs/local/lib/python3.10/dist-packages/custom_msgs/custom_msgs_s__rosidl_typesupport_c.cpython-310-x86_64-linux-gnu.so
[0.668s] -- Up-to-date symlink: /home/marvin/RobotArchitecture/ros2_ws/install/custom_msgs/local/lib/python3.10/dist-packages/custom_msgs/custom_msgs_s__rosidl_typesupport_fastrtps_c.cpython-310-x86_64-linux-gnu.so
[0.668s] -- Up-to-date symlink: /home/marvin/RobotArchitecture/ros2_ws/install/custom_msgs/local/lib/python3.10/dist-packages/custom_msgs/custom_msgs_s__rosidl_typesupport_introspection_c.cpython-310-x86_64-linux-gnu.so
[0.668s] -- Up-to-date symlink: /home/marvin/RobotArchitecture/ros2_ws/install/custom_msgs/local/lib/python3.10/dist-packages/custom_msgs/libcustom_msgs__rosidl_generator_py.so
[0.668s] -- Up-to-date symlink: /home/marvin/RobotArchitecture/ros2_ws/install/custom_msgs/local/lib/python3.10/dist-packages/custom_msgs/msg/__init__.py
[0.668s] -- Up-to-date symlink: /home/marvin/RobotArchitecture/ros2_ws/install/custom_msgs/local/lib/python3.10/dist-packages/custom_msgs/msg/_priority_twist.py
[0.669s] -- Up-to-date symlink: /home/marvin/RobotArchitecture/ros2_ws/install/custom_msgs/local/lib/python3.10/dist-packages/custom_msgs/msg/_priority_twist_s.c
[0.669s] -- Up-to-date symlink: /home/marvin/RobotArchitecture/ros2_ws/install/custom_msgs/local/lib/python3.10/dist-packages/custom_msgs/custom_msgs_s__rosidl_typesupport_fastrtps_c.cpython-310-x86_64-linux-gnu.so
[0.669s] -- Up-to-date symlink: /home/marvin/RobotArchitecture/ros2_ws/install/custom_msgs/local/lib/python3.10/dist-packages/custom_msgs/custom_msgs_s__rosidl_typesupport_introspection_c.cpython-310-x86_64-linux-gnu.so
[0.669s] -- Up-to-date symlink: /home/marvin/RobotArchitecture/ros2_ws/install/custom_msgs/local/lib/python3.10/dist-packages/custom_msgs/custom_msgs_s__rosidl_typesupport_c.cpython-310-x86_64-linux-gnu.so
[0.672s] -- Up-to-date symlink: /home/marvin/RobotArchitecture/ros2_ws/install/custom_msgs/share/custom_msgs/msg/PriorityTwist.idl
[0.673s] -- Up-to-date symlink: /home/marvin/RobotArchitecture/ros2_ws/install/custom_msgs/share/custom_msgs/msg/PriorityTwist.msg
[0.673s] -- Up-to-date symlink: /home/marvin/RobotArchitecture/ros2_ws/install/custom_msgs/share/ament_index/resource_index/package_run_dependencies/custom_msgs
[0.673s] -- Up-to-date symlink: /home/marvin/RobotArchitecture/ros2_ws/install/custom_msgs/share/ament_index/resource_index/parent_prefix_path/custom_msgs
[0.673s] -- Up-to-date symlink: /home/marvin/RobotArchitecture/ros2_ws/install/custom_msgs/share/custom_msgs/environment/ament_prefix_path.sh
[0.673s] -- Up-to-date symlink: /home/marvin/RobotArchitecture/ros2_ws/install/custom_msgs/share/custom_msgs/environment/ament_prefix_path.dsv
[0.674s] -- Up-to-date symlink: /home/marvin/RobotArchitecture/ros2_ws/install/custom_msgs/share/custom_msgs/environment/path.sh
[0.675s] -- Up-to-date symlink: /home/marvin/RobotArchitecture/ros2_ws/install/custom_msgs/share/custom_msgs/environment/path.dsv
[0.675s] -- Up-to-date symlink: /home/marvin/RobotArchitecture/ros2_ws/install/custom_msgs/share/custom_msgs/local_setup.bash
[0.675s] -- Up-to-date symlink: /home/marvin/RobotArchitecture/ros2_ws/install/custom_msgs/share/custom_msgs/local_setup.sh
[0.675s] -- Up-to-date symlink: /home/marvin/RobotArchitecture/ros2_ws/install/custom_msgs/share/custom_msgs/local_setup.zsh
[0.675s] -- Up-to-date symlink: /home/marvin/RobotArchitecture/ros2_ws/install/custom_msgs/share/custom_msgs/local_setup.dsv
[0.675s] -- Symlinking: /home/marvin/RobotArchitecture/ros2_ws/install/custom_msgs/share/custom_msgs/package.dsv
[0.677s] -- Up-to-date symlink: /home/marvin/RobotArchitecture/ros2_ws/install/custom_msgs/share/ament_index/resource_index/packages/custom_msgs
[0.678s] -- Up-to-date symlink: /home/marvin/RobotArchitecture/ros2_ws/install/custom_msgs/share/custom_msgs/cmake/rosidl_cmake-extras.cmake
[0.678s] -- Up-to-date symlink: /home/marvin/RobotArchitecture/ros2_ws/install/custom_msgs/share/custom_msgs/cmake/ament_cmake_export_dependencies-extras.cmake
[0.679s] -- Up-to-date symlink: /home/marvin/RobotArchitecture/ros2_ws/install/custom_msgs/share/custom_msgs/cmake/ament_cmake_export_include_directories-extras.cmake
[0.679s] -- Up-to-date symlink: /home/marvin/RobotArchitecture/ros2_ws/install/custom_msgs/share/custom_msgs/cmake/ament_cmake_export_libraries-extras.cmake
[0.679s] -- Up-to-date symlink: /home/marvin/RobotArchitecture/ros2_ws/install/custom_msgs/share/custom_msgs/cmake/ament_cmake_export_targets-extras.cmake
[0.679s] -- Up-to-date symlink: /home/marvin/RobotArchitecture/ros2_ws/install/custom_msgs/share/custom_msgs/cmake/rosidl_cmake_export_typesupport_targets-extras.cmake
[0.679s] -- Up-to-date symlink: /home/marvin/RobotArchitecture/ros2_ws/install/custom_msgs/share/custom_msgs/cmake/rosidl_cmake_export_typesupport_libraries-extras.cmake
[0.680s] -- Up-to-date symlink: /home/marvin/RobotArchitecture/ros2_ws/install/custom_msgs/share/custom_msgs/cmake/custom_msgsConfig.cmake
[0.681s] -- Up-to-date symlink: /home/marvin/RobotArchitecture/ros2_ws/install/custom_msgs/share/custom_msgs/cmake/custom_msgsConfig-version.cmake
[0.681s] -- Up-to-date symlink: /home/marvin/RobotArchitecture/ros2_ws/install/custom_msgs/share/custom_msgs/package.xml
[0.681s] -- Up-to-date: /home/marvin/RobotArchitecture/ros2_ws/install/custom_msgs/lib/libcustom_msgs__rosidl_generator_c.so
[0.681s] -- Up-to-date: /home/marvin/RobotArchitecture/ros2_ws/install/custom_msgs/lib/libcustom_msgs__rosidl_typesupport_fastrtps_c.so
[0.682s] -- Up-to-date: /home/marvin/RobotArchitecture/ros2_ws/install/custom_msgs/lib/libcustom_msgs__rosidl_typesupport_fastrtps_cpp.so
[0.683s] -- Up-to-date: /home/marvin/RobotArchitecture/ros2_ws/install/custom_msgs/lib/libcustom_msgs__rosidl_typesupport_introspection_c.so
[0.683s] -- Up-to-date: /home/marvin/RobotArchitecture/ros2_ws/install/custom_msgs/lib/libcustom_msgs__rosidl_typesupport_c.so
[0.684s] -- Up-to-date: /home/marvin/RobotArchitecture/ros2_ws/install/custom_msgs/lib/libcustom_msgs__rosidl_typesupport_introspection_cpp.so
[0.685s] -- Up-to-date: /home/marvin/RobotArchitecture/ros2_ws/install/custom_msgs/lib/libcustom_msgs__rosidl_typesupport_cpp.so
[0.730s] Listing '/home/marvin/RobotArchitecture/ros2_ws/install/custom_msgs/local/lib/python3.10/dist-packages/custom_msgs'...
[0.730s] Listing '/home/marvin/RobotArchitecture/ros2_ws/install/custom_msgs/local/lib/python3.10/dist-packages/custom_msgs/msg'...
[0.737s] -- Up-to-date: /home/marvin/RobotArchitecture/ros2_ws/install/custom_msgs/lib/libcustom_msgs__rosidl_generator_py.so
[0.742s] -- Up-to-date: /home/marvin/RobotArchitecture/ros2_ws/install/custom_msgs/share/custom_msgs/cmake/export_custom_msgs__rosidl_generator_cExport.cmake
[0.745s] -- Up-to-date: /home/marvin/RobotArchitecture/ros2_ws/install/custom_msgs/share/custom_msgs/cmake/export_custom_msgs__rosidl_generator_cExport-noconfig.cmake
[0.745s] -- Up-to-date: /home/marvin/RobotArchitecture/ros2_ws/install/custom_msgs/share/custom_msgs/cmake/export_custom_msgs__rosidl_typesupport_fastrtps_cExport.cmake
[0.745s] -- Up-to-date: /home/marvin/RobotArchitecture/ros2_ws/install/custom_msgs/share/custom_msgs/cmake/export_custom_msgs__rosidl_typesupport_fastrtps_cExport-noconfig.cmake
[0.746s] -- Up-to-date: /home/marvin/RobotArchitecture/ros2_ws/install/custom_msgs/share/custom_msgs/cmake/export_custom_msgs__rosidl_generator_cppExport.cmake
[0.746s] -- Up-to-date: /home/marvin/RobotArchitecture/ros2_ws/install/custom_msgs/share/custom_msgs/cmake/export_custom_msgs__rosidl_typesupport_fastrtps_cppExport.cmake
[0.746s] -- Up-to-date: /home/marvin/RobotArchitecture/ros2_ws/install/custom_msgs/share/custom_msgs/cmake/export_custom_msgs__rosidl_typesupport_fastrtps_cppExport-noconfig.cmake
[0.746s] -- Up-to-date: /home/marvin/RobotArchitecture/ros2_ws/install/custom_msgs/share/custom_msgs/cmake/custom_msgs__rosidl_typesupport_introspection_cExport.cmake
[0.746s] -- Up-to-date: /home/marvin/RobotArchitecture/ros2_ws/install/custom_msgs/share/custom_msgs/cmake/custom_msgs__rosidl_typesupport_introspection_cExport-noconfig.cmake
[0.746s] -- Up-to-date: /home/marvin/RobotArchitecture/ros2_ws/install/custom_msgs/share/custom_msgs/cmake/custom_msgs__rosidl_typesupport_cExport.cmake
[0.748s] -- Up-to-date: /home/marvin/RobotArchitecture/ros2_ws/install/custom_msgs/share/custom_msgs/cmake/custom_msgs__rosidl_typesupport_cExport-noconfig.cmake
[0.748s] -- Up-to-date: /home/marvin/RobotArchitecture/ros2_ws/install/custom_msgs/share/custom_msgs/cmake/custom_msgs__rosidl_typesupport_introspection_cppExport.cmake
[0.749s] -- Up-to-date: /home/marvin/RobotArchitecture/ros2_ws/install/custom_msgs/share/custom_msgs/cmake/custom_msgs__rosidl_typesupport_introspection_cppExport-noconfig.cmake
[0.749s] -- Up-to-date: /home/marvin/RobotArchitecture/ros2_ws/install/custom_msgs/share/custom_msgs/cmake/custom_msgs__rosidl_typesupport_cppExport.cmake
[0.749s] -- Up-to-date: /home/marvin/RobotArchitecture/ros2_ws/install/custom_msgs/share/custom_msgs/cmake/custom_msgs__rosidl_typesupport_cppExport-noconfig.cmake
[0.749s] -- Up-to-date: /home/marvin/RobotArchitecture/ros2_ws/install/custom_msgs/share/custom_msgs/cmake/export_custom_msgs__rosidl_generator_pyExport.cmake
[0.750s] -- Up-to-date: /home/marvin/RobotArchitecture/ros2_ws/install/custom_msgs/share/custom_msgs/cmake/export_custom_msgs__rosidl_generator_pyExport-noconfig.cmake
[1.523s] Invoked command in '/home/marvin/RobotArchitecture/ros2_ws/build/custom_msgs' returned '0': CMAKE_PREFIX_PATH=${CMAKE_PREFIX_PATH}:/home/marvin/RobotArchitecture/ros2_ws/install/turtlebot3_teleop:/home/marvin/RobotArchitecture/ros2_ws/install/turtlebot3_slam_management:/home/marvin/RobotArchitecture/ros2_ws/install/turtlebot3_random_explorer:/home/marvin/RobotArchitecture/ros2_ws/install/turtlebot3_obstacle_avoidance:/home/marvin/RobotArchitecture/ros2_ws/install/turtlebot3_nav_management:/home/marvin/RobotArchitecture/ros2_ws/install/turtlebot3_map_change_detection:/home/marvin/RobotArchitecture/ros2_ws/install/turtlebot3_launch_configurations:/home/marvin/RobotArchitecture/ros2_ws/install/turtlebot3_hardware_control:/home/marvin/RobotArchitecture/ros2_ws/install/turtlebot3_example:/home/marvin/RobotArchitecture/ros2_ws/install/turtlebot3_analysis:/home/marvin/RobotArchitecture/ros2_ws/install/turtlebot3_auto_navigator:/opt/ros/humble /usr/bin/cmake --install /home/marvin/RobotArchitecture/ros2_ws/build/custom_msgs
