running develop
/usr/lib/python3/dist-packages/setuptools/command/easy_install.py:158: EasyInstallDeprecationWarning: easy_install command is deprecated. Use build and pip and other standards-based tools.
  warnings.warn(
Removing /home/marvin/RobotArchitecture/ros2_ws/install/turtlebot3_obstacle_avoidance/lib/python3.10/site-packages/turtlebot3-obstacle-avoidance.egg-link (link to .)
running egg_info
writing ../../build/turtlebot3_obstacle_avoidance/turtlebot3_obstacle_avoidance.egg-info/PKG-INFO
writing dependency_links to ../../build/turtlebot3_obstacle_avoidance/turtlebot3_obstacle_avoidance.egg-info/dependency_links.txt
writing entry points to ../../build/turtlebot3_obstacle_avoidance/turtlebot3_obstacle_avoidance.egg-info/entry_points.txt
writing requirements to ../../build/turtlebot3_obstacle_avoidance/turtlebot3_obstacle_avoidance.egg-info/requires.txt
writing top-level names to ../../build/turtlebot3_obstacle_avoidance/turtlebot3_obstacle_avoidance.egg-info/top_level.txt
reading manifest file '../../build/turtlebot3_obstacle_avoidance/turtlebot3_obstacle_avoidance.egg-info/SOURCES.txt'
writing manifest file '../../build/turtlebot3_obstacle_avoidance/turtlebot3_obstacle_avoidance.egg-info/SOURCES.txt'
running build
running build_py
creating /home/marvin/RobotArchitecture/ros2_ws/build/turtlebot3_obstacle_avoidance/build
creating /home/marvin/RobotArchitecture/ros2_ws/build/turtlebot3_obstacle_avoidance/build/lib
creating /home/marvin/RobotArchitecture/ros2_ws/build/turtlebot3_obstacle_avoidance/build/lib/turtlebot3_obstacle_avoidance
copying turtlebot3_obstacle_avoidance/__init__.py -> /home/marvin/RobotArchitecture/ros2_ws/build/turtlebot3_obstacle_avoidance/build/lib/turtlebot3_obstacle_avoidance
copying turtlebot3_obstacle_avoidance/obstacle_avoidance.py -> /home/marvin/RobotArchitecture/ros2_ws/build/turtlebot3_obstacle_avoidance/build/lib/turtlebot3_obstacle_avoidance
running install
running install_lib
creating /home/marvin/RobotArchitecture/ros2_ws/install/turtlebot3_obstacle_avoidance/lib/python3.10/site-packages/turtlebot3_obstacle_avoidance
copying /home/marvin/RobotArchitecture/ros2_ws/build/turtlebot3_obstacle_avoidance/build/lib/turtlebot3_obstacle_avoidance/obstacle_avoidance.py -> /home/marvin/RobotArchitecture/ros2_ws/install/turtlebot3_obstacle_avoidance/lib/python3.10/site-packages/turtlebot3_obstacle_avoidance
copying /home/marvin/RobotArchitecture/ros2_ws/build/turtlebot3_obstacle_avoidance/build/lib/turtlebot3_obstacle_avoidance/__init__.py -> /home/marvin/RobotArchitecture/ros2_ws/install/turtlebot3_obstacle_avoidance/lib/python3.10/site-packages/turtlebot3_obstacle_avoidance
byte-compiling /home/marvin/RobotArchitecture/ros2_ws/install/turtlebot3_obstacle_avoidance/lib/python3.10/site-packages/turtlebot3_obstacle_avoidance/obstacle_avoidance.py to obstacle_avoidance.cpython-310.pyc
byte-compiling /home/marvin/RobotArchitecture/ros2_ws/install/turtlebot3_obstacle_avoidance/lib/python3.10/site-packages/turtlebot3_obstacle_avoidance/__init__.py to __init__.cpython-310.pyc
running install_data
copying resource/turtlebot3_obstacle_avoidance -> /home/marvin/RobotArchitecture/ros2_ws/install/turtlebot3_obstacle_avoidance/share/ament_index/resource_index/packages
copying package.xml -> /home/marvin/RobotArchitecture/ros2_ws/install/turtlebot3_obstacle_avoidance/share/turtlebot3_obstacle_avoidance
running install_egg_info
Copying ../../build/turtlebot3_obstacle_avoidance/turtlebot3_obstacle_avoidance.egg-info to /home/marvin/RobotArchitecture/ros2_ws/install/turtlebot3_obstacle_avoidance/lib/python3.10/site-packages/turtlebot3_obstacle_avoidance-0.0.0-py3.10.egg-info
running install_scripts
Installing obstacle_avoidance script to /home/marvin/RobotArchitecture/ros2_ws/install/turtlebot3_obstacle_avoidance/lib/turtlebot3_obstacle_avoidance
writing list of installed files to '/home/marvin/RobotArchitecture/ros2_ws/build/turtlebot3_obstacle_avoidance/install.log'
