[0.855s] Invoking command in '/home/rama/catkin_ws/src/nodes': PYTHONPATH=/home/rama/catkin_ws/build/nodes/prefix_override:/home/rama/catkin_ws/install/nodes/lib/python3.8/site-packages:${PYTHONPATH} /usr/bin/python3 setup.py egg_info --egg-base ../../build/nodes build --build-base /home/rama/catkin_ws/build/nodes/build install --record /home/rama/catkin_ws/build/nodes/install.log --install-scripts $base/lib/nodes --single-version-externally-managed
[1.018s] running egg_info
[1.019s] writing ../../build/nodes/nodes.egg-info/PKG-INFO
[1.026s] writing dependency_links to ../../build/nodes/nodes.egg-info/dependency_links.txt
[1.026s] writing entry points to ../../build/nodes/nodes.egg-info/entry_points.txt
[1.026s] writing requirements to ../../build/nodes/nodes.egg-info/requires.txt
[1.026s] writing top-level names to ../../build/nodes/nodes.egg-info/top_level.txt
[1.056s] reading manifest file '../../build/nodes/nodes.egg-info/SOURCES.txt'
[1.056s] writing manifest file '../../build/nodes/nodes.egg-info/SOURCES.txt'
[1.057s] running build
[1.057s] running build_py
[1.057s] running install
[1.058s] running install_lib
[1.059s] running install_data
[1.060s] running install_egg_info
[1.062s] removing '/home/rama/catkin_ws/install/nodes/lib/python3.8/site-packages/nodes-0.0.0-py3.8.egg-info' (and everything under it)
[1.062s] Copying ../../build/nodes/nodes.egg-info to /home/rama/catkin_ws/install/nodes/lib/python3.8/site-packages/nodes-0.0.0-py3.8.egg-info
[1.063s] running install_scripts
[1.077s] Installing kf_depthCamera script to /home/rama/catkin_ws/install/nodes/lib/nodes
[1.077s] Installing test_node script to /home/rama/catkin_ws/install/nodes/lib/nodes
[1.078s] writing list of installed files to '/home/rama/catkin_ws/build/nodes/install.log'
[1.113s] Invoked command in '/home/rama/catkin_ws/src/nodes' returned '0': PYTHONPATH=/home/rama/catkin_ws/build/nodes/prefix_override:/home/rama/catkin_ws/install/nodes/lib/python3.8/site-packages:${PYTHONPATH} /usr/bin/python3 setup.py egg_info --egg-base ../../build/nodes build --build-base /home/rama/catkin_ws/build/nodes/build install --record /home/rama/catkin_ws/build/nodes/install.log --install-scripts $base/lib/nodes --single-version-externally-managed
