[0.049s] Invoking command in '/home/marvin/RobotArchitecture/ros2_ws/build/turtlebot3_description': CMAKE_PREFIX_PATH=${CMAKE_PREFIX_PATH}:/home/marvin/RobotArchitecture/ros2_ws/install/turtlebot3_teleop:/home/marvin/RobotArchitecture/ros2_ws/install/turtlebot3_slam_management:/home/marvin/RobotArchitecture/ros2_ws/install/turtlebot3_random_explorer:/home/marvin/RobotArchitecture/ros2_ws/install/turtlebot3_obstacle_avoidance:/home/marvin/RobotArchitecture/ros2_ws/install/turtlebot3_nav_management:/home/marvin/RobotArchitecture/ros2_ws/install/turtlebot3_map_change_detection:/home/marvin/RobotArchitecture/ros2_ws/install/turtlebot3_launch_configurations:/home/marvin/RobotArchitecture/ros2_ws/install/turtlebot3_hardware_control:/home/marvin/RobotArchitecture/ros2_ws/install/turtlebot3_example:/home/marvin/RobotArchitecture/ros2_ws/install/turtlebot3_analysis:/home/marvin/RobotArchitecture/ros2_ws/install/turtlebot3_auto_navigator:/opt/ros/humble /usr/bin/cmake --build /home/marvin/RobotArchitecture/ros2_ws/build/turtlebot3_description -- -j8 -l8
[0.484s] Invoked command in '/home/marvin/RobotArchitecture/ros2_ws/build/turtlebot3_description' returned '0': CMAKE_PREFIX_PATH=${CMAKE_PREFIX_PATH}:/home/marvin/RobotArchitecture/ros2_ws/install/turtlebot3_teleop:/home/marvin/RobotArchitecture/ros2_ws/install/turtlebot3_slam_management:/home/marvin/RobotArchitecture/ros2_ws/install/turtlebot3_random_explorer:/home/marvin/RobotArchitecture/ros2_ws/install/turtlebot3_obstacle_avoidance:/home/marvin/RobotArchitecture/ros2_ws/install/turtlebot3_nav_management:/home/marvin/RobotArchitecture/ros2_ws/install/turtlebot3_map_change_detection:/home/marvin/RobotArchitecture/ros2_ws/install/turtlebot3_launch_configurations:/home/marvin/RobotArchitecture/ros2_ws/install/turtlebot3_hardware_control:/home/marvin/RobotArchitecture/ros2_ws/install/turtlebot3_example:/home/marvin/RobotArchitecture/ros2_ws/install/turtlebot3_analysis:/home/marvin/RobotArchitecture/ros2_ws/install/turtlebot3_auto_navigator:/opt/ros/humble /usr/bin/cmake --build /home/marvin/RobotArchitecture/ros2_ws/build/turtlebot3_description -- -j8 -l8
[0.528s] Invoking command in '/home/marvin/RobotArchitecture/ros2_ws/build/turtlebot3_description': CMAKE_PREFIX_PATH=${CMAKE_PREFIX_PATH}:/home/marvin/RobotArchitecture/ros2_ws/install/turtlebot3_teleop:/home/marvin/RobotArchitecture/ros2_ws/install/turtlebot3_slam_management:/home/marvin/RobotArchitecture/ros2_ws/install/turtlebot3_random_explorer:/home/marvin/RobotArchitecture/ros2_ws/install/turtlebot3_obstacle_avoidance:/home/marvin/RobotArchitecture/ros2_ws/install/turtlebot3_nav_management:/home/marvin/RobotArchitecture/ros2_ws/install/turtlebot3_map_change_detection:/home/marvin/RobotArchitecture/ros2_ws/install/turtlebot3_launch_configurations:/home/marvin/RobotArchitecture/ros2_ws/install/turtlebot3_hardware_control:/home/marvin/RobotArchitecture/ros2_ws/install/turtlebot3_example:/home/marvin/RobotArchitecture/ros2_ws/install/turtlebot3_analysis:/home/marvin/RobotArchitecture/ros2_ws/install/turtlebot3_auto_navigator:/opt/ros/humble /usr/bin/cmake --install /home/marvin/RobotArchitecture/ros2_ws/build/turtlebot3_description
[0.546s] -- Install configuration: ""
[0.547s] -- Execute custom install script
[0.548s] -- Up-to-date symlink: /home/marvin/RobotArchitecture/ros2_ws/install/turtlebot3_description/share/turtlebot3_description/meshes/bases/burger_base.stl
[0.548s] -- Up-to-date symlink: /home/marvin/RobotArchitecture/ros2_ws/install/turtlebot3_description/share/turtlebot3_description/meshes/bases/waffle_base.stl
[0.548s] -- Up-to-date symlink: /home/marvin/RobotArchitecture/ros2_ws/install/turtlebot3_description/share/turtlebot3_description/meshes/bases/waffle_pi_base.stl
[0.549s] -- Up-to-date symlink: /home/marvin/RobotArchitecture/ros2_ws/install/turtlebot3_description/share/turtlebot3_description/meshes/sensors/astra.dae
[0.549s] -- Up-to-date symlink: /home/marvin/RobotArchitecture/ros2_ws/install/turtlebot3_description/share/turtlebot3_description/meshes/sensors/astra.jpg
[0.549s] -- Up-to-date symlink: /home/marvin/RobotArchitecture/ros2_ws/install/turtlebot3_description/share/turtlebot3_description/meshes/sensors/lds.stl
[0.549s] -- Up-to-date symlink: /home/marvin/RobotArchitecture/ros2_ws/install/turtlebot3_description/share/turtlebot3_description/meshes/sensors/r200.dae
[0.550s] -- Up-to-date symlink: /home/marvin/RobotArchitecture/ros2_ws/install/turtlebot3_description/share/turtlebot3_description/meshes/sensors/r200.jpg
[0.550s] -- Up-to-date symlink: /home/marvin/RobotArchitecture/ros2_ws/install/turtlebot3_description/share/turtlebot3_description/meshes/wheels/left_tire.stl
[0.550s] -- Up-to-date symlink: /home/marvin/RobotArchitecture/ros2_ws/install/turtlebot3_description/share/turtlebot3_description/meshes/wheels/right_tire.stl
[0.550s] -- Up-to-date symlink: /home/marvin/RobotArchitecture/ros2_ws/install/turtlebot3_description/share/turtlebot3_description/rviz/model.rviz
[0.551s] -- Up-to-date symlink: /home/marvin/RobotArchitecture/ros2_ws/install/turtlebot3_description/share/turtlebot3_description/urdf/common_properties.urdf
[0.551s] -- Up-to-date symlink: /home/marvin/RobotArchitecture/ros2_ws/install/turtlebot3_description/share/turtlebot3_description/urdf/turtlebot3_burger.urdf
[0.551s] -- Up-to-date symlink: /home/marvin/RobotArchitecture/ros2_ws/install/turtlebot3_description/share/turtlebot3_description/urdf/turtlebot3_waffle.urdf
[0.551s] -- Up-to-date symlink: /home/marvin/RobotArchitecture/ros2_ws/install/turtlebot3_description/share/turtlebot3_description/urdf/turtlebot3_waffle_pi.urdf
[0.552s] -- Up-to-date symlink: /home/marvin/RobotArchitecture/ros2_ws/install/turtlebot3_description/share/ament_index/resource_index/package_run_dependencies/turtlebot3_description
[0.552s] -- Up-to-date symlink: /home/marvin/RobotArchitecture/ros2_ws/install/turtlebot3_description/share/ament_index/resource_index/parent_prefix_path/turtlebot3_description
[0.552s] -- Up-to-date symlink: /home/marvin/RobotArchitecture/ros2_ws/install/turtlebot3_description/share/turtlebot3_description/environment/ament_prefix_path.sh
[0.552s] -- Up-to-date symlink: /home/marvin/RobotArchitecture/ros2_ws/install/turtlebot3_description/share/turtlebot3_description/environment/ament_prefix_path.dsv
[0.553s] -- Up-to-date symlink: /home/marvin/RobotArchitecture/ros2_ws/install/turtlebot3_description/share/turtlebot3_description/environment/path.sh
[0.553s] -- Up-to-date symlink: /home/marvin/RobotArchitecture/ros2_ws/install/turtlebot3_description/share/turtlebot3_description/environment/path.dsv
[0.553s] -- Up-to-date symlink: /home/marvin/RobotArchitecture/ros2_ws/install/turtlebot3_description/share/turtlebot3_description/local_setup.bash
[0.553s] -- Up-to-date symlink: /home/marvin/RobotArchitecture/ros2_ws/install/turtlebot3_description/share/turtlebot3_description/local_setup.sh
[0.554s] -- Up-to-date symlink: /home/marvin/RobotArchitecture/ros2_ws/install/turtlebot3_description/share/turtlebot3_description/local_setup.zsh
[0.554s] -- Up-to-date symlink: /home/marvin/RobotArchitecture/ros2_ws/install/turtlebot3_description/share/turtlebot3_description/local_setup.dsv
[0.554s] -- Symlinking: /home/marvin/RobotArchitecture/ros2_ws/install/turtlebot3_description/share/turtlebot3_description/package.dsv
[0.578s] -- Up-to-date symlink: /home/marvin/RobotArchitecture/ros2_ws/install/turtlebot3_description/share/ament_index/resource_index/packages/turtlebot3_description
[0.578s] -- Up-to-date symlink: /home/marvin/RobotArchitecture/ros2_ws/install/turtlebot3_description/share/turtlebot3_description/cmake/turtlebot3_descriptionConfig.cmake
[0.578s] -- Up-to-date symlink: /home/marvin/RobotArchitecture/ros2_ws/install/turtlebot3_description/share/turtlebot3_description/cmake/turtlebot3_descriptionConfig-version.cmake
[0.579s] -- Up-to-date symlink: /home/marvin/RobotArchitecture/ros2_ws/install/turtlebot3_description/share/turtlebot3_description/package.xml
[0.598s] Invoked command in '/home/marvin/RobotArchitecture/ros2_ws/build/turtlebot3_description' returned '0': CMAKE_PREFIX_PATH=${CMAKE_PREFIX_PATH}:/home/marvin/RobotArchitecture/ros2_ws/install/turtlebot3_teleop:/home/marvin/RobotArchitecture/ros2_ws/install/turtlebot3_slam_management:/home/marvin/RobotArchitecture/ros2_ws/install/turtlebot3_random_explorer:/home/marvin/RobotArchitecture/ros2_ws/install/turtlebot3_obstacle_avoidance:/home/marvin/RobotArchitecture/ros2_ws/install/turtlebot3_nav_management:/home/marvin/RobotArchitecture/ros2_ws/install/turtlebot3_map_change_detection:/home/marvin/RobotArchitecture/ros2_ws/install/turtlebot3_launch_configurations:/home/marvin/RobotArchitecture/ros2_ws/install/turtlebot3_hardware_control:/home/marvin/RobotArchitecture/ros2_ws/install/turtlebot3_example:/home/marvin/RobotArchitecture/ros2_ws/install/turtlebot3_analysis:/home/marvin/RobotArchitecture/ros2_ws/install/turtlebot3_auto_navigator:/opt/ros/humble /usr/bin/cmake --install /home/marvin/RobotArchitecture/ros2_ws/build/turtlebot3_description
