[1.259s] Invoking command in '/home/marvin/RobotArchitecture/ros2_ws/build/turtlebot3_example': PYTHONPATH=/home/marvin/RobotArchitecture/ros2_ws/build/turtlebot3_example/prefix_override:/usr/lib/python3/dist-packages/colcon_core/task/python/colcon_distutils_commands:/home/marvin/RobotArchitecture/ros2_ws/install/turtlebot3_example/lib/python3.10/site-packages:${PYTHONPATH} /usr/bin/python3 -W ignore:setup.py install is deprecated setup.py develop --editable --build-directory /home/marvin/RobotArchitecture/ros2_ws/build/turtlebot3_example/build --no-deps symlink_data
[1.686s] running develop
[1.687s] /home/marvin/.local/lib/python3.10/site-packages/setuptools/command/easy_install.py:157: EasyInstallDeprecationWarning: easy_install command is deprecated. Use build and pip and other standards-based tools.
[1.687s]   warnings.warn(
[2.005s] running egg_info
[2.005s] writing turtlebot3_example.egg-info/PKG-INFO
[2.006s] writing dependency_links to turtlebot3_example.egg-info/dependency_links.txt
[2.006s] writing entry points to turtlebot3_example.egg-info/entry_points.txt
[2.007s] writing requirements to turtlebot3_example.egg-info/requires.txt
[2.007s] writing top-level names to turtlebot3_example.egg-info/top_level.txt
[2.015s] reading manifest file 'turtlebot3_example.egg-info/SOURCES.txt'
[2.015s] running build_ext
[2.016s] Creating /home/marvin/RobotArchitecture/ros2_ws/install/turtlebot3_example/lib/python3.10/site-packages/turtlebot3-example.egg-link (link to .)
[2.017s] Installing turtlebot3_obstacle_detection script to /home/marvin/RobotArchitecture/ros2_ws/install/turtlebot3_example/lib/turtlebot3_example
[2.018s] Installing turtlebot3_patrol_client script to /home/marvin/RobotArchitecture/ros2_ws/install/turtlebot3_example/lib/turtlebot3_example
[2.018s] Installing turtlebot3_patrol_server script to /home/marvin/RobotArchitecture/ros2_ws/install/turtlebot3_example/lib/turtlebot3_example
[2.019s] Installing turtlebot3_position_control script to /home/marvin/RobotArchitecture/ros2_ws/install/turtlebot3_example/lib/turtlebot3_example
[2.020s] 
[2.020s] Installed /home/marvin/RobotArchitecture/ros2_ws/build/turtlebot3_example
[2.020s] running symlink_data
[2.757s] Invoked command in '/home/marvin/RobotArchitecture/ros2_ws/build/turtlebot3_example' returned '0': PYTHONPATH=/home/marvin/RobotArchitecture/ros2_ws/build/turtlebot3_example/prefix_override:/usr/lib/python3/dist-packages/colcon_core/task/python/colcon_distutils_commands:/home/marvin/RobotArchitecture/ros2_ws/install/turtlebot3_example/lib/python3.10/site-packages:${PYTHONPATH} /usr/bin/python3 -W ignore:setup.py install is deprecated setup.py develop --editable --build-directory /home/marvin/RobotArchitecture/ros2_ws/build/turtlebot3_example/build --no-deps symlink_data
