[1.249s] Invoking command in '/home/rama/catkin_ws/src/nodes': PYTHONPATH=/home/rama/catkin_ws/build/nodes/prefix_override:/home/rama/catkin_ws/install/nodes/lib/python3.8/site-packages:${PYTHONPATH} /usr/bin/python3 setup.py egg_info --egg-base ../../build/nodes build --build-base /home/rama/catkin_ws/build/nodes/build install --record /home/rama/catkin_ws/build/nodes/install.log --install-scripts $base/lib/nodes --single-version-externally-managed
[1.535s] running egg_info
[1.535s] writing ../../build/nodes/nodes.egg-info/PKG-INFO
[1.536s] writing dependency_links to ../../build/nodes/nodes.egg-info/dependency_links.txt
[1.536s] writing entry points to ../../build/nodes/nodes.egg-info/entry_points.txt
[1.536s] writing requirements to ../../build/nodes/nodes.egg-info/requires.txt
[1.536s] writing top-level names to ../../build/nodes/nodes.egg-info/top_level.txt
[1.579s] reading manifest file '../../build/nodes/nodes.egg-info/SOURCES.txt'
[1.580s] writing manifest file '../../build/nodes/nodes.egg-info/SOURCES.txt'
[1.580s] running build
[1.580s] running build_py
[1.581s] running install
[1.582s] running install_lib
[1.584s] running install_data
[1.585s] running install_egg_info
[1.587s] removing '/home/rama/catkin_ws/install/nodes/lib/python3.8/site-packages/nodes-0.0.0-py3.8.egg-info' (and everything under it)
[1.587s] Copying ../../build/nodes/nodes.egg-info to /home/rama/catkin_ws/install/nodes/lib/python3.8/site-packages/nodes-0.0.0-py3.8.egg-info
[1.588s] running install_scripts
[1.610s] Installing Handgesture_node script to /home/rama/catkin_ws/install/nodes/lib/nodes
[1.611s] Installing kf_depthCamera script to /home/rama/catkin_ws/install/nodes/lib/nodes
[1.611s] Installing obstacle_avoidance_node script to /home/rama/catkin_ws/install/nodes/lib/nodes
[1.611s] Installing test_node script to /home/rama/catkin_ws/install/nodes/lib/nodes
[1.611s] writing list of installed files to '/home/rama/catkin_ws/build/nodes/install.log'
[1.642s] Invoked command in '/home/rama/catkin_ws/src/nodes' returned '0': PYTHONPATH=/home/rama/catkin_ws/build/nodes/prefix_override:/home/rama/catkin_ws/install/nodes/lib/python3.8/site-packages:${PYTHONPATH} /usr/bin/python3 setup.py egg_info --egg-base ../../build/nodes build --build-base /home/rama/catkin_ws/build/nodes/build install --record /home/rama/catkin_ws/build/nodes/install.log --install-scripts $base/lib/nodes --single-version-externally-managed
