[1.167s] Invoking command in '/home/rama/catkin_ws/src/nodes': PYTHONPATH=/home/rama/catkin_ws/build/nodes/prefix_override:/home/rama/catkin_ws/install/nodes/lib/python3.8/site-packages:${PYTHONPATH} /usr/bin/python3 setup.py egg_info --egg-base ../../build/nodes build --build-base /home/rama/catkin_ws/build/nodes/build install --record /home/rama/catkin_ws/build/nodes/install.log --install-scripts $base/lib/nodes --single-version-externally-managed
[1.427s] running egg_info
[1.428s] writing ../../build/nodes/nodes.egg-info/PKG-INFO
[1.428s] writing dependency_links to ../../build/nodes/nodes.egg-info/dependency_links.txt
[1.428s] writing entry points to ../../build/nodes/nodes.egg-info/entry_points.txt
[1.428s] writing requirements to ../../build/nodes/nodes.egg-info/requires.txt
[1.428s] writing top-level names to ../../build/nodes/nodes.egg-info/top_level.txt
[1.465s] reading manifest file '../../build/nodes/nodes.egg-info/SOURCES.txt'
[1.466s] writing manifest file '../../build/nodes/nodes.egg-info/SOURCES.txt'
[1.466s] running build
[1.466s] running build_py
[1.467s] running install
[1.467s] running install_lib
[1.469s] running install_data
[1.470s] running install_egg_info
[1.472s] removing '/home/rama/catkin_ws/install/nodes/lib/python3.8/site-packages/nodes-0.0.0-py3.8.egg-info' (and everything under it)
[1.472s] Copying ../../build/nodes/nodes.egg-info to /home/rama/catkin_ws/install/nodes/lib/python3.8/site-packages/nodes-0.0.0-py3.8.egg-info
[1.473s] running install_scripts
[1.494s] Installing kf_depthCamera script to /home/rama/catkin_ws/install/nodes/lib/nodes
[1.494s] Installing test_node script to /home/rama/catkin_ws/install/nodes/lib/nodes
[1.494s] writing list of installed files to '/home/rama/catkin_ws/build/nodes/install.log'
[1.535s] Invoked command in '/home/rama/catkin_ws/src/nodes' returned '0': PYTHONPATH=/home/rama/catkin_ws/build/nodes/prefix_override:/home/rama/catkin_ws/install/nodes/lib/python3.8/site-packages:${PYTHONPATH} /usr/bin/python3 setup.py egg_info --egg-base ../../build/nodes build --build-base /home/rama/catkin_ws/build/nodes/build install --record /home/rama/catkin_ws/build/nodes/install.log --install-scripts $base/lib/nodes --single-version-externally-managed
