[0.056s] Invoking command in '/home/marvin/RobotArchitecture/ros2_ws/build/custom_msgs': CMAKE_PREFIX_PATH=${CMAKE_PREFIX_PATH}:/home/marvin/RobotArchitecture/ros2_ws/install/turtlebot3_slam_management:/home/marvin/RobotArchitecture/ros2_ws/install/turtlebot3_random_explorer:/home/marvin/RobotArchitecture/ros2_ws/install/turtlebot3_obstacle_avoidance:/home/marvin/RobotArchitecture/ros2_ws/install/turtlebot3_nav_management:/home/marvin/RobotArchitecture/ros2_ws/install/turtlebot3_map_change_detection:/home/marvin/RobotArchitecture/ros2_ws/install/turtlebot3_launch_configurations:/home/marvin/RobotArchitecture/ros2_ws/install/turtlebot3_hardware_control:/home/marvin/RobotArchitecture/ros2_ws/install/turtlebot3_auto_navigator:/home/marvin/RobotArchitecture/ros2_ws/install/turtlebot3_analysis:/opt/ros/humble /usr/bin/cmake --build /home/marvin/RobotArchitecture/ros2_ws/build/custom_msgs -- -j8 -l8
[1.428s] [  3%] Built target custom_msgs__cpp
[1.429s] [ 12%] Built target custom_msgs__rosidl_generator_c
[1.430s] [ 12%] Built target ament_cmake_python_symlink_custom_msgs
[1.430s] [ 22%] Built target custom_msgs__rosidl_typesupport_introspection_cpp
[1.430s] [ 32%] Built target custom_msgs__rosidl_typesupport_cpp
[1.430s] [ 41%] Built target custom_msgs__rosidl_typesupport_introspection_c
[1.431s] [ 51%] Built target custom_msgs__rosidl_typesupport_fastrtps_cpp
[1.431s] [ 70%] Built target custom_msgs__rosidl_typesupport_c
[1.431s] [ 70%] Built target custom_msgs__rosidl_typesupport_fastrtps_c
[1.431s] [ 70%] Built target custom_msgs
[1.431s] [ 74%] Built target custom_msgs__py
[1.431s] [ 80%] Built target custom_msgs__rosidl_generator_py
[1.432s] [ 87%] Built target custom_msgs__rosidl_typesupport_introspection_c__pyext
[1.432s] [ 93%] Built target custom_msgs__rosidl_typesupport_c__pyext
[1.432s] [100%] Built target custom_msgs__rosidl_typesupport_fastrtps_c__pyext
[1.432s] running egg_info
[1.432s] writing custom_msgs.egg-info/PKG-INFO
[1.432s] writing dependency_links to custom_msgs.egg-info/dependency_links.txt
[1.432s] writing top-level names to custom_msgs.egg-info/top_level.txt
[1.433s] reading manifest file 'custom_msgs.egg-info/SOURCES.txt'
[1.433s] [100%] Built target ament_cmake_python_build_custom_msgs_egg
[1.909s] Invoked command in '/home/marvin/RobotArchitecture/ros2_ws/build/custom_msgs' returned '0': CMAKE_PREFIX_PATH=${CMAKE_PREFIX_PATH}:/home/marvin/RobotArchitecture/ros2_ws/install/turtlebot3_slam_management:/home/marvin/RobotArchitecture/ros2_ws/install/turtlebot3_random_explorer:/home/marvin/RobotArchitecture/ros2_ws/install/turtlebot3_obstacle_avoidance:/home/marvin/RobotArchitecture/ros2_ws/install/turtlebot3_nav_management:/home/marvin/RobotArchitecture/ros2_ws/install/turtlebot3_map_change_detection:/home/marvin/RobotArchitecture/ros2_ws/install/turtlebot3_launch_configurations:/home/marvin/RobotArchitecture/ros2_ws/install/turtlebot3_hardware_control:/home/marvin/RobotArchitecture/ros2_ws/install/turtlebot3_auto_navigator:/home/marvin/RobotArchitecture/ros2_ws/install/turtlebot3_analysis:/opt/ros/humble /usr/bin/cmake --build /home/marvin/RobotArchitecture/ros2_ws/build/custom_msgs -- -j8 -l8
[2.417s] Invoking command in '/home/marvin/RobotArchitecture/ros2_ws/build/custom_msgs': CMAKE_PREFIX_PATH=${CMAKE_PREFIX_PATH}:/home/marvin/RobotArchitecture/ros2_ws/install/turtlebot3_slam_management:/home/marvin/RobotArchitecture/ros2_ws/install/turtlebot3_random_explorer:/home/marvin/RobotArchitecture/ros2_ws/install/turtlebot3_obstacle_avoidance:/home/marvin/RobotArchitecture/ros2_ws/install/turtlebot3_nav_management:/home/marvin/RobotArchitecture/ros2_ws/install/turtlebot3_map_change_detection:/home/marvin/RobotArchitecture/ros2_ws/install/turtlebot3_launch_configurations:/home/marvin/RobotArchitecture/ros2_ws/install/turtlebot3_hardware_control:/home/marvin/RobotArchitecture/ros2_ws/install/turtlebot3_auto_navigator:/home/marvin/RobotArchitecture/ros2_ws/install/turtlebot3_analysis:/opt/ros/humble /usr/bin/cmake --install /home/marvin/RobotArchitecture/ros2_ws/build/custom_msgs
[2.433s] -- Install configuration: ""
[2.433s] -- Execute custom install script
[2.433s] -- Up-to-date symlink: /home/marvin/RobotArchitecture/ros2_ws/install/custom_msgs/share/ament_index/resource_index/rosidl_interfaces/custom_msgs
[2.433s] -- Up-to-date symlink: /home/marvin/RobotArchitecture/ros2_ws/install/custom_msgs/include/custom_msgs/custom_msgs/msg/detail/priority_twist__functions.h
[2.434s] -- Up-to-date symlink: /home/marvin/RobotArchitecture/ros2_ws/install/custom_msgs/include/custom_msgs/custom_msgs/msg/detail/priority_twist__struct.h
[2.453s] -- Up-to-date symlink: /home/marvin/RobotArchitecture/ros2_ws/install/custom_msgs/include/custom_msgs/custom_msgs/msg/detail/priority_twist__type_support.h
[2.454s] -- Up-to-date symlink: /home/marvin/RobotArchitecture/ros2_ws/install/custom_msgs/include/custom_msgs/custom_msgs/msg/priority_twist.h
[2.455s] -- Up-to-date symlink: /home/marvin/RobotArchitecture/ros2_ws/install/custom_msgs/include/custom_msgs/custom_msgs/msg/rosidl_generator_c__visibility_control.h
[2.455s] -- Up-to-date symlink: /home/marvin/RobotArchitecture/ros2_ws/install/custom_msgs/share/custom_msgs/environment/library_path.sh
[2.456s] -- Up-to-date symlink: /home/marvin/RobotArchitecture/ros2_ws/install/custom_msgs/share/custom_msgs/environment/library_path.dsv
[2.457s] -- Up-to-date symlink: /home/marvin/RobotArchitecture/ros2_ws/install/custom_msgs/include/custom_msgs/custom_msgs/msg/detail/priority_twist__rosidl_typesupport_fastrtps_c.h
[2.457s] -- Up-to-date symlink: /home/marvin/RobotArchitecture/ros2_ws/install/custom_msgs/include/custom_msgs/custom_msgs/msg/rosidl_typesupport_fastrtps_c__visibility_control.h
[2.458s] -- Up-to-date symlink: /home/marvin/RobotArchitecture/ros2_ws/install/custom_msgs/include/custom_msgs/custom_msgs/msg/detail/priority_twist__builder.hpp
[2.459s] -- Up-to-date symlink: /home/marvin/RobotArchitecture/ros2_ws/install/custom_msgs/include/custom_msgs/custom_msgs/msg/detail/priority_twist__struct.hpp
[2.459s] -- Up-to-date symlink: /home/marvin/RobotArchitecture/ros2_ws/install/custom_msgs/include/custom_msgs/custom_msgs/msg/detail/priority_twist__traits.hpp
[2.460s] -- Up-to-date symlink: /home/marvin/RobotArchitecture/ros2_ws/install/custom_msgs/include/custom_msgs/custom_msgs/msg/priority_twist.hpp
[2.461s] -- Up-to-date symlink: /home/marvin/RobotArchitecture/ros2_ws/install/custom_msgs/include/custom_msgs/custom_msgs/msg/detail/priority_twist__rosidl_typesupport_fastrtps_cpp.hpp
[2.461s] -- Up-to-date symlink: /home/marvin/RobotArchitecture/ros2_ws/install/custom_msgs/include/custom_msgs/custom_msgs/msg/rosidl_typesupport_fastrtps_cpp__visibility_control.h
[2.462s] -- Up-to-date symlink: /home/marvin/RobotArchitecture/ros2_ws/install/custom_msgs/include/custom_msgs/custom_msgs/msg/detail/priority_twist__rosidl_typesupport_introspection_c.h
[2.463s] -- Up-to-date symlink: /home/marvin/RobotArchitecture/ros2_ws/install/custom_msgs/include/custom_msgs/custom_msgs/msg/rosidl_typesupport_introspection_c__visibility_control.h
[2.464s] -- Up-to-date symlink: /home/marvin/RobotArchitecture/ros2_ws/install/custom_msgs/include/custom_msgs/custom_msgs/msg/detail/priority_twist__rosidl_typesupport_introspection_cpp.hpp
[2.465s] -- Up-to-date symlink: /home/marvin/RobotArchitecture/ros2_ws/install/custom_msgs/share/custom_msgs/environment/pythonpath.sh
[2.465s] -- Up-to-date symlink: /home/marvin/RobotArchitecture/ros2_ws/install/custom_msgs/share/custom_msgs/environment/pythonpath.dsv
[2.466s] -- Up-to-date symlink: /home/marvin/RobotArchitecture/ros2_ws/install/custom_msgs/local/lib/python3.10/dist-packages/custom_msgs-0.0.0-py3.10.egg-info/PKG-INFO
[2.466s] -- Up-to-date symlink: /home/marvin/RobotArchitecture/ros2_ws/install/custom_msgs/local/lib/python3.10/dist-packages/custom_msgs-0.0.0-py3.10.egg-info/SOURCES.txt
[2.467s] -- Up-to-date symlink: /home/marvin/RobotArchitecture/ros2_ws/install/custom_msgs/local/lib/python3.10/dist-packages/custom_msgs-0.0.0-py3.10.egg-info/dependency_links.txt
[2.467s] -- Up-to-date symlink: /home/marvin/RobotArchitecture/ros2_ws/install/custom_msgs/local/lib/python3.10/dist-packages/custom_msgs-0.0.0-py3.10.egg-info/top_level.txt
[2.469s] -- Up-to-date symlink: /home/marvin/RobotArchitecture/ros2_ws/install/custom_msgs/local/lib/python3.10/dist-packages/custom_msgs/__init__.py
[2.469s] -- Up-to-date symlink: /home/marvin/RobotArchitecture/ros2_ws/install/custom_msgs/local/lib/python3.10/dist-packages/custom_msgs/_custom_msgs_s.ep.rosidl_typesupport_c.c
[2.470s] -- Up-to-date symlink: /home/marvin/RobotArchitecture/ros2_ws/install/custom_msgs/local/lib/python3.10/dist-packages/custom_msgs/_custom_msgs_s.ep.rosidl_typesupport_fastrtps_c.c
[2.471s] -- Up-to-date symlink: /home/marvin/RobotArchitecture/ros2_ws/install/custom_msgs/local/lib/python3.10/dist-packages/custom_msgs/_custom_msgs_s.ep.rosidl_typesupport_introspection_c.c
[2.471s] -- Up-to-date symlink: /home/marvin/RobotArchitecture/ros2_ws/install/custom_msgs/local/lib/python3.10/dist-packages/custom_msgs/custom_msgs_s__rosidl_typesupport_c.cpython-310-x86_64-linux-gnu.so
[2.472s] -- Up-to-date symlink: /home/marvin/RobotArchitecture/ros2_ws/install/custom_msgs/local/lib/python3.10/dist-packages/custom_msgs/custom_msgs_s__rosidl_typesupport_fastrtps_c.cpython-310-x86_64-linux-gnu.so
[2.472s] -- Up-to-date symlink: /home/marvin/RobotArchitecture/ros2_ws/install/custom_msgs/local/lib/python3.10/dist-packages/custom_msgs/custom_msgs_s__rosidl_typesupport_introspection_c.cpython-310-x86_64-linux-gnu.so
[2.473s] -- Up-to-date symlink: /home/marvin/RobotArchitecture/ros2_ws/install/custom_msgs/local/lib/python3.10/dist-packages/custom_msgs/libcustom_msgs__rosidl_generator_py.so
[2.473s] -- Up-to-date symlink: /home/marvin/RobotArchitecture/ros2_ws/install/custom_msgs/local/lib/python3.10/dist-packages/custom_msgs/msg/__init__.py
[2.474s] -- Up-to-date symlink: /home/marvin/RobotArchitecture/ros2_ws/install/custom_msgs/local/lib/python3.10/dist-packages/custom_msgs/msg/_priority_twist.py
[2.474s] -- Up-to-date symlink: /home/marvin/RobotArchitecture/ros2_ws/install/custom_msgs/local/lib/python3.10/dist-packages/custom_msgs/msg/_priority_twist_s.c
[2.475s] -- Up-to-date symlink: /home/marvin/RobotArchitecture/ros2_ws/install/custom_msgs/local/lib/python3.10/dist-packages/custom_msgs/custom_msgs_s__rosidl_typesupport_fastrtps_c.cpython-310-x86_64-linux-gnu.so
[2.476s] -- Up-to-date symlink: /home/marvin/RobotArchitecture/ros2_ws/install/custom_msgs/local/lib/python3.10/dist-packages/custom_msgs/custom_msgs_s__rosidl_typesupport_introspection_c.cpython-310-x86_64-linux-gnu.so
[2.476s] -- Up-to-date symlink: /home/marvin/RobotArchitecture/ros2_ws/install/custom_msgs/local/lib/python3.10/dist-packages/custom_msgs/custom_msgs_s__rosidl_typesupport_c.cpython-310-x86_64-linux-gnu.so
[2.477s] -- Up-to-date symlink: /home/marvin/RobotArchitecture/ros2_ws/install/custom_msgs/share/custom_msgs/msg/PriorityTwist.idl
[2.478s] -- Up-to-date symlink: /home/marvin/RobotArchitecture/ros2_ws/install/custom_msgs/share/custom_msgs/msg/PriorityTwist.msg
[2.478s] -- Up-to-date symlink: /home/marvin/RobotArchitecture/ros2_ws/install/custom_msgs/share/ament_index/resource_index/package_run_dependencies/custom_msgs
[2.479s] -- Up-to-date symlink: /home/marvin/RobotArchitecture/ros2_ws/install/custom_msgs/share/ament_index/resource_index/parent_prefix_path/custom_msgs
[2.479s] -- Up-to-date symlink: /home/marvin/RobotArchitecture/ros2_ws/install/custom_msgs/share/custom_msgs/environment/ament_prefix_path.sh
[2.480s] -- Up-to-date symlink: /home/marvin/RobotArchitecture/ros2_ws/install/custom_msgs/share/custom_msgs/environment/ament_prefix_path.dsv
[2.480s] -- Up-to-date symlink: /home/marvin/RobotArchitecture/ros2_ws/install/custom_msgs/share/custom_msgs/environment/path.sh
[2.481s] -- Up-to-date symlink: /home/marvin/RobotArchitecture/ros2_ws/install/custom_msgs/share/custom_msgs/environment/path.dsv
[2.481s] -- Up-to-date symlink: /home/marvin/RobotArchitecture/ros2_ws/install/custom_msgs/share/custom_msgs/local_setup.bash
[2.482s] -- Up-to-date symlink: /home/marvin/RobotArchitecture/ros2_ws/install/custom_msgs/share/custom_msgs/local_setup.sh
[2.482s] -- Up-to-date symlink: /home/marvin/RobotArchitecture/ros2_ws/install/custom_msgs/share/custom_msgs/local_setup.zsh
[2.483s] -- Up-to-date symlink: /home/marvin/RobotArchitecture/ros2_ws/install/custom_msgs/share/custom_msgs/local_setup.dsv
[2.483s] -- Symlinking: /home/marvin/RobotArchitecture/ros2_ws/install/custom_msgs/share/custom_msgs/package.dsv
[2.510s] -- Up-to-date symlink: /home/marvin/RobotArchitecture/ros2_ws/install/custom_msgs/share/ament_index/resource_index/packages/custom_msgs
[2.511s] -- Up-to-date symlink: /home/marvin/RobotArchitecture/ros2_ws/install/custom_msgs/share/custom_msgs/cmake/rosidl_cmake-extras.cmake
[2.511s] -- Up-to-date symlink: /home/marvin/RobotArchitecture/ros2_ws/install/custom_msgs/share/custom_msgs/cmake/ament_cmake_export_dependencies-extras.cmake
[2.512s] -- Up-to-date symlink: /home/marvin/RobotArchitecture/ros2_ws/install/custom_msgs/share/custom_msgs/cmake/ament_cmake_export_include_directories-extras.cmake
[2.513s] -- Up-to-date symlink: /home/marvin/RobotArchitecture/ros2_ws/install/custom_msgs/share/custom_msgs/cmake/ament_cmake_export_libraries-extras.cmake
[2.513s] -- Up-to-date symlink: /home/marvin/RobotArchitecture/ros2_ws/install/custom_msgs/share/custom_msgs/cmake/ament_cmake_export_targets-extras.cmake
[2.514s] -- Up-to-date symlink: /home/marvin/RobotArchitecture/ros2_ws/install/custom_msgs/share/custom_msgs/cmake/rosidl_cmake_export_typesupport_targets-extras.cmake
[2.514s] -- Up-to-date symlink: /home/marvin/RobotArchitecture/ros2_ws/install/custom_msgs/share/custom_msgs/cmake/rosidl_cmake_export_typesupport_libraries-extras.cmake
[2.515s] -- Up-to-date symlink: /home/marvin/RobotArchitecture/ros2_ws/install/custom_msgs/share/custom_msgs/cmake/custom_msgsConfig.cmake
[2.515s] -- Up-to-date symlink: /home/marvin/RobotArchitecture/ros2_ws/install/custom_msgs/share/custom_msgs/cmake/custom_msgsConfig-version.cmake
[2.516s] -- Up-to-date symlink: /home/marvin/RobotArchitecture/ros2_ws/install/custom_msgs/share/custom_msgs/package.xml
[2.517s] -- Up-to-date: /home/marvin/RobotArchitecture/ros2_ws/install/custom_msgs/lib/libcustom_msgs__rosidl_generator_c.so
[2.518s] -- Up-to-date: /home/marvin/RobotArchitecture/ros2_ws/install/custom_msgs/lib/libcustom_msgs__rosidl_typesupport_fastrtps_c.so
[2.519s] -- Up-to-date: /home/marvin/RobotArchitecture/ros2_ws/install/custom_msgs/lib/libcustom_msgs__rosidl_typesupport_fastrtps_cpp.so
[2.521s] -- Up-to-date: /home/marvin/RobotArchitecture/ros2_ws/install/custom_msgs/lib/libcustom_msgs__rosidl_typesupport_introspection_c.so
[2.522s] -- Up-to-date: /home/marvin/RobotArchitecture/ros2_ws/install/custom_msgs/lib/libcustom_msgs__rosidl_typesupport_c.so
[2.523s] -- Up-to-date: /home/marvin/RobotArchitecture/ros2_ws/install/custom_msgs/lib/libcustom_msgs__rosidl_typesupport_introspection_cpp.so
[2.524s] -- Up-to-date: /home/marvin/RobotArchitecture/ros2_ws/install/custom_msgs/lib/libcustom_msgs__rosidl_typesupport_cpp.so
[2.668s] Listing '/home/marvin/RobotArchitecture/ros2_ws/install/custom_msgs/local/lib/python3.10/dist-packages/custom_msgs'...
[2.668s] Listing '/home/marvin/RobotArchitecture/ros2_ws/install/custom_msgs/local/lib/python3.10/dist-packages/custom_msgs/msg'...
[2.721s] -- Up-to-date: /home/marvin/RobotArchitecture/ros2_ws/install/custom_msgs/lib/libcustom_msgs__rosidl_generator_py.so
[2.722s] -- Up-to-date: /home/marvin/RobotArchitecture/ros2_ws/install/custom_msgs/share/custom_msgs/cmake/export_custom_msgs__rosidl_generator_cExport.cmake
[2.722s] -- Up-to-date: /home/marvin/RobotArchitecture/ros2_ws/install/custom_msgs/share/custom_msgs/cmake/export_custom_msgs__rosidl_generator_cExport-noconfig.cmake
[2.722s] -- Up-to-date: /home/marvin/RobotArchitecture/ros2_ws/install/custom_msgs/share/custom_msgs/cmake/export_custom_msgs__rosidl_typesupport_fastrtps_cExport.cmake
[2.722s] -- Up-to-date: /home/marvin/RobotArchitecture/ros2_ws/install/custom_msgs/share/custom_msgs/cmake/export_custom_msgs__rosidl_typesupport_fastrtps_cExport-noconfig.cmake
[2.723s] -- Up-to-date: /home/marvin/RobotArchitecture/ros2_ws/install/custom_msgs/share/custom_msgs/cmake/export_custom_msgs__rosidl_generator_cppExport.cmake
[2.723s] -- Up-to-date: /home/marvin/RobotArchitecture/ros2_ws/install/custom_msgs/share/custom_msgs/cmake/export_custom_msgs__rosidl_typesupport_fastrtps_cppExport.cmake
[2.723s] -- Up-to-date: /home/marvin/RobotArchitecture/ros2_ws/install/custom_msgs/share/custom_msgs/cmake/export_custom_msgs__rosidl_typesupport_fastrtps_cppExport-noconfig.cmake
[2.723s] -- Up-to-date: /home/marvin/RobotArchitecture/ros2_ws/install/custom_msgs/share/custom_msgs/cmake/custom_msgs__rosidl_typesupport_introspection_cExport.cmake
[2.723s] -- Up-to-date: /home/marvin/RobotArchitecture/ros2_ws/install/custom_msgs/share/custom_msgs/cmake/custom_msgs__rosidl_typesupport_introspection_cExport-noconfig.cmake
[2.724s] -- Up-to-date: /home/marvin/RobotArchitecture/ros2_ws/install/custom_msgs/share/custom_msgs/cmake/custom_msgs__rosidl_typesupport_cExport.cmake
[2.724s] -- Up-to-date: /home/marvin/RobotArchitecture/ros2_ws/install/custom_msgs/share/custom_msgs/cmake/custom_msgs__rosidl_typesupport_cExport-noconfig.cmake
[2.724s] -- Up-to-date: /home/marvin/RobotArchitecture/ros2_ws/install/custom_msgs/share/custom_msgs/cmake/custom_msgs__rosidl_typesupport_introspection_cppExport.cmake
[2.724s] -- Up-to-date: /home/marvin/RobotArchitecture/ros2_ws/install/custom_msgs/share/custom_msgs/cmake/custom_msgs__rosidl_typesupport_introspection_cppExport-noconfig.cmake
[2.724s] -- Up-to-date: /home/marvin/RobotArchitecture/ros2_ws/install/custom_msgs/share/custom_msgs/cmake/custom_msgs__rosidl_typesupport_cppExport.cmake
[2.724s] -- Up-to-date: /home/marvin/RobotArchitecture/ros2_ws/install/custom_msgs/share/custom_msgs/cmake/custom_msgs__rosidl_typesupport_cppExport-noconfig.cmake
[2.725s] -- Up-to-date: /home/marvin/RobotArchitecture/ros2_ws/install/custom_msgs/share/custom_msgs/cmake/export_custom_msgs__rosidl_generator_pyExport.cmake
[2.725s] -- Up-to-date: /home/marvin/RobotArchitecture/ros2_ws/install/custom_msgs/share/custom_msgs/cmake/export_custom_msgs__rosidl_generator_pyExport-noconfig.cmake
[2.736s] Invoked command in '/home/marvin/RobotArchitecture/ros2_ws/build/custom_msgs' returned '0': CMAKE_PREFIX_PATH=${CMAKE_PREFIX_PATH}:/home/marvin/RobotArchitecture/ros2_ws/install/turtlebot3_slam_management:/home/marvin/RobotArchitecture/ros2_ws/install/turtlebot3_random_explorer:/home/marvin/RobotArchitecture/ros2_ws/install/turtlebot3_obstacle_avoidance:/home/marvin/RobotArchitecture/ros2_ws/install/turtlebot3_nav_management:/home/marvin/RobotArchitecture/ros2_ws/install/turtlebot3_map_change_detection:/home/marvin/RobotArchitecture/ros2_ws/install/turtlebot3_launch_configurations:/home/marvin/RobotArchitecture/ros2_ws/install/turtlebot3_hardware_control:/home/marvin/RobotArchitecture/ros2_ws/install/turtlebot3_auto_navigator:/home/marvin/RobotArchitecture/ros2_ws/install/turtlebot3_analysis:/opt/ros/humble /usr/bin/cmake --install /home/marvin/RobotArchitecture/ros2_ws/build/custom_msgs
