[0.101s] DEBUG:colcon:Command line arguments: ['/usr/bin/colcon', 'build', '--symlink-install']
[0.101s] DEBUG:colcon:Parsed command line arguments: Namespace(log_base=None, log_level=None, verb_name='build', build_base='build', install_base='install', merge_install=False, symlink_install=True, test_result_base=None, continue_on_error=False, executor='parallel', parallel_workers=8, event_handlers=None, ignore_user_meta=False, metas=['./colcon.meta'], base_paths=['.'], packages_ignore=None, packages_ignore_regex=None, paths=None, packages_up_to=None, packages_up_to_regex=None, packages_above=None, packages_above_and_dependencies=None, packages_above_depth=None, packages_select_by_dep=None, packages_skip_by_dep=None, packages_skip_up_to=None, packages_select_build_failed=False, packages_skip_build_finished=False, packages_select_test_failures=False, packages_skip_test_passed=False, packages_select=None, packages_skip=None, packages_select_regex=None, packages_skip_regex=None, packages_start=None, packages_end=None, allow_overriding=[], cmake_args=None, cmake_target=None, cmake_target_skip_unavailable=False, cmake_clean_cache=False, cmake_clean_first=False, cmake_force_configure=False, ament_cmake_args=None, catkin_cmake_args=None, catkin_skip_building_tests=False, verb_parser=<colcon_defaults.argument_parser.defaults.DefaultArgumentsDecorator object at 0x7eff7893ace0>, verb_extension=<colcon_core.verb.build.BuildVerb object at 0x7eff78b845e0>, main=<bound method BuildVerb.main of <colcon_core.verb.build.BuildVerb object at 0x7eff78b845e0>>)
[0.264s] Level 1:colcon.colcon_core.package_discovery:discover_packages(colcon_meta) check parameters
[0.264s] Level 1:colcon.colcon_core.package_discovery:discover_packages(recursive) check parameters
[0.264s] Level 1:colcon.colcon_core.package_discovery:discover_packages(ignore) check parameters
[0.264s] Level 1:colcon.colcon_core.package_discovery:discover_packages(path) check parameters
[0.264s] Level 1:colcon.colcon_core.package_discovery:discover_packages(colcon_meta) discover
[0.264s] Level 1:colcon.colcon_core.package_discovery:discover_packages(recursive) discover
[0.264s] INFO:colcon.colcon_core.package_discovery:Crawling recursively for packages in '/home/marvin/RobotArchitecture/ros2_ws'
[0.264s] Level 1:colcon.colcon_core.package_identification:_identify(.) by extensions ['ignore', 'ignore_ament_install']
[0.264s] Level 1:colcon.colcon_core.package_identification:_identify(.) by extension 'ignore'
[0.264s] Level 1:colcon.colcon_core.package_identification:_identify(.) by extension 'ignore_ament_install'
[0.264s] Level 1:colcon.colcon_core.package_identification:_identify(.) by extensions ['colcon_pkg']
[0.264s] Level 1:colcon.colcon_core.package_identification:_identify(.) by extension 'colcon_pkg'
[0.264s] Level 1:colcon.colcon_core.package_identification:_identify(.) by extensions ['colcon_meta']
[0.265s] Level 1:colcon.colcon_core.package_identification:_identify(.) by extension 'colcon_meta'
[0.265s] Level 1:colcon.colcon_core.package_identification:_identify(.) by extensions ['ros']
[0.265s] Level 1:colcon.colcon_core.package_identification:_identify(.) by extension 'ros'
[0.273s] Level 1:colcon.colcon_core.package_identification:_identify(.) by extensions ['cmake', 'python']
[0.273s] Level 1:colcon.colcon_core.package_identification:_identify(.) by extension 'cmake'
[0.274s] Level 1:colcon.colcon_core.package_identification:_identify(.) by extension 'python'
[0.274s] Level 1:colcon.colcon_core.package_identification:_identify(.) by extensions ['python_setup_py']
[0.274s] Level 1:colcon.colcon_core.package_identification:_identify(.) by extension 'python_setup_py'
[0.274s] Level 1:colcon.colcon_core.package_identification:_identify(build) by extensions ['ignore', 'ignore_ament_install']
[0.274s] Level 1:colcon.colcon_core.package_identification:_identify(build) by extension 'ignore'
[0.274s] Level 1:colcon.colcon_core.package_identification:_identify(build) ignored
[0.274s] Level 1:colcon.colcon_core.package_identification:_identify(install) by extensions ['ignore', 'ignore_ament_install']
[0.274s] Level 1:colcon.colcon_core.package_identification:_identify(install) by extension 'ignore'
[0.274s] Level 1:colcon.colcon_core.package_identification:_identify(install) ignored
[0.274s] Level 1:colcon.colcon_core.package_identification:_identify(log) by extensions ['ignore', 'ignore_ament_install']
[0.274s] Level 1:colcon.colcon_core.package_identification:_identify(log) by extension 'ignore'
[0.274s] Level 1:colcon.colcon_core.package_identification:_identify(log) ignored
[0.274s] Level 1:colcon.colcon_core.package_identification:_identify(src) by extensions ['ignore', 'ignore_ament_install']
[0.275s] Level 1:colcon.colcon_core.package_identification:_identify(src) by extension 'ignore'
[0.275s] Level 1:colcon.colcon_core.package_identification:_identify(src) by extension 'ignore_ament_install'
[0.275s] Level 1:colcon.colcon_core.package_identification:_identify(src) by extensions ['colcon_pkg']
[0.275s] Level 1:colcon.colcon_core.package_identification:_identify(src) by extension 'colcon_pkg'
[0.275s] Level 1:colcon.colcon_core.package_identification:_identify(src) by extensions ['colcon_meta']
[0.275s] Level 1:colcon.colcon_core.package_identification:_identify(src) by extension 'colcon_meta'
[0.275s] Level 1:colcon.colcon_core.package_identification:_identify(src) by extensions ['ros']
[0.275s] Level 1:colcon.colcon_core.package_identification:_identify(src) by extension 'ros'
[0.275s] Level 1:colcon.colcon_core.package_identification:_identify(src) by extensions ['cmake', 'python']
[0.275s] Level 1:colcon.colcon_core.package_identification:_identify(src) by extension 'cmake'
[0.275s] Level 1:colcon.colcon_core.package_identification:_identify(src) by extension 'python'
[0.275s] Level 1:colcon.colcon_core.package_identification:_identify(src) by extensions ['python_setup_py']
[0.275s] Level 1:colcon.colcon_core.package_identification:_identify(src) by extension 'python_setup_py'
[0.275s] Level 1:colcon.colcon_core.package_identification:_identify(src/custom_msgs) by extensions ['ignore', 'ignore_ament_install']
[0.275s] Level 1:colcon.colcon_core.package_identification:_identify(src/custom_msgs) by extension 'ignore'
[0.275s] Level 1:colcon.colcon_core.package_identification:_identify(src/custom_msgs) by extension 'ignore_ament_install'
[0.275s] Level 1:colcon.colcon_core.package_identification:_identify(src/custom_msgs) by extensions ['colcon_pkg']
[0.275s] Level 1:colcon.colcon_core.package_identification:_identify(src/custom_msgs) by extension 'colcon_pkg'
[0.275s] Level 1:colcon.colcon_core.package_identification:_identify(src/custom_msgs) by extensions ['colcon_meta']
[0.276s] Level 1:colcon.colcon_core.package_identification:_identify(src/custom_msgs) by extension 'colcon_meta'
[0.276s] Level 1:colcon.colcon_core.package_identification:_identify(src/custom_msgs) by extensions ['ros']
[0.276s] Level 1:colcon.colcon_core.package_identification:_identify(src/custom_msgs) by extension 'ros'
[0.278s] DEBUG:colcon.colcon_core.package_identification:Package 'src/custom_msgs' with type 'ros.ament_cmake' and name 'custom_msgs'
[0.278s] Level 1:colcon.colcon_core.package_identification:_identify(src/turtlebot3_control_services) by extensions ['ignore', 'ignore_ament_install']
[0.278s] Level 1:colcon.colcon_core.package_identification:_identify(src/turtlebot3_control_services) by extension 'ignore'
[0.278s] Level 1:colcon.colcon_core.package_identification:_identify(src/turtlebot3_control_services) by extension 'ignore_ament_install'
[0.278s] Level 1:colcon.colcon_core.package_identification:_identify(src/turtlebot3_control_services) by extensions ['colcon_pkg']
[0.278s] Level 1:colcon.colcon_core.package_identification:_identify(src/turtlebot3_control_services) by extension 'colcon_pkg'
[0.278s] Level 1:colcon.colcon_core.package_identification:_identify(src/turtlebot3_control_services) by extensions ['colcon_meta']
[0.278s] Level 1:colcon.colcon_core.package_identification:_identify(src/turtlebot3_control_services) by extension 'colcon_meta'
[0.278s] Level 1:colcon.colcon_core.package_identification:_identify(src/turtlebot3_control_services) by extensions ['ros']
[0.278s] Level 1:colcon.colcon_core.package_identification:_identify(src/turtlebot3_control_services) by extension 'ros'
[0.279s] DEBUG:colcon.colcon_core.package_identification:Package 'src/turtlebot3_control_services' with type 'ros.ament_cmake' and name 'turtlebot3_control_services'
[0.279s] Level 1:colcon.colcon_core.package_identification:_identify(src/turtlebot3_hardware_control) by extensions ['ignore', 'ignore_ament_install']
[0.279s] Level 1:colcon.colcon_core.package_identification:_identify(src/turtlebot3_hardware_control) by extension 'ignore'
[0.279s] Level 1:colcon.colcon_core.package_identification:_identify(src/turtlebot3_hardware_control) by extension 'ignore_ament_install'
[0.279s] Level 1:colcon.colcon_core.package_identification:_identify(src/turtlebot3_hardware_control) by extensions ['colcon_pkg']
[0.279s] Level 1:colcon.colcon_core.package_identification:_identify(src/turtlebot3_hardware_control) by extension 'colcon_pkg'
[0.279s] Level 1:colcon.colcon_core.package_identification:_identify(src/turtlebot3_hardware_control) by extensions ['colcon_meta']
[0.279s] Level 1:colcon.colcon_core.package_identification:_identify(src/turtlebot3_hardware_control) by extension 'colcon_meta'
[0.279s] Level 1:colcon.colcon_core.package_identification:_identify(src/turtlebot3_hardware_control) by extensions ['ros']
[0.279s] Level 1:colcon.colcon_core.package_identification:_identify(src/turtlebot3_hardware_control) by extension 'ros'
[0.280s] DEBUG:colcon.colcon_core.package_identification:Package 'src/turtlebot3_hardware_control' with type 'ros.ament_python' and name 'turtlebot3_hardware_control'
[0.280s] Level 1:colcon.colcon_core.package_identification:_identify(src/turtlebot3_nav_management) by extensions ['ignore', 'ignore_ament_install']
[0.280s] Level 1:colcon.colcon_core.package_identification:_identify(src/turtlebot3_nav_management) by extension 'ignore'
[0.280s] Level 1:colcon.colcon_core.package_identification:_identify(src/turtlebot3_nav_management) by extension 'ignore_ament_install'
[0.280s] Level 1:colcon.colcon_core.package_identification:_identify(src/turtlebot3_nav_management) by extensions ['colcon_pkg']
[0.280s] Level 1:colcon.colcon_core.package_identification:_identify(src/turtlebot3_nav_management) by extension 'colcon_pkg'
[0.280s] Level 1:colcon.colcon_core.package_identification:_identify(src/turtlebot3_nav_management) by extensions ['colcon_meta']
[0.280s] Level 1:colcon.colcon_core.package_identification:_identify(src/turtlebot3_nav_management) by extension 'colcon_meta'
[0.280s] Level 1:colcon.colcon_core.package_identification:_identify(src/turtlebot3_nav_management) by extensions ['ros']
[0.280s] Level 1:colcon.colcon_core.package_identification:_identify(src/turtlebot3_nav_management) by extension 'ros'
[0.281s] DEBUG:colcon.colcon_core.package_identification:Package 'src/turtlebot3_nav_management' with type 'ros.ament_python' and name 'turtlebot3_nav_management'
[0.281s] Level 1:colcon.colcon_core.package_identification:_identify(src/turtlebot3_obstacle_avoidance) by extensions ['ignore', 'ignore_ament_install']
[0.281s] Level 1:colcon.colcon_core.package_identification:_identify(src/turtlebot3_obstacle_avoidance) by extension 'ignore'
[0.281s] Level 1:colcon.colcon_core.package_identification:_identify(src/turtlebot3_obstacle_avoidance) by extension 'ignore_ament_install'
[0.281s] Level 1:colcon.colcon_core.package_identification:_identify(src/turtlebot3_obstacle_avoidance) by extensions ['colcon_pkg']
[0.281s] Level 1:colcon.colcon_core.package_identification:_identify(src/turtlebot3_obstacle_avoidance) by extension 'colcon_pkg'
[0.281s] Level 1:colcon.colcon_core.package_identification:_identify(src/turtlebot3_obstacle_avoidance) by extensions ['colcon_meta']
[0.281s] Level 1:colcon.colcon_core.package_identification:_identify(src/turtlebot3_obstacle_avoidance) by extension 'colcon_meta'
[0.281s] Level 1:colcon.colcon_core.package_identification:_identify(src/turtlebot3_obstacle_avoidance) by extensions ['ros']
[0.281s] Level 1:colcon.colcon_core.package_identification:_identify(src/turtlebot3_obstacle_avoidance) by extension 'ros'
[0.282s] DEBUG:colcon.colcon_core.package_identification:Package 'src/turtlebot3_obstacle_avoidance' with type 'ros.ament_python' and name 'turtlebot3_obstacle_avoidance'
[0.282s] Level 1:colcon.colcon_core.package_identification:_identify(src/turtlebot3_random_explorer) by extensions ['ignore', 'ignore_ament_install']
[0.282s] Level 1:colcon.colcon_core.package_identification:_identify(src/turtlebot3_random_explorer) by extension 'ignore'
[0.282s] Level 1:colcon.colcon_core.package_identification:_identify(src/turtlebot3_random_explorer) by extension 'ignore_ament_install'
[0.282s] Level 1:colcon.colcon_core.package_identification:_identify(src/turtlebot3_random_explorer) by extensions ['colcon_pkg']
[0.282s] Level 1:colcon.colcon_core.package_identification:_identify(src/turtlebot3_random_explorer) by extension 'colcon_pkg'
[0.282s] Level 1:colcon.colcon_core.package_identification:_identify(src/turtlebot3_random_explorer) by extensions ['colcon_meta']
[0.282s] Level 1:colcon.colcon_core.package_identification:_identify(src/turtlebot3_random_explorer) by extension 'colcon_meta'
[0.282s] Level 1:colcon.colcon_core.package_identification:_identify(src/turtlebot3_random_explorer) by extensions ['ros']
[0.282s] Level 1:colcon.colcon_core.package_identification:_identify(src/turtlebot3_random_explorer) by extension 'ros'
[0.283s] DEBUG:colcon.colcon_core.package_identification:Package 'src/turtlebot3_random_explorer' with type 'ros.ament_python' and name 'turtlebot3_random_explorer'
[0.283s] Level 1:colcon.colcon_core.package_identification:_identify(src/turtlebot3_slam_management) by extensions ['ignore', 'ignore_ament_install']
[0.283s] Level 1:colcon.colcon_core.package_identification:_identify(src/turtlebot3_slam_management) by extension 'ignore'
[0.283s] Level 1:colcon.colcon_core.package_identification:_identify(src/turtlebot3_slam_management) by extension 'ignore_ament_install'
[0.283s] Level 1:colcon.colcon_core.package_identification:_identify(src/turtlebot3_slam_management) by extensions ['colcon_pkg']
[0.283s] Level 1:colcon.colcon_core.package_identification:_identify(src/turtlebot3_slam_management) by extension 'colcon_pkg'
[0.283s] Level 1:colcon.colcon_core.package_identification:_identify(src/turtlebot3_slam_management) by extensions ['colcon_meta']
[0.283s] Level 1:colcon.colcon_core.package_identification:_identify(src/turtlebot3_slam_management) by extension 'colcon_meta'
[0.283s] Level 1:colcon.colcon_core.package_identification:_identify(src/turtlebot3_slam_management) by extensions ['ros']
[0.283s] Level 1:colcon.colcon_core.package_identification:_identify(src/turtlebot3_slam_management) by extension 'ros'
[0.283s] DEBUG:colcon.colcon_core.package_identification:Package 'src/turtlebot3_slam_management' with type 'ros.ament_python' and name 'turtlebot3_slam_management'
[0.283s] Level 1:colcon.colcon_core.package_discovery:discover_packages(recursive) using defaults
[0.284s] Level 1:colcon.colcon_core.package_discovery:discover_packages(ignore) discover
[0.284s] Level 1:colcon.colcon_core.package_discovery:discover_packages(ignore) using defaults
[0.284s] Level 1:colcon.colcon_core.package_discovery:discover_packages(path) discover
[0.284s] Level 1:colcon.colcon_core.package_discovery:discover_packages(path) using defaults
[0.311s] Level 1:colcon.colcon_core.package_discovery:discover_packages(prefix_path) check parameters
[0.311s] Level 1:colcon.colcon_core.package_discovery:discover_packages(prefix_path) discover
[0.313s] DEBUG:colcon.colcon_installed_package_information.package_discovery:Found 5 installed packages in /home/marvin/RobotArchitecture/ros2_ws/install
[0.314s] DEBUG:colcon.colcon_installed_package_information.package_discovery:Found 13 installed packages in /home/marvin/turtlebot3_ws/install
[0.315s] DEBUG:colcon.colcon_installed_package_information.package_discovery:Found 2 installed packages in /home/marvin/install
[0.316s] DEBUG:colcon.colcon_installed_package_information.package_discovery:Found 440 installed packages in /opt/ros/humble
[0.318s] Level 1:colcon.colcon_core.package_discovery:discover_packages(prefix_path) using defaults
[0.370s] Level 5:colcon.colcon_core.verb:set package 'custom_msgs' build argument 'cmake_args' from command line to 'None'
[0.370s] Level 5:colcon.colcon_core.verb:set package 'custom_msgs' build argument 'cmake_target' from command line to 'None'
[0.370s] Level 5:colcon.colcon_core.verb:set package 'custom_msgs' build argument 'cmake_target_skip_unavailable' from command line to 'False'
[0.370s] Level 5:colcon.colcon_core.verb:set package 'custom_msgs' build argument 'cmake_clean_cache' from command line to 'False'
[0.370s] Level 5:colcon.colcon_core.verb:set package 'custom_msgs' build argument 'cmake_clean_first' from command line to 'False'
[0.370s] Level 5:colcon.colcon_core.verb:set package 'custom_msgs' build argument 'cmake_force_configure' from command line to 'False'
[0.370s] Level 5:colcon.colcon_core.verb:set package 'custom_msgs' build argument 'ament_cmake_args' from command line to 'None'
[0.370s] Level 5:colcon.colcon_core.verb:set package 'custom_msgs' build argument 'catkin_cmake_args' from command line to 'None'
[0.370s] Level 5:colcon.colcon_core.verb:set package 'custom_msgs' build argument 'catkin_skip_building_tests' from command line to 'False'
[0.370s] DEBUG:colcon.colcon_core.verb:Building package 'custom_msgs' with the following arguments: {'ament_cmake_args': None, 'build_base': '/home/marvin/RobotArchitecture/ros2_ws/build/custom_msgs', 'catkin_cmake_args': None, 'catkin_skip_building_tests': False, 'cmake_args': None, 'cmake_clean_cache': False, 'cmake_clean_first': False, 'cmake_force_configure': False, 'cmake_target': None, 'cmake_target_skip_unavailable': False, 'install_base': '/home/marvin/RobotArchitecture/ros2_ws/install/custom_msgs', 'merge_install': False, 'path': '/home/marvin/RobotArchitecture/ros2_ws/src/custom_msgs', 'symlink_install': True, 'test_result_base': None}
[0.370s] Level 5:colcon.colcon_core.verb:set package 'turtlebot3_nav_management' build argument 'cmake_args' from command line to 'None'
[0.370s] Level 5:colcon.colcon_core.verb:set package 'turtlebot3_nav_management' build argument 'cmake_target' from command line to 'None'
[0.370s] Level 5:colcon.colcon_core.verb:set package 'turtlebot3_nav_management' build argument 'cmake_target_skip_unavailable' from command line to 'False'
[0.370s] Level 5:colcon.colcon_core.verb:set package 'turtlebot3_nav_management' build argument 'cmake_clean_cache' from command line to 'False'
[0.370s] Level 5:colcon.colcon_core.verb:set package 'turtlebot3_nav_management' build argument 'cmake_clean_first' from command line to 'False'
[0.370s] Level 5:colcon.colcon_core.verb:set package 'turtlebot3_nav_management' build argument 'cmake_force_configure' from command line to 'False'
[0.370s] Level 5:colcon.colcon_core.verb:set package 'turtlebot3_nav_management' build argument 'ament_cmake_args' from command line to 'None'
[0.370s] Level 5:colcon.colcon_core.verb:set package 'turtlebot3_nav_management' build argument 'catkin_cmake_args' from command line to 'None'
[0.371s] Level 5:colcon.colcon_core.verb:set package 'turtlebot3_nav_management' build argument 'catkin_skip_building_tests' from command line to 'False'
[0.371s] DEBUG:colcon.colcon_core.verb:Building package 'turtlebot3_nav_management' with the following arguments: {'ament_cmake_args': None, 'build_base': '/home/marvin/RobotArchitecture/ros2_ws/build/turtlebot3_nav_management', 'catkin_cmake_args': None, 'catkin_skip_building_tests': False, 'cmake_args': None, 'cmake_clean_cache': False, 'cmake_clean_first': False, 'cmake_force_configure': False, 'cmake_target': None, 'cmake_target_skip_unavailable': False, 'install_base': '/home/marvin/RobotArchitecture/ros2_ws/install/turtlebot3_nav_management', 'merge_install': False, 'path': '/home/marvin/RobotArchitecture/ros2_ws/src/turtlebot3_nav_management', 'symlink_install': True, 'test_result_base': None}
[0.371s] Level 5:colcon.colcon_core.verb:set package 'turtlebot3_slam_management' build argument 'cmake_args' from command line to 'None'
[0.371s] Level 5:colcon.colcon_core.verb:set package 'turtlebot3_slam_management' build argument 'cmake_target' from command line to 'None'
[0.371s] Level 5:colcon.colcon_core.verb:set package 'turtlebot3_slam_management' build argument 'cmake_target_skip_unavailable' from command line to 'False'
[0.371s] Level 5:colcon.colcon_core.verb:set package 'turtlebot3_slam_management' build argument 'cmake_clean_cache' from command line to 'False'
[0.371s] Level 5:colcon.colcon_core.verb:set package 'turtlebot3_slam_management' build argument 'cmake_clean_first' from command line to 'False'
[0.371s] Level 5:colcon.colcon_core.verb:set package 'turtlebot3_slam_management' build argument 'cmake_force_configure' from command line to 'False'
[0.371s] Level 5:colcon.colcon_core.verb:set package 'turtlebot3_slam_management' build argument 'ament_cmake_args' from command line to 'None'
[0.371s] Level 5:colcon.colcon_core.verb:set package 'turtlebot3_slam_management' build argument 'catkin_cmake_args' from command line to 'None'
[0.371s] Level 5:colcon.colcon_core.verb:set package 'turtlebot3_slam_management' build argument 'catkin_skip_building_tests' from command line to 'False'
[0.371s] DEBUG:colcon.colcon_core.verb:Building package 'turtlebot3_slam_management' with the following arguments: {'ament_cmake_args': None, 'build_base': '/home/marvin/RobotArchitecture/ros2_ws/build/turtlebot3_slam_management', 'catkin_cmake_args': None, 'catkin_skip_building_tests': False, 'cmake_args': None, 'cmake_clean_cache': False, 'cmake_clean_first': False, 'cmake_force_configure': False, 'cmake_target': None, 'cmake_target_skip_unavailable': False, 'install_base': '/home/marvin/RobotArchitecture/ros2_ws/install/turtlebot3_slam_management', 'merge_install': False, 'path': '/home/marvin/RobotArchitecture/ros2_ws/src/turtlebot3_slam_management', 'symlink_install': True, 'test_result_base': None}
[0.371s] Level 5:colcon.colcon_core.verb:set package 'turtlebot3_control_services' build argument 'cmake_args' from command line to 'None'
[0.371s] Level 5:colcon.colcon_core.verb:set package 'turtlebot3_control_services' build argument 'cmake_target' from command line to 'None'
[0.371s] Level 5:colcon.colcon_core.verb:set package 'turtlebot3_control_services' build argument 'cmake_target_skip_unavailable' from command line to 'False'
[0.372s] Level 5:colcon.colcon_core.verb:set package 'turtlebot3_control_services' build argument 'cmake_clean_cache' from command line to 'False'
[0.372s] Level 5:colcon.colcon_core.verb:set package 'turtlebot3_control_services' build argument 'cmake_clean_first' from command line to 'False'
[0.372s] Level 5:colcon.colcon_core.verb:set package 'turtlebot3_control_services' build argument 'cmake_force_configure' from command line to 'False'
[0.372s] Level 5:colcon.colcon_core.verb:set package 'turtlebot3_control_services' build argument 'ament_cmake_args' from command line to 'None'
[0.372s] Level 5:colcon.colcon_core.verb:set package 'turtlebot3_control_services' build argument 'catkin_cmake_args' from command line to 'None'
[0.372s] Level 5:colcon.colcon_core.verb:set package 'turtlebot3_control_services' build argument 'catkin_skip_building_tests' from command line to 'False'
[0.372s] DEBUG:colcon.colcon_core.verb:Building package 'turtlebot3_control_services' with the following arguments: {'ament_cmake_args': None, 'build_base': '/home/marvin/RobotArchitecture/ros2_ws/build/turtlebot3_control_services', 'catkin_cmake_args': None, 'catkin_skip_building_tests': False, 'cmake_args': None, 'cmake_clean_cache': False, 'cmake_clean_first': False, 'cmake_force_configure': False, 'cmake_target': None, 'cmake_target_skip_unavailable': False, 'install_base': '/home/marvin/RobotArchitecture/ros2_ws/install/turtlebot3_control_services', 'merge_install': False, 'path': '/home/marvin/RobotArchitecture/ros2_ws/src/turtlebot3_control_services', 'symlink_install': True, 'test_result_base': None}
[0.372s] Level 5:colcon.colcon_core.verb:set package 'turtlebot3_hardware_control' build argument 'cmake_args' from command line to 'None'
[0.372s] Level 5:colcon.colcon_core.verb:set package 'turtlebot3_hardware_control' build argument 'cmake_target' from command line to 'None'
[0.372s] Level 5:colcon.colcon_core.verb:set package 'turtlebot3_hardware_control' build argument 'cmake_target_skip_unavailable' from command line to 'False'
[0.372s] Level 5:colcon.colcon_core.verb:set package 'turtlebot3_hardware_control' build argument 'cmake_clean_cache' from command line to 'False'
[0.372s] Level 5:colcon.colcon_core.verb:set package 'turtlebot3_hardware_control' build argument 'cmake_clean_first' from command line to 'False'
[0.372s] Level 5:colcon.colcon_core.verb:set package 'turtlebot3_hardware_control' build argument 'cmake_force_configure' from command line to 'False'
[0.372s] Level 5:colcon.colcon_core.verb:set package 'turtlebot3_hardware_control' build argument 'ament_cmake_args' from command line to 'None'
[0.372s] Level 5:colcon.colcon_core.verb:set package 'turtlebot3_hardware_control' build argument 'catkin_cmake_args' from command line to 'None'
[0.372s] Level 5:colcon.colcon_core.verb:set package 'turtlebot3_hardware_control' build argument 'catkin_skip_building_tests' from command line to 'False'
[0.372s] DEBUG:colcon.colcon_core.verb:Building package 'turtlebot3_hardware_control' with the following arguments: {'ament_cmake_args': None, 'build_base': '/home/marvin/RobotArchitecture/ros2_ws/build/turtlebot3_hardware_control', 'catkin_cmake_args': None, 'catkin_skip_building_tests': False, 'cmake_args': None, 'cmake_clean_cache': False, 'cmake_clean_first': False, 'cmake_force_configure': False, 'cmake_target': None, 'cmake_target_skip_unavailable': False, 'install_base': '/home/marvin/RobotArchitecture/ros2_ws/install/turtlebot3_hardware_control', 'merge_install': False, 'path': '/home/marvin/RobotArchitecture/ros2_ws/src/turtlebot3_hardware_control', 'symlink_install': True, 'test_result_base': None}
[0.373s] Level 5:colcon.colcon_core.verb:set package 'turtlebot3_obstacle_avoidance' build argument 'cmake_args' from command line to 'None'
[0.373s] Level 5:colcon.colcon_core.verb:set package 'turtlebot3_obstacle_avoidance' build argument 'cmake_target' from command line to 'None'
[0.373s] Level 5:colcon.colcon_core.verb:set package 'turtlebot3_obstacle_avoidance' build argument 'cmake_target_skip_unavailable' from command line to 'False'
[0.373s] Level 5:colcon.colcon_core.verb:set package 'turtlebot3_obstacle_avoidance' build argument 'cmake_clean_cache' from command line to 'False'
[0.373s] Level 5:colcon.colcon_core.verb:set package 'turtlebot3_obstacle_avoidance' build argument 'cmake_clean_first' from command line to 'False'
[0.373s] Level 5:colcon.colcon_core.verb:set package 'turtlebot3_obstacle_avoidance' build argument 'cmake_force_configure' from command line to 'False'
[0.373s] Level 5:colcon.colcon_core.verb:set package 'turtlebot3_obstacle_avoidance' build argument 'ament_cmake_args' from command line to 'None'
[0.373s] Level 5:colcon.colcon_core.verb:set package 'turtlebot3_obstacle_avoidance' build argument 'catkin_cmake_args' from command line to 'None'
[0.373s] Level 5:colcon.colcon_core.verb:set package 'turtlebot3_obstacle_avoidance' build argument 'catkin_skip_building_tests' from command line to 'False'
[0.373s] DEBUG:colcon.colcon_core.verb:Building package 'turtlebot3_obstacle_avoidance' with the following arguments: {'ament_cmake_args': None, 'build_base': '/home/marvin/RobotArchitecture/ros2_ws/build/turtlebot3_obstacle_avoidance', 'catkin_cmake_args': None, 'catkin_skip_building_tests': False, 'cmake_args': None, 'cmake_clean_cache': False, 'cmake_clean_first': False, 'cmake_force_configure': False, 'cmake_target': None, 'cmake_target_skip_unavailable': False, 'install_base': '/home/marvin/RobotArchitecture/ros2_ws/install/turtlebot3_obstacle_avoidance', 'merge_install': False, 'path': '/home/marvin/RobotArchitecture/ros2_ws/src/turtlebot3_obstacle_avoidance', 'symlink_install': True, 'test_result_base': None}
[0.373s] Level 5:colcon.colcon_core.verb:set package 'turtlebot3_random_explorer' build argument 'cmake_args' from command line to 'None'
[0.373s] Level 5:colcon.colcon_core.verb:set package 'turtlebot3_random_explorer' build argument 'cmake_target' from command line to 'None'
[0.373s] Level 5:colcon.colcon_core.verb:set package 'turtlebot3_random_explorer' build argument 'cmake_target_skip_unavailable' from command line to 'False'
[0.373s] Level 5:colcon.colcon_core.verb:set package 'turtlebot3_random_explorer' build argument 'cmake_clean_cache' from command line to 'False'
[0.373s] Level 5:colcon.colcon_core.verb:set package 'turtlebot3_random_explorer' build argument 'cmake_clean_first' from command line to 'False'
[0.373s] Level 5:colcon.colcon_core.verb:set package 'turtlebot3_random_explorer' build argument 'cmake_force_configure' from command line to 'False'
[0.373s] Level 5:colcon.colcon_core.verb:set package 'turtlebot3_random_explorer' build argument 'ament_cmake_args' from command line to 'None'
[0.373s] Level 5:colcon.colcon_core.verb:set package 'turtlebot3_random_explorer' build argument 'catkin_cmake_args' from command line to 'None'
[0.373s] Level 5:colcon.colcon_core.verb:set package 'turtlebot3_random_explorer' build argument 'catkin_skip_building_tests' from command line to 'False'
[0.373s] DEBUG:colcon.colcon_core.verb:Building package 'turtlebot3_random_explorer' with the following arguments: {'ament_cmake_args': None, 'build_base': '/home/marvin/RobotArchitecture/ros2_ws/build/turtlebot3_random_explorer', 'catkin_cmake_args': None, 'catkin_skip_building_tests': False, 'cmake_args': None, 'cmake_clean_cache': False, 'cmake_clean_first': False, 'cmake_force_configure': False, 'cmake_target': None, 'cmake_target_skip_unavailable': False, 'install_base': '/home/marvin/RobotArchitecture/ros2_ws/install/turtlebot3_random_explorer', 'merge_install': False, 'path': '/home/marvin/RobotArchitecture/ros2_ws/src/turtlebot3_random_explorer', 'symlink_install': True, 'test_result_base': None}
[0.374s] INFO:colcon.colcon_core.executor:Executing jobs using 'parallel' executor
[0.374s] DEBUG:colcon.colcon_parallel_executor.executor.parallel:run_until_complete
[0.375s] INFO:colcon.colcon_ros.task.ament_cmake.build:Building ROS package in '/home/marvin/RobotArchitecture/ros2_ws/src/custom_msgs' with build type 'ament_cmake'
[0.375s] INFO:colcon.colcon_cmake.task.cmake.build:Building CMake package in '/home/marvin/RobotArchitecture/ros2_ws/src/custom_msgs'
[0.377s] INFO:colcon.colcon_core.plugin_system:Skipping extension 'colcon_core.shell.bat': Not used on non-Windows systems
[0.377s] INFO:colcon.colcon_core.shell:Skip shell extension 'powershell' for command environment: Not usable outside of PowerShell
[0.377s] DEBUG:colcon.colcon_core.shell:Skip shell extension 'dsv' for command environment
[0.382s] INFO:colcon.colcon_ros.task.ament_python.build:Building ROS package in '/home/marvin/RobotArchitecture/ros2_ws/src/turtlebot3_nav_management' with build type 'ament_python'
[0.383s] Level 1:colcon.colcon_core.shell:create_environment_hook('turtlebot3_nav_management', 'ament_prefix_path')
[0.383s] INFO:colcon.colcon_core.shell:Creating environment hook '/home/marvin/RobotArchitecture/ros2_ws/install/turtlebot3_nav_management/share/turtlebot3_nav_management/hook/ament_prefix_path.ps1'
[0.384s] INFO:colcon.colcon_core.shell:Creating environment descriptor '/home/marvin/RobotArchitecture/ros2_ws/install/turtlebot3_nav_management/share/turtlebot3_nav_management/hook/ament_prefix_path.dsv'
[0.384s] INFO:colcon.colcon_core.shell:Creating environment hook '/home/marvin/RobotArchitecture/ros2_ws/install/turtlebot3_nav_management/share/turtlebot3_nav_management/hook/ament_prefix_path.sh'
[0.385s] INFO:colcon.colcon_core.shell:Skip shell extension 'powershell' for command environment: Not usable outside of PowerShell
[0.385s] DEBUG:colcon.colcon_core.shell:Skip shell extension 'dsv' for command environment
[0.390s] INFO:colcon.colcon_ros.task.ament_python.build:Building ROS package in '/home/marvin/RobotArchitecture/ros2_ws/src/turtlebot3_slam_management' with build type 'ament_python'
[0.390s] Level 1:colcon.colcon_core.shell:create_environment_hook('turtlebot3_slam_management', 'ament_prefix_path')
[0.391s] INFO:colcon.colcon_core.shell:Creating environment hook '/home/marvin/RobotArchitecture/ros2_ws/install/turtlebot3_slam_management/share/turtlebot3_slam_management/hook/ament_prefix_path.ps1'
[0.392s] INFO:colcon.colcon_core.shell:Creating environment descriptor '/home/marvin/RobotArchitecture/ros2_ws/install/turtlebot3_slam_management/share/turtlebot3_slam_management/hook/ament_prefix_path.dsv'
[0.392s] INFO:colcon.colcon_core.shell:Creating environment hook '/home/marvin/RobotArchitecture/ros2_ws/install/turtlebot3_slam_management/share/turtlebot3_slam_management/hook/ament_prefix_path.sh'
[0.393s] INFO:colcon.colcon_core.shell:Skip shell extension 'powershell' for command environment: Not usable outside of PowerShell
[0.393s] DEBUG:colcon.colcon_core.shell:Skip shell extension 'dsv' for command environment
[0.405s] DEBUG:colcon.colcon_core.event_handler.log_command:Invoking command in '/home/marvin/RobotArchitecture/ros2_ws/build/custom_msgs': CMAKE_PREFIX_PATH=${CMAKE_PREFIX_PATH}:/home/marvin/RobotArchitecture/ros2_ws/install/turtlebot3_random_explorer:/home/marvin/RobotArchitecture/ros2_ws/install/turtlebot3_obstacle_avoidance:/home/marvin/RobotArchitecture/ros2_ws/install/turtlebot3_hardware_control:/home/marvin/install/turtlebot3_hardware_control:/home/marvin/install/turtlebot3_explorer:/home/marvin/turtlebot3_ws/install/turtlebot3_teleop:/home/marvin/turtlebot3_ws/install/turtlebot3_obstacle_avoidance:/home/marvin/turtlebot3_ws/install/turtlebot3_hardware_control:/home/marvin/turtlebot3_ws/install/turtlebot3_example:/opt/ros/humble /usr/bin/cmake --build /home/marvin/RobotArchitecture/ros2_ws/build/custom_msgs -- -j8 -l8
[0.705s] INFO:colcon.colcon_core.task.python.build:Building Python package in '/home/marvin/RobotArchitecture/ros2_ws/src/turtlebot3_nav_management'
[0.705s] INFO:colcon.colcon_core.shell:Skip shell extension 'powershell' for command environment: Not usable outside of PowerShell
[0.705s] DEBUG:colcon.colcon_core.shell:Skip shell extension 'dsv' for command environment
[0.974s] INFO:colcon.colcon_core.task.python.build:Building Python package in '/home/marvin/RobotArchitecture/ros2_ws/src/turtlebot3_slam_management'
[0.975s] INFO:colcon.colcon_core.shell:Skip shell extension 'powershell' for command environment: Not usable outside of PowerShell
[0.975s] DEBUG:colcon.colcon_core.shell:Skip shell extension 'dsv' for command environment
[0.983s] DEBUG:colcon.colcon_core.event_handler.log_command:Invoked command in '/home/marvin/RobotArchitecture/ros2_ws/build/custom_msgs' returned '0': CMAKE_PREFIX_PATH=${CMAKE_PREFIX_PATH}:/home/marvin/RobotArchitecture/ros2_ws/install/turtlebot3_random_explorer:/home/marvin/RobotArchitecture/ros2_ws/install/turtlebot3_obstacle_avoidance:/home/marvin/RobotArchitecture/ros2_ws/install/turtlebot3_hardware_control:/home/marvin/install/turtlebot3_hardware_control:/home/marvin/install/turtlebot3_explorer:/home/marvin/turtlebot3_ws/install/turtlebot3_teleop:/home/marvin/turtlebot3_ws/install/turtlebot3_obstacle_avoidance:/home/marvin/turtlebot3_ws/install/turtlebot3_hardware_control:/home/marvin/turtlebot3_ws/install/turtlebot3_example:/opt/ros/humble /usr/bin/cmake --build /home/marvin/RobotArchitecture/ros2_ws/build/custom_msgs -- -j8 -l8
[1.044s] DEBUG:colcon.colcon_core.event_handler.log_command:Invoking command in '/home/marvin/RobotArchitecture/ros2_ws/build/custom_msgs': CMAKE_PREFIX_PATH=${CMAKE_PREFIX_PATH}:/home/marvin/RobotArchitecture/ros2_ws/install/turtlebot3_random_explorer:/home/marvin/RobotArchitecture/ros2_ws/install/turtlebot3_obstacle_avoidance:/home/marvin/RobotArchitecture/ros2_ws/install/turtlebot3_hardware_control:/home/marvin/install/turtlebot3_hardware_control:/home/marvin/install/turtlebot3_explorer:/home/marvin/turtlebot3_ws/install/turtlebot3_teleop:/home/marvin/turtlebot3_ws/install/turtlebot3_obstacle_avoidance:/home/marvin/turtlebot3_ws/install/turtlebot3_hardware_control:/home/marvin/turtlebot3_ws/install/turtlebot3_example:/opt/ros/humble /usr/bin/cmake --install /home/marvin/RobotArchitecture/ros2_ws/build/custom_msgs
[1.132s] Level 1:colcon.colcon_core.environment:create_environment_scripts_only(custom_msgs)
[1.133s] DEBUG:colcon.colcon_core.event_handler.log_command:Invoked command in '/home/marvin/RobotArchitecture/ros2_ws/build/custom_msgs' returned '0': CMAKE_PREFIX_PATH=${CMAKE_PREFIX_PATH}:/home/marvin/RobotArchitecture/ros2_ws/install/turtlebot3_random_explorer:/home/marvin/RobotArchitecture/ros2_ws/install/turtlebot3_obstacle_avoidance:/home/marvin/RobotArchitecture/ros2_ws/install/turtlebot3_hardware_control:/home/marvin/install/turtlebot3_hardware_control:/home/marvin/install/turtlebot3_explorer:/home/marvin/turtlebot3_ws/install/turtlebot3_teleop:/home/marvin/turtlebot3_ws/install/turtlebot3_obstacle_avoidance:/home/marvin/turtlebot3_ws/install/turtlebot3_hardware_control:/home/marvin/turtlebot3_ws/install/turtlebot3_example:/opt/ros/humble /usr/bin/cmake --install /home/marvin/RobotArchitecture/ros2_ws/build/custom_msgs
[1.137s] Level 1:colcon.colcon_core.environment:checking '/home/marvin/RobotArchitecture/ros2_ws/install/custom_msgs' for CMake module files
[1.138s] Level 1:colcon.colcon_core.environment:checking '/home/marvin/RobotArchitecture/ros2_ws/install/custom_msgs' for CMake config files
[1.138s] Level 1:colcon.colcon_core.shell:create_environment_hook('custom_msgs', 'cmake_prefix_path')
[1.139s] INFO:colcon.colcon_core.shell:Creating environment hook '/home/marvin/RobotArchitecture/ros2_ws/install/custom_msgs/share/custom_msgs/hook/cmake_prefix_path.ps1'
[1.139s] INFO:colcon.colcon_core.shell:Creating environment descriptor '/home/marvin/RobotArchitecture/ros2_ws/install/custom_msgs/share/custom_msgs/hook/cmake_prefix_path.dsv'
[1.139s] INFO:colcon.colcon_core.shell:Creating environment hook '/home/marvin/RobotArchitecture/ros2_ws/install/custom_msgs/share/custom_msgs/hook/cmake_prefix_path.sh'
[1.140s] Level 1:colcon.colcon_core.environment:checking '/home/marvin/RobotArchitecture/ros2_ws/install/custom_msgs/lib'
[1.141s] Level 1:colcon.colcon_core.shell:create_environment_hook('custom_msgs', 'ld_library_path_lib')
[1.141s] INFO:colcon.colcon_core.shell:Creating environment hook '/home/marvin/RobotArchitecture/ros2_ws/install/custom_msgs/share/custom_msgs/hook/ld_library_path_lib.ps1'
[1.141s] INFO:colcon.colcon_core.shell:Creating environment descriptor '/home/marvin/RobotArchitecture/ros2_ws/install/custom_msgs/share/custom_msgs/hook/ld_library_path_lib.dsv'
[1.142s] INFO:colcon.colcon_core.shell:Creating environment hook '/home/marvin/RobotArchitecture/ros2_ws/install/custom_msgs/share/custom_msgs/hook/ld_library_path_lib.sh'
[1.142s] Level 1:colcon.colcon_core.environment:checking '/home/marvin/RobotArchitecture/ros2_ws/install/custom_msgs/bin'
[1.142s] Level 1:colcon.colcon_core.environment:checking '/home/marvin/RobotArchitecture/ros2_ws/install/custom_msgs/lib/pkgconfig/custom_msgs.pc'
[1.143s] Level 1:colcon.colcon_core.environment:checking '/home/marvin/RobotArchitecture/ros2_ws/install/custom_msgs/lib/python3.10/site-packages'
[1.143s] Level 1:colcon.colcon_core.environment:checking '/home/marvin/RobotArchitecture/ros2_ws/install/custom_msgs/bin'
[1.144s] INFO:colcon.colcon_core.shell:Creating package script '/home/marvin/RobotArchitecture/ros2_ws/install/custom_msgs/share/custom_msgs/package.ps1'
[1.145s] INFO:colcon.colcon_core.shell:Creating package descriptor '/home/marvin/RobotArchitecture/ros2_ws/install/custom_msgs/share/custom_msgs/package.dsv'
[1.146s] INFO:colcon.colcon_core.shell:Creating package script '/home/marvin/RobotArchitecture/ros2_ws/install/custom_msgs/share/custom_msgs/package.sh'
[1.147s] INFO:colcon.colcon_core.shell:Creating package script '/home/marvin/RobotArchitecture/ros2_ws/install/custom_msgs/share/custom_msgs/package.bash'
[1.148s] INFO:colcon.colcon_core.shell:Creating package script '/home/marvin/RobotArchitecture/ros2_ws/install/custom_msgs/share/custom_msgs/package.zsh'
[1.149s] Level 1:colcon.colcon_core.environment:create_file_with_runtime_dependencies(/home/marvin/RobotArchitecture/ros2_ws/install/custom_msgs/share/colcon-core/packages/custom_msgs)
[1.197s] Level 1:colcon.colcon_core.environment:create_environment_scripts_only(custom_msgs)
[1.198s] Level 1:colcon.colcon_core.environment:checking '/home/marvin/RobotArchitecture/ros2_ws/install/custom_msgs' for CMake module files
[1.199s] Level 1:colcon.colcon_core.environment:checking '/home/marvin/RobotArchitecture/ros2_ws/install/custom_msgs' for CMake config files
[1.199s] Level 1:colcon.colcon_core.shell:create_environment_hook('custom_msgs', 'cmake_prefix_path')
[1.199s] INFO:colcon.colcon_core.shell:Creating environment hook '/home/marvin/RobotArchitecture/ros2_ws/install/custom_msgs/share/custom_msgs/hook/cmake_prefix_path.ps1'
[1.200s] INFO:colcon.colcon_core.shell:Creating environment descriptor '/home/marvin/RobotArchitecture/ros2_ws/install/custom_msgs/share/custom_msgs/hook/cmake_prefix_path.dsv'
[1.200s] INFO:colcon.colcon_core.shell:Creating environment hook '/home/marvin/RobotArchitecture/ros2_ws/install/custom_msgs/share/custom_msgs/hook/cmake_prefix_path.sh'
[1.201s] Level 1:colcon.colcon_core.environment:checking '/home/marvin/RobotArchitecture/ros2_ws/install/custom_msgs/lib'
[1.201s] Level 1:colcon.colcon_core.shell:create_environment_hook('custom_msgs', 'ld_library_path_lib')
[1.202s] INFO:colcon.colcon_core.shell:Creating environment hook '/home/marvin/RobotArchitecture/ros2_ws/install/custom_msgs/share/custom_msgs/hook/ld_library_path_lib.ps1'
[1.202s] INFO:colcon.colcon_core.shell:Creating environment descriptor '/home/marvin/RobotArchitecture/ros2_ws/install/custom_msgs/share/custom_msgs/hook/ld_library_path_lib.dsv'
[1.202s] INFO:colcon.colcon_core.shell:Creating environment hook '/home/marvin/RobotArchitecture/ros2_ws/install/custom_msgs/share/custom_msgs/hook/ld_library_path_lib.sh'
[1.203s] Level 1:colcon.colcon_core.environment:checking '/home/marvin/RobotArchitecture/ros2_ws/install/custom_msgs/bin'
[1.203s] Level 1:colcon.colcon_core.environment:checking '/home/marvin/RobotArchitecture/ros2_ws/install/custom_msgs/lib/pkgconfig/custom_msgs.pc'
[1.203s] Level 1:colcon.colcon_core.environment:checking '/home/marvin/RobotArchitecture/ros2_ws/install/custom_msgs/lib/python3.10/site-packages'
[1.204s] Level 1:colcon.colcon_core.environment:checking '/home/marvin/RobotArchitecture/ros2_ws/install/custom_msgs/bin'
[1.204s] INFO:colcon.colcon_core.shell:Creating package script '/home/marvin/RobotArchitecture/ros2_ws/install/custom_msgs/share/custom_msgs/package.ps1'
[1.205s] INFO:colcon.colcon_core.shell:Creating package descriptor '/home/marvin/RobotArchitecture/ros2_ws/install/custom_msgs/share/custom_msgs/package.dsv'
[1.206s] INFO:colcon.colcon_core.shell:Creating package script '/home/marvin/RobotArchitecture/ros2_ws/install/custom_msgs/share/custom_msgs/package.sh'
[1.206s] INFO:colcon.colcon_core.shell:Creating package script '/home/marvin/RobotArchitecture/ros2_ws/install/custom_msgs/share/custom_msgs/package.bash'
[1.207s] INFO:colcon.colcon_core.shell:Creating package script '/home/marvin/RobotArchitecture/ros2_ws/install/custom_msgs/share/custom_msgs/package.zsh'
[1.207s] Level 1:colcon.colcon_core.environment:create_file_with_runtime_dependencies(/home/marvin/RobotArchitecture/ros2_ws/install/custom_msgs/share/colcon-core/packages/custom_msgs)
[1.208s] INFO:colcon.colcon_ros.task.ament_cmake.build:Building ROS package in '/home/marvin/RobotArchitecture/ros2_ws/src/turtlebot3_control_services' with build type 'ament_cmake'
[1.208s] INFO:colcon.colcon_cmake.task.cmake.build:Building CMake package in '/home/marvin/RobotArchitecture/ros2_ws/src/turtlebot3_control_services'
[1.208s] INFO:colcon.colcon_core.shell:Skip shell extension 'powershell' for command environment: Not usable outside of PowerShell
[1.208s] DEBUG:colcon.colcon_core.shell:Skip shell extension 'dsv' for command environment
[1.217s] INFO:colcon.colcon_ros.task.ament_python.build:Building ROS package in '/home/marvin/RobotArchitecture/ros2_ws/src/turtlebot3_hardware_control' with build type 'ament_python'
[1.218s] Level 1:colcon.colcon_core.shell:create_environment_hook('turtlebot3_hardware_control', 'ament_prefix_path')
[1.218s] INFO:colcon.colcon_core.shell:Creating environment hook '/home/marvin/RobotArchitecture/ros2_ws/install/turtlebot3_hardware_control/share/turtlebot3_hardware_control/hook/ament_prefix_path.ps1'
[1.218s] INFO:colcon.colcon_core.shell:Creating environment descriptor '/home/marvin/RobotArchitecture/ros2_ws/install/turtlebot3_hardware_control/share/turtlebot3_hardware_control/hook/ament_prefix_path.dsv'
[1.219s] INFO:colcon.colcon_core.shell:Creating environment hook '/home/marvin/RobotArchitecture/ros2_ws/install/turtlebot3_hardware_control/share/turtlebot3_hardware_control/hook/ament_prefix_path.sh'
[1.220s] INFO:colcon.colcon_core.shell:Skip shell extension 'powershell' for command environment: Not usable outside of PowerShell
[1.220s] DEBUG:colcon.colcon_core.shell:Skip shell extension 'dsv' for command environment
[1.228s] INFO:colcon.colcon_ros.task.ament_python.build:Building ROS package in '/home/marvin/RobotArchitecture/ros2_ws/src/turtlebot3_obstacle_avoidance' with build type 'ament_python'
[1.229s] Level 1:colcon.colcon_core.shell:create_environment_hook('turtlebot3_obstacle_avoidance', 'ament_prefix_path')
[1.229s] INFO:colcon.colcon_core.shell:Creating environment hook '/home/marvin/RobotArchitecture/ros2_ws/install/turtlebot3_obstacle_avoidance/share/turtlebot3_obstacle_avoidance/hook/ament_prefix_path.ps1'
[1.230s] INFO:colcon.colcon_core.shell:Creating environment descriptor '/home/marvin/RobotArchitecture/ros2_ws/install/turtlebot3_obstacle_avoidance/share/turtlebot3_obstacle_avoidance/hook/ament_prefix_path.dsv'
[1.230s] INFO:colcon.colcon_core.shell:Creating environment hook '/home/marvin/RobotArchitecture/ros2_ws/install/turtlebot3_obstacle_avoidance/share/turtlebot3_obstacle_avoidance/hook/ament_prefix_path.sh'
[1.231s] INFO:colcon.colcon_core.shell:Skip shell extension 'powershell' for command environment: Not usable outside of PowerShell
[1.231s] DEBUG:colcon.colcon_core.shell:Skip shell extension 'dsv' for command environment
[1.240s] INFO:colcon.colcon_ros.task.ament_python.build:Building ROS package in '/home/marvin/RobotArchitecture/ros2_ws/src/turtlebot3_random_explorer' with build type 'ament_python'
[1.240s] Level 1:colcon.colcon_core.shell:create_environment_hook('turtlebot3_random_explorer', 'ament_prefix_path')
[1.241s] INFO:colcon.colcon_core.shell:Creating environment hook '/home/marvin/RobotArchitecture/ros2_ws/install/turtlebot3_random_explorer/share/turtlebot3_random_explorer/hook/ament_prefix_path.ps1'
[1.242s] INFO:colcon.colcon_core.shell:Creating environment descriptor '/home/marvin/RobotArchitecture/ros2_ws/install/turtlebot3_random_explorer/share/turtlebot3_random_explorer/hook/ament_prefix_path.dsv'
[1.243s] INFO:colcon.colcon_core.shell:Creating environment hook '/home/marvin/RobotArchitecture/ros2_ws/install/turtlebot3_random_explorer/share/turtlebot3_random_explorer/hook/ament_prefix_path.sh'
[1.244s] INFO:colcon.colcon_core.shell:Skip shell extension 'powershell' for command environment: Not usable outside of PowerShell
[1.244s] DEBUG:colcon.colcon_core.shell:Skip shell extension 'dsv' for command environment
[1.261s] DEBUG:colcon.colcon_core.event_handler.log_command:Invoking command in '/home/marvin/RobotArchitecture/ros2_ws/build/turtlebot3_control_services': CMAKE_PREFIX_PATH=/home/marvin/RobotArchitecture/ros2_ws/install/custom_msgs:/home/marvin/RobotArchitecture/ros2_ws/install/turtlebot3_control_services:/home/marvin/turtlebot3_ws/install/turtlebot3:/home/marvin/turtlebot3_ws/install/turtlebot3_simulations:/home/marvin/turtlebot3_ws/install/turtlebot3_bringup:/home/marvin/turtlebot3_ws/install/turtlebot3_node:/home/marvin/turtlebot3_ws/install/turtlebot3_navigation2:/home/marvin/turtlebot3_ws/install/turtlebot3_gazebo:/home/marvin/turtlebot3_ws/install/turtlebot3_fake_node:/home/marvin/turtlebot3_ws/install/turtlebot3_description:/home/marvin/turtlebot3_ws/install/turtlebot3_cartographer:/home/marvin/RobotArchitecture/ros2_ws/install/turtlebot3_random_explorer:/home/marvin/RobotArchitecture/ros2_ws/install/turtlebot3_obstacle_avoidance:/home/marvin/RobotArchitecture/ros2_ws/install/turtlebot3_hardware_control:/home/marvin/install/turtlebot3_hardware_control:/home/marvin/install/turtlebot3_explorer:/home/marvin/turtlebot3_ws/install/turtlebot3_teleop:/home/marvin/turtlebot3_ws/install/turtlebot3_obstacle_avoidance:/home/marvin/turtlebot3_ws/install/turtlebot3_hardware_control:/home/marvin/turtlebot3_ws/install/turtlebot3_example:/opt/ros/humble LD_LIBRARY_PATH=/home/marvin/RobotArchitecture/ros2_ws/install/custom_msgs/lib:/home/marvin/RobotArchitecture/ros2_ws/install/turtlebot3_control_services/lib:/usr/lib/x86_64-linux-gnu/gazebo-11/plugins:/opt/ros/humble/opt/rviz_ogre_vendor/lib:/opt/ros/humble/lib/x86_64-linux-gnu:/opt/ros/humble/lib:/usr/lib/x86_64-linux-gnu/gazebo-11/plugins /usr/bin/cmake --build /home/marvin/RobotArchitecture/ros2_ws/build/turtlebot3_control_services -- -j8 -l8
[1.623s] INFO:colcon.colcon_core.task.python.build:Building Python package in '/home/marvin/RobotArchitecture/ros2_ws/src/turtlebot3_hardware_control'
[1.623s] INFO:colcon.colcon_core.shell:Skip shell extension 'powershell' for command environment: Not usable outside of PowerShell
[1.624s] DEBUG:colcon.colcon_core.shell:Skip shell extension 'dsv' for command environment
[1.909s] INFO:colcon.colcon_core.task.python.build:Building Python package in '/home/marvin/RobotArchitecture/ros2_ws/src/turtlebot3_obstacle_avoidance'
[1.910s] INFO:colcon.colcon_core.shell:Skip shell extension 'powershell' for command environment: Not usable outside of PowerShell
[1.910s] DEBUG:colcon.colcon_core.shell:Skip shell extension 'dsv' for command environment
[2.182s] INFO:colcon.colcon_core.task.python.build:Building Python package in '/home/marvin/RobotArchitecture/ros2_ws/src/turtlebot3_random_explorer'
[2.183s] INFO:colcon.colcon_core.shell:Skip shell extension 'powershell' for command environment: Not usable outside of PowerShell
[2.183s] DEBUG:colcon.colcon_core.shell:Skip shell extension 'dsv' for command environment
[2.191s] DEBUG:colcon.colcon_core.event_handler.log_command:Invoking command in '/home/marvin/RobotArchitecture/ros2_ws/build/turtlebot3_slam_management': PYTHONPATH=/home/marvin/RobotArchitecture/ros2_ws/build/turtlebot3_slam_management/prefix_override:/home/marvin/RobotArchitecture/ros2_ws/install/turtlebot3_slam_management/lib/python3.10/site-packages:${PYTHONPATH} /usr/bin/python3 -W ignore:setup.py install is deprecated setup.py develop --editable --build-directory /home/marvin/RobotArchitecture/ros2_ws/build/turtlebot3_slam_management/build --no-deps symlink_data
[2.193s] DEBUG:colcon.colcon_core.event_handler.log_command:Invoking command in '/home/marvin/RobotArchitecture/ros2_ws/build/turtlebot3_nav_management': PYTHONPATH=/home/marvin/RobotArchitecture/ros2_ws/build/turtlebot3_nav_management/prefix_override:/home/marvin/RobotArchitecture/ros2_ws/install/turtlebot3_nav_management/lib/python3.10/site-packages:${PYTHONPATH} /usr/bin/python3 -W ignore:setup.py install is deprecated setup.py develop --editable --build-directory /home/marvin/RobotArchitecture/ros2_ws/build/turtlebot3_nav_management/build --no-deps symlink_data
[2.197s] DEBUG:colcon.colcon_core.event_handler.log_command:Invoked command in '/home/marvin/RobotArchitecture/ros2_ws/build/turtlebot3_control_services' returned '0': CMAKE_PREFIX_PATH=/home/marvin/RobotArchitecture/ros2_ws/install/custom_msgs:/home/marvin/RobotArchitecture/ros2_ws/install/turtlebot3_control_services:/home/marvin/turtlebot3_ws/install/turtlebot3:/home/marvin/turtlebot3_ws/install/turtlebot3_simulations:/home/marvin/turtlebot3_ws/install/turtlebot3_bringup:/home/marvin/turtlebot3_ws/install/turtlebot3_node:/home/marvin/turtlebot3_ws/install/turtlebot3_navigation2:/home/marvin/turtlebot3_ws/install/turtlebot3_gazebo:/home/marvin/turtlebot3_ws/install/turtlebot3_fake_node:/home/marvin/turtlebot3_ws/install/turtlebot3_description:/home/marvin/turtlebot3_ws/install/turtlebot3_cartographer:/home/marvin/RobotArchitecture/ros2_ws/install/turtlebot3_random_explorer:/home/marvin/RobotArchitecture/ros2_ws/install/turtlebot3_obstacle_avoidance:/home/marvin/RobotArchitecture/ros2_ws/install/turtlebot3_hardware_control:/home/marvin/install/turtlebot3_hardware_control:/home/marvin/install/turtlebot3_explorer:/home/marvin/turtlebot3_ws/install/turtlebot3_teleop:/home/marvin/turtlebot3_ws/install/turtlebot3_obstacle_avoidance:/home/marvin/turtlebot3_ws/install/turtlebot3_hardware_control:/home/marvin/turtlebot3_ws/install/turtlebot3_example:/opt/ros/humble LD_LIBRARY_PATH=/home/marvin/RobotArchitecture/ros2_ws/install/custom_msgs/lib:/home/marvin/RobotArchitecture/ros2_ws/install/turtlebot3_control_services/lib:/usr/lib/x86_64-linux-gnu/gazebo-11/plugins:/opt/ros/humble/opt/rviz_ogre_vendor/lib:/opt/ros/humble/lib/x86_64-linux-gnu:/opt/ros/humble/lib:/usr/lib/x86_64-linux-gnu/gazebo-11/plugins /usr/bin/cmake --build /home/marvin/RobotArchitecture/ros2_ws/build/turtlebot3_control_services -- -j8 -l8
[2.306s] DEBUG:colcon.colcon_core.event_handler.log_command:Invoking command in '/home/marvin/RobotArchitecture/ros2_ws/build/turtlebot3_control_services': CMAKE_PREFIX_PATH=/home/marvin/RobotArchitecture/ros2_ws/install/custom_msgs:/home/marvin/RobotArchitecture/ros2_ws/install/turtlebot3_control_services:/home/marvin/turtlebot3_ws/install/turtlebot3:/home/marvin/turtlebot3_ws/install/turtlebot3_simulations:/home/marvin/turtlebot3_ws/install/turtlebot3_bringup:/home/marvin/turtlebot3_ws/install/turtlebot3_node:/home/marvin/turtlebot3_ws/install/turtlebot3_navigation2:/home/marvin/turtlebot3_ws/install/turtlebot3_gazebo:/home/marvin/turtlebot3_ws/install/turtlebot3_fake_node:/home/marvin/turtlebot3_ws/install/turtlebot3_description:/home/marvin/turtlebot3_ws/install/turtlebot3_cartographer:/home/marvin/RobotArchitecture/ros2_ws/install/turtlebot3_random_explorer:/home/marvin/RobotArchitecture/ros2_ws/install/turtlebot3_obstacle_avoidance:/home/marvin/RobotArchitecture/ros2_ws/install/turtlebot3_hardware_control:/home/marvin/install/turtlebot3_hardware_control:/home/marvin/install/turtlebot3_explorer:/home/marvin/turtlebot3_ws/install/turtlebot3_teleop:/home/marvin/turtlebot3_ws/install/turtlebot3_obstacle_avoidance:/home/marvin/turtlebot3_ws/install/turtlebot3_hardware_control:/home/marvin/turtlebot3_ws/install/turtlebot3_example:/opt/ros/humble LD_LIBRARY_PATH=/home/marvin/RobotArchitecture/ros2_ws/install/custom_msgs/lib:/home/marvin/RobotArchitecture/ros2_ws/install/turtlebot3_control_services/lib:/usr/lib/x86_64-linux-gnu/gazebo-11/plugins:/opt/ros/humble/opt/rviz_ogre_vendor/lib:/opt/ros/humble/lib/x86_64-linux-gnu:/opt/ros/humble/lib:/usr/lib/x86_64-linux-gnu/gazebo-11/plugins /usr/bin/cmake --install /home/marvin/RobotArchitecture/ros2_ws/build/turtlebot3_control_services
[2.441s] Level 1:colcon.colcon_core.environment:create_environment_scripts_only(turtlebot3_control_services)
[2.441s] Level 1:colcon.colcon_core.environment:checking '/home/marvin/RobotArchitecture/ros2_ws/install/turtlebot3_control_services' for CMake module files
[2.442s] Level 1:colcon.colcon_core.environment:checking '/home/marvin/RobotArchitecture/ros2_ws/install/turtlebot3_control_services' for CMake config files
[2.444s] Level 1:colcon.colcon_core.shell:create_environment_hook('turtlebot3_control_services', 'cmake_prefix_path')
[2.444s] INFO:colcon.colcon_core.shell:Creating environment hook '/home/marvin/RobotArchitecture/ros2_ws/install/turtlebot3_control_services/share/turtlebot3_control_services/hook/cmake_prefix_path.ps1'
[2.445s] INFO:colcon.colcon_core.shell:Creating environment descriptor '/home/marvin/RobotArchitecture/ros2_ws/install/turtlebot3_control_services/share/turtlebot3_control_services/hook/cmake_prefix_path.dsv'
[2.445s] INFO:colcon.colcon_core.shell:Creating environment hook '/home/marvin/RobotArchitecture/ros2_ws/install/turtlebot3_control_services/share/turtlebot3_control_services/hook/cmake_prefix_path.sh'
[2.446s] Level 1:colcon.colcon_core.environment:checking '/home/marvin/RobotArchitecture/ros2_ws/install/turtlebot3_control_services/lib'
[2.446s] Level 1:colcon.colcon_core.shell:create_environment_hook('turtlebot3_control_services', 'ld_library_path_lib')
[2.446s] INFO:colcon.colcon_core.shell:Creating environment hook '/home/marvin/RobotArchitecture/ros2_ws/install/turtlebot3_control_services/share/turtlebot3_control_services/hook/ld_library_path_lib.ps1'
[2.447s] INFO:colcon.colcon_core.shell:Creating environment descriptor '/home/marvin/RobotArchitecture/ros2_ws/install/turtlebot3_control_services/share/turtlebot3_control_services/hook/ld_library_path_lib.dsv'
[2.447s] INFO:colcon.colcon_core.shell:Creating environment hook '/home/marvin/RobotArchitecture/ros2_ws/install/turtlebot3_control_services/share/turtlebot3_control_services/hook/ld_library_path_lib.sh'
[2.447s] Level 1:colcon.colcon_core.environment:checking '/home/marvin/RobotArchitecture/ros2_ws/install/turtlebot3_control_services/bin'
[2.448s] Level 1:colcon.colcon_core.environment:checking '/home/marvin/RobotArchitecture/ros2_ws/install/turtlebot3_control_services/lib/pkgconfig/turtlebot3_control_services.pc'
[2.448s] Level 1:colcon.colcon_core.environment:checking '/home/marvin/RobotArchitecture/ros2_ws/install/turtlebot3_control_services/lib/python3.10/site-packages'
[2.454s] DEBUG:colcon.colcon_core.event_handler.log_command:Invoked command in '/home/marvin/RobotArchitecture/ros2_ws/build/turtlebot3_control_services' returned '0': CMAKE_PREFIX_PATH=/home/marvin/RobotArchitecture/ros2_ws/install/custom_msgs:/home/marvin/RobotArchitecture/ros2_ws/install/turtlebot3_control_services:/home/marvin/turtlebot3_ws/install/turtlebot3:/home/marvin/turtlebot3_ws/install/turtlebot3_simulations:/home/marvin/turtlebot3_ws/install/turtlebot3_bringup:/home/marvin/turtlebot3_ws/install/turtlebot3_node:/home/marvin/turtlebot3_ws/install/turtlebot3_navigation2:/home/marvin/turtlebot3_ws/install/turtlebot3_gazebo:/home/marvin/turtlebot3_ws/install/turtlebot3_fake_node:/home/marvin/turtlebot3_ws/install/turtlebot3_description:/home/marvin/turtlebot3_ws/install/turtlebot3_cartographer:/home/marvin/RobotArchitecture/ros2_ws/install/turtlebot3_random_explorer:/home/marvin/RobotArchitecture/ros2_ws/install/turtlebot3_obstacle_avoidance:/home/marvin/RobotArchitecture/ros2_ws/install/turtlebot3_hardware_control:/home/marvin/install/turtlebot3_hardware_control:/home/marvin/install/turtlebot3_explorer:/home/marvin/turtlebot3_ws/install/turtlebot3_teleop:/home/marvin/turtlebot3_ws/install/turtlebot3_obstacle_avoidance:/home/marvin/turtlebot3_ws/install/turtlebot3_hardware_control:/home/marvin/turtlebot3_ws/install/turtlebot3_example:/opt/ros/humble LD_LIBRARY_PATH=/home/marvin/RobotArchitecture/ros2_ws/install/custom_msgs/lib:/home/marvin/RobotArchitecture/ros2_ws/install/turtlebot3_control_services/lib:/usr/lib/x86_64-linux-gnu/gazebo-11/plugins:/opt/ros/humble/opt/rviz_ogre_vendor/lib:/opt/ros/humble/lib/x86_64-linux-gnu:/opt/ros/humble/lib:/usr/lib/x86_64-linux-gnu/gazebo-11/plugins /usr/bin/cmake --install /home/marvin/RobotArchitecture/ros2_ws/build/turtlebot3_control_services
[2.455s] Level 1:colcon.colcon_core.environment:checking '/home/marvin/RobotArchitecture/ros2_ws/install/turtlebot3_control_services/bin'
[2.455s] INFO:colcon.colcon_core.shell:Creating package script '/home/marvin/RobotArchitecture/ros2_ws/install/turtlebot3_control_services/share/turtlebot3_control_services/package.ps1'
[2.456s] INFO:colcon.colcon_core.shell:Creating package descriptor '/home/marvin/RobotArchitecture/ros2_ws/install/turtlebot3_control_services/share/turtlebot3_control_services/package.dsv'
[2.457s] INFO:colcon.colcon_core.shell:Creating package script '/home/marvin/RobotArchitecture/ros2_ws/install/turtlebot3_control_services/share/turtlebot3_control_services/package.sh'
[2.457s] INFO:colcon.colcon_core.shell:Creating package script '/home/marvin/RobotArchitecture/ros2_ws/install/turtlebot3_control_services/share/turtlebot3_control_services/package.bash'
[2.458s] INFO:colcon.colcon_core.shell:Creating package script '/home/marvin/RobotArchitecture/ros2_ws/install/turtlebot3_control_services/share/turtlebot3_control_services/package.zsh'
[2.458s] Level 1:colcon.colcon_core.environment:create_file_with_runtime_dependencies(/home/marvin/RobotArchitecture/ros2_ws/install/turtlebot3_control_services/share/colcon-core/packages/turtlebot3_control_services)
[2.543s] Level 1:colcon.colcon_core.environment:create_environment_scripts_only(turtlebot3_control_services)
[2.543s] Level 1:colcon.colcon_core.environment:checking '/home/marvin/RobotArchitecture/ros2_ws/install/turtlebot3_control_services' for CMake module files
[2.544s] Level 1:colcon.colcon_core.environment:checking '/home/marvin/RobotArchitecture/ros2_ws/install/turtlebot3_control_services' for CMake config files
[2.546s] Level 1:colcon.colcon_core.shell:create_environment_hook('turtlebot3_control_services', 'cmake_prefix_path')
[2.546s] INFO:colcon.colcon_core.shell:Creating environment hook '/home/marvin/RobotArchitecture/ros2_ws/install/turtlebot3_control_services/share/turtlebot3_control_services/hook/cmake_prefix_path.ps1'
[2.549s] INFO:colcon.colcon_core.shell:Creating environment descriptor '/home/marvin/RobotArchitecture/ros2_ws/install/turtlebot3_control_services/share/turtlebot3_control_services/hook/cmake_prefix_path.dsv'
[2.550s] INFO:colcon.colcon_core.shell:Creating environment hook '/home/marvin/RobotArchitecture/ros2_ws/install/turtlebot3_control_services/share/turtlebot3_control_services/hook/cmake_prefix_path.sh'
[2.551s] Level 1:colcon.colcon_core.environment:checking '/home/marvin/RobotArchitecture/ros2_ws/install/turtlebot3_control_services/lib'
[2.552s] Level 1:colcon.colcon_core.shell:create_environment_hook('turtlebot3_control_services', 'ld_library_path_lib')
[2.552s] INFO:colcon.colcon_core.shell:Creating environment hook '/home/marvin/RobotArchitecture/ros2_ws/install/turtlebot3_control_services/share/turtlebot3_control_services/hook/ld_library_path_lib.ps1'
[2.553s] INFO:colcon.colcon_core.shell:Creating environment descriptor '/home/marvin/RobotArchitecture/ros2_ws/install/turtlebot3_control_services/share/turtlebot3_control_services/hook/ld_library_path_lib.dsv'
[2.555s] INFO:colcon.colcon_core.shell:Creating environment hook '/home/marvin/RobotArchitecture/ros2_ws/install/turtlebot3_control_services/share/turtlebot3_control_services/hook/ld_library_path_lib.sh'
[2.556s] Level 1:colcon.colcon_core.environment:checking '/home/marvin/RobotArchitecture/ros2_ws/install/turtlebot3_control_services/bin'
[2.556s] Level 1:colcon.colcon_core.environment:checking '/home/marvin/RobotArchitecture/ros2_ws/install/turtlebot3_control_services/lib/pkgconfig/turtlebot3_control_services.pc'
[2.557s] Level 1:colcon.colcon_core.environment:checking '/home/marvin/RobotArchitecture/ros2_ws/install/turtlebot3_control_services/lib/python3.10/site-packages'
[2.557s] Level 1:colcon.colcon_core.environment:checking '/home/marvin/RobotArchitecture/ros2_ws/install/turtlebot3_control_services/bin'
[2.558s] INFO:colcon.colcon_core.shell:Creating package script '/home/marvin/RobotArchitecture/ros2_ws/install/turtlebot3_control_services/share/turtlebot3_control_services/package.ps1'
[2.560s] INFO:colcon.colcon_core.shell:Creating package descriptor '/home/marvin/RobotArchitecture/ros2_ws/install/turtlebot3_control_services/share/turtlebot3_control_services/package.dsv'
[2.561s] INFO:colcon.colcon_core.shell:Creating package script '/home/marvin/RobotArchitecture/ros2_ws/install/turtlebot3_control_services/share/turtlebot3_control_services/package.sh'
[2.562s] INFO:colcon.colcon_core.shell:Creating package script '/home/marvin/RobotArchitecture/ros2_ws/install/turtlebot3_control_services/share/turtlebot3_control_services/package.bash'
[2.563s] INFO:colcon.colcon_core.shell:Creating package script '/home/marvin/RobotArchitecture/ros2_ws/install/turtlebot3_control_services/share/turtlebot3_control_services/package.zsh'
[2.569s] Level 1:colcon.colcon_core.environment:create_file_with_runtime_dependencies(/home/marvin/RobotArchitecture/ros2_ws/install/turtlebot3_control_services/share/colcon-core/packages/turtlebot3_control_services)
[2.731s] DEBUG:colcon.colcon_core.event_handler.log_command:Invoking command in '/home/marvin/RobotArchitecture/ros2_ws/build/turtlebot3_random_explorer': CMAKE_PREFIX_PATH=/home/marvin/RobotArchitecture/ros2_ws/install/custom_msgs:/home/marvin/RobotArchitecture/ros2_ws/install/turtlebot3_control_services:/home/marvin/turtlebot3_ws/install/turtlebot3:/home/marvin/turtlebot3_ws/install/turtlebot3_simulations:/home/marvin/turtlebot3_ws/install/turtlebot3_bringup:/home/marvin/turtlebot3_ws/install/turtlebot3_node:/home/marvin/turtlebot3_ws/install/turtlebot3_navigation2:/home/marvin/turtlebot3_ws/install/turtlebot3_gazebo:/home/marvin/turtlebot3_ws/install/turtlebot3_fake_node:/home/marvin/turtlebot3_ws/install/turtlebot3_description:/home/marvin/turtlebot3_ws/install/turtlebot3_cartographer LD_LIBRARY_PATH=/home/marvin/RobotArchitecture/ros2_ws/install/custom_msgs/lib:/home/marvin/RobotArchitecture/ros2_ws/install/turtlebot3_control_services/lib:/usr/lib/x86_64-linux-gnu/gazebo-11/plugins:/opt/ros/humble/opt/rviz_ogre_vendor/lib:/opt/ros/humble/lib/x86_64-linux-gnu:/opt/ros/humble/lib:/usr/lib/x86_64-linux-gnu/gazebo-11/plugins PYTHONPATH=/home/marvin/RobotArchitecture/ros2_ws/build/turtlebot3_random_explorer/prefix_override:/home/marvin/RobotArchitecture/ros2_ws/install/turtlebot3_random_explorer/lib/python3.10/site-packages:${PYTHONPATH} /usr/bin/python3 -W ignore:setup.py install is deprecated setup.py develop --editable --build-directory /home/marvin/RobotArchitecture/ros2_ws/build/turtlebot3_random_explorer/build --no-deps symlink_data
[2.826s] DEBUG:colcon.colcon_core.event_handler.log_command:Invoking command in '/home/marvin/RobotArchitecture/ros2_ws/build/turtlebot3_hardware_control': CMAKE_PREFIX_PATH=/home/marvin/RobotArchitecture/ros2_ws/install/custom_msgs:/home/marvin/RobotArchitecture/ros2_ws/install/turtlebot3_control_services:/home/marvin/turtlebot3_ws/install/turtlebot3:/home/marvin/turtlebot3_ws/install/turtlebot3_simulations:/home/marvin/turtlebot3_ws/install/turtlebot3_bringup:/home/marvin/turtlebot3_ws/install/turtlebot3_node:/home/marvin/turtlebot3_ws/install/turtlebot3_navigation2:/home/marvin/turtlebot3_ws/install/turtlebot3_gazebo:/home/marvin/turtlebot3_ws/install/turtlebot3_fake_node:/home/marvin/turtlebot3_ws/install/turtlebot3_description:/home/marvin/turtlebot3_ws/install/turtlebot3_cartographer LD_LIBRARY_PATH=/home/marvin/RobotArchitecture/ros2_ws/install/custom_msgs/lib:/home/marvin/RobotArchitecture/ros2_ws/install/turtlebot3_control_services/lib:/usr/lib/x86_64-linux-gnu/gazebo-11/plugins:/opt/ros/humble/opt/rviz_ogre_vendor/lib:/opt/ros/humble/lib/x86_64-linux-gnu:/opt/ros/humble/lib:/usr/lib/x86_64-linux-gnu/gazebo-11/plugins PYTHONPATH=/home/marvin/RobotArchitecture/ros2_ws/build/turtlebot3_hardware_control/prefix_override:/home/marvin/RobotArchitecture/ros2_ws/install/turtlebot3_hardware_control/lib/python3.10/site-packages:${PYTHONPATH} /usr/bin/python3 -W ignore:setup.py install is deprecated setup.py develop --editable --build-directory /home/marvin/RobotArchitecture/ros2_ws/build/turtlebot3_hardware_control/build --no-deps symlink_data
[2.861s] DEBUG:colcon.colcon_core.event_handler.log_command:Invoking command in '/home/marvin/RobotArchitecture/ros2_ws/build/turtlebot3_obstacle_avoidance': CMAKE_PREFIX_PATH=/home/marvin/RobotArchitecture/ros2_ws/install/custom_msgs:/home/marvin/RobotArchitecture/ros2_ws/install/turtlebot3_control_services:/home/marvin/turtlebot3_ws/install/turtlebot3:/home/marvin/turtlebot3_ws/install/turtlebot3_simulations:/home/marvin/turtlebot3_ws/install/turtlebot3_bringup:/home/marvin/turtlebot3_ws/install/turtlebot3_node:/home/marvin/turtlebot3_ws/install/turtlebot3_navigation2:/home/marvin/turtlebot3_ws/install/turtlebot3_gazebo:/home/marvin/turtlebot3_ws/install/turtlebot3_fake_node:/home/marvin/turtlebot3_ws/install/turtlebot3_description:/home/marvin/turtlebot3_ws/install/turtlebot3_cartographer LD_LIBRARY_PATH=/home/marvin/RobotArchitecture/ros2_ws/install/custom_msgs/lib:/home/marvin/RobotArchitecture/ros2_ws/install/turtlebot3_control_services/lib:/usr/lib/x86_64-linux-gnu/gazebo-11/plugins:/opt/ros/humble/opt/rviz_ogre_vendor/lib:/opt/ros/humble/lib/x86_64-linux-gnu:/opt/ros/humble/lib:/usr/lib/x86_64-linux-gnu/gazebo-11/plugins PYTHONPATH=/home/marvin/RobotArchitecture/ros2_ws/build/turtlebot3_obstacle_avoidance/prefix_override:/home/marvin/RobotArchitecture/ros2_ws/install/turtlebot3_obstacle_avoidance/lib/python3.10/site-packages:${PYTHONPATH} /usr/bin/python3 -W ignore:setup.py install is deprecated setup.py develop --editable --build-directory /home/marvin/RobotArchitecture/ros2_ws/build/turtlebot3_obstacle_avoidance/build --no-deps symlink_data
[2.875s] Level 1:colcon.colcon_core.shell:create_environment_hook('turtlebot3_slam_management', 'pythonpath_develop')
[2.875s] DEBUG:colcon.colcon_core.event_handler.log_command:Invoked command in '/home/marvin/RobotArchitecture/ros2_ws/build/turtlebot3_slam_management' returned '0': PYTHONPATH=/home/marvin/RobotArchitecture/ros2_ws/build/turtlebot3_slam_management/prefix_override:/home/marvin/RobotArchitecture/ros2_ws/install/turtlebot3_slam_management/lib/python3.10/site-packages:${PYTHONPATH} /usr/bin/python3 -W ignore:setup.py install is deprecated setup.py develop --editable --build-directory /home/marvin/RobotArchitecture/ros2_ws/build/turtlebot3_slam_management/build --no-deps symlink_data
[2.876s] INFO:colcon.colcon_core.shell:Creating environment hook '/home/marvin/RobotArchitecture/ros2_ws/build/turtlebot3_slam_management/share/turtlebot3_slam_management/hook/pythonpath_develop.ps1'
[2.877s] INFO:colcon.colcon_core.shell:Creating environment descriptor '/home/marvin/RobotArchitecture/ros2_ws/build/turtlebot3_slam_management/share/turtlebot3_slam_management/hook/pythonpath_develop.dsv'
[2.877s] INFO:colcon.colcon_core.shell:Creating environment hook '/home/marvin/RobotArchitecture/ros2_ws/build/turtlebot3_slam_management/share/turtlebot3_slam_management/hook/pythonpath_develop.sh'
[2.877s] Level 1:colcon.colcon_core.environment:checking '/home/marvin/RobotArchitecture/ros2_ws/install/turtlebot3_slam_management' for CMake module files
[2.878s] Level 1:colcon.colcon_core.environment:checking '/home/marvin/RobotArchitecture/ros2_ws/install/turtlebot3_slam_management' for CMake config files
[2.878s] Level 1:colcon.colcon_core.environment:checking '/home/marvin/RobotArchitecture/ros2_ws/install/turtlebot3_slam_management/lib'
[2.878s] Level 1:colcon.colcon_core.environment:checking '/home/marvin/RobotArchitecture/ros2_ws/install/turtlebot3_slam_management/bin'
[2.879s] Level 1:colcon.colcon_core.environment:checking '/home/marvin/RobotArchitecture/ros2_ws/install/turtlebot3_slam_management/lib/pkgconfig/turtlebot3_slam_management.pc'
[2.879s] Level 1:colcon.colcon_core.environment:checking '/home/marvin/RobotArchitecture/ros2_ws/install/turtlebot3_slam_management/lib/python3.10/site-packages'
[2.879s] Level 1:colcon.colcon_core.shell:create_environment_hook('turtlebot3_slam_management', 'pythonpath')
[2.879s] INFO:colcon.colcon_core.shell:Creating environment hook '/home/marvin/RobotArchitecture/ros2_ws/install/turtlebot3_slam_management/share/turtlebot3_slam_management/hook/pythonpath.ps1'
[2.880s] INFO:colcon.colcon_core.shell:Creating environment descriptor '/home/marvin/RobotArchitecture/ros2_ws/install/turtlebot3_slam_management/share/turtlebot3_slam_management/hook/pythonpath.dsv'
[2.880s] INFO:colcon.colcon_core.shell:Creating environment hook '/home/marvin/RobotArchitecture/ros2_ws/install/turtlebot3_slam_management/share/turtlebot3_slam_management/hook/pythonpath.sh'
[2.880s] Level 1:colcon.colcon_core.environment:checking '/home/marvin/RobotArchitecture/ros2_ws/install/turtlebot3_slam_management/bin'
[2.881s] Level 1:colcon.colcon_core.environment:create_environment_scripts_only(turtlebot3_slam_management)
[2.881s] INFO:colcon.colcon_core.shell:Creating package script '/home/marvin/RobotArchitecture/ros2_ws/install/turtlebot3_slam_management/share/turtlebot3_slam_management/package.ps1'
[2.881s] INFO:colcon.colcon_core.shell:Creating package descriptor '/home/marvin/RobotArchitecture/ros2_ws/install/turtlebot3_slam_management/share/turtlebot3_slam_management/package.dsv'
[2.882s] INFO:colcon.colcon_core.shell:Creating package script '/home/marvin/RobotArchitecture/ros2_ws/install/turtlebot3_slam_management/share/turtlebot3_slam_management/package.sh'
[2.882s] INFO:colcon.colcon_core.shell:Creating package script '/home/marvin/RobotArchitecture/ros2_ws/install/turtlebot3_slam_management/share/turtlebot3_slam_management/package.bash'
[2.883s] INFO:colcon.colcon_core.shell:Creating package script '/home/marvin/RobotArchitecture/ros2_ws/install/turtlebot3_slam_management/share/turtlebot3_slam_management/package.zsh'
[2.883s] Level 1:colcon.colcon_core.environment:create_file_with_runtime_dependencies(/home/marvin/RobotArchitecture/ros2_ws/install/turtlebot3_slam_management/share/colcon-core/packages/turtlebot3_slam_management)
[3.068s] Level 1:colcon.colcon_core.shell:create_environment_hook('turtlebot3_nav_management', 'pythonpath_develop')
[3.069s] INFO:colcon.colcon_core.shell:Creating environment hook '/home/marvin/RobotArchitecture/ros2_ws/build/turtlebot3_nav_management/share/turtlebot3_nav_management/hook/pythonpath_develop.ps1'
[3.069s] DEBUG:colcon.colcon_core.event_handler.log_command:Invoked command in '/home/marvin/RobotArchitecture/ros2_ws/build/turtlebot3_nav_management' returned '0': PYTHONPATH=/home/marvin/RobotArchitecture/ros2_ws/build/turtlebot3_nav_management/prefix_override:/home/marvin/RobotArchitecture/ros2_ws/install/turtlebot3_nav_management/lib/python3.10/site-packages:${PYTHONPATH} /usr/bin/python3 -W ignore:setup.py install is deprecated setup.py develop --editable --build-directory /home/marvin/RobotArchitecture/ros2_ws/build/turtlebot3_nav_management/build --no-deps symlink_data
[3.070s] INFO:colcon.colcon_core.shell:Creating environment descriptor '/home/marvin/RobotArchitecture/ros2_ws/build/turtlebot3_nav_management/share/turtlebot3_nav_management/hook/pythonpath_develop.dsv'
[3.070s] INFO:colcon.colcon_core.shell:Creating environment hook '/home/marvin/RobotArchitecture/ros2_ws/build/turtlebot3_nav_management/share/turtlebot3_nav_management/hook/pythonpath_develop.sh'
[3.070s] Level 1:colcon.colcon_core.environment:checking '/home/marvin/RobotArchitecture/ros2_ws/install/turtlebot3_nav_management' for CMake module files
[3.071s] Level 1:colcon.colcon_core.environment:checking '/home/marvin/RobotArchitecture/ros2_ws/install/turtlebot3_nav_management' for CMake config files
[3.071s] Level 1:colcon.colcon_core.environment:checking '/home/marvin/RobotArchitecture/ros2_ws/install/turtlebot3_nav_management/lib'
[3.071s] Level 1:colcon.colcon_core.environment:checking '/home/marvin/RobotArchitecture/ros2_ws/install/turtlebot3_nav_management/bin'
[3.071s] Level 1:colcon.colcon_core.environment:checking '/home/marvin/RobotArchitecture/ros2_ws/install/turtlebot3_nav_management/lib/pkgconfig/turtlebot3_nav_management.pc'
[3.072s] Level 1:colcon.colcon_core.environment:checking '/home/marvin/RobotArchitecture/ros2_ws/install/turtlebot3_nav_management/lib/python3.10/site-packages'
[3.072s] Level 1:colcon.colcon_core.shell:create_environment_hook('turtlebot3_nav_management', 'pythonpath')
[3.072s] INFO:colcon.colcon_core.shell:Creating environment hook '/home/marvin/RobotArchitecture/ros2_ws/install/turtlebot3_nav_management/share/turtlebot3_nav_management/hook/pythonpath.ps1'
[3.072s] INFO:colcon.colcon_core.shell:Creating environment descriptor '/home/marvin/RobotArchitecture/ros2_ws/install/turtlebot3_nav_management/share/turtlebot3_nav_management/hook/pythonpath.dsv'
[3.072s] INFO:colcon.colcon_core.shell:Creating environment hook '/home/marvin/RobotArchitecture/ros2_ws/install/turtlebot3_nav_management/share/turtlebot3_nav_management/hook/pythonpath.sh'
[3.073s] Level 1:colcon.colcon_core.environment:checking '/home/marvin/RobotArchitecture/ros2_ws/install/turtlebot3_nav_management/bin'
[3.073s] Level 1:colcon.colcon_core.environment:create_environment_scripts_only(turtlebot3_nav_management)
[3.073s] INFO:colcon.colcon_core.shell:Creating package script '/home/marvin/RobotArchitecture/ros2_ws/install/turtlebot3_nav_management/share/turtlebot3_nav_management/package.ps1'
[3.074s] INFO:colcon.colcon_core.shell:Creating package descriptor '/home/marvin/RobotArchitecture/ros2_ws/install/turtlebot3_nav_management/share/turtlebot3_nav_management/package.dsv'
[3.074s] INFO:colcon.colcon_core.shell:Creating package script '/home/marvin/RobotArchitecture/ros2_ws/install/turtlebot3_nav_management/share/turtlebot3_nav_management/package.sh'
[3.075s] INFO:colcon.colcon_core.shell:Creating package script '/home/marvin/RobotArchitecture/ros2_ws/install/turtlebot3_nav_management/share/turtlebot3_nav_management/package.bash'
[3.075s] INFO:colcon.colcon_core.shell:Creating package script '/home/marvin/RobotArchitecture/ros2_ws/install/turtlebot3_nav_management/share/turtlebot3_nav_management/package.zsh'
[3.075s] Level 1:colcon.colcon_core.environment:create_file_with_runtime_dependencies(/home/marvin/RobotArchitecture/ros2_ws/install/turtlebot3_nav_management/share/colcon-core/packages/turtlebot3_nav_management)
[3.322s] Level 1:colcon.colcon_core.shell:create_environment_hook('turtlebot3_random_explorer', 'pythonpath_develop')
[3.322s] INFO:colcon.colcon_core.shell:Creating environment hook '/home/marvin/RobotArchitecture/ros2_ws/build/turtlebot3_random_explorer/share/turtlebot3_random_explorer/hook/pythonpath_develop.ps1'
[3.322s] DEBUG:colcon.colcon_core.event_handler.log_command:Invoked command in '/home/marvin/RobotArchitecture/ros2_ws/build/turtlebot3_random_explorer' returned '0': CMAKE_PREFIX_PATH=/home/marvin/RobotArchitecture/ros2_ws/install/custom_msgs:/home/marvin/RobotArchitecture/ros2_ws/install/turtlebot3_control_services:/home/marvin/turtlebot3_ws/install/turtlebot3:/home/marvin/turtlebot3_ws/install/turtlebot3_simulations:/home/marvin/turtlebot3_ws/install/turtlebot3_bringup:/home/marvin/turtlebot3_ws/install/turtlebot3_node:/home/marvin/turtlebot3_ws/install/turtlebot3_navigation2:/home/marvin/turtlebot3_ws/install/turtlebot3_gazebo:/home/marvin/turtlebot3_ws/install/turtlebot3_fake_node:/home/marvin/turtlebot3_ws/install/turtlebot3_description:/home/marvin/turtlebot3_ws/install/turtlebot3_cartographer LD_LIBRARY_PATH=/home/marvin/RobotArchitecture/ros2_ws/install/custom_msgs/lib:/home/marvin/RobotArchitecture/ros2_ws/install/turtlebot3_control_services/lib:/usr/lib/x86_64-linux-gnu/gazebo-11/plugins:/opt/ros/humble/opt/rviz_ogre_vendor/lib:/opt/ros/humble/lib/x86_64-linux-gnu:/opt/ros/humble/lib:/usr/lib/x86_64-linux-gnu/gazebo-11/plugins PYTHONPATH=/home/marvin/RobotArchitecture/ros2_ws/build/turtlebot3_random_explorer/prefix_override:/home/marvin/RobotArchitecture/ros2_ws/install/turtlebot3_random_explorer/lib/python3.10/site-packages:${PYTHONPATH} /usr/bin/python3 -W ignore:setup.py install is deprecated setup.py develop --editable --build-directory /home/marvin/RobotArchitecture/ros2_ws/build/turtlebot3_random_explorer/build --no-deps symlink_data
[3.323s] INFO:colcon.colcon_core.shell:Creating environment descriptor '/home/marvin/RobotArchitecture/ros2_ws/build/turtlebot3_random_explorer/share/turtlebot3_random_explorer/hook/pythonpath_develop.dsv'
[3.323s] INFO:colcon.colcon_core.shell:Creating environment hook '/home/marvin/RobotArchitecture/ros2_ws/build/turtlebot3_random_explorer/share/turtlebot3_random_explorer/hook/pythonpath_develop.sh'
[3.324s] Level 1:colcon.colcon_core.environment:checking '/home/marvin/RobotArchitecture/ros2_ws/install/turtlebot3_random_explorer' for CMake module files
[3.324s] Level 1:colcon.colcon_core.environment:checking '/home/marvin/RobotArchitecture/ros2_ws/install/turtlebot3_random_explorer' for CMake config files
[3.325s] Level 1:colcon.colcon_core.environment:checking '/home/marvin/RobotArchitecture/ros2_ws/install/turtlebot3_random_explorer/lib'
[3.325s] Level 1:colcon.colcon_core.environment:checking '/home/marvin/RobotArchitecture/ros2_ws/install/turtlebot3_random_explorer/bin'
[3.325s] Level 1:colcon.colcon_core.environment:checking '/home/marvin/RobotArchitecture/ros2_ws/install/turtlebot3_random_explorer/lib/pkgconfig/turtlebot3_random_explorer.pc'
[3.325s] Level 1:colcon.colcon_core.environment:checking '/home/marvin/RobotArchitecture/ros2_ws/install/turtlebot3_random_explorer/lib/python3.10/site-packages'
[3.325s] Level 1:colcon.colcon_core.shell:create_environment_hook('turtlebot3_random_explorer', 'pythonpath')
[3.325s] INFO:colcon.colcon_core.shell:Creating environment hook '/home/marvin/RobotArchitecture/ros2_ws/install/turtlebot3_random_explorer/share/turtlebot3_random_explorer/hook/pythonpath.ps1'
[3.326s] INFO:colcon.colcon_core.shell:Creating environment descriptor '/home/marvin/RobotArchitecture/ros2_ws/install/turtlebot3_random_explorer/share/turtlebot3_random_explorer/hook/pythonpath.dsv'
[3.326s] INFO:colcon.colcon_core.shell:Creating environment hook '/home/marvin/RobotArchitecture/ros2_ws/install/turtlebot3_random_explorer/share/turtlebot3_random_explorer/hook/pythonpath.sh'
[3.326s] Level 1:colcon.colcon_core.environment:checking '/home/marvin/RobotArchitecture/ros2_ws/install/turtlebot3_random_explorer/bin'
[3.326s] Level 1:colcon.colcon_core.environment:create_environment_scripts_only(turtlebot3_random_explorer)
[3.327s] INFO:colcon.colcon_core.shell:Creating package script '/home/marvin/RobotArchitecture/ros2_ws/install/turtlebot3_random_explorer/share/turtlebot3_random_explorer/package.ps1'
[3.327s] INFO:colcon.colcon_core.shell:Creating package descriptor '/home/marvin/RobotArchitecture/ros2_ws/install/turtlebot3_random_explorer/share/turtlebot3_random_explorer/package.dsv'
[3.328s] INFO:colcon.colcon_core.shell:Creating package script '/home/marvin/RobotArchitecture/ros2_ws/install/turtlebot3_random_explorer/share/turtlebot3_random_explorer/package.sh'
[3.328s] INFO:colcon.colcon_core.shell:Creating package script '/home/marvin/RobotArchitecture/ros2_ws/install/turtlebot3_random_explorer/share/turtlebot3_random_explorer/package.bash'
[3.329s] INFO:colcon.colcon_core.shell:Creating package script '/home/marvin/RobotArchitecture/ros2_ws/install/turtlebot3_random_explorer/share/turtlebot3_random_explorer/package.zsh'
[3.329s] Level 1:colcon.colcon_core.environment:create_file_with_runtime_dependencies(/home/marvin/RobotArchitecture/ros2_ws/install/turtlebot3_random_explorer/share/colcon-core/packages/turtlebot3_random_explorer)
[3.535s] Level 1:colcon.colcon_core.shell:create_environment_hook('turtlebot3_obstacle_avoidance', 'pythonpath_develop')
[3.536s] INFO:colcon.colcon_core.shell:Creating environment hook '/home/marvin/RobotArchitecture/ros2_ws/build/turtlebot3_obstacle_avoidance/share/turtlebot3_obstacle_avoidance/hook/pythonpath_develop.ps1'
[3.536s] DEBUG:colcon.colcon_core.event_handler.log_command:Invoked command in '/home/marvin/RobotArchitecture/ros2_ws/build/turtlebot3_obstacle_avoidance' returned '0': CMAKE_PREFIX_PATH=/home/marvin/RobotArchitecture/ros2_ws/install/custom_msgs:/home/marvin/RobotArchitecture/ros2_ws/install/turtlebot3_control_services:/home/marvin/turtlebot3_ws/install/turtlebot3:/home/marvin/turtlebot3_ws/install/turtlebot3_simulations:/home/marvin/turtlebot3_ws/install/turtlebot3_bringup:/home/marvin/turtlebot3_ws/install/turtlebot3_node:/home/marvin/turtlebot3_ws/install/turtlebot3_navigation2:/home/marvin/turtlebot3_ws/install/turtlebot3_gazebo:/home/marvin/turtlebot3_ws/install/turtlebot3_fake_node:/home/marvin/turtlebot3_ws/install/turtlebot3_description:/home/marvin/turtlebot3_ws/install/turtlebot3_cartographer LD_LIBRARY_PATH=/home/marvin/RobotArchitecture/ros2_ws/install/custom_msgs/lib:/home/marvin/RobotArchitecture/ros2_ws/install/turtlebot3_control_services/lib:/usr/lib/x86_64-linux-gnu/gazebo-11/plugins:/opt/ros/humble/opt/rviz_ogre_vendor/lib:/opt/ros/humble/lib/x86_64-linux-gnu:/opt/ros/humble/lib:/usr/lib/x86_64-linux-gnu/gazebo-11/plugins PYTHONPATH=/home/marvin/RobotArchitecture/ros2_ws/build/turtlebot3_obstacle_avoidance/prefix_override:/home/marvin/RobotArchitecture/ros2_ws/install/turtlebot3_obstacle_avoidance/lib/python3.10/site-packages:${PYTHONPATH} /usr/bin/python3 -W ignore:setup.py install is deprecated setup.py develop --editable --build-directory /home/marvin/RobotArchitecture/ros2_ws/build/turtlebot3_obstacle_avoidance/build --no-deps symlink_data
[3.537s] INFO:colcon.colcon_core.shell:Creating environment descriptor '/home/marvin/RobotArchitecture/ros2_ws/build/turtlebot3_obstacle_avoidance/share/turtlebot3_obstacle_avoidance/hook/pythonpath_develop.dsv'
[3.537s] INFO:colcon.colcon_core.shell:Creating environment hook '/home/marvin/RobotArchitecture/ros2_ws/build/turtlebot3_obstacle_avoidance/share/turtlebot3_obstacle_avoidance/hook/pythonpath_develop.sh'
[3.538s] Level 1:colcon.colcon_core.environment:checking '/home/marvin/RobotArchitecture/ros2_ws/install/turtlebot3_obstacle_avoidance' for CMake module files
[3.539s] Level 1:colcon.colcon_core.environment:checking '/home/marvin/RobotArchitecture/ros2_ws/install/turtlebot3_obstacle_avoidance' for CMake config files
[3.539s] Level 1:colcon.colcon_core.environment:checking '/home/marvin/RobotArchitecture/ros2_ws/install/turtlebot3_obstacle_avoidance/lib'
[3.539s] Level 1:colcon.colcon_core.environment:checking '/home/marvin/RobotArchitecture/ros2_ws/install/turtlebot3_obstacle_avoidance/bin'
[3.539s] Level 1:colcon.colcon_core.environment:checking '/home/marvin/RobotArchitecture/ros2_ws/install/turtlebot3_obstacle_avoidance/lib/pkgconfig/turtlebot3_obstacle_avoidance.pc'
[3.540s] Level 1:colcon.colcon_core.environment:checking '/home/marvin/RobotArchitecture/ros2_ws/install/turtlebot3_obstacle_avoidance/lib/python3.10/site-packages'
[3.540s] Level 1:colcon.colcon_core.shell:create_environment_hook('turtlebot3_obstacle_avoidance', 'pythonpath')
[3.540s] INFO:colcon.colcon_core.shell:Creating environment hook '/home/marvin/RobotArchitecture/ros2_ws/install/turtlebot3_obstacle_avoidance/share/turtlebot3_obstacle_avoidance/hook/pythonpath.ps1'
[3.540s] INFO:colcon.colcon_core.shell:Creating environment descriptor '/home/marvin/RobotArchitecture/ros2_ws/install/turtlebot3_obstacle_avoidance/share/turtlebot3_obstacle_avoidance/hook/pythonpath.dsv'
[3.541s] INFO:colcon.colcon_core.shell:Creating environment hook '/home/marvin/RobotArchitecture/ros2_ws/install/turtlebot3_obstacle_avoidance/share/turtlebot3_obstacle_avoidance/hook/pythonpath.sh'
[3.541s] Level 1:colcon.colcon_core.environment:checking '/home/marvin/RobotArchitecture/ros2_ws/install/turtlebot3_obstacle_avoidance/bin'
[3.541s] Level 1:colcon.colcon_core.environment:create_environment_scripts_only(turtlebot3_obstacle_avoidance)
[3.542s] INFO:colcon.colcon_core.shell:Creating package script '/home/marvin/RobotArchitecture/ros2_ws/install/turtlebot3_obstacle_avoidance/share/turtlebot3_obstacle_avoidance/package.ps1'
[3.542s] INFO:colcon.colcon_core.shell:Creating package descriptor '/home/marvin/RobotArchitecture/ros2_ws/install/turtlebot3_obstacle_avoidance/share/turtlebot3_obstacle_avoidance/package.dsv'
[3.542s] INFO:colcon.colcon_core.shell:Creating package script '/home/marvin/RobotArchitecture/ros2_ws/install/turtlebot3_obstacle_avoidance/share/turtlebot3_obstacle_avoidance/package.sh'
[3.543s] INFO:colcon.colcon_core.shell:Creating package script '/home/marvin/RobotArchitecture/ros2_ws/install/turtlebot3_obstacle_avoidance/share/turtlebot3_obstacle_avoidance/package.bash'
[3.543s] INFO:colcon.colcon_core.shell:Creating package script '/home/marvin/RobotArchitecture/ros2_ws/install/turtlebot3_obstacle_avoidance/share/turtlebot3_obstacle_avoidance/package.zsh'
[3.543s] Level 1:colcon.colcon_core.environment:create_file_with_runtime_dependencies(/home/marvin/RobotArchitecture/ros2_ws/install/turtlebot3_obstacle_avoidance/share/colcon-core/packages/turtlebot3_obstacle_avoidance)
[3.556s] Level 1:colcon.colcon_core.shell:create_environment_hook('turtlebot3_hardware_control', 'pythonpath_develop')
[3.557s] INFO:colcon.colcon_core.shell:Creating environment hook '/home/marvin/RobotArchitecture/ros2_ws/build/turtlebot3_hardware_control/share/turtlebot3_hardware_control/hook/pythonpath_develop.ps1'
[3.557s] DEBUG:colcon.colcon_core.event_handler.log_command:Invoked command in '/home/marvin/RobotArchitecture/ros2_ws/build/turtlebot3_hardware_control' returned '0': CMAKE_PREFIX_PATH=/home/marvin/RobotArchitecture/ros2_ws/install/custom_msgs:/home/marvin/RobotArchitecture/ros2_ws/install/turtlebot3_control_services:/home/marvin/turtlebot3_ws/install/turtlebot3:/home/marvin/turtlebot3_ws/install/turtlebot3_simulations:/home/marvin/turtlebot3_ws/install/turtlebot3_bringup:/home/marvin/turtlebot3_ws/install/turtlebot3_node:/home/marvin/turtlebot3_ws/install/turtlebot3_navigation2:/home/marvin/turtlebot3_ws/install/turtlebot3_gazebo:/home/marvin/turtlebot3_ws/install/turtlebot3_fake_node:/home/marvin/turtlebot3_ws/install/turtlebot3_description:/home/marvin/turtlebot3_ws/install/turtlebot3_cartographer LD_LIBRARY_PATH=/home/marvin/RobotArchitecture/ros2_ws/install/custom_msgs/lib:/home/marvin/RobotArchitecture/ros2_ws/install/turtlebot3_control_services/lib:/usr/lib/x86_64-linux-gnu/gazebo-11/plugins:/opt/ros/humble/opt/rviz_ogre_vendor/lib:/opt/ros/humble/lib/x86_64-linux-gnu:/opt/ros/humble/lib:/usr/lib/x86_64-linux-gnu/gazebo-11/plugins PYTHONPATH=/home/marvin/RobotArchitecture/ros2_ws/build/turtlebot3_hardware_control/prefix_override:/home/marvin/RobotArchitecture/ros2_ws/install/turtlebot3_hardware_control/lib/python3.10/site-packages:${PYTHONPATH} /usr/bin/python3 -W ignore:setup.py install is deprecated setup.py develop --editable --build-directory /home/marvin/RobotArchitecture/ros2_ws/build/turtlebot3_hardware_control/build --no-deps symlink_data
[3.558s] INFO:colcon.colcon_core.shell:Creating environment descriptor '/home/marvin/RobotArchitecture/ros2_ws/build/turtlebot3_hardware_control/share/turtlebot3_hardware_control/hook/pythonpath_develop.dsv'
[3.558s] INFO:colcon.colcon_core.shell:Creating environment hook '/home/marvin/RobotArchitecture/ros2_ws/build/turtlebot3_hardware_control/share/turtlebot3_hardware_control/hook/pythonpath_develop.sh'
[3.559s] Level 1:colcon.colcon_core.environment:checking '/home/marvin/RobotArchitecture/ros2_ws/install/turtlebot3_hardware_control' for CMake module files
[3.560s] Level 1:colcon.colcon_core.environment:checking '/home/marvin/RobotArchitecture/ros2_ws/install/turtlebot3_hardware_control' for CMake config files
[3.561s] Level 1:colcon.colcon_core.environment:checking '/home/marvin/RobotArchitecture/ros2_ws/install/turtlebot3_hardware_control/lib'
[3.561s] Level 1:colcon.colcon_core.environment:checking '/home/marvin/RobotArchitecture/ros2_ws/install/turtlebot3_hardware_control/bin'
[3.561s] Level 1:colcon.colcon_core.environment:checking '/home/marvin/RobotArchitecture/ros2_ws/install/turtlebot3_hardware_control/lib/pkgconfig/turtlebot3_hardware_control.pc'
[3.562s] Level 1:colcon.colcon_core.environment:checking '/home/marvin/RobotArchitecture/ros2_ws/install/turtlebot3_hardware_control/lib/python3.10/site-packages'
[3.562s] Level 1:colcon.colcon_core.shell:create_environment_hook('turtlebot3_hardware_control', 'pythonpath')
[3.562s] INFO:colcon.colcon_core.shell:Creating environment hook '/home/marvin/RobotArchitecture/ros2_ws/install/turtlebot3_hardware_control/share/turtlebot3_hardware_control/hook/pythonpath.ps1'
[3.563s] INFO:colcon.colcon_core.shell:Creating environment descriptor '/home/marvin/RobotArchitecture/ros2_ws/install/turtlebot3_hardware_control/share/turtlebot3_hardware_control/hook/pythonpath.dsv'
[3.563s] INFO:colcon.colcon_core.shell:Creating environment hook '/home/marvin/RobotArchitecture/ros2_ws/install/turtlebot3_hardware_control/share/turtlebot3_hardware_control/hook/pythonpath.sh'
[3.564s] Level 1:colcon.colcon_core.environment:checking '/home/marvin/RobotArchitecture/ros2_ws/install/turtlebot3_hardware_control/bin'
[3.564s] Level 1:colcon.colcon_core.environment:create_environment_scripts_only(turtlebot3_hardware_control)
[3.565s] INFO:colcon.colcon_core.shell:Creating package script '/home/marvin/RobotArchitecture/ros2_ws/install/turtlebot3_hardware_control/share/turtlebot3_hardware_control/package.ps1'
[3.565s] INFO:colcon.colcon_core.shell:Creating package descriptor '/home/marvin/RobotArchitecture/ros2_ws/install/turtlebot3_hardware_control/share/turtlebot3_hardware_control/package.dsv'
[3.566s] INFO:colcon.colcon_core.shell:Creating package script '/home/marvin/RobotArchitecture/ros2_ws/install/turtlebot3_hardware_control/share/turtlebot3_hardware_control/package.sh'
[3.567s] INFO:colcon.colcon_core.shell:Creating package script '/home/marvin/RobotArchitecture/ros2_ws/install/turtlebot3_hardware_control/share/turtlebot3_hardware_control/package.bash'
[3.567s] INFO:colcon.colcon_core.shell:Creating package script '/home/marvin/RobotArchitecture/ros2_ws/install/turtlebot3_hardware_control/share/turtlebot3_hardware_control/package.zsh'
[3.567s] Level 1:colcon.colcon_core.environment:create_file_with_runtime_dependencies(/home/marvin/RobotArchitecture/ros2_ws/install/turtlebot3_hardware_control/share/colcon-core/packages/turtlebot3_hardware_control)
[3.568s] DEBUG:colcon.colcon_parallel_executor.executor.parallel:closing loop
[3.568s] DEBUG:colcon.colcon_parallel_executor.executor.parallel:loop closed
[3.568s] DEBUG:colcon.colcon_parallel_executor.executor.parallel:run_until_complete finished with '0'
[3.568s] DEBUG:colcon.colcon_core.event_reactor:joining thread
[3.574s] INFO:colcon.colcon_core.plugin_system:Skipping extension 'colcon_notification.desktop_notification.terminal_notifier': Not used on non-Darwin systems
[3.574s] INFO:colcon.colcon_core.plugin_system:Skipping extension 'colcon_notification.desktop_notification.win32': Not used on non-Windows systems
[3.574s] INFO:colcon.colcon_notification.desktop_notification:Sending desktop notification using 'notify2'
[3.585s] DEBUG:colcon.colcon_core.event_reactor:joined thread
[3.586s] INFO:colcon.colcon_core.shell:Creating prefix script '/home/marvin/RobotArchitecture/ros2_ws/install/local_setup.ps1'
[3.587s] INFO:colcon.colcon_core.shell:Creating prefix util module '/home/marvin/RobotArchitecture/ros2_ws/install/_local_setup_util_ps1.py'
[3.588s] INFO:colcon.colcon_core.shell:Creating prefix chain script '/home/marvin/RobotArchitecture/ros2_ws/install/setup.ps1'
[3.590s] INFO:colcon.colcon_core.shell:Creating prefix script '/home/marvin/RobotArchitecture/ros2_ws/install/local_setup.sh'
[3.591s] INFO:colcon.colcon_core.shell:Creating prefix util module '/home/marvin/RobotArchitecture/ros2_ws/install/_local_setup_util_sh.py'
[3.592s] INFO:colcon.colcon_core.shell:Creating prefix chain script '/home/marvin/RobotArchitecture/ros2_ws/install/setup.sh'
[3.594s] INFO:colcon.colcon_core.shell:Creating prefix script '/home/marvin/RobotArchitecture/ros2_ws/install/local_setup.bash'
[3.594s] INFO:colcon.colcon_core.shell:Creating prefix chain script '/home/marvin/RobotArchitecture/ros2_ws/install/setup.bash'
[3.596s] INFO:colcon.colcon_core.shell:Creating prefix script '/home/marvin/RobotArchitecture/ros2_ws/install/local_setup.zsh'
[3.597s] INFO:colcon.colcon_core.shell:Creating prefix chain script '/home/marvin/RobotArchitecture/ros2_ws/install/setup.zsh'
