[1.636s] Invoking command in '/home/marvin/RobotArchitecture/ros2_ws/build/turtlebot3_analysis': CMAKE_PREFIX_PATH=/home/marvin/RobotArchitecture/ros2_ws/install/turtlebot3_control_services:/home/marvin/RobotArchitecture/ros2_ws/install/custom_msgs:/home/marvin/RobotArchitecture/ros2_ws/install/turtlebot3:/home/marvin/RobotArchitecture/ros2_ws/install/turtlebot3_simulations:/home/marvin/RobotArchitecture/ros2_ws/install/turtlebot3_bringup:/home/marvin/RobotArchitecture/ros2_ws/install/turtlebot3_node:/home/marvin/RobotArchitecture/ros2_ws/install/turtlebot3_navigation2:/home/marvin/RobotArchitecture/ros2_ws/install/turtlebot3_gazebo:/home/marvin/RobotArchitecture/ros2_ws/install/turtlebot3_fake_node:/home/marvin/RobotArchitecture/ros2_ws/install/turtlebot3_description:/home/marvin/RobotArchitecture/ros2_ws/install/turtlebot3_cartographer LD_LIBRARY_PATH=/home/marvin/RobotArchitecture/ros2_ws/install/turtlebot3_control_services/lib:/home/marvin/RobotArchitecture/ros2_ws/install/custom_msgs/lib:/usr/lib/x86_64-linux-gnu/gazebo-11/plugins:/opt/ros/humble/opt/rviz_ogre_vendor/lib:/opt/ros/humble/lib/x86_64-linux-gnu:/opt/ros/humble/lib:/usr/lib/x86_64-linux-gnu/gazebo-11/plugins PYTHONPATH=/home/marvin/RobotArchitecture/ros2_ws/build/turtlebot3_analysis/prefix_override:/usr/lib/python3/dist-packages/colcon_core/task/python/colcon_distutils_commands:/home/marvin/RobotArchitecture/ros2_ws/install/turtlebot3_analysis/lib/python3.10/site-packages:${PYTHONPATH} /usr/bin/python3 -W ignore:setup.py install is deprecated setup.py develop --editable --build-directory /home/marvin/RobotArchitecture/ros2_ws/build/turtlebot3_analysis/build --no-deps symlink_data
[2.020s] running develop
[2.021s] /home/marvin/.local/lib/python3.10/site-packages/setuptools/command/easy_install.py:157: EasyInstallDeprecationWarning: easy_install command is deprecated. Use build and pip and other standards-based tools.
[2.021s]   warnings.warn(
[2.259s] running egg_info
[2.259s] writing turtlebot3_analysis.egg-info/PKG-INFO
[2.259s] writing dependency_links to turtlebot3_analysis.egg-info/dependency_links.txt
[2.259s] writing entry points to turtlebot3_analysis.egg-info/entry_points.txt
[2.259s] writing requirements to turtlebot3_analysis.egg-info/requires.txt
[2.260s] writing top-level names to turtlebot3_analysis.egg-info/top_level.txt
[2.262s] reading manifest file 'turtlebot3_analysis.egg-info/SOURCES.txt'
[2.266s] running build_ext
[2.266s] Creating /home/marvin/RobotArchitecture/ros2_ws/install/turtlebot3_analysis/lib/python3.10/site-packages/turtlebot3-analysis.egg-link (link to .)
[2.267s] Installing get_latest_map_client script to /home/marvin/RobotArchitecture/ros2_ws/install/turtlebot3_analysis/lib/turtlebot3_analysis
[2.267s] Installing heatmap_generator script to /home/marvin/RobotArchitecture/ros2_ws/install/turtlebot3_analysis/lib/turtlebot3_analysis
[2.267s] Installing position_logger script to /home/marvin/RobotArchitecture/ros2_ws/install/turtlebot3_analysis/lib/turtlebot3_analysis
[2.268s] 
[2.268s] Installed /home/marvin/RobotArchitecture/ros2_ws/build/turtlebot3_analysis
[2.268s] running symlink_data
[2.322s] Invoked command in '/home/marvin/RobotArchitecture/ros2_ws/build/turtlebot3_analysis' returned '0': CMAKE_PREFIX_PATH=/home/marvin/RobotArchitecture/ros2_ws/install/turtlebot3_control_services:/home/marvin/RobotArchitecture/ros2_ws/install/custom_msgs:/home/marvin/RobotArchitecture/ros2_ws/install/turtlebot3:/home/marvin/RobotArchitecture/ros2_ws/install/turtlebot3_simulations:/home/marvin/RobotArchitecture/ros2_ws/install/turtlebot3_bringup:/home/marvin/RobotArchitecture/ros2_ws/install/turtlebot3_node:/home/marvin/RobotArchitecture/ros2_ws/install/turtlebot3_navigation2:/home/marvin/RobotArchitecture/ros2_ws/install/turtlebot3_gazebo:/home/marvin/RobotArchitecture/ros2_ws/install/turtlebot3_fake_node:/home/marvin/RobotArchitecture/ros2_ws/install/turtlebot3_description:/home/marvin/RobotArchitecture/ros2_ws/install/turtlebot3_cartographer LD_LIBRARY_PATH=/home/marvin/RobotArchitecture/ros2_ws/install/turtlebot3_control_services/lib:/home/marvin/RobotArchitecture/ros2_ws/install/custom_msgs/lib:/usr/lib/x86_64-linux-gnu/gazebo-11/plugins:/opt/ros/humble/opt/rviz_ogre_vendor/lib:/opt/ros/humble/lib/x86_64-linux-gnu:/opt/ros/humble/lib:/usr/lib/x86_64-linux-gnu/gazebo-11/plugins PYTHONPATH=/home/marvin/RobotArchitecture/ros2_ws/build/turtlebot3_analysis/prefix_override:/usr/lib/python3/dist-packages/colcon_core/task/python/colcon_distutils_commands:/home/marvin/RobotArchitecture/ros2_ws/install/turtlebot3_analysis/lib/python3.10/site-packages:${PYTHONPATH} /usr/bin/python3 -W ignore:setup.py install is deprecated setup.py develop --editable --build-directory /home/marvin/RobotArchitecture/ros2_ws/build/turtlebot3_analysis/build --no-deps symlink_data
