[0.097s] Invoking command in '/home/rama/catkin_ws/build/turtlebot3_fake_node': CMAKE_PREFIX_PATH=${CMAKE_PREFIX_PATH}:/home/rama/catkin_ws/install/nodes2:/home/rama/catkin_ws/install/nodes:/opt/ros/foxy /usr/bin/cmake --build /home/rama/catkin_ws/build/turtlebot3_fake_node -- -j8 -l8
[1.183s] [100%] Built target turtlebot3_fake_node
[1.183s] Invoked command in '/home/rama/catkin_ws/build/turtlebot3_fake_node' returned '0': CMAKE_PREFIX_PATH=${CMAKE_PREFIX_PATH}:/home/rama/catkin_ws/install/nodes2:/home/rama/catkin_ws/install/nodes:/opt/ros/foxy /usr/bin/cmake --build /home/rama/catkin_ws/build/turtlebot3_fake_node -- -j8 -l8
[1.283s] Invoking command in '/home/rama/catkin_ws/build/turtlebot3_fake_node': CMAKE_PREFIX_PATH=${CMAKE_PREFIX_PATH}:/home/rama/catkin_ws/install/nodes2:/home/rama/catkin_ws/install/nodes:/opt/ros/foxy /usr/bin/cmake --install /home/rama/catkin_ws/build/turtlebot3_fake_node
[1.317s] -- Install configuration: ""
[1.320s] -- Up-to-date: /home/rama/catkin_ws/install/turtlebot3_fake_node/lib/turtlebot3_fake_node/turtlebot3_fake_node
[1.322s] -- Up-to-date: /home/rama/catkin_ws/install/turtlebot3_fake_node/share/turtlebot3_fake_node/launch
[1.323s] -- Up-to-date: /home/rama/catkin_ws/install/turtlebot3_fake_node/share/turtlebot3_fake_node/launch/rviz2.launch.py
[1.324s] -- Up-to-date: /home/rama/catkin_ws/install/turtlebot3_fake_node/share/turtlebot3_fake_node/launch/turtlebot3_fake_node.launch.py
[1.324s] -- Up-to-date: /home/rama/catkin_ws/install/turtlebot3_fake_node/share/turtlebot3_fake_node/param
[1.325s] -- Up-to-date: /home/rama/catkin_ws/install/turtlebot3_fake_node/share/turtlebot3_fake_node/param/burger.yaml
[1.325s] -- Up-to-date: /home/rama/catkin_ws/install/turtlebot3_fake_node/share/turtlebot3_fake_node/param/waffle_pi.yaml
[1.325s] -- Up-to-date: /home/rama/catkin_ws/install/turtlebot3_fake_node/share/turtlebot3_fake_node/param/waffle.yaml
[1.325s] -- Up-to-date: /home/rama/catkin_ws/install/turtlebot3_fake_node/share/turtlebot3_fake_node/rviz
[1.325s] -- Up-to-date: /home/rama/catkin_ws/install/turtlebot3_fake_node/share/turtlebot3_fake_node/rviz/model.rviz
[1.326s] -- Up-to-date: /home/rama/catkin_ws/install/turtlebot3_fake_node/include/
[1.326s] -- Up-to-date: /home/rama/catkin_ws/install/turtlebot3_fake_node/include//turtlebot3_fake_node
[1.326s] -- Up-to-date: /home/rama/catkin_ws/install/turtlebot3_fake_node/include//turtlebot3_fake_node/turtlebot3_fake_node.hpp
[1.326s] -- Up-to-date: /home/rama/catkin_ws/install/turtlebot3_fake_node/share/ament_index/resource_index/package_run_dependencies/turtlebot3_fake_node
[1.326s] -- Up-to-date: /home/rama/catkin_ws/install/turtlebot3_fake_node/share/ament_index/resource_index/parent_prefix_path/turtlebot3_fake_node
[1.326s] -- Up-to-date: /home/rama/catkin_ws/install/turtlebot3_fake_node/share/turtlebot3_fake_node/environment/ament_prefix_path.sh
[1.326s] -- Up-to-date: /home/rama/catkin_ws/install/turtlebot3_fake_node/share/turtlebot3_fake_node/environment/ament_prefix_path.dsv
[1.326s] -- Up-to-date: /home/rama/catkin_ws/install/turtlebot3_fake_node/share/turtlebot3_fake_node/environment/path.sh
[1.327s] -- Up-to-date: /home/rama/catkin_ws/install/turtlebot3_fake_node/share/turtlebot3_fake_node/environment/path.dsv
[1.327s] -- Up-to-date: /home/rama/catkin_ws/install/turtlebot3_fake_node/share/turtlebot3_fake_node/local_setup.bash
[1.327s] -- Up-to-date: /home/rama/catkin_ws/install/turtlebot3_fake_node/share/turtlebot3_fake_node/local_setup.sh
[1.342s] -- Up-to-date: /home/rama/catkin_ws/install/turtlebot3_fake_node/share/turtlebot3_fake_node/local_setup.zsh
[1.343s] -- Up-to-date: /home/rama/catkin_ws/install/turtlebot3_fake_node/share/turtlebot3_fake_node/local_setup.dsv
[1.343s] -- Installing: /home/rama/catkin_ws/install/turtlebot3_fake_node/share/turtlebot3_fake_node/package.dsv
[1.344s] -- Up-to-date: /home/rama/catkin_ws/install/turtlebot3_fake_node/share/ament_index/resource_index/packages/turtlebot3_fake_node
[1.344s] -- Up-to-date: /home/rama/catkin_ws/install/turtlebot3_fake_node/share/turtlebot3_fake_node/cmake/ament_cmake_export_include_directories-extras.cmake
[1.344s] -- Up-to-date: /home/rama/catkin_ws/install/turtlebot3_fake_node/share/turtlebot3_fake_node/cmake/ament_cmake_export_dependencies-extras.cmake
[1.345s] -- Up-to-date: /home/rama/catkin_ws/install/turtlebot3_fake_node/share/turtlebot3_fake_node/cmake/turtlebot3_fake_nodeConfig.cmake
[1.345s] -- Up-to-date: /home/rama/catkin_ws/install/turtlebot3_fake_node/share/turtlebot3_fake_node/cmake/turtlebot3_fake_nodeConfig-version.cmake
[1.345s] -- Up-to-date: /home/rama/catkin_ws/install/turtlebot3_fake_node/share/turtlebot3_fake_node/package.xml
[1.345s] Invoked command in '/home/rama/catkin_ws/build/turtlebot3_fake_node' returned '0': CMAKE_PREFIX_PATH=${CMAKE_PREFIX_PATH}:/home/rama/catkin_ws/install/nodes2:/home/rama/catkin_ws/install/nodes:/opt/ros/foxy /usr/bin/cmake --install /home/rama/catkin_ws/build/turtlebot3_fake_node
