[0.164s] Invoking command in '/home/rama/catkin_ws/build/turtlebot3_fake_node': CMAKE_PREFIX_PATH=${CMAKE_PREFIX_PATH}:/home/rama/install/nodes2:/home/rama/install/nodes:/home/rama/catkin_ws/install/nodes2:/home/rama/catkin_ws/install/nodes:/opt/ros/foxy /usr/bin/cmake --build /home/rama/catkin_ws/build/turtlebot3_fake_node -- -j8 -l8
[1.570s] [100%] Built target turtlebot3_fake_node
[1.576s] Invoked command in '/home/rama/catkin_ws/build/turtlebot3_fake_node' returned '0': CMAKE_PREFIX_PATH=${CMAKE_PREFIX_PATH}:/home/rama/install/nodes2:/home/rama/install/nodes:/home/rama/catkin_ws/install/nodes2:/home/rama/catkin_ws/install/nodes:/opt/ros/foxy /usr/bin/cmake --build /home/rama/catkin_ws/build/turtlebot3_fake_node -- -j8 -l8
[1.754s] Invoking command in '/home/rama/catkin_ws/build/turtlebot3_fake_node': CMAKE_PREFIX_PATH=${CMAKE_PREFIX_PATH}:/home/rama/install/nodes2:/home/rama/install/nodes:/home/rama/catkin_ws/install/nodes2:/home/rama/catkin_ws/install/nodes:/opt/ros/foxy /usr/bin/cmake --install /home/rama/catkin_ws/build/turtlebot3_fake_node
[1.801s] -- Install configuration: ""
[1.802s] -- Up-to-date: /home/rama/catkin_ws/install/turtlebot3_fake_node/lib/turtlebot3_fake_node/turtlebot3_fake_node
[1.802s] -- Up-to-date: /home/rama/catkin_ws/install/turtlebot3_fake_node/share/turtlebot3_fake_node/launch
[1.803s] -- Up-to-date: /home/rama/catkin_ws/install/turtlebot3_fake_node/share/turtlebot3_fake_node/launch/rviz2.launch.py
[1.803s] -- Up-to-date: /home/rama/catkin_ws/install/turtlebot3_fake_node/share/turtlebot3_fake_node/launch/turtlebot3_fake_node.launch.py
[1.804s] -- Up-to-date: /home/rama/catkin_ws/install/turtlebot3_fake_node/share/turtlebot3_fake_node/param
[1.804s] -- Up-to-date: /home/rama/catkin_ws/install/turtlebot3_fake_node/share/turtlebot3_fake_node/param/burger.yaml
[1.804s] -- Up-to-date: /home/rama/catkin_ws/install/turtlebot3_fake_node/share/turtlebot3_fake_node/param/waffle_pi.yaml
[1.805s] -- Up-to-date: /home/rama/catkin_ws/install/turtlebot3_fake_node/share/turtlebot3_fake_node/param/waffle.yaml
[1.806s] -- Up-to-date: /home/rama/catkin_ws/install/turtlebot3_fake_node/share/turtlebot3_fake_node/rviz
[1.806s] -- Up-to-date: /home/rama/catkin_ws/install/turtlebot3_fake_node/share/turtlebot3_fake_node/rviz/model.rviz
[1.807s] -- Up-to-date: /home/rama/catkin_ws/install/turtlebot3_fake_node/include/
[1.807s] -- Up-to-date: /home/rama/catkin_ws/install/turtlebot3_fake_node/include//turtlebot3_fake_node
[1.808s] -- Up-to-date: /home/rama/catkin_ws/install/turtlebot3_fake_node/include//turtlebot3_fake_node/turtlebot3_fake_node.hpp
[1.808s] -- Up-to-date: /home/rama/catkin_ws/install/turtlebot3_fake_node/share/ament_index/resource_index/package_run_dependencies/turtlebot3_fake_node
[1.813s] -- Up-to-date: /home/rama/catkin_ws/install/turtlebot3_fake_node/share/ament_index/resource_index/parent_prefix_path/turtlebot3_fake_node
[1.814s] -- Up-to-date: /home/rama/catkin_ws/install/turtlebot3_fake_node/share/turtlebot3_fake_node/environment/ament_prefix_path.sh
[1.814s] -- Up-to-date: /home/rama/catkin_ws/install/turtlebot3_fake_node/share/turtlebot3_fake_node/environment/ament_prefix_path.dsv
[1.815s] -- Up-to-date: /home/rama/catkin_ws/install/turtlebot3_fake_node/share/turtlebot3_fake_node/environment/path.sh
[1.815s] -- Up-to-date: /home/rama/catkin_ws/install/turtlebot3_fake_node/share/turtlebot3_fake_node/environment/path.dsv
[1.816s] -- Up-to-date: /home/rama/catkin_ws/install/turtlebot3_fake_node/share/turtlebot3_fake_node/local_setup.bash
[1.816s] -- Up-to-date: /home/rama/catkin_ws/install/turtlebot3_fake_node/share/turtlebot3_fake_node/local_setup.sh
[1.816s] -- Up-to-date: /home/rama/catkin_ws/install/turtlebot3_fake_node/share/turtlebot3_fake_node/local_setup.zsh
[1.816s] -- Up-to-date: /home/rama/catkin_ws/install/turtlebot3_fake_node/share/turtlebot3_fake_node/local_setup.dsv
[1.817s] -- Installing: /home/rama/catkin_ws/install/turtlebot3_fake_node/share/turtlebot3_fake_node/package.dsv
[1.817s] -- Up-to-date: /home/rama/catkin_ws/install/turtlebot3_fake_node/share/ament_index/resource_index/packages/turtlebot3_fake_node
[1.817s] -- Up-to-date: /home/rama/catkin_ws/install/turtlebot3_fake_node/share/turtlebot3_fake_node/cmake/ament_cmake_export_include_directories-extras.cmake
[1.818s] -- Up-to-date: /home/rama/catkin_ws/install/turtlebot3_fake_node/share/turtlebot3_fake_node/cmake/ament_cmake_export_dependencies-extras.cmake
[1.818s] -- Up-to-date: /home/rama/catkin_ws/install/turtlebot3_fake_node/share/turtlebot3_fake_node/cmake/turtlebot3_fake_nodeConfig.cmake
[1.818s] -- Up-to-date: /home/rama/catkin_ws/install/turtlebot3_fake_node/share/turtlebot3_fake_node/cmake/turtlebot3_fake_nodeConfig-version.cmake
[1.820s] -- Up-to-date: /home/rama/catkin_ws/install/turtlebot3_fake_node/share/turtlebot3_fake_node/package.xml
[2.028s] Invoked command in '/home/rama/catkin_ws/build/turtlebot3_fake_node' returned '0': CMAKE_PREFIX_PATH=${CMAKE_PREFIX_PATH}:/home/rama/install/nodes2:/home/rama/install/nodes:/home/rama/catkin_ws/install/nodes2:/home/rama/catkin_ws/install/nodes:/opt/ros/foxy /usr/bin/cmake --install /home/rama/catkin_ws/build/turtlebot3_fake_node
