[1.544s] Invoking command in '/home/rama/catkin_ws/src/nodes': PYTHONPATH=/home/rama/catkin_ws/build/nodes/prefix_override:/home/rama/catkin_ws/install/nodes/lib/python3.8/site-packages:${PYTHONPATH} /usr/bin/python3 setup.py egg_info --egg-base ../../build/nodes build --build-base /home/rama/catkin_ws/build/nodes/build install --record /home/rama/catkin_ws/build/nodes/install.log --install-scripts $base/lib/nodes --single-version-externally-managed
[1.987s] running egg_info
[1.989s] writing ../../build/nodes/nodes.egg-info/PKG-INFO
[1.990s] writing dependency_links to ../../build/nodes/nodes.egg-info/dependency_links.txt
[1.990s] writing entry points to ../../build/nodes/nodes.egg-info/entry_points.txt
[1.991s] writing requirements to ../../build/nodes/nodes.egg-info/requires.txt
[1.991s] writing top-level names to ../../build/nodes/nodes.egg-info/top_level.txt
[2.061s] reading manifest file '../../build/nodes/nodes.egg-info/SOURCES.txt'
[2.063s] writing manifest file '../../build/nodes/nodes.egg-info/SOURCES.txt'
[2.063s] running build
[2.063s] running build_py
[2.064s] copying nodes/hand_gesture_recognition.py -> /home/rama/catkin_ws/build/nodes/build/lib/nodes
[2.064s] running install
[2.066s] running install_lib
[2.068s] copying /home/rama/catkin_ws/build/nodes/build/lib/nodes/hand_gesture_recognition.py -> /home/rama/catkin_ws/install/nodes/lib/python3.8/site-packages/nodes
[2.069s] byte-compiling /home/rama/catkin_ws/install/nodes/lib/python3.8/site-packages/nodes/hand_gesture_recognition.py to hand_gesture_recognition.cpython-38.pyc
[2.074s] running install_data
[2.076s] running install_egg_info
[2.080s] removing '/home/rama/catkin_ws/install/nodes/lib/python3.8/site-packages/nodes-0.0.0-py3.8.egg-info' (and everything under it)
[2.080s] Copying ../../build/nodes/nodes.egg-info to /home/rama/catkin_ws/install/nodes/lib/python3.8/site-packages/nodes-0.0.0-py3.8.egg-info
[2.082s] running install_scripts
[2.118s] Installing kf_depthCamera script to /home/rama/catkin_ws/install/nodes/lib/nodes
[2.118s] Installing test_node script to /home/rama/catkin_ws/install/nodes/lib/nodes
[2.119s] writing list of installed files to '/home/rama/catkin_ws/build/nodes/install.log'
[2.174s] Invoked command in '/home/rama/catkin_ws/src/nodes' returned '0': PYTHONPATH=/home/rama/catkin_ws/build/nodes/prefix_override:/home/rama/catkin_ws/install/nodes/lib/python3.8/site-packages:${PYTHONPATH} /usr/bin/python3 setup.py egg_info --egg-base ../../build/nodes build --build-base /home/rama/catkin_ws/build/nodes/build install --record /home/rama/catkin_ws/build/nodes/install.log --install-scripts $base/lib/nodes --single-version-externally-managed
