[0.453s] DEBUG:colcon:Command line arguments: ['/usr/bin/colcon', 'build']
[0.453s] DEBUG:colcon:Parsed command line arguments: Namespace(allow_overriding=[], ament_cmake_args=None, base_paths=['.'], build_base='build', catkin_cmake_args=None, catkin_skip_building_tests=False, cmake_args=None, cmake_clean_cache=False, cmake_clean_first=False, cmake_force_configure=False, cmake_target=None, cmake_target_skip_unavailable=False, continue_on_error=False, event_handlers=None, executor='parallel', ignore_user_meta=False, install_base='install', log_base=None, log_level=None, main=<bound method BuildVerb.main of <colcon_core.verb.build.BuildVerb object at 0x7fb7f084db50>>, merge_install=False, metas=['./colcon.meta'], packages_above=None, packages_above_and_dependencies=None, packages_above_depth=None, packages_end=None, packages_ignore=None, packages_ignore_regex=None, packages_select=None, packages_select_build_failed=False, packages_select_by_dep=None, packages_select_regex=None, packages_select_test_failures=False, packages_skip=None, packages_skip_build_finished=False, packages_skip_by_dep=None, packages_skip_regex=None, packages_skip_test_passed=False, packages_skip_up_to=None, packages_start=None, packages_up_to=None, packages_up_to_regex=None, parallel_workers=8, paths=None, symlink_install=False, test_result_base=None, verb_extension=<colcon_core.verb.build.BuildVerb object at 0x7fb7f084db50>, verb_name='build', verb_parser=<colcon_defaults.argument_parser.defaults.DefaultArgumentsDecorator object at 0x7fb7f07d9100>)
[0.501s] Level 1:colcon.colcon_core.package_discovery:discover_packages(colcon_meta) check parameters
[0.501s] Level 1:colcon.colcon_core.package_discovery:discover_packages(recursive) check parameters
[0.501s] Level 1:colcon.colcon_core.package_discovery:discover_packages(ignore) check parameters
[0.501s] Level 1:colcon.colcon_core.package_discovery:discover_packages(path) check parameters
[0.501s] Level 1:colcon.colcon_core.package_discovery:discover_packages(colcon_meta) discover
[0.502s] Level 1:colcon.colcon_core.package_discovery:discover_packages(recursive) discover
[0.502s] INFO:colcon.colcon_core.package_discovery:Crawling recursively for packages in '/home/rama/catkin_ws'
[0.502s] Level 1:colcon.colcon_core.package_identification:_identify(.) by extensions ['ignore', 'ignore_ament_install']
[0.503s] Level 1:colcon.colcon_core.package_identification:_identify(.) by extension 'ignore'
[0.504s] Level 1:colcon.colcon_core.package_identification:_identify(.) by extension 'ignore_ament_install'
[0.505s] Level 1:colcon.colcon_core.package_identification:_identify(.) by extensions ['colcon_pkg']
[0.505s] Level 1:colcon.colcon_core.package_identification:_identify(.) by extension 'colcon_pkg'
[0.506s] Level 1:colcon.colcon_core.package_identification:_identify(.) by extensions ['colcon_meta']
[0.506s] Level 1:colcon.colcon_core.package_identification:_identify(.) by extension 'colcon_meta'
[0.506s] Level 1:colcon.colcon_core.package_identification:_identify(.) by extensions ['ros']
[0.506s] Level 1:colcon.colcon_core.package_identification:_identify(.) by extension 'ros'
[0.540s] Level 1:colcon.colcon_core.package_identification:_identify(.) by extensions ['cmake', 'python']
[0.540s] Level 1:colcon.colcon_core.package_identification:_identify(.) by extension 'cmake'
[0.540s] Level 1:colcon.colcon_core.package_identification:_identify(.) by extension 'python'
[0.540s] Level 1:colcon.colcon_core.package_identification:_identify(.) by extensions ['python_setup_py']
[0.540s] Level 1:colcon.colcon_core.package_identification:_identify(.) by extension 'python_setup_py'
[0.540s] Level 1:colcon.colcon_core.package_identification:_identify(build) by extensions ['ignore', 'ignore_ament_install']
[0.541s] Level 1:colcon.colcon_core.package_identification:_identify(build) by extension 'ignore'
[0.541s] Level 1:colcon.colcon_core.package_identification:_identify(build) ignored
[0.541s] Level 1:colcon.colcon_core.package_identification:_identify(install) by extensions ['ignore', 'ignore_ament_install']
[0.541s] Level 1:colcon.colcon_core.package_identification:_identify(install) by extension 'ignore'
[0.541s] Level 1:colcon.colcon_core.package_identification:_identify(install) ignored
[0.541s] Level 1:colcon.colcon_core.package_identification:_identify(log) by extensions ['ignore', 'ignore_ament_install']
[0.541s] Level 1:colcon.colcon_core.package_identification:_identify(log) by extension 'ignore'
[0.542s] Level 1:colcon.colcon_core.package_identification:_identify(log) ignored
[0.542s] Level 1:colcon.colcon_core.package_identification:_identify(src) by extensions ['ignore', 'ignore_ament_install']
[0.542s] Level 1:colcon.colcon_core.package_identification:_identify(src) by extension 'ignore'
[0.542s] Level 1:colcon.colcon_core.package_identification:_identify(src) by extension 'ignore_ament_install'
[0.542s] Level 1:colcon.colcon_core.package_identification:_identify(src) by extensions ['colcon_pkg']
[0.542s] Level 1:colcon.colcon_core.package_identification:_identify(src) by extension 'colcon_pkg'
[0.542s] Level 1:colcon.colcon_core.package_identification:_identify(src) by extensions ['colcon_meta']
[0.542s] Level 1:colcon.colcon_core.package_identification:_identify(src) by extension 'colcon_meta'
[0.542s] Level 1:colcon.colcon_core.package_identification:_identify(src) by extensions ['ros']
[0.542s] Level 1:colcon.colcon_core.package_identification:_identify(src) by extension 'ros'
[0.542s] Level 1:colcon.colcon_core.package_identification:_identify(src) by extensions ['cmake', 'python']
[0.542s] Level 1:colcon.colcon_core.package_identification:_identify(src) by extension 'cmake'
[0.542s] Level 1:colcon.colcon_core.package_identification:_identify(src) by extension 'python'
[0.542s] Level 1:colcon.colcon_core.package_identification:_identify(src) by extensions ['python_setup_py']
[0.542s] Level 1:colcon.colcon_core.package_identification:_identify(src) by extension 'python_setup_py'
[0.542s] Level 1:colcon.colcon_core.package_identification:_identify(src/nodes) by extensions ['ignore', 'ignore_ament_install']
[0.542s] Level 1:colcon.colcon_core.package_identification:_identify(src/nodes) by extension 'ignore'
[0.542s] Level 1:colcon.colcon_core.package_identification:_identify(src/nodes) by extension 'ignore_ament_install'
[0.542s] Level 1:colcon.colcon_core.package_identification:_identify(src/nodes) by extensions ['colcon_pkg']
[0.543s] Level 1:colcon.colcon_core.package_identification:_identify(src/nodes) by extension 'colcon_pkg'
[0.543s] Level 1:colcon.colcon_core.package_identification:_identify(src/nodes) by extensions ['colcon_meta']
[0.543s] Level 1:colcon.colcon_core.package_identification:_identify(src/nodes) by extension 'colcon_meta'
[0.543s] Level 1:colcon.colcon_core.package_identification:_identify(src/nodes) by extensions ['ros']
[0.543s] Level 1:colcon.colcon_core.package_identification:_identify(src/nodes) by extension 'ros'
[0.545s] DEBUG:colcon.colcon_core.package_identification:Package 'src/nodes' with type 'ros.ament_python' and name 'nodes'
[0.545s] Level 1:colcon.colcon_core.package_identification:_identify(src/nodes2) by extensions ['ignore', 'ignore_ament_install']
[0.545s] Level 1:colcon.colcon_core.package_identification:_identify(src/nodes2) by extension 'ignore'
[0.545s] Level 1:colcon.colcon_core.package_identification:_identify(src/nodes2) by extension 'ignore_ament_install'
[0.545s] Level 1:colcon.colcon_core.package_identification:_identify(src/nodes2) by extensions ['colcon_pkg']
[0.545s] Level 1:colcon.colcon_core.package_identification:_identify(src/nodes2) by extension 'colcon_pkg'
[0.545s] Level 1:colcon.colcon_core.package_identification:_identify(src/nodes2) by extensions ['colcon_meta']
[0.546s] Level 1:colcon.colcon_core.package_identification:_identify(src/nodes2) by extension 'colcon_meta'
[0.546s] Level 1:colcon.colcon_core.package_identification:_identify(src/nodes2) by extensions ['ros']
[0.546s] Level 1:colcon.colcon_core.package_identification:_identify(src/nodes2) by extension 'ros'
[0.546s] DEBUG:colcon.colcon_core.package_identification:Package 'src/nodes2' with type 'ros.ament_python' and name 'nodes2'
[0.546s] Level 1:colcon.colcon_core.package_identification:_identify(src/turtlebot3_simulations) by extensions ['ignore', 'ignore_ament_install']
[0.546s] Level 1:colcon.colcon_core.package_identification:_identify(src/turtlebot3_simulations) by extension 'ignore'
[0.546s] Level 1:colcon.colcon_core.package_identification:_identify(src/turtlebot3_simulations) by extension 'ignore_ament_install'
[0.546s] Level 1:colcon.colcon_core.package_identification:_identify(src/turtlebot3_simulations) by extensions ['colcon_pkg']
[0.546s] Level 1:colcon.colcon_core.package_identification:_identify(src/turtlebot3_simulations) by extension 'colcon_pkg'
[0.546s] Level 1:colcon.colcon_core.package_identification:_identify(src/turtlebot3_simulations) by extensions ['colcon_meta']
[0.546s] Level 1:colcon.colcon_core.package_identification:_identify(src/turtlebot3_simulations) by extension 'colcon_meta'
[0.547s] Level 1:colcon.colcon_core.package_identification:_identify(src/turtlebot3_simulations) by extensions ['ros']
[0.547s] Level 1:colcon.colcon_core.package_identification:_identify(src/turtlebot3_simulations) by extension 'ros'
[0.547s] Level 1:colcon.colcon_core.package_identification:_identify(src/turtlebot3_simulations) by extensions ['cmake', 'python']
[0.547s] Level 1:colcon.colcon_core.package_identification:_identify(src/turtlebot3_simulations) by extension 'cmake'
[0.547s] Level 1:colcon.colcon_core.package_identification:_identify(src/turtlebot3_simulations) by extension 'python'
[0.547s] Level 1:colcon.colcon_core.package_identification:_identify(src/turtlebot3_simulations) by extensions ['python_setup_py']
[0.547s] Level 1:colcon.colcon_core.package_identification:_identify(src/turtlebot3_simulations) by extension 'python_setup_py'
[0.547s] Level 1:colcon.colcon_core.package_identification:_identify(src/turtlebot3_simulations/turtlebot3_fake_node) by extensions ['ignore', 'ignore_ament_install']
[0.547s] Level 1:colcon.colcon_core.package_identification:_identify(src/turtlebot3_simulations/turtlebot3_fake_node) by extension 'ignore'
[0.547s] Level 1:colcon.colcon_core.package_identification:_identify(src/turtlebot3_simulations/turtlebot3_fake_node) by extension 'ignore_ament_install'
[0.547s] Level 1:colcon.colcon_core.package_identification:_identify(src/turtlebot3_simulations/turtlebot3_fake_node) by extensions ['colcon_pkg']
[0.547s] Level 1:colcon.colcon_core.package_identification:_identify(src/turtlebot3_simulations/turtlebot3_fake_node) by extension 'colcon_pkg'
[0.547s] Level 1:colcon.colcon_core.package_identification:_identify(src/turtlebot3_simulations/turtlebot3_fake_node) by extensions ['colcon_meta']
[0.547s] Level 1:colcon.colcon_core.package_identification:_identify(src/turtlebot3_simulations/turtlebot3_fake_node) by extension 'colcon_meta'
[0.547s] Level 1:colcon.colcon_core.package_identification:_identify(src/turtlebot3_simulations/turtlebot3_fake_node) by extensions ['ros']
[0.547s] Level 1:colcon.colcon_core.package_identification:_identify(src/turtlebot3_simulations/turtlebot3_fake_node) by extension 'ros'
[0.549s] DEBUG:colcon.colcon_core.package_identification:Package 'src/turtlebot3_simulations/turtlebot3_fake_node' with type 'ros.ament_cmake' and name 'turtlebot3_fake_node'
[0.549s] Level 1:colcon.colcon_core.package_identification:_identify(src/turtlebot3_simulations/turtlebot3_gazebo) by extensions ['ignore', 'ignore_ament_install']
[0.549s] Level 1:colcon.colcon_core.package_identification:_identify(src/turtlebot3_simulations/turtlebot3_gazebo) by extension 'ignore'
[0.549s] Level 1:colcon.colcon_core.package_identification:_identify(src/turtlebot3_simulations/turtlebot3_gazebo) by extension 'ignore_ament_install'
[0.549s] Level 1:colcon.colcon_core.package_identification:_identify(src/turtlebot3_simulations/turtlebot3_gazebo) by extensions ['colcon_pkg']
[0.549s] Level 1:colcon.colcon_core.package_identification:_identify(src/turtlebot3_simulations/turtlebot3_gazebo) by extension 'colcon_pkg'
[0.549s] Level 1:colcon.colcon_core.package_identification:_identify(src/turtlebot3_simulations/turtlebot3_gazebo) by extensions ['colcon_meta']
[0.549s] Level 1:colcon.colcon_core.package_identification:_identify(src/turtlebot3_simulations/turtlebot3_gazebo) by extension 'colcon_meta'
[0.549s] Level 1:colcon.colcon_core.package_identification:_identify(src/turtlebot3_simulations/turtlebot3_gazebo) by extensions ['ros']
[0.549s] Level 1:colcon.colcon_core.package_identification:_identify(src/turtlebot3_simulations/turtlebot3_gazebo) by extension 'ros'
[0.554s] DEBUG:colcon.colcon_core.package_identification:Package 'src/turtlebot3_simulations/turtlebot3_gazebo' with type 'ros.ament_cmake' and name 'turtlebot3_gazebo'
[0.554s] Level 1:colcon.colcon_core.package_identification:_identify(src/turtlebot3_simulations/turtlebot3_simulations) by extensions ['ignore', 'ignore_ament_install']
[0.555s] Level 1:colcon.colcon_core.package_identification:_identify(src/turtlebot3_simulations/turtlebot3_simulations) by extension 'ignore'
[0.555s] Level 1:colcon.colcon_core.package_identification:_identify(src/turtlebot3_simulations/turtlebot3_simulations) by extension 'ignore_ament_install'
[0.555s] Level 1:colcon.colcon_core.package_identification:_identify(src/turtlebot3_simulations/turtlebot3_simulations) by extensions ['colcon_pkg']
[0.556s] Level 1:colcon.colcon_core.package_identification:_identify(src/turtlebot3_simulations/turtlebot3_simulations) by extension 'colcon_pkg'
[0.556s] Level 1:colcon.colcon_core.package_identification:_identify(src/turtlebot3_simulations/turtlebot3_simulations) by extensions ['colcon_meta']
[0.556s] Level 1:colcon.colcon_core.package_identification:_identify(src/turtlebot3_simulations/turtlebot3_simulations) by extension 'colcon_meta'
[0.556s] Level 1:colcon.colcon_core.package_identification:_identify(src/turtlebot3_simulations/turtlebot3_simulations) by extensions ['ros']
[0.556s] Level 1:colcon.colcon_core.package_identification:_identify(src/turtlebot3_simulations/turtlebot3_simulations) by extension 'ros'
[0.557s] DEBUG:colcon.colcon_core.package_identification:Package 'src/turtlebot3_simulations/turtlebot3_simulations' with type 'ros.ament_cmake' and name 'turtlebot3_simulations'
[0.557s] Level 1:colcon.colcon_core.package_discovery:discover_packages(recursive) using defaults
[0.557s] Level 1:colcon.colcon_core.package_discovery:discover_packages(ignore) discover
[0.557s] Level 1:colcon.colcon_core.package_discovery:discover_packages(ignore) using defaults
[0.557s] Level 1:colcon.colcon_core.package_discovery:discover_packages(path) discover
[0.557s] Level 1:colcon.colcon_core.package_discovery:discover_packages(path) using defaults
[0.586s] Level 1:colcon.colcon_core.package_discovery:discover_packages(prefix_path) check parameters
[0.586s] Level 1:colcon.colcon_core.package_discovery:discover_packages(prefix_path) discover
[0.588s] WARNING:colcon.colcon_ros.prefix_path.catkin:The path '/opt/ros/noetic' in the environment variable CMAKE_PREFIX_PATH doesn't exist
[0.591s] DEBUG:colcon.colcon_installed_package_information.package_discovery:Found 5 installed packages in /home/rama/catkin_ws/install
[0.593s] DEBUG:colcon.colcon_installed_package_information.package_discovery:Found 335 installed packages in /opt/ros/foxy
[0.594s] Level 1:colcon.colcon_core.package_discovery:discover_packages(prefix_path) using defaults
[0.714s] Level 5:colcon.colcon_core.verb:set package 'nodes' build argument 'cmake_args' from command line to 'None'
[0.714s] Level 5:colcon.colcon_core.verb:set package 'nodes' build argument 'cmake_target' from command line to 'None'
[0.714s] Level 5:colcon.colcon_core.verb:set package 'nodes' build argument 'cmake_target_skip_unavailable' from command line to 'False'
[0.715s] Level 5:colcon.colcon_core.verb:set package 'nodes' build argument 'cmake_clean_cache' from command line to 'False'
[0.715s] Level 5:colcon.colcon_core.verb:set package 'nodes' build argument 'cmake_clean_first' from command line to 'False'
[0.715s] Level 5:colcon.colcon_core.verb:set package 'nodes' build argument 'cmake_force_configure' from command line to 'False'
[0.715s] Level 5:colcon.colcon_core.verb:set package 'nodes' build argument 'ament_cmake_args' from command line to 'None'
[0.715s] Level 5:colcon.colcon_core.verb:set package 'nodes' build argument 'catkin_cmake_args' from command line to 'None'
[0.715s] Level 5:colcon.colcon_core.verb:set package 'nodes' build argument 'catkin_skip_building_tests' from command line to 'False'
[0.716s] DEBUG:colcon.colcon_core.verb:Building package 'nodes' with the following arguments: {'ament_cmake_args': None, 'build_base': '/home/rama/catkin_ws/build/nodes', 'catkin_cmake_args': None, 'catkin_skip_building_tests': False, 'cmake_args': None, 'cmake_clean_cache': False, 'cmake_clean_first': False, 'cmake_force_configure': False, 'cmake_target': None, 'cmake_target_skip_unavailable': False, 'install_base': '/home/rama/catkin_ws/install/nodes', 'merge_install': False, 'path': '/home/rama/catkin_ws/src/nodes', 'symlink_install': False, 'test_result_base': None}
[0.717s] Level 5:colcon.colcon_core.verb:set package 'nodes2' build argument 'cmake_args' from command line to 'None'
[0.717s] Level 5:colcon.colcon_core.verb:set package 'nodes2' build argument 'cmake_target' from command line to 'None'
[0.717s] Level 5:colcon.colcon_core.verb:set package 'nodes2' build argument 'cmake_target_skip_unavailable' from command line to 'False'
[0.717s] Level 5:colcon.colcon_core.verb:set package 'nodes2' build argument 'cmake_clean_cache' from command line to 'False'
[0.717s] Level 5:colcon.colcon_core.verb:set package 'nodes2' build argument 'cmake_clean_first' from command line to 'False'
[0.717s] Level 5:colcon.colcon_core.verb:set package 'nodes2' build argument 'cmake_force_configure' from command line to 'False'
[0.717s] Level 5:colcon.colcon_core.verb:set package 'nodes2' build argument 'ament_cmake_args' from command line to 'None'
[0.717s] Level 5:colcon.colcon_core.verb:set package 'nodes2' build argument 'catkin_cmake_args' from command line to 'None'
[0.717s] Level 5:colcon.colcon_core.verb:set package 'nodes2' build argument 'catkin_skip_building_tests' from command line to 'False'
[0.717s] DEBUG:colcon.colcon_core.verb:Building package 'nodes2' with the following arguments: {'ament_cmake_args': None, 'build_base': '/home/rama/catkin_ws/build/nodes2', 'catkin_cmake_args': None, 'catkin_skip_building_tests': False, 'cmake_args': None, 'cmake_clean_cache': False, 'cmake_clean_first': False, 'cmake_force_configure': False, 'cmake_target': None, 'cmake_target_skip_unavailable': False, 'install_base': '/home/rama/catkin_ws/install/nodes2', 'merge_install': False, 'path': '/home/rama/catkin_ws/src/nodes2', 'symlink_install': False, 'test_result_base': None}
[0.718s] Level 5:colcon.colcon_core.verb:set package 'turtlebot3_fake_node' build argument 'cmake_args' from command line to 'None'
[0.718s] Level 5:colcon.colcon_core.verb:set package 'turtlebot3_fake_node' build argument 'cmake_target' from command line to 'None'
[0.718s] Level 5:colcon.colcon_core.verb:set package 'turtlebot3_fake_node' build argument 'cmake_target_skip_unavailable' from command line to 'False'
[0.718s] Level 5:colcon.colcon_core.verb:set package 'turtlebot3_fake_node' build argument 'cmake_clean_cache' from command line to 'False'
[0.718s] Level 5:colcon.colcon_core.verb:set package 'turtlebot3_fake_node' build argument 'cmake_clean_first' from command line to 'False'
[0.718s] Level 5:colcon.colcon_core.verb:set package 'turtlebot3_fake_node' build argument 'cmake_force_configure' from command line to 'False'
[0.718s] Level 5:colcon.colcon_core.verb:set package 'turtlebot3_fake_node' build argument 'ament_cmake_args' from command line to 'None'
[0.719s] Level 5:colcon.colcon_core.verb:set package 'turtlebot3_fake_node' build argument 'catkin_cmake_args' from command line to 'None'
[0.719s] Level 5:colcon.colcon_core.verb:set package 'turtlebot3_fake_node' build argument 'catkin_skip_building_tests' from command line to 'False'
[0.719s] DEBUG:colcon.colcon_core.verb:Building package 'turtlebot3_fake_node' with the following arguments: {'ament_cmake_args': None, 'build_base': '/home/rama/catkin_ws/build/turtlebot3_fake_node', 'catkin_cmake_args': None, 'catkin_skip_building_tests': False, 'cmake_args': None, 'cmake_clean_cache': False, 'cmake_clean_first': False, 'cmake_force_configure': False, 'cmake_target': None, 'cmake_target_skip_unavailable': False, 'install_base': '/home/rama/catkin_ws/install/turtlebot3_fake_node', 'merge_install': False, 'path': '/home/rama/catkin_ws/src/turtlebot3_simulations/turtlebot3_fake_node', 'symlink_install': False, 'test_result_base': None}
[0.720s] Level 5:colcon.colcon_core.verb:set package 'turtlebot3_gazebo' build argument 'cmake_args' from command line to 'None'
[0.720s] Level 5:colcon.colcon_core.verb:set package 'turtlebot3_gazebo' build argument 'cmake_target' from command line to 'None'
[0.720s] Level 5:colcon.colcon_core.verb:set package 'turtlebot3_gazebo' build argument 'cmake_target_skip_unavailable' from command line to 'False'
[0.720s] Level 5:colcon.colcon_core.verb:set package 'turtlebot3_gazebo' build argument 'cmake_clean_cache' from command line to 'False'
[0.720s] Level 5:colcon.colcon_core.verb:set package 'turtlebot3_gazebo' build argument 'cmake_clean_first' from command line to 'False'
[0.720s] Level 5:colcon.colcon_core.verb:set package 'turtlebot3_gazebo' build argument 'cmake_force_configure' from command line to 'False'
[0.720s] Level 5:colcon.colcon_core.verb:set package 'turtlebot3_gazebo' build argument 'ament_cmake_args' from command line to 'None'
[0.720s] Level 5:colcon.colcon_core.verb:set package 'turtlebot3_gazebo' build argument 'catkin_cmake_args' from command line to 'None'
[0.720s] Level 5:colcon.colcon_core.verb:set package 'turtlebot3_gazebo' build argument 'catkin_skip_building_tests' from command line to 'False'
[0.720s] DEBUG:colcon.colcon_core.verb:Building package 'turtlebot3_gazebo' with the following arguments: {'ament_cmake_args': None, 'build_base': '/home/rama/catkin_ws/build/turtlebot3_gazebo', 'catkin_cmake_args': None, 'catkin_skip_building_tests': False, 'cmake_args': None, 'cmake_clean_cache': False, 'cmake_clean_first': False, 'cmake_force_configure': False, 'cmake_target': None, 'cmake_target_skip_unavailable': False, 'install_base': '/home/rama/catkin_ws/install/turtlebot3_gazebo', 'merge_install': False, 'path': '/home/rama/catkin_ws/src/turtlebot3_simulations/turtlebot3_gazebo', 'symlink_install': False, 'test_result_base': None}
[0.721s] Level 5:colcon.colcon_core.verb:set package 'turtlebot3_simulations' build argument 'cmake_args' from command line to 'None'
[0.721s] Level 5:colcon.colcon_core.verb:set package 'turtlebot3_simulations' build argument 'cmake_target' from command line to 'None'
[0.721s] Level 5:colcon.colcon_core.verb:set package 'turtlebot3_simulations' build argument 'cmake_target_skip_unavailable' from command line to 'False'
[0.721s] Level 5:colcon.colcon_core.verb:set package 'turtlebot3_simulations' build argument 'cmake_clean_cache' from command line to 'False'
[0.721s] Level 5:colcon.colcon_core.verb:set package 'turtlebot3_simulations' build argument 'cmake_clean_first' from command line to 'False'
[0.721s] Level 5:colcon.colcon_core.verb:set package 'turtlebot3_simulations' build argument 'cmake_force_configure' from command line to 'False'
[0.721s] Level 5:colcon.colcon_core.verb:set package 'turtlebot3_simulations' build argument 'ament_cmake_args' from command line to 'None'
[0.721s] Level 5:colcon.colcon_core.verb:set package 'turtlebot3_simulations' build argument 'catkin_cmake_args' from command line to 'None'
[0.721s] Level 5:colcon.colcon_core.verb:set package 'turtlebot3_simulations' build argument 'catkin_skip_building_tests' from command line to 'False'
[0.722s] DEBUG:colcon.colcon_core.verb:Building package 'turtlebot3_simulations' with the following arguments: {'ament_cmake_args': None, 'build_base': '/home/rama/catkin_ws/build/turtlebot3_simulations', 'catkin_cmake_args': None, 'catkin_skip_building_tests': False, 'cmake_args': None, 'cmake_clean_cache': False, 'cmake_clean_first': False, 'cmake_force_configure': False, 'cmake_target': None, 'cmake_target_skip_unavailable': False, 'install_base': '/home/rama/catkin_ws/install/turtlebot3_simulations', 'merge_install': False, 'path': '/home/rama/catkin_ws/src/turtlebot3_simulations/turtlebot3_simulations', 'symlink_install': False, 'test_result_base': None}
[0.722s] INFO:colcon.colcon_core.executor:Executing jobs using 'parallel' executor
[0.730s] DEBUG:colcon.colcon_parallel_executor.executor.parallel:run_until_complete
[0.732s] INFO:colcon.colcon_ros.task.ament_cmake.build:Building ROS package in '/home/rama/catkin_ws/src/turtlebot3_simulations/turtlebot3_fake_node' with build type 'ament_cmake'
[0.733s] INFO:colcon.colcon_cmake.task.cmake.build:Building CMake package in '/home/rama/catkin_ws/src/turtlebot3_simulations/turtlebot3_fake_node'
[0.737s] INFO:colcon.colcon_core.plugin_system:Skipping extension 'colcon_core.shell.bat': Not used on non-Windows systems
[0.738s] INFO:colcon.colcon_core.shell:Skip shell extension 'powershell' for command environment: Not usable outside of PowerShell
[0.738s] DEBUG:colcon.colcon_core.shell:Skip shell extension 'dsv' for command environment
[0.750s] INFO:colcon.colcon_ros.task.ament_cmake.build:Building ROS package in '/home/rama/catkin_ws/src/turtlebot3_simulations/turtlebot3_gazebo' with build type 'ament_cmake'
[0.750s] INFO:colcon.colcon_cmake.task.cmake.build:Building CMake package in '/home/rama/catkin_ws/src/turtlebot3_simulations/turtlebot3_gazebo'
[0.752s] INFO:colcon.colcon_core.shell:Skip shell extension 'powershell' for command environment: Not usable outside of PowerShell
[0.753s] DEBUG:colcon.colcon_core.shell:Skip shell extension 'dsv' for command environment
[0.765s] INFO:colcon.colcon_ros.task.ament_python.build:Building ROS package in '/home/rama/catkin_ws/src/nodes' with build type 'ament_python'
[0.766s] Level 1:colcon.colcon_core.shell:create_environment_hook('nodes', 'ament_prefix_path')
[0.768s] INFO:colcon.colcon_core.shell:Creating environment hook '/home/rama/catkin_ws/install/nodes/share/nodes/hook/ament_prefix_path.ps1'
[0.769s] INFO:colcon.colcon_core.shell:Creating environment descriptor '/home/rama/catkin_ws/install/nodes/share/nodes/hook/ament_prefix_path.dsv'
[0.769s] INFO:colcon.colcon_core.shell:Creating environment hook '/home/rama/catkin_ws/install/nodes/share/nodes/hook/ament_prefix_path.sh'
[0.772s] INFO:colcon.colcon_core.shell:Skip shell extension 'powershell' for command environment: Not usable outside of PowerShell
[0.772s] DEBUG:colcon.colcon_core.shell:Skip shell extension 'dsv' for command environment
[0.782s] INFO:colcon.colcon_ros.task.ament_python.build:Building ROS package in '/home/rama/catkin_ws/src/nodes2' with build type 'ament_python'
[0.782s] Level 1:colcon.colcon_core.shell:create_environment_hook('nodes2', 'ament_prefix_path')
[0.784s] INFO:colcon.colcon_core.shell:Creating environment hook '/home/rama/catkin_ws/install/nodes2/share/nodes2/hook/ament_prefix_path.ps1'
[0.785s] INFO:colcon.colcon_core.shell:Creating environment descriptor '/home/rama/catkin_ws/install/nodes2/share/nodes2/hook/ament_prefix_path.dsv'
[0.786s] INFO:colcon.colcon_core.shell:Creating environment hook '/home/rama/catkin_ws/install/nodes2/share/nodes2/hook/ament_prefix_path.sh'
[0.787s] INFO:colcon.colcon_core.shell:Skip shell extension 'powershell' for command environment: Not usable outside of PowerShell
[0.787s] DEBUG:colcon.colcon_core.shell:Skip shell extension 'dsv' for command environment
[0.811s] DEBUG:colcon.colcon_core.event_handler.log_command:Invoking command in '/home/rama/catkin_ws/build/turtlebot3_fake_node': CMAKE_PREFIX_PATH=${CMAKE_PREFIX_PATH}:/home/rama/catkin_ws/install/nodes2:/home/rama/catkin_ws/install/nodes:/opt/ros/foxy /usr/bin/cmake --build /home/rama/catkin_ws/build/turtlebot3_fake_node -- -j8 -l8
[0.818s] DEBUG:colcon.colcon_core.event_handler.log_command:Invoking command in '/home/rama/catkin_ws/build/turtlebot3_gazebo': CMAKE_PREFIX_PATH=${CMAKE_PREFIX_PATH}:/home/rama/catkin_ws/install/nodes2:/home/rama/catkin_ws/install/nodes:/opt/ros/foxy /usr/bin/cmake --build /home/rama/catkin_ws/build/turtlebot3_gazebo -- -j8 -l8
[1.276s] INFO:colcon.colcon_core.task.python.build:Building Python package in '/home/rama/catkin_ws/src/nodes'
[1.279s] INFO:colcon.colcon_core.shell:Skip shell extension 'powershell' for command environment: Not usable outside of PowerShell
[1.279s] DEBUG:colcon.colcon_core.shell:Skip shell extension 'dsv' for command environment
[1.627s] INFO:colcon.colcon_core.task.python.build:Building Python package in '/home/rama/catkin_ws/src/nodes2'
[1.629s] INFO:colcon.colcon_core.shell:Skip shell extension 'powershell' for command environment: Not usable outside of PowerShell
[1.630s] DEBUG:colcon.colcon_core.shell:Skip shell extension 'dsv' for command environment
[1.647s] DEBUG:colcon.colcon_core.event_handler.log_command:Invoked command in '/home/rama/catkin_ws/build/turtlebot3_fake_node' returned '0': CMAKE_PREFIX_PATH=${CMAKE_PREFIX_PATH}:/home/rama/catkin_ws/install/nodes2:/home/rama/catkin_ws/install/nodes:/opt/ros/foxy /usr/bin/cmake --build /home/rama/catkin_ws/build/turtlebot3_fake_node -- -j8 -l8
[1.650s] DEBUG:colcon.colcon_core.event_handler.log_command:Invoked command in '/home/rama/catkin_ws/build/turtlebot3_gazebo' returned '0': CMAKE_PREFIX_PATH=${CMAKE_PREFIX_PATH}:/home/rama/catkin_ws/install/nodes2:/home/rama/catkin_ws/install/nodes:/opt/ros/foxy /usr/bin/cmake --build /home/rama/catkin_ws/build/turtlebot3_gazebo -- -j8 -l8
[1.713s] DEBUG:colcon.colcon_core.event_handler.log_command:Invoking command in '/home/rama/catkin_ws/build/turtlebot3_fake_node': CMAKE_PREFIX_PATH=${CMAKE_PREFIX_PATH}:/home/rama/catkin_ws/install/nodes2:/home/rama/catkin_ws/install/nodes:/opt/ros/foxy /usr/bin/cmake --install /home/rama/catkin_ws/build/turtlebot3_fake_node
[1.729s] DEBUG:colcon.colcon_core.event_handler.log_command:Invoking command in '/home/rama/catkin_ws/build/turtlebot3_gazebo': CMAKE_PREFIX_PATH=${CMAKE_PREFIX_PATH}:/home/rama/catkin_ws/install/nodes2:/home/rama/catkin_ws/install/nodes:/opt/ros/foxy /usr/bin/cmake --install /home/rama/catkin_ws/build/turtlebot3_gazebo
[1.744s] Level 1:colcon.colcon_core.environment:create_environment_scripts_only(turtlebot3_fake_node)
[1.764s] Level 1:colcon.colcon_core.environment:checking '/home/rama/catkin_ws/install/turtlebot3_fake_node' for CMake module files
[1.765s] Level 1:colcon.colcon_core.environment:checking '/home/rama/catkin_ws/install/turtlebot3_fake_node' for CMake config files
[1.765s] Level 1:colcon.colcon_core.shell:create_environment_hook('turtlebot3_fake_node', 'cmake_prefix_path')
[1.777s] DEBUG:colcon.colcon_core.event_handler.log_command:Invoked command in '/home/rama/catkin_ws/build/turtlebot3_fake_node' returned '0': CMAKE_PREFIX_PATH=${CMAKE_PREFIX_PATH}:/home/rama/catkin_ws/install/nodes2:/home/rama/catkin_ws/install/nodes:/opt/ros/foxy /usr/bin/cmake --install /home/rama/catkin_ws/build/turtlebot3_fake_node
[1.779s] INFO:colcon.colcon_core.shell:Creating environment hook '/home/rama/catkin_ws/install/turtlebot3_fake_node/share/turtlebot3_fake_node/hook/cmake_prefix_path.ps1'
[1.781s] INFO:colcon.colcon_core.shell:Creating environment descriptor '/home/rama/catkin_ws/install/turtlebot3_fake_node/share/turtlebot3_fake_node/hook/cmake_prefix_path.dsv'
[1.788s] INFO:colcon.colcon_core.shell:Creating environment hook '/home/rama/catkin_ws/install/turtlebot3_fake_node/share/turtlebot3_fake_node/hook/cmake_prefix_path.sh'
[1.791s] Level 1:colcon.colcon_core.environment:checking '/home/rama/catkin_ws/install/turtlebot3_fake_node/lib'
[1.792s] Level 1:colcon.colcon_core.environment:checking '/home/rama/catkin_ws/install/turtlebot3_fake_node/bin'
[1.792s] Level 1:colcon.colcon_core.environment:checking '/home/rama/catkin_ws/install/turtlebot3_fake_node/lib/pkgconfig/turtlebot3_fake_node.pc'
[1.793s] Level 1:colcon.colcon_core.environment:checking '/home/rama/catkin_ws/install/turtlebot3_fake_node/lib/python3.8/site-packages'
[1.795s] Level 1:colcon.colcon_core.environment:checking '/home/rama/catkin_ws/install/turtlebot3_fake_node/bin'
[1.798s] INFO:colcon.colcon_core.shell:Creating package script '/home/rama/catkin_ws/install/turtlebot3_fake_node/share/turtlebot3_fake_node/package.ps1'
[1.804s] INFO:colcon.colcon_core.shell:Creating package descriptor '/home/rama/catkin_ws/install/turtlebot3_fake_node/share/turtlebot3_fake_node/package.dsv'
[1.807s] INFO:colcon.colcon_core.shell:Creating package script '/home/rama/catkin_ws/install/turtlebot3_fake_node/share/turtlebot3_fake_node/package.sh'
[1.809s] INFO:colcon.colcon_core.shell:Creating package script '/home/rama/catkin_ws/install/turtlebot3_fake_node/share/turtlebot3_fake_node/package.bash'
[1.811s] INFO:colcon.colcon_core.shell:Creating package script '/home/rama/catkin_ws/install/turtlebot3_fake_node/share/turtlebot3_fake_node/package.zsh'
[1.818s] Level 1:colcon.colcon_core.environment:create_file_with_runtime_dependencies(/home/rama/catkin_ws/install/turtlebot3_fake_node/share/colcon-core/packages/turtlebot3_fake_node)
[1.845s] Level 1:colcon.colcon_core.environment:create_environment_scripts_only(turtlebot3_gazebo)
[1.846s] DEBUG:colcon.colcon_core.event_handler.log_command:Invoked command in '/home/rama/catkin_ws/build/turtlebot3_gazebo' returned '0': CMAKE_PREFIX_PATH=${CMAKE_PREFIX_PATH}:/home/rama/catkin_ws/install/nodes2:/home/rama/catkin_ws/install/nodes:/opt/ros/foxy /usr/bin/cmake --install /home/rama/catkin_ws/build/turtlebot3_gazebo
[1.856s] Level 1:colcon.colcon_core.environment:checking '/home/rama/catkin_ws/install/turtlebot3_gazebo' for CMake module files
[1.857s] Level 1:colcon.colcon_core.environment:checking '/home/rama/catkin_ws/install/turtlebot3_gazebo' for CMake config files
[1.858s] Level 1:colcon.colcon_core.shell:create_environment_hook('turtlebot3_gazebo', 'cmake_prefix_path')
[1.860s] INFO:colcon.colcon_core.shell:Creating environment hook '/home/rama/catkin_ws/install/turtlebot3_gazebo/share/turtlebot3_gazebo/hook/cmake_prefix_path.ps1'
[1.861s] INFO:colcon.colcon_core.shell:Creating environment descriptor '/home/rama/catkin_ws/install/turtlebot3_gazebo/share/turtlebot3_gazebo/hook/cmake_prefix_path.dsv'
[1.861s] INFO:colcon.colcon_core.shell:Creating environment hook '/home/rama/catkin_ws/install/turtlebot3_gazebo/share/turtlebot3_gazebo/hook/cmake_prefix_path.sh'
[1.862s] Level 1:colcon.colcon_core.environment:checking '/home/rama/catkin_ws/install/turtlebot3_gazebo/lib'
[1.862s] Level 1:colcon.colcon_core.environment:checking '/home/rama/catkin_ws/install/turtlebot3_gazebo/bin'
[1.862s] Level 1:colcon.colcon_core.environment:checking '/home/rama/catkin_ws/install/turtlebot3_gazebo/lib/pkgconfig/turtlebot3_gazebo.pc'
[1.862s] Level 1:colcon.colcon_core.environment:checking '/home/rama/catkin_ws/install/turtlebot3_gazebo/lib/python3.8/site-packages'
[1.862s] Level 1:colcon.colcon_core.environment:checking '/home/rama/catkin_ws/install/turtlebot3_gazebo/bin'
[1.864s] INFO:colcon.colcon_core.shell:Creating package script '/home/rama/catkin_ws/install/turtlebot3_gazebo/share/turtlebot3_gazebo/package.ps1'
[1.868s] INFO:colcon.colcon_core.shell:Creating package descriptor '/home/rama/catkin_ws/install/turtlebot3_gazebo/share/turtlebot3_gazebo/package.dsv'
[1.870s] INFO:colcon.colcon_core.shell:Creating package script '/home/rama/catkin_ws/install/turtlebot3_gazebo/share/turtlebot3_gazebo/package.sh'
[1.872s] INFO:colcon.colcon_core.shell:Creating package script '/home/rama/catkin_ws/install/turtlebot3_gazebo/share/turtlebot3_gazebo/package.bash'
[1.873s] INFO:colcon.colcon_core.shell:Creating package script '/home/rama/catkin_ws/install/turtlebot3_gazebo/share/turtlebot3_gazebo/package.zsh'
[1.874s] Level 1:colcon.colcon_core.environment:create_file_with_runtime_dependencies(/home/rama/catkin_ws/install/turtlebot3_gazebo/share/colcon-core/packages/turtlebot3_gazebo)
[1.897s] Level 1:colcon.colcon_core.environment:create_environment_scripts_only(turtlebot3_fake_node)
[1.905s] Level 1:colcon.colcon_core.environment:checking '/home/rama/catkin_ws/install/turtlebot3_fake_node' for CMake module files
[1.906s] Level 1:colcon.colcon_core.environment:checking '/home/rama/catkin_ws/install/turtlebot3_fake_node' for CMake config files
[1.907s] Level 1:colcon.colcon_core.shell:create_environment_hook('turtlebot3_fake_node', 'cmake_prefix_path')
[1.910s] INFO:colcon.colcon_core.shell:Creating environment hook '/home/rama/catkin_ws/install/turtlebot3_fake_node/share/turtlebot3_fake_node/hook/cmake_prefix_path.ps1'
[1.911s] INFO:colcon.colcon_core.shell:Creating environment descriptor '/home/rama/catkin_ws/install/turtlebot3_fake_node/share/turtlebot3_fake_node/hook/cmake_prefix_path.dsv'
[1.912s] INFO:colcon.colcon_core.shell:Creating environment hook '/home/rama/catkin_ws/install/turtlebot3_fake_node/share/turtlebot3_fake_node/hook/cmake_prefix_path.sh'
[1.913s] Level 1:colcon.colcon_core.environment:checking '/home/rama/catkin_ws/install/turtlebot3_fake_node/lib'
[1.913s] Level 1:colcon.colcon_core.environment:checking '/home/rama/catkin_ws/install/turtlebot3_fake_node/bin'
[1.914s] Level 1:colcon.colcon_core.environment:checking '/home/rama/catkin_ws/install/turtlebot3_fake_node/lib/pkgconfig/turtlebot3_fake_node.pc'
[1.914s] Level 1:colcon.colcon_core.environment:checking '/home/rama/catkin_ws/install/turtlebot3_fake_node/lib/python3.8/site-packages'
[1.914s] Level 1:colcon.colcon_core.environment:checking '/home/rama/catkin_ws/install/turtlebot3_fake_node/bin'
[1.924s] INFO:colcon.colcon_core.shell:Creating package script '/home/rama/catkin_ws/install/turtlebot3_fake_node/share/turtlebot3_fake_node/package.ps1'
[1.925s] INFO:colcon.colcon_core.shell:Creating package descriptor '/home/rama/catkin_ws/install/turtlebot3_fake_node/share/turtlebot3_fake_node/package.dsv'
[1.926s] INFO:colcon.colcon_core.shell:Creating package script '/home/rama/catkin_ws/install/turtlebot3_fake_node/share/turtlebot3_fake_node/package.sh'
[1.927s] INFO:colcon.colcon_core.shell:Creating package script '/home/rama/catkin_ws/install/turtlebot3_fake_node/share/turtlebot3_fake_node/package.bash'
[1.927s] INFO:colcon.colcon_core.shell:Creating package script '/home/rama/catkin_ws/install/turtlebot3_fake_node/share/turtlebot3_fake_node/package.zsh'
[1.932s] Level 1:colcon.colcon_core.environment:create_file_with_runtime_dependencies(/home/rama/catkin_ws/install/turtlebot3_fake_node/share/colcon-core/packages/turtlebot3_fake_node)
[1.972s] Level 1:colcon.colcon_core.environment:create_environment_scripts_only(turtlebot3_gazebo)
[1.974s] Level 1:colcon.colcon_core.environment:checking '/home/rama/catkin_ws/install/turtlebot3_gazebo' for CMake module files
[1.975s] Level 1:colcon.colcon_core.environment:checking '/home/rama/catkin_ws/install/turtlebot3_gazebo' for CMake config files
[1.977s] Level 1:colcon.colcon_core.shell:create_environment_hook('turtlebot3_gazebo', 'cmake_prefix_path')
[1.981s] INFO:colcon.colcon_core.shell:Creating environment hook '/home/rama/catkin_ws/install/turtlebot3_gazebo/share/turtlebot3_gazebo/hook/cmake_prefix_path.ps1'
[1.982s] INFO:colcon.colcon_core.shell:Creating environment descriptor '/home/rama/catkin_ws/install/turtlebot3_gazebo/share/turtlebot3_gazebo/hook/cmake_prefix_path.dsv'
[1.984s] INFO:colcon.colcon_core.shell:Creating environment hook '/home/rama/catkin_ws/install/turtlebot3_gazebo/share/turtlebot3_gazebo/hook/cmake_prefix_path.sh'
[1.986s] Level 1:colcon.colcon_core.environment:checking '/home/rama/catkin_ws/install/turtlebot3_gazebo/lib'
[1.986s] Level 1:colcon.colcon_core.environment:checking '/home/rama/catkin_ws/install/turtlebot3_gazebo/bin'
[1.986s] Level 1:colcon.colcon_core.environment:checking '/home/rama/catkin_ws/install/turtlebot3_gazebo/lib/pkgconfig/turtlebot3_gazebo.pc'
[1.986s] Level 1:colcon.colcon_core.environment:checking '/home/rama/catkin_ws/install/turtlebot3_gazebo/lib/python3.8/site-packages'
[1.987s] Level 1:colcon.colcon_core.environment:checking '/home/rama/catkin_ws/install/turtlebot3_gazebo/bin'
[1.988s] INFO:colcon.colcon_core.shell:Creating package script '/home/rama/catkin_ws/install/turtlebot3_gazebo/share/turtlebot3_gazebo/package.ps1'
[1.989s] INFO:colcon.colcon_core.shell:Creating package descriptor '/home/rama/catkin_ws/install/turtlebot3_gazebo/share/turtlebot3_gazebo/package.dsv'
[1.990s] INFO:colcon.colcon_core.shell:Creating package script '/home/rama/catkin_ws/install/turtlebot3_gazebo/share/turtlebot3_gazebo/package.sh'
[1.995s] INFO:colcon.colcon_core.shell:Creating package script '/home/rama/catkin_ws/install/turtlebot3_gazebo/share/turtlebot3_gazebo/package.bash'
[1.996s] INFO:colcon.colcon_core.shell:Creating package script '/home/rama/catkin_ws/install/turtlebot3_gazebo/share/turtlebot3_gazebo/package.zsh'
[1.996s] Level 1:colcon.colcon_core.environment:create_file_with_runtime_dependencies(/home/rama/catkin_ws/install/turtlebot3_gazebo/share/colcon-core/packages/turtlebot3_gazebo)
[1.998s] INFO:colcon.colcon_ros.task.ament_cmake.build:Building ROS package in '/home/rama/catkin_ws/src/turtlebot3_simulations/turtlebot3_simulations' with build type 'ament_cmake'
[1.998s] INFO:colcon.colcon_cmake.task.cmake.build:Building CMake package in '/home/rama/catkin_ws/src/turtlebot3_simulations/turtlebot3_simulations'
[2.000s] INFO:colcon.colcon_core.shell:Skip shell extension 'powershell' for command environment: Not usable outside of PowerShell
[2.001s] DEBUG:colcon.colcon_core.shell:Skip shell extension 'dsv' for command environment
[2.033s] DEBUG:colcon.colcon_core.event_handler.log_command:Invoking command in '/home/rama/catkin_ws/build/turtlebot3_simulations': CMAKE_PREFIX_PATH=/home/rama/catkin_ws/install/turtlebot3_gazebo:/home/rama/catkin_ws/install/turtlebot3_fake_node:/opt/ros/noetic:/home/rama/catkin_ws/install/turtlebot3_simulations:/home/rama/catkin_ws/install/nodes2:/home/rama/catkin_ws/install/nodes:/opt/ros/foxy /usr/bin/cmake --build /home/rama/catkin_ws/build/turtlebot3_simulations -- -j8 -l8
[2.100s] DEBUG:colcon.colcon_core.event_handler.log_command:Invoked command in '/home/rama/catkin_ws/build/turtlebot3_simulations' returned '0': CMAKE_PREFIX_PATH=/home/rama/catkin_ws/install/turtlebot3_gazebo:/home/rama/catkin_ws/install/turtlebot3_fake_node:/opt/ros/noetic:/home/rama/catkin_ws/install/turtlebot3_simulations:/home/rama/catkin_ws/install/nodes2:/home/rama/catkin_ws/install/nodes:/opt/ros/foxy /usr/bin/cmake --build /home/rama/catkin_ws/build/turtlebot3_simulations -- -j8 -l8
[2.140s] DEBUG:colcon.colcon_core.event_handler.log_command:Invoking command in '/home/rama/catkin_ws/build/turtlebot3_simulations': CMAKE_PREFIX_PATH=/home/rama/catkin_ws/install/turtlebot3_gazebo:/home/rama/catkin_ws/install/turtlebot3_fake_node:/opt/ros/noetic:/home/rama/catkin_ws/install/turtlebot3_simulations:/home/rama/catkin_ws/install/nodes2:/home/rama/catkin_ws/install/nodes:/opt/ros/foxy /usr/bin/cmake --install /home/rama/catkin_ws/build/turtlebot3_simulations
[2.159s] Level 1:colcon.colcon_core.environment:create_environment_scripts_only(turtlebot3_simulations)
[2.162s] Level 1:colcon.colcon_core.environment:checking '/home/rama/catkin_ws/install/turtlebot3_simulations' for CMake module files
[2.164s] DEBUG:colcon.colcon_core.event_handler.log_command:Invoked command in '/home/rama/catkin_ws/build/turtlebot3_simulations' returned '0': CMAKE_PREFIX_PATH=/home/rama/catkin_ws/install/turtlebot3_gazebo:/home/rama/catkin_ws/install/turtlebot3_fake_node:/opt/ros/noetic:/home/rama/catkin_ws/install/turtlebot3_simulations:/home/rama/catkin_ws/install/nodes2:/home/rama/catkin_ws/install/nodes:/opt/ros/foxy /usr/bin/cmake --install /home/rama/catkin_ws/build/turtlebot3_simulations
[2.165s] Level 1:colcon.colcon_core.environment:checking '/home/rama/catkin_ws/install/turtlebot3_simulations' for CMake config files
[2.165s] Level 1:colcon.colcon_core.shell:create_environment_hook('turtlebot3_simulations', 'cmake_prefix_path')
[2.173s] INFO:colcon.colcon_core.shell:Creating environment hook '/home/rama/catkin_ws/install/turtlebot3_simulations/share/turtlebot3_simulations/hook/cmake_prefix_path.ps1'
[2.174s] INFO:colcon.colcon_core.shell:Creating environment descriptor '/home/rama/catkin_ws/install/turtlebot3_simulations/share/turtlebot3_simulations/hook/cmake_prefix_path.dsv'
[2.176s] INFO:colcon.colcon_core.shell:Creating environment hook '/home/rama/catkin_ws/install/turtlebot3_simulations/share/turtlebot3_simulations/hook/cmake_prefix_path.sh'
[2.177s] Level 1:colcon.colcon_core.environment:checking '/home/rama/catkin_ws/install/turtlebot3_simulations/bin'
[2.177s] Level 1:colcon.colcon_core.environment:checking '/home/rama/catkin_ws/install/turtlebot3_simulations/lib/pkgconfig/turtlebot3_simulations.pc'
[2.178s] Level 1:colcon.colcon_core.environment:checking '/home/rama/catkin_ws/install/turtlebot3_simulations/lib/python3.8/site-packages'
[2.178s] Level 1:colcon.colcon_core.environment:checking '/home/rama/catkin_ws/install/turtlebot3_simulations/bin'
[2.180s] INFO:colcon.colcon_core.shell:Creating package script '/home/rama/catkin_ws/install/turtlebot3_simulations/share/turtlebot3_simulations/package.ps1'
[2.181s] INFO:colcon.colcon_core.shell:Creating package descriptor '/home/rama/catkin_ws/install/turtlebot3_simulations/share/turtlebot3_simulations/package.dsv'
[2.182s] INFO:colcon.colcon_core.shell:Creating package script '/home/rama/catkin_ws/install/turtlebot3_simulations/share/turtlebot3_simulations/package.sh'
[2.186s] INFO:colcon.colcon_core.shell:Creating package script '/home/rama/catkin_ws/install/turtlebot3_simulations/share/turtlebot3_simulations/package.bash'
[2.188s] INFO:colcon.colcon_core.shell:Creating package script '/home/rama/catkin_ws/install/turtlebot3_simulations/share/turtlebot3_simulations/package.zsh'
[2.188s] Level 1:colcon.colcon_core.environment:create_file_with_runtime_dependencies(/home/rama/catkin_ws/install/turtlebot3_simulations/share/colcon-core/packages/turtlebot3_simulations)
[2.226s] Level 1:colcon.colcon_core.environment:create_environment_scripts_only(turtlebot3_simulations)
[2.228s] Level 1:colcon.colcon_core.environment:checking '/home/rama/catkin_ws/install/turtlebot3_simulations' for CMake module files
[2.229s] Level 1:colcon.colcon_core.environment:checking '/home/rama/catkin_ws/install/turtlebot3_simulations' for CMake config files
[2.229s] Level 1:colcon.colcon_core.shell:create_environment_hook('turtlebot3_simulations', 'cmake_prefix_path')
[2.238s] INFO:colcon.colcon_core.shell:Creating environment hook '/home/rama/catkin_ws/install/turtlebot3_simulations/share/turtlebot3_simulations/hook/cmake_prefix_path.ps1'
[2.239s] INFO:colcon.colcon_core.shell:Creating environment descriptor '/home/rama/catkin_ws/install/turtlebot3_simulations/share/turtlebot3_simulations/hook/cmake_prefix_path.dsv'
[2.239s] INFO:colcon.colcon_core.shell:Creating environment hook '/home/rama/catkin_ws/install/turtlebot3_simulations/share/turtlebot3_simulations/hook/cmake_prefix_path.sh'
[2.240s] Level 1:colcon.colcon_core.environment:checking '/home/rama/catkin_ws/install/turtlebot3_simulations/bin'
[2.240s] Level 1:colcon.colcon_core.environment:checking '/home/rama/catkin_ws/install/turtlebot3_simulations/lib/pkgconfig/turtlebot3_simulations.pc'
[2.240s] Level 1:colcon.colcon_core.environment:checking '/home/rama/catkin_ws/install/turtlebot3_simulations/lib/python3.8/site-packages'
[2.240s] Level 1:colcon.colcon_core.environment:checking '/home/rama/catkin_ws/install/turtlebot3_simulations/bin'
[2.242s] INFO:colcon.colcon_core.shell:Creating package script '/home/rama/catkin_ws/install/turtlebot3_simulations/share/turtlebot3_simulations/package.ps1'
[2.242s] INFO:colcon.colcon_core.shell:Creating package descriptor '/home/rama/catkin_ws/install/turtlebot3_simulations/share/turtlebot3_simulations/package.dsv'
[2.243s] INFO:colcon.colcon_core.shell:Creating package script '/home/rama/catkin_ws/install/turtlebot3_simulations/share/turtlebot3_simulations/package.sh'
[2.243s] INFO:colcon.colcon_core.shell:Creating package script '/home/rama/catkin_ws/install/turtlebot3_simulations/share/turtlebot3_simulations/package.bash'
[2.244s] INFO:colcon.colcon_core.shell:Creating package script '/home/rama/catkin_ws/install/turtlebot3_simulations/share/turtlebot3_simulations/package.zsh'
[2.244s] Level 1:colcon.colcon_core.environment:create_file_with_runtime_dependencies(/home/rama/catkin_ws/install/turtlebot3_simulations/share/colcon-core/packages/turtlebot3_simulations)
[2.642s] DEBUG:colcon.colcon_core.event_handler.log_command:Invoking command in '/home/rama/catkin_ws/src/nodes2': PYTHONPATH=/home/rama/catkin_ws/build/nodes2/prefix_override:/home/rama/catkin_ws/install/nodes2/lib/python3.8/site-packages:${PYTHONPATH} /usr/bin/python3 setup.py egg_info --egg-base ../../build/nodes2 build --build-base /home/rama/catkin_ws/build/nodes2/build install --record /home/rama/catkin_ws/build/nodes2/install.log --install-scripts $base/lib/nodes2 --single-version-externally-managed
[2.654s] DEBUG:colcon.colcon_core.event_handler.log_command:Invoking command in '/home/rama/catkin_ws/src/nodes': PYTHONPATH=/home/rama/catkin_ws/build/nodes/prefix_override:/home/rama/catkin_ws/install/nodes/lib/python3.8/site-packages:${PYTHONPATH} /usr/bin/python3 setup.py egg_info --egg-base ../../build/nodes build --build-base /home/rama/catkin_ws/build/nodes/build install --record /home/rama/catkin_ws/build/nodes/install.log --install-scripts $base/lib/nodes --single-version-externally-managed
[3.168s] Level 1:colcon.colcon_core.environment:checking '/home/rama/catkin_ws/install/nodes' for CMake module files
[3.169s] DEBUG:colcon.colcon_core.event_handler.log_command:Invoked command in '/home/rama/catkin_ws/src/nodes' returned '0': PYTHONPATH=/home/rama/catkin_ws/build/nodes/prefix_override:/home/rama/catkin_ws/install/nodes/lib/python3.8/site-packages:${PYTHONPATH} /usr/bin/python3 setup.py egg_info --egg-base ../../build/nodes build --build-base /home/rama/catkin_ws/build/nodes/build install --record /home/rama/catkin_ws/build/nodes/install.log --install-scripts $base/lib/nodes --single-version-externally-managed
[3.169s] Level 1:colcon.colcon_core.environment:checking '/home/rama/catkin_ws/install/nodes' for CMake config files
[3.170s] Level 1:colcon.colcon_core.environment:checking '/home/rama/catkin_ws/install/nodes/lib'
[3.170s] Level 1:colcon.colcon_core.environment:checking '/home/rama/catkin_ws/install/nodes/bin'
[3.170s] Level 1:colcon.colcon_core.environment:checking '/home/rama/catkin_ws/install/nodes/lib/pkgconfig/nodes.pc'
[3.170s] Level 1:colcon.colcon_core.environment:checking '/home/rama/catkin_ws/install/nodes/lib/python3.8/site-packages'
[3.170s] Level 1:colcon.colcon_core.shell:create_environment_hook('nodes', 'pythonpath')
[3.172s] INFO:colcon.colcon_core.shell:Creating environment hook '/home/rama/catkin_ws/install/nodes/share/nodes/hook/pythonpath.ps1'
[3.173s] INFO:colcon.colcon_core.shell:Creating environment descriptor '/home/rama/catkin_ws/install/nodes/share/nodes/hook/pythonpath.dsv'
[3.173s] INFO:colcon.colcon_core.shell:Creating environment hook '/home/rama/catkin_ws/install/nodes/share/nodes/hook/pythonpath.sh'
[3.174s] Level 1:colcon.colcon_core.environment:checking '/home/rama/catkin_ws/install/nodes/bin'
[3.174s] Level 1:colcon.colcon_core.environment:create_environment_scripts_only(nodes)
[3.179s] INFO:colcon.colcon_core.shell:Creating package script '/home/rama/catkin_ws/install/nodes/share/nodes/package.ps1'
[3.181s] INFO:colcon.colcon_core.shell:Creating package descriptor '/home/rama/catkin_ws/install/nodes/share/nodes/package.dsv'
[3.182s] INFO:colcon.colcon_core.shell:Creating package script '/home/rama/catkin_ws/install/nodes/share/nodes/package.sh'
[3.182s] INFO:colcon.colcon_core.shell:Creating package script '/home/rama/catkin_ws/install/nodes/share/nodes/package.bash'
[3.183s] INFO:colcon.colcon_core.shell:Creating package script '/home/rama/catkin_ws/install/nodes/share/nodes/package.zsh'
[3.183s] Level 1:colcon.colcon_core.environment:create_file_with_runtime_dependencies(/home/rama/catkin_ws/install/nodes/share/colcon-core/packages/nodes)
[3.186s] Level 1:colcon.colcon_core.environment:checking '/home/rama/catkin_ws/install/nodes2' for CMake module files
[3.186s] DEBUG:colcon.colcon_core.event_handler.log_command:Invoked command in '/home/rama/catkin_ws/src/nodes2' returned '0': PYTHONPATH=/home/rama/catkin_ws/build/nodes2/prefix_override:/home/rama/catkin_ws/install/nodes2/lib/python3.8/site-packages:${PYTHONPATH} /usr/bin/python3 setup.py egg_info --egg-base ../../build/nodes2 build --build-base /home/rama/catkin_ws/build/nodes2/build install --record /home/rama/catkin_ws/build/nodes2/install.log --install-scripts $base/lib/nodes2 --single-version-externally-managed
[3.186s] Level 1:colcon.colcon_core.environment:checking '/home/rama/catkin_ws/install/nodes2' for CMake config files
[3.187s] Level 1:colcon.colcon_core.environment:checking '/home/rama/catkin_ws/install/nodes2/lib'
[3.187s] Level 1:colcon.colcon_core.environment:checking '/home/rama/catkin_ws/install/nodes2/bin'
[3.187s] Level 1:colcon.colcon_core.environment:checking '/home/rama/catkin_ws/install/nodes2/lib/pkgconfig/nodes2.pc'
[3.187s] Level 1:colcon.colcon_core.environment:checking '/home/rama/catkin_ws/install/nodes2/lib/python3.8/site-packages'
[3.187s] Level 1:colcon.colcon_core.shell:create_environment_hook('nodes2', 'pythonpath')
[3.189s] INFO:colcon.colcon_core.shell:Creating environment hook '/home/rama/catkin_ws/install/nodes2/share/nodes2/hook/pythonpath.ps1'
[3.189s] INFO:colcon.colcon_core.shell:Creating environment descriptor '/home/rama/catkin_ws/install/nodes2/share/nodes2/hook/pythonpath.dsv'
[3.190s] INFO:colcon.colcon_core.shell:Creating environment hook '/home/rama/catkin_ws/install/nodes2/share/nodes2/hook/pythonpath.sh'
[3.192s] Level 1:colcon.colcon_core.environment:checking '/home/rama/catkin_ws/install/nodes2/bin'
[3.193s] Level 1:colcon.colcon_core.environment:create_environment_scripts_only(nodes2)
[3.195s] INFO:colcon.colcon_core.shell:Creating package script '/home/rama/catkin_ws/install/nodes2/share/nodes2/package.ps1'
[3.198s] INFO:colcon.colcon_core.shell:Creating package descriptor '/home/rama/catkin_ws/install/nodes2/share/nodes2/package.dsv'
[3.199s] INFO:colcon.colcon_core.shell:Creating package script '/home/rama/catkin_ws/install/nodes2/share/nodes2/package.sh'
[3.199s] INFO:colcon.colcon_core.shell:Creating package script '/home/rama/catkin_ws/install/nodes2/share/nodes2/package.bash'
[3.200s] INFO:colcon.colcon_core.shell:Creating package script '/home/rama/catkin_ws/install/nodes2/share/nodes2/package.zsh'
[3.200s] Level 1:colcon.colcon_core.environment:create_file_with_runtime_dependencies(/home/rama/catkin_ws/install/nodes2/share/colcon-core/packages/nodes2)
[3.200s] DEBUG:colcon.colcon_parallel_executor.executor.parallel:closing loop
[3.201s] DEBUG:colcon.colcon_parallel_executor.executor.parallel:loop closed
[3.201s] DEBUG:colcon.colcon_parallel_executor.executor.parallel:run_until_complete finished with '0'
[3.201s] DEBUG:colcon.colcon_core.event_reactor:joining thread
[3.211s] INFO:colcon.colcon_core.plugin_system:Skipping extension 'colcon_notification.desktop_notification.terminal_notifier': Not used on non-Darwin systems
[3.211s] INFO:colcon.colcon_core.plugin_system:Skipping extension 'colcon_notification.desktop_notification.win32': Not used on non-Windows systems
[3.211s] INFO:colcon.colcon_notification.desktop_notification:Sending desktop notification using 'notify2'
[3.234s] DEBUG:colcon.colcon_core.event_reactor:joined thread
[3.236s] INFO:colcon.colcon_core.shell:Creating prefix script '/home/rama/catkin_ws/install/local_setup.ps1'
[3.238s] INFO:colcon.colcon_core.shell:Creating prefix util module '/home/rama/catkin_ws/install/_local_setup_util_ps1.py'
[3.239s] INFO:colcon.colcon_core.shell:Creating prefix chain script '/home/rama/catkin_ws/install/setup.ps1'
[3.244s] INFO:colcon.colcon_core.shell:Creating prefix script '/home/rama/catkin_ws/install/local_setup.sh'
[3.245s] INFO:colcon.colcon_core.shell:Creating prefix util module '/home/rama/catkin_ws/install/_local_setup_util_sh.py'
[3.245s] INFO:colcon.colcon_core.shell:Creating prefix chain script '/home/rama/catkin_ws/install/setup.sh'
[3.248s] INFO:colcon.colcon_core.shell:Creating prefix script '/home/rama/catkin_ws/install/local_setup.bash'
[3.249s] INFO:colcon.colcon_core.shell:Creating prefix chain script '/home/rama/catkin_ws/install/setup.bash'
[3.250s] INFO:colcon.colcon_core.shell:Creating prefix script '/home/rama/catkin_ws/install/local_setup.zsh'
[3.251s] INFO:colcon.colcon_core.shell:Creating prefix chain script '/home/rama/catkin_ws/install/setup.zsh'
