[0.079s] Invoking command in '/home/rama/catkin_ws/build/turtlebot3_simulations': AMENT_PREFIX_PATH=/home/rama/catkin_ws/install/turtlebot3_gazebo:/home/rama/catkin_ws/install/turtlebot3_fake_node:${AMENT_PREFIX_PATH} CMAKE_PREFIX_PATH=/home/rama/catkin_ws/install/turtlebot3_gazebo:/home/rama/catkin_ws/install/turtlebot3_fake_node:/opt/ros/foxy /usr/bin/cmake --build /home/rama/catkin_ws/build/turtlebot3_simulations -- -j8 -l8
[0.237s] Invoked command in '/home/rama/catkin_ws/build/turtlebot3_simulations' returned '0': AMENT_PREFIX_PATH=/home/rama/catkin_ws/install/turtlebot3_gazebo:/home/rama/catkin_ws/install/turtlebot3_fake_node:${AMENT_PREFIX_PATH} CMAKE_PREFIX_PATH=/home/rama/catkin_ws/install/turtlebot3_gazebo:/home/rama/catkin_ws/install/turtlebot3_fake_node:/opt/ros/foxy /usr/bin/cmake --build /home/rama/catkin_ws/build/turtlebot3_simulations -- -j8 -l8
[0.378s] Invoking command in '/home/rama/catkin_ws/build/turtlebot3_simulations': AMENT_PREFIX_PATH=/home/rama/catkin_ws/install/turtlebot3_gazebo:/home/rama/catkin_ws/install/turtlebot3_fake_node:${AMENT_PREFIX_PATH} CMAKE_PREFIX_PATH=/home/rama/catkin_ws/install/turtlebot3_gazebo:/home/rama/catkin_ws/install/turtlebot3_fake_node:/opt/ros/foxy /usr/bin/cmake --install /home/rama/catkin_ws/build/turtlebot3_simulations
[0.424s] -- Install configuration: ""
[0.425s] -- Up-to-date: /home/rama/catkin_ws/install/turtlebot3_simulations/share/ament_index/resource_index/package_run_dependencies/turtlebot3_simulations
[0.425s] -- Up-to-date: /home/rama/catkin_ws/install/turtlebot3_simulations/share/ament_index/resource_index/parent_prefix_path/turtlebot3_simulations
[0.425s] -- Up-to-date: /home/rama/catkin_ws/install/turtlebot3_simulations/share/turtlebot3_simulations/environment/ament_prefix_path.sh
[0.425s] -- Up-to-date: /home/rama/catkin_ws/install/turtlebot3_simulations/share/turtlebot3_simulations/environment/ament_prefix_path.dsv
[0.426s] -- Up-to-date: /home/rama/catkin_ws/install/turtlebot3_simulations/share/turtlebot3_simulations/environment/path.sh
[0.426s] -- Up-to-date: /home/rama/catkin_ws/install/turtlebot3_simulations/share/turtlebot3_simulations/environment/path.dsv
[0.426s] -- Up-to-date: /home/rama/catkin_ws/install/turtlebot3_simulations/share/turtlebot3_simulations/local_setup.bash
[0.426s] -- Up-to-date: /home/rama/catkin_ws/install/turtlebot3_simulations/share/turtlebot3_simulations/local_setup.sh
[0.427s] -- Up-to-date: /home/rama/catkin_ws/install/turtlebot3_simulations/share/turtlebot3_simulations/local_setup.zsh
[0.427s] -- Up-to-date: /home/rama/catkin_ws/install/turtlebot3_simulations/share/turtlebot3_simulations/local_setup.dsv
[0.427s] -- Installing: /home/rama/catkin_ws/install/turtlebot3_simulations/share/turtlebot3_simulations/package.dsv
[0.427s] -- Up-to-date: /home/rama/catkin_ws/install/turtlebot3_simulations/share/ament_index/resource_index/packages/turtlebot3_simulations
[0.427s] -- Up-to-date: /home/rama/catkin_ws/install/turtlebot3_simulations/share/turtlebot3_simulations/cmake/turtlebot3_simulationsConfig.cmake
[0.427s] -- Up-to-date: /home/rama/catkin_ws/install/turtlebot3_simulations/share/turtlebot3_simulations/cmake/turtlebot3_simulationsConfig-version.cmake
[0.427s] -- Up-to-date: /home/rama/catkin_ws/install/turtlebot3_simulations/share/turtlebot3_simulations/package.xml
[0.435s] Invoked command in '/home/rama/catkin_ws/build/turtlebot3_simulations' returned '0': AMENT_PREFIX_PATH=/home/rama/catkin_ws/install/turtlebot3_gazebo:/home/rama/catkin_ws/install/turtlebot3_fake_node:${AMENT_PREFIX_PATH} CMAKE_PREFIX_PATH=/home/rama/catkin_ws/install/turtlebot3_gazebo:/home/rama/catkin_ws/install/turtlebot3_fake_node:/opt/ros/foxy /usr/bin/cmake --install /home/rama/catkin_ws/build/turtlebot3_simulations
