[0.248s] DEBUG:colcon:Command line arguments: ['/usr/bin/colcon', 'build']
[0.248s] DEBUG:colcon:Parsed command line arguments: Namespace(allow_overriding=[], ament_cmake_args=None, base_paths=['.'], build_base='build', catkin_cmake_args=None, catkin_skip_building_tests=False, cmake_args=None, cmake_clean_cache=False, cmake_clean_first=False, cmake_force_configure=False, cmake_target=None, cmake_target_skip_unavailable=False, continue_on_error=False, event_handlers=None, executor='parallel', ignore_user_meta=False, install_base='install', log_base=None, log_level=None, main=<bound method BuildVerb.main of <colcon_core.verb.build.BuildVerb object at 0x7f8353c3a8e0>>, merge_install=False, metas=['./colcon.meta'], packages_above=None, packages_above_and_dependencies=None, packages_above_depth=None, packages_end=None, packages_ignore=None, packages_ignore_regex=None, packages_select=None, packages_select_build_failed=False, packages_select_by_dep=None, packages_select_regex=None, packages_select_test_failures=False, packages_skip=None, packages_skip_build_finished=False, packages_skip_by_dep=None, packages_skip_regex=None, packages_skip_test_passed=False, packages_skip_up_to=None, packages_start=None, packages_up_to=None, packages_up_to_regex=None, parallel_workers=8, paths=None, symlink_install=False, test_result_base=None, verb_extension=<colcon_core.verb.build.BuildVerb object at 0x7f8353c3a8e0>, verb_name='build', verb_parser=<colcon_defaults.argument_parser.defaults.DefaultArgumentsDecorator object at 0x7f8353c3ae50>)
[0.269s] Level 1:colcon.colcon_core.package_discovery:discover_packages(colcon_meta) check parameters
[0.269s] Level 1:colcon.colcon_core.package_discovery:discover_packages(recursive) check parameters
[0.269s] Level 1:colcon.colcon_core.package_discovery:discover_packages(ignore) check parameters
[0.269s] Level 1:colcon.colcon_core.package_discovery:discover_packages(path) check parameters
[0.269s] Level 1:colcon.colcon_core.package_discovery:discover_packages(colcon_meta) discover
[0.269s] Level 1:colcon.colcon_core.package_discovery:discover_packages(recursive) discover
[0.270s] INFO:colcon.colcon_core.package_discovery:Crawling recursively for packages in '/home/rama/catkin_ws'
[0.270s] Level 1:colcon.colcon_core.package_identification:_identify(.) by extensions ['ignore', 'ignore_ament_install']
[0.270s] Level 1:colcon.colcon_core.package_identification:_identify(.) by extension 'ignore'
[0.270s] Level 1:colcon.colcon_core.package_identification:_identify(.) by extension 'ignore_ament_install'
[0.270s] Level 1:colcon.colcon_core.package_identification:_identify(.) by extensions ['colcon_pkg']
[0.270s] Level 1:colcon.colcon_core.package_identification:_identify(.) by extension 'colcon_pkg'
[0.270s] Level 1:colcon.colcon_core.package_identification:_identify(.) by extensions ['colcon_meta']
[0.270s] Level 1:colcon.colcon_core.package_identification:_identify(.) by extension 'colcon_meta'
[0.270s] Level 1:colcon.colcon_core.package_identification:_identify(.) by extensions ['ros']
[0.270s] Level 1:colcon.colcon_core.package_identification:_identify(.) by extension 'ros'
[0.286s] Level 1:colcon.colcon_core.package_identification:_identify(.) by extensions ['cmake', 'python']
[0.286s] Level 1:colcon.colcon_core.package_identification:_identify(.) by extension 'cmake'
[0.286s] Level 1:colcon.colcon_core.package_identification:_identify(.) by extension 'python'
[0.286s] Level 1:colcon.colcon_core.package_identification:_identify(.) by extensions ['python_setup_py']
[0.286s] Level 1:colcon.colcon_core.package_identification:_identify(.) by extension 'python_setup_py'
[0.287s] Level 1:colcon.colcon_core.package_identification:_identify(build) by extensions ['ignore', 'ignore_ament_install']
[0.287s] Level 1:colcon.colcon_core.package_identification:_identify(build) by extension 'ignore'
[0.287s] Level 1:colcon.colcon_core.package_identification:_identify(build) ignored
[0.287s] Level 1:colcon.colcon_core.package_identification:_identify(install) by extensions ['ignore', 'ignore_ament_install']
[0.287s] Level 1:colcon.colcon_core.package_identification:_identify(install) by extension 'ignore'
[0.287s] Level 1:colcon.colcon_core.package_identification:_identify(install) ignored
[0.288s] Level 1:colcon.colcon_core.package_identification:_identify(log) by extensions ['ignore', 'ignore_ament_install']
[0.288s] Level 1:colcon.colcon_core.package_identification:_identify(log) by extension 'ignore'
[0.288s] Level 1:colcon.colcon_core.package_identification:_identify(log) ignored
[0.288s] Level 1:colcon.colcon_core.package_identification:_identify(src) by extensions ['ignore', 'ignore_ament_install']
[0.288s] Level 1:colcon.colcon_core.package_identification:_identify(src) by extension 'ignore'
[0.288s] Level 1:colcon.colcon_core.package_identification:_identify(src) by extension 'ignore_ament_install'
[0.288s] Level 1:colcon.colcon_core.package_identification:_identify(src) by extensions ['colcon_pkg']
[0.288s] Level 1:colcon.colcon_core.package_identification:_identify(src) by extension 'colcon_pkg'
[0.288s] Level 1:colcon.colcon_core.package_identification:_identify(src) by extensions ['colcon_meta']
[0.288s] Level 1:colcon.colcon_core.package_identification:_identify(src) by extension 'colcon_meta'
[0.288s] Level 1:colcon.colcon_core.package_identification:_identify(src) by extensions ['ros']
[0.288s] Level 1:colcon.colcon_core.package_identification:_identify(src) by extension 'ros'
[0.288s] Level 1:colcon.colcon_core.package_identification:_identify(src) by extensions ['cmake', 'python']
[0.288s] Level 1:colcon.colcon_core.package_identification:_identify(src) by extension 'cmake'
[0.288s] Level 1:colcon.colcon_core.package_identification:_identify(src) by extension 'python'
[0.289s] Level 1:colcon.colcon_core.package_identification:_identify(src) by extensions ['python_setup_py']
[0.289s] Level 1:colcon.colcon_core.package_identification:_identify(src) by extension 'python_setup_py'
[0.289s] Level 1:colcon.colcon_core.package_identification:_identify(src/nodes) by extensions ['ignore', 'ignore_ament_install']
[0.289s] Level 1:colcon.colcon_core.package_identification:_identify(src/nodes) by extension 'ignore'
[0.289s] Level 1:colcon.colcon_core.package_identification:_identify(src/nodes) by extension 'ignore_ament_install'
[0.289s] Level 1:colcon.colcon_core.package_identification:_identify(src/nodes) by extensions ['colcon_pkg']
[0.289s] Level 1:colcon.colcon_core.package_identification:_identify(src/nodes) by extension 'colcon_pkg'
[0.289s] Level 1:colcon.colcon_core.package_identification:_identify(src/nodes) by extensions ['colcon_meta']
[0.289s] Level 1:colcon.colcon_core.package_identification:_identify(src/nodes) by extension 'colcon_meta'
[0.289s] Level 1:colcon.colcon_core.package_identification:_identify(src/nodes) by extensions ['ros']
[0.289s] Level 1:colcon.colcon_core.package_identification:_identify(src/nodes) by extension 'ros'
[0.291s] DEBUG:colcon.colcon_core.package_identification:Package 'src/nodes' with type 'ros.ament_python' and name 'nodes'
[0.291s] Level 1:colcon.colcon_core.package_identification:_identify(src/nodes2) by extensions ['ignore', 'ignore_ament_install']
[0.291s] Level 1:colcon.colcon_core.package_identification:_identify(src/nodes2) by extension 'ignore'
[0.291s] Level 1:colcon.colcon_core.package_identification:_identify(src/nodes2) by extension 'ignore_ament_install'
[0.291s] Level 1:colcon.colcon_core.package_identification:_identify(src/nodes2) by extensions ['colcon_pkg']
[0.291s] Level 1:colcon.colcon_core.package_identification:_identify(src/nodes2) by extension 'colcon_pkg'
[0.292s] Level 1:colcon.colcon_core.package_identification:_identify(src/nodes2) by extensions ['colcon_meta']
[0.292s] Level 1:colcon.colcon_core.package_identification:_identify(src/nodes2) by extension 'colcon_meta'
[0.292s] Level 1:colcon.colcon_core.package_identification:_identify(src/nodes2) by extensions ['ros']
[0.292s] Level 1:colcon.colcon_core.package_identification:_identify(src/nodes2) by extension 'ros'
[0.292s] DEBUG:colcon.colcon_core.package_identification:Package 'src/nodes2' with type 'ros.ament_python' and name 'nodes2'
[0.292s] Level 1:colcon.colcon_core.package_identification:_identify(src/turtlebot3_simulations) by extensions ['ignore', 'ignore_ament_install']
[0.292s] Level 1:colcon.colcon_core.package_identification:_identify(src/turtlebot3_simulations) by extension 'ignore'
[0.292s] Level 1:colcon.colcon_core.package_identification:_identify(src/turtlebot3_simulations) by extension 'ignore_ament_install'
[0.292s] Level 1:colcon.colcon_core.package_identification:_identify(src/turtlebot3_simulations) by extensions ['colcon_pkg']
[0.292s] Level 1:colcon.colcon_core.package_identification:_identify(src/turtlebot3_simulations) by extension 'colcon_pkg'
[0.293s] Level 1:colcon.colcon_core.package_identification:_identify(src/turtlebot3_simulations) by extensions ['colcon_meta']
[0.293s] Level 1:colcon.colcon_core.package_identification:_identify(src/turtlebot3_simulations) by extension 'colcon_meta'
[0.293s] Level 1:colcon.colcon_core.package_identification:_identify(src/turtlebot3_simulations) by extensions ['ros']
[0.293s] Level 1:colcon.colcon_core.package_identification:_identify(src/turtlebot3_simulations) by extension 'ros'
[0.293s] Level 1:colcon.colcon_core.package_identification:_identify(src/turtlebot3_simulations) by extensions ['cmake', 'python']
[0.293s] Level 1:colcon.colcon_core.package_identification:_identify(src/turtlebot3_simulations) by extension 'cmake'
[0.293s] Level 1:colcon.colcon_core.package_identification:_identify(src/turtlebot3_simulations) by extension 'python'
[0.293s] Level 1:colcon.colcon_core.package_identification:_identify(src/turtlebot3_simulations) by extensions ['python_setup_py']
[0.293s] Level 1:colcon.colcon_core.package_identification:_identify(src/turtlebot3_simulations) by extension 'python_setup_py'
[0.293s] Level 1:colcon.colcon_core.package_identification:_identify(src/turtlebot3_simulations/turtlebot3_fake_node) by extensions ['ignore', 'ignore_ament_install']
[0.293s] Level 1:colcon.colcon_core.package_identification:_identify(src/turtlebot3_simulations/turtlebot3_fake_node) by extension 'ignore'
[0.293s] Level 1:colcon.colcon_core.package_identification:_identify(src/turtlebot3_simulations/turtlebot3_fake_node) by extension 'ignore_ament_install'
[0.293s] Level 1:colcon.colcon_core.package_identification:_identify(src/turtlebot3_simulations/turtlebot3_fake_node) by extensions ['colcon_pkg']
[0.293s] Level 1:colcon.colcon_core.package_identification:_identify(src/turtlebot3_simulations/turtlebot3_fake_node) by extension 'colcon_pkg'
[0.293s] Level 1:colcon.colcon_core.package_identification:_identify(src/turtlebot3_simulations/turtlebot3_fake_node) by extensions ['colcon_meta']
[0.293s] Level 1:colcon.colcon_core.package_identification:_identify(src/turtlebot3_simulations/turtlebot3_fake_node) by extension 'colcon_meta'
[0.293s] Level 1:colcon.colcon_core.package_identification:_identify(src/turtlebot3_simulations/turtlebot3_fake_node) by extensions ['ros']
[0.293s] Level 1:colcon.colcon_core.package_identification:_identify(src/turtlebot3_simulations/turtlebot3_fake_node) by extension 'ros'
[0.294s] DEBUG:colcon.colcon_core.package_identification:Package 'src/turtlebot3_simulations/turtlebot3_fake_node' with type 'ros.ament_cmake' and name 'turtlebot3_fake_node'
[0.294s] Level 1:colcon.colcon_core.package_identification:_identify(src/turtlebot3_simulations/turtlebot3_gazebo) by extensions ['ignore', 'ignore_ament_install']
[0.294s] Level 1:colcon.colcon_core.package_identification:_identify(src/turtlebot3_simulations/turtlebot3_gazebo) by extension 'ignore'
[0.295s] Level 1:colcon.colcon_core.package_identification:_identify(src/turtlebot3_simulations/turtlebot3_gazebo) by extension 'ignore_ament_install'
[0.295s] Level 1:colcon.colcon_core.package_identification:_identify(src/turtlebot3_simulations/turtlebot3_gazebo) by extensions ['colcon_pkg']
[0.295s] Level 1:colcon.colcon_core.package_identification:_identify(src/turtlebot3_simulations/turtlebot3_gazebo) by extension 'colcon_pkg'
[0.295s] Level 1:colcon.colcon_core.package_identification:_identify(src/turtlebot3_simulations/turtlebot3_gazebo) by extensions ['colcon_meta']
[0.295s] Level 1:colcon.colcon_core.package_identification:_identify(src/turtlebot3_simulations/turtlebot3_gazebo) by extension 'colcon_meta'
[0.295s] Level 1:colcon.colcon_core.package_identification:_identify(src/turtlebot3_simulations/turtlebot3_gazebo) by extensions ['ros']
[0.295s] Level 1:colcon.colcon_core.package_identification:_identify(src/turtlebot3_simulations/turtlebot3_gazebo) by extension 'ros'
[0.296s] DEBUG:colcon.colcon_core.package_identification:Package 'src/turtlebot3_simulations/turtlebot3_gazebo' with type 'ros.ament_cmake' and name 'turtlebot3_gazebo'
[0.296s] Level 1:colcon.colcon_core.package_identification:_identify(src/turtlebot3_simulations/turtlebot3_simulations) by extensions ['ignore', 'ignore_ament_install']
[0.296s] Level 1:colcon.colcon_core.package_identification:_identify(src/turtlebot3_simulations/turtlebot3_simulations) by extension 'ignore'
[0.296s] Level 1:colcon.colcon_core.package_identification:_identify(src/turtlebot3_simulations/turtlebot3_simulations) by extension 'ignore_ament_install'
[0.296s] Level 1:colcon.colcon_core.package_identification:_identify(src/turtlebot3_simulations/turtlebot3_simulations) by extensions ['colcon_pkg']
[0.296s] Level 1:colcon.colcon_core.package_identification:_identify(src/turtlebot3_simulations/turtlebot3_simulations) by extension 'colcon_pkg'
[0.296s] Level 1:colcon.colcon_core.package_identification:_identify(src/turtlebot3_simulations/turtlebot3_simulations) by extensions ['colcon_meta']
[0.296s] Level 1:colcon.colcon_core.package_identification:_identify(src/turtlebot3_simulations/turtlebot3_simulations) by extension 'colcon_meta'
[0.296s] Level 1:colcon.colcon_core.package_identification:_identify(src/turtlebot3_simulations/turtlebot3_simulations) by extensions ['ros']
[0.296s] Level 1:colcon.colcon_core.package_identification:_identify(src/turtlebot3_simulations/turtlebot3_simulations) by extension 'ros'
[0.296s] DEBUG:colcon.colcon_core.package_identification:Package 'src/turtlebot3_simulations/turtlebot3_simulations' with type 'ros.ament_cmake' and name 'turtlebot3_simulations'
[0.297s] Level 1:colcon.colcon_core.package_discovery:discover_packages(recursive) using defaults
[0.297s] Level 1:colcon.colcon_core.package_discovery:discover_packages(ignore) discover
[0.297s] Level 1:colcon.colcon_core.package_discovery:discover_packages(ignore) using defaults
[0.297s] Level 1:colcon.colcon_core.package_discovery:discover_packages(path) discover
[0.297s] Level 1:colcon.colcon_core.package_discovery:discover_packages(path) using defaults
[0.313s] Level 1:colcon.colcon_core.package_discovery:discover_packages(prefix_path) check parameters
[0.313s] Level 1:colcon.colcon_core.package_discovery:discover_packages(prefix_path) discover
[0.315s] DEBUG:colcon.colcon_installed_package_information.package_discovery:Found 5 installed packages in /home/rama/install
[0.316s] DEBUG:colcon.colcon_installed_package_information.package_discovery:Found 5 installed packages in /home/rama/catkin_ws/install
[0.318s] DEBUG:colcon.colcon_installed_package_information.package_discovery:Found 335 installed packages in /opt/ros/foxy
[0.319s] Level 1:colcon.colcon_core.package_discovery:discover_packages(prefix_path) using defaults
[0.376s] Level 5:colcon.colcon_core.verb:set package 'nodes' build argument 'cmake_args' from command line to 'None'
[0.376s] Level 5:colcon.colcon_core.verb:set package 'nodes' build argument 'cmake_target' from command line to 'None'
[0.376s] Level 5:colcon.colcon_core.verb:set package 'nodes' build argument 'cmake_target_skip_unavailable' from command line to 'False'
[0.376s] Level 5:colcon.colcon_core.verb:set package 'nodes' build argument 'cmake_clean_cache' from command line to 'False'
[0.376s] Level 5:colcon.colcon_core.verb:set package 'nodes' build argument 'cmake_clean_first' from command line to 'False'
[0.376s] Level 5:colcon.colcon_core.verb:set package 'nodes' build argument 'cmake_force_configure' from command line to 'False'
[0.376s] Level 5:colcon.colcon_core.verb:set package 'nodes' build argument 'ament_cmake_args' from command line to 'None'
[0.376s] Level 5:colcon.colcon_core.verb:set package 'nodes' build argument 'catkin_cmake_args' from command line to 'None'
[0.376s] Level 5:colcon.colcon_core.verb:set package 'nodes' build argument 'catkin_skip_building_tests' from command line to 'False'
[0.376s] DEBUG:colcon.colcon_core.verb:Building package 'nodes' with the following arguments: {'ament_cmake_args': None, 'build_base': '/home/rama/catkin_ws/build/nodes', 'catkin_cmake_args': None, 'catkin_skip_building_tests': False, 'cmake_args': None, 'cmake_clean_cache': False, 'cmake_clean_first': False, 'cmake_force_configure': False, 'cmake_target': None, 'cmake_target_skip_unavailable': False, 'install_base': '/home/rama/catkin_ws/install/nodes', 'merge_install': False, 'path': '/home/rama/catkin_ws/src/nodes', 'symlink_install': False, 'test_result_base': None}
[0.377s] Level 5:colcon.colcon_core.verb:set package 'nodes2' build argument 'cmake_args' from command line to 'None'
[0.377s] Level 5:colcon.colcon_core.verb:set package 'nodes2' build argument 'cmake_target' from command line to 'None'
[0.377s] Level 5:colcon.colcon_core.verb:set package 'nodes2' build argument 'cmake_target_skip_unavailable' from command line to 'False'
[0.377s] Level 5:colcon.colcon_core.verb:set package 'nodes2' build argument 'cmake_clean_cache' from command line to 'False'
[0.377s] Level 5:colcon.colcon_core.verb:set package 'nodes2' build argument 'cmake_clean_first' from command line to 'False'
[0.377s] Level 5:colcon.colcon_core.verb:set package 'nodes2' build argument 'cmake_force_configure' from command line to 'False'
[0.378s] Level 5:colcon.colcon_core.verb:set package 'nodes2' build argument 'ament_cmake_args' from command line to 'None'
[0.378s] Level 5:colcon.colcon_core.verb:set package 'nodes2' build argument 'catkin_cmake_args' from command line to 'None'
[0.378s] Level 5:colcon.colcon_core.verb:set package 'nodes2' build argument 'catkin_skip_building_tests' from command line to 'False'
[0.378s] DEBUG:colcon.colcon_core.verb:Building package 'nodes2' with the following arguments: {'ament_cmake_args': None, 'build_base': '/home/rama/catkin_ws/build/nodes2', 'catkin_cmake_args': None, 'catkin_skip_building_tests': False, 'cmake_args': None, 'cmake_clean_cache': False, 'cmake_clean_first': False, 'cmake_force_configure': False, 'cmake_target': None, 'cmake_target_skip_unavailable': False, 'install_base': '/home/rama/catkin_ws/install/nodes2', 'merge_install': False, 'path': '/home/rama/catkin_ws/src/nodes2', 'symlink_install': False, 'test_result_base': None}
[0.378s] Level 5:colcon.colcon_core.verb:set package 'turtlebot3_fake_node' build argument 'cmake_args' from command line to 'None'
[0.378s] Level 5:colcon.colcon_core.verb:set package 'turtlebot3_fake_node' build argument 'cmake_target' from command line to 'None'
[0.378s] Level 5:colcon.colcon_core.verb:set package 'turtlebot3_fake_node' build argument 'cmake_target_skip_unavailable' from command line to 'False'
[0.378s] Level 5:colcon.colcon_core.verb:set package 'turtlebot3_fake_node' build argument 'cmake_clean_cache' from command line to 'False'
[0.378s] Level 5:colcon.colcon_core.verb:set package 'turtlebot3_fake_node' build argument 'cmake_clean_first' from command line to 'False'
[0.378s] Level 5:colcon.colcon_core.verb:set package 'turtlebot3_fake_node' build argument 'cmake_force_configure' from command line to 'False'
[0.378s] Level 5:colcon.colcon_core.verb:set package 'turtlebot3_fake_node' build argument 'ament_cmake_args' from command line to 'None'
[0.378s] Level 5:colcon.colcon_core.verb:set package 'turtlebot3_fake_node' build argument 'catkin_cmake_args' from command line to 'None'
[0.378s] Level 5:colcon.colcon_core.verb:set package 'turtlebot3_fake_node' build argument 'catkin_skip_building_tests' from command line to 'False'
[0.379s] DEBUG:colcon.colcon_core.verb:Building package 'turtlebot3_fake_node' with the following arguments: {'ament_cmake_args': None, 'build_base': '/home/rama/catkin_ws/build/turtlebot3_fake_node', 'catkin_cmake_args': None, 'catkin_skip_building_tests': False, 'cmake_args': None, 'cmake_clean_cache': False, 'cmake_clean_first': False, 'cmake_force_configure': False, 'cmake_target': None, 'cmake_target_skip_unavailable': False, 'install_base': '/home/rama/catkin_ws/install/turtlebot3_fake_node', 'merge_install': False, 'path': '/home/rama/catkin_ws/src/turtlebot3_simulations/turtlebot3_fake_node', 'symlink_install': False, 'test_result_base': None}
[0.379s] Level 5:colcon.colcon_core.verb:set package 'turtlebot3_gazebo' build argument 'cmake_args' from command line to 'None'
[0.379s] Level 5:colcon.colcon_core.verb:set package 'turtlebot3_gazebo' build argument 'cmake_target' from command line to 'None'
[0.379s] Level 5:colcon.colcon_core.verb:set package 'turtlebot3_gazebo' build argument 'cmake_target_skip_unavailable' from command line to 'False'
[0.379s] Level 5:colcon.colcon_core.verb:set package 'turtlebot3_gazebo' build argument 'cmake_clean_cache' from command line to 'False'
[0.379s] Level 5:colcon.colcon_core.verb:set package 'turtlebot3_gazebo' build argument 'cmake_clean_first' from command line to 'False'
[0.379s] Level 5:colcon.colcon_core.verb:set package 'turtlebot3_gazebo' build argument 'cmake_force_configure' from command line to 'False'
[0.379s] Level 5:colcon.colcon_core.verb:set package 'turtlebot3_gazebo' build argument 'ament_cmake_args' from command line to 'None'
[0.379s] Level 5:colcon.colcon_core.verb:set package 'turtlebot3_gazebo' build argument 'catkin_cmake_args' from command line to 'None'
[0.379s] Level 5:colcon.colcon_core.verb:set package 'turtlebot3_gazebo' build argument 'catkin_skip_building_tests' from command line to 'False'
[0.379s] DEBUG:colcon.colcon_core.verb:Building package 'turtlebot3_gazebo' with the following arguments: {'ament_cmake_args': None, 'build_base': '/home/rama/catkin_ws/build/turtlebot3_gazebo', 'catkin_cmake_args': None, 'catkin_skip_building_tests': False, 'cmake_args': None, 'cmake_clean_cache': False, 'cmake_clean_first': False, 'cmake_force_configure': False, 'cmake_target': None, 'cmake_target_skip_unavailable': False, 'install_base': '/home/rama/catkin_ws/install/turtlebot3_gazebo', 'merge_install': False, 'path': '/home/rama/catkin_ws/src/turtlebot3_simulations/turtlebot3_gazebo', 'symlink_install': False, 'test_result_base': None}
[0.380s] Level 5:colcon.colcon_core.verb:set package 'turtlebot3_simulations' build argument 'cmake_args' from command line to 'None'
[0.380s] Level 5:colcon.colcon_core.verb:set package 'turtlebot3_simulations' build argument 'cmake_target' from command line to 'None'
[0.380s] Level 5:colcon.colcon_core.verb:set package 'turtlebot3_simulations' build argument 'cmake_target_skip_unavailable' from command line to 'False'
[0.380s] Level 5:colcon.colcon_core.verb:set package 'turtlebot3_simulations' build argument 'cmake_clean_cache' from command line to 'False'
[0.380s] Level 5:colcon.colcon_core.verb:set package 'turtlebot3_simulations' build argument 'cmake_clean_first' from command line to 'False'
[0.380s] Level 5:colcon.colcon_core.verb:set package 'turtlebot3_simulations' build argument 'cmake_force_configure' from command line to 'False'
[0.380s] Level 5:colcon.colcon_core.verb:set package 'turtlebot3_simulations' build argument 'ament_cmake_args' from command line to 'None'
[0.380s] Level 5:colcon.colcon_core.verb:set package 'turtlebot3_simulations' build argument 'catkin_cmake_args' from command line to 'None'
[0.380s] Level 5:colcon.colcon_core.verb:set package 'turtlebot3_simulations' build argument 'catkin_skip_building_tests' from command line to 'False'
[0.380s] DEBUG:colcon.colcon_core.verb:Building package 'turtlebot3_simulations' with the following arguments: {'ament_cmake_args': None, 'build_base': '/home/rama/catkin_ws/build/turtlebot3_simulations', 'catkin_cmake_args': None, 'catkin_skip_building_tests': False, 'cmake_args': None, 'cmake_clean_cache': False, 'cmake_clean_first': False, 'cmake_force_configure': False, 'cmake_target': None, 'cmake_target_skip_unavailable': False, 'install_base': '/home/rama/catkin_ws/install/turtlebot3_simulations', 'merge_install': False, 'path': '/home/rama/catkin_ws/src/turtlebot3_simulations/turtlebot3_simulations', 'symlink_install': False, 'test_result_base': None}
[0.381s] INFO:colcon.colcon_core.executor:Executing jobs using 'parallel' executor
[0.384s] DEBUG:colcon.colcon_parallel_executor.executor.parallel:run_until_complete
[0.384s] INFO:colcon.colcon_ros.task.ament_cmake.build:Building ROS package in '/home/rama/catkin_ws/src/turtlebot3_simulations/turtlebot3_fake_node' with build type 'ament_cmake'
[0.385s] INFO:colcon.colcon_cmake.task.cmake.build:Building CMake package in '/home/rama/catkin_ws/src/turtlebot3_simulations/turtlebot3_fake_node'
[0.389s] INFO:colcon.colcon_core.plugin_system:Skipping extension 'colcon_core.shell.bat': Not used on non-Windows systems
[0.389s] INFO:colcon.colcon_core.shell:Skip shell extension 'powershell' for command environment: Not usable outside of PowerShell
[0.389s] DEBUG:colcon.colcon_core.shell:Skip shell extension 'dsv' for command environment
[0.395s] INFO:colcon.colcon_ros.task.ament_cmake.build:Building ROS package in '/home/rama/catkin_ws/src/turtlebot3_simulations/turtlebot3_gazebo' with build type 'ament_cmake'
[0.396s] INFO:colcon.colcon_cmake.task.cmake.build:Building CMake package in '/home/rama/catkin_ws/src/turtlebot3_simulations/turtlebot3_gazebo'
[0.397s] INFO:colcon.colcon_core.shell:Skip shell extension 'powershell' for command environment: Not usable outside of PowerShell
[0.397s] DEBUG:colcon.colcon_core.shell:Skip shell extension 'dsv' for command environment
[0.404s] INFO:colcon.colcon_ros.task.ament_python.build:Building ROS package in '/home/rama/catkin_ws/src/nodes' with build type 'ament_python'
[0.404s] Level 1:colcon.colcon_core.shell:create_environment_hook('nodes', 'ament_prefix_path')
[0.405s] INFO:colcon.colcon_core.shell:Creating environment hook '/home/rama/catkin_ws/install/nodes/share/nodes/hook/ament_prefix_path.ps1'
[0.406s] INFO:colcon.colcon_core.shell:Creating environment descriptor '/home/rama/catkin_ws/install/nodes/share/nodes/hook/ament_prefix_path.dsv'
[0.406s] INFO:colcon.colcon_core.shell:Creating environment hook '/home/rama/catkin_ws/install/nodes/share/nodes/hook/ament_prefix_path.sh'
[0.408s] INFO:colcon.colcon_core.shell:Skip shell extension 'powershell' for command environment: Not usable outside of PowerShell
[0.408s] DEBUG:colcon.colcon_core.shell:Skip shell extension 'dsv' for command environment
[0.415s] INFO:colcon.colcon_ros.task.ament_python.build:Building ROS package in '/home/rama/catkin_ws/src/nodes2' with build type 'ament_python'
[0.416s] Level 1:colcon.colcon_core.shell:create_environment_hook('nodes2', 'ament_prefix_path')
[0.417s] INFO:colcon.colcon_core.shell:Creating environment hook '/home/rama/catkin_ws/install/nodes2/share/nodes2/hook/ament_prefix_path.ps1'
[0.418s] INFO:colcon.colcon_core.shell:Creating environment descriptor '/home/rama/catkin_ws/install/nodes2/share/nodes2/hook/ament_prefix_path.dsv'
[0.419s] INFO:colcon.colcon_core.shell:Creating environment hook '/home/rama/catkin_ws/install/nodes2/share/nodes2/hook/ament_prefix_path.sh'
[0.420s] INFO:colcon.colcon_core.shell:Skip shell extension 'powershell' for command environment: Not usable outside of PowerShell
[0.420s] DEBUG:colcon.colcon_core.shell:Skip shell extension 'dsv' for command environment
[0.433s] DEBUG:colcon.colcon_core.event_handler.log_command:Invoking command in '/home/rama/catkin_ws/build/turtlebot3_fake_node': CMAKE_PREFIX_PATH=${CMAKE_PREFIX_PATH}:/home/rama/install/nodes2:/home/rama/install/nodes:/home/rama/catkin_ws/install/nodes2:/home/rama/catkin_ws/install/nodes:/opt/ros/foxy /usr/bin/cmake --build /home/rama/catkin_ws/build/turtlebot3_fake_node -- -j8 -l8
[0.438s] DEBUG:colcon.colcon_core.event_handler.log_command:Invoking command in '/home/rama/catkin_ws/build/turtlebot3_gazebo': CMAKE_PREFIX_PATH=${CMAKE_PREFIX_PATH}:/home/rama/install/nodes2:/home/rama/install/nodes:/home/rama/catkin_ws/install/nodes2:/home/rama/catkin_ws/install/nodes:/opt/ros/foxy /usr/bin/cmake --build /home/rama/catkin_ws/build/turtlebot3_gazebo -- -j8 -l8
[0.653s] INFO:colcon.colcon_core.task.python.build:Building Python package in '/home/rama/catkin_ws/src/nodes'
[0.655s] INFO:colcon.colcon_core.shell:Skip shell extension 'powershell' for command environment: Not usable outside of PowerShell
[0.655s] DEBUG:colcon.colcon_core.shell:Skip shell extension 'dsv' for command environment
[0.847s] INFO:colcon.colcon_core.task.python.build:Building Python package in '/home/rama/catkin_ws/src/nodes2'
[0.848s] INFO:colcon.colcon_core.shell:Skip shell extension 'powershell' for command environment: Not usable outside of PowerShell
[0.848s] DEBUG:colcon.colcon_core.shell:Skip shell extension 'dsv' for command environment
[0.859s] DEBUG:colcon.colcon_core.event_handler.log_command:Invoked command in '/home/rama/catkin_ws/build/turtlebot3_fake_node' returned '0': CMAKE_PREFIX_PATH=${CMAKE_PREFIX_PATH}:/home/rama/install/nodes2:/home/rama/install/nodes:/home/rama/catkin_ws/install/nodes2:/home/rama/catkin_ws/install/nodes:/opt/ros/foxy /usr/bin/cmake --build /home/rama/catkin_ws/build/turtlebot3_fake_node -- -j8 -l8
[0.861s] DEBUG:colcon.colcon_core.event_handler.log_command:Invoked command in '/home/rama/catkin_ws/build/turtlebot3_gazebo' returned '0': CMAKE_PREFIX_PATH=${CMAKE_PREFIX_PATH}:/home/rama/install/nodes2:/home/rama/install/nodes:/home/rama/catkin_ws/install/nodes2:/home/rama/catkin_ws/install/nodes:/opt/ros/foxy /usr/bin/cmake --build /home/rama/catkin_ws/build/turtlebot3_gazebo -- -j8 -l8
[0.889s] DEBUG:colcon.colcon_core.event_handler.log_command:Invoking command in '/home/rama/catkin_ws/build/turtlebot3_fake_node': CMAKE_PREFIX_PATH=${CMAKE_PREFIX_PATH}:/home/rama/install/nodes2:/home/rama/install/nodes:/home/rama/catkin_ws/install/nodes2:/home/rama/catkin_ws/install/nodes:/opt/ros/foxy /usr/bin/cmake --install /home/rama/catkin_ws/build/turtlebot3_fake_node
[0.893s] DEBUG:colcon.colcon_core.event_handler.log_command:Invoking command in '/home/rama/catkin_ws/build/turtlebot3_gazebo': CMAKE_PREFIX_PATH=${CMAKE_PREFIX_PATH}:/home/rama/install/nodes2:/home/rama/install/nodes:/home/rama/catkin_ws/install/nodes2:/home/rama/catkin_ws/install/nodes:/opt/ros/foxy /usr/bin/cmake --install /home/rama/catkin_ws/build/turtlebot3_gazebo
[0.901s] Level 1:colcon.colcon_core.environment:create_environment_scripts_only(turtlebot3_fake_node)
[0.901s] DEBUG:colcon.colcon_core.event_handler.log_command:Invoked command in '/home/rama/catkin_ws/build/turtlebot3_fake_node' returned '0': CMAKE_PREFIX_PATH=${CMAKE_PREFIX_PATH}:/home/rama/install/nodes2:/home/rama/install/nodes:/home/rama/catkin_ws/install/nodes2:/home/rama/catkin_ws/install/nodes:/opt/ros/foxy /usr/bin/cmake --install /home/rama/catkin_ws/build/turtlebot3_fake_node
[0.917s] Level 1:colcon.colcon_core.environment:checking '/home/rama/catkin_ws/install/turtlebot3_fake_node' for CMake module files
[0.919s] Level 1:colcon.colcon_core.environment:checking '/home/rama/catkin_ws/install/turtlebot3_fake_node' for CMake config files
[0.923s] Level 1:colcon.colcon_core.shell:create_environment_hook('turtlebot3_fake_node', 'cmake_prefix_path')
[0.924s] INFO:colcon.colcon_core.shell:Creating environment hook '/home/rama/catkin_ws/install/turtlebot3_fake_node/share/turtlebot3_fake_node/hook/cmake_prefix_path.ps1'
[0.925s] INFO:colcon.colcon_core.shell:Creating environment descriptor '/home/rama/catkin_ws/install/turtlebot3_fake_node/share/turtlebot3_fake_node/hook/cmake_prefix_path.dsv'
[0.926s] INFO:colcon.colcon_core.shell:Creating environment hook '/home/rama/catkin_ws/install/turtlebot3_fake_node/share/turtlebot3_fake_node/hook/cmake_prefix_path.sh'
[0.926s] Level 1:colcon.colcon_core.environment:checking '/home/rama/catkin_ws/install/turtlebot3_fake_node/lib'
[0.926s] Level 1:colcon.colcon_core.environment:checking '/home/rama/catkin_ws/install/turtlebot3_fake_node/bin'
[0.927s] Level 1:colcon.colcon_core.environment:checking '/home/rama/catkin_ws/install/turtlebot3_fake_node/lib/pkgconfig/turtlebot3_fake_node.pc'
[0.927s] Level 1:colcon.colcon_core.environment:checking '/home/rama/catkin_ws/install/turtlebot3_fake_node/lib/python3.8/site-packages'
[0.927s] Level 1:colcon.colcon_core.environment:checking '/home/rama/catkin_ws/install/turtlebot3_fake_node/bin'
[0.929s] INFO:colcon.colcon_core.shell:Creating package script '/home/rama/catkin_ws/install/turtlebot3_fake_node/share/turtlebot3_fake_node/package.ps1'
[0.930s] INFO:colcon.colcon_core.shell:Creating package descriptor '/home/rama/catkin_ws/install/turtlebot3_fake_node/share/turtlebot3_fake_node/package.dsv'
[0.930s] INFO:colcon.colcon_core.shell:Creating package script '/home/rama/catkin_ws/install/turtlebot3_fake_node/share/turtlebot3_fake_node/package.sh'
[0.931s] INFO:colcon.colcon_core.shell:Creating package script '/home/rama/catkin_ws/install/turtlebot3_fake_node/share/turtlebot3_fake_node/package.bash'
[0.931s] INFO:colcon.colcon_core.shell:Creating package script '/home/rama/catkin_ws/install/turtlebot3_fake_node/share/turtlebot3_fake_node/package.zsh'
[0.932s] Level 1:colcon.colcon_core.environment:create_file_with_runtime_dependencies(/home/rama/catkin_ws/install/turtlebot3_fake_node/share/colcon-core/packages/turtlebot3_fake_node)
[0.936s] Level 1:colcon.colcon_core.environment:create_environment_scripts_only(turtlebot3_gazebo)
[0.938s] Level 1:colcon.colcon_core.environment:checking '/home/rama/catkin_ws/install/turtlebot3_gazebo' for CMake module files
[0.939s] DEBUG:colcon.colcon_core.event_handler.log_command:Invoked command in '/home/rama/catkin_ws/build/turtlebot3_gazebo' returned '0': CMAKE_PREFIX_PATH=${CMAKE_PREFIX_PATH}:/home/rama/install/nodes2:/home/rama/install/nodes:/home/rama/catkin_ws/install/nodes2:/home/rama/catkin_ws/install/nodes:/opt/ros/foxy /usr/bin/cmake --install /home/rama/catkin_ws/build/turtlebot3_gazebo
[0.939s] Level 1:colcon.colcon_core.environment:checking '/home/rama/catkin_ws/install/turtlebot3_gazebo' for CMake config files
[0.939s] Level 1:colcon.colcon_core.shell:create_environment_hook('turtlebot3_gazebo', 'cmake_prefix_path')
[0.941s] INFO:colcon.colcon_core.shell:Creating environment hook '/home/rama/catkin_ws/install/turtlebot3_gazebo/share/turtlebot3_gazebo/hook/cmake_prefix_path.ps1'
[0.941s] INFO:colcon.colcon_core.shell:Creating environment descriptor '/home/rama/catkin_ws/install/turtlebot3_gazebo/share/turtlebot3_gazebo/hook/cmake_prefix_path.dsv'
[0.942s] INFO:colcon.colcon_core.shell:Creating environment hook '/home/rama/catkin_ws/install/turtlebot3_gazebo/share/turtlebot3_gazebo/hook/cmake_prefix_path.sh'
[0.942s] Level 1:colcon.colcon_core.environment:checking '/home/rama/catkin_ws/install/turtlebot3_gazebo/lib'
[0.942s] Level 1:colcon.colcon_core.environment:checking '/home/rama/catkin_ws/install/turtlebot3_gazebo/bin'
[0.942s] Level 1:colcon.colcon_core.environment:checking '/home/rama/catkin_ws/install/turtlebot3_gazebo/lib/pkgconfig/turtlebot3_gazebo.pc'
[0.943s] Level 1:colcon.colcon_core.environment:checking '/home/rama/catkin_ws/install/turtlebot3_gazebo/lib/python3.8/site-packages'
[0.943s] Level 1:colcon.colcon_core.environment:checking '/home/rama/catkin_ws/install/turtlebot3_gazebo/bin'
[0.944s] INFO:colcon.colcon_core.shell:Creating package script '/home/rama/catkin_ws/install/turtlebot3_gazebo/share/turtlebot3_gazebo/package.ps1'
[0.944s] INFO:colcon.colcon_core.shell:Creating package descriptor '/home/rama/catkin_ws/install/turtlebot3_gazebo/share/turtlebot3_gazebo/package.dsv'
[0.945s] INFO:colcon.colcon_core.shell:Creating package script '/home/rama/catkin_ws/install/turtlebot3_gazebo/share/turtlebot3_gazebo/package.sh'
[0.945s] INFO:colcon.colcon_core.shell:Creating package script '/home/rama/catkin_ws/install/turtlebot3_gazebo/share/turtlebot3_gazebo/package.bash'
[0.945s] INFO:colcon.colcon_core.shell:Creating package script '/home/rama/catkin_ws/install/turtlebot3_gazebo/share/turtlebot3_gazebo/package.zsh'
[0.946s] Level 1:colcon.colcon_core.environment:create_file_with_runtime_dependencies(/home/rama/catkin_ws/install/turtlebot3_gazebo/share/colcon-core/packages/turtlebot3_gazebo)
[0.955s] Level 1:colcon.colcon_core.environment:create_environment_scripts_only(turtlebot3_fake_node)
[0.958s] Level 1:colcon.colcon_core.environment:checking '/home/rama/catkin_ws/install/turtlebot3_fake_node' for CMake module files
[0.958s] Level 1:colcon.colcon_core.environment:checking '/home/rama/catkin_ws/install/turtlebot3_fake_node' for CMake config files
[0.958s] Level 1:colcon.colcon_core.shell:create_environment_hook('turtlebot3_fake_node', 'cmake_prefix_path')
[0.960s] INFO:colcon.colcon_core.shell:Creating environment hook '/home/rama/catkin_ws/install/turtlebot3_fake_node/share/turtlebot3_fake_node/hook/cmake_prefix_path.ps1'
[0.960s] INFO:colcon.colcon_core.shell:Creating environment descriptor '/home/rama/catkin_ws/install/turtlebot3_fake_node/share/turtlebot3_fake_node/hook/cmake_prefix_path.dsv'
[0.961s] INFO:colcon.colcon_core.shell:Creating environment hook '/home/rama/catkin_ws/install/turtlebot3_fake_node/share/turtlebot3_fake_node/hook/cmake_prefix_path.sh'
[0.961s] Level 1:colcon.colcon_core.environment:checking '/home/rama/catkin_ws/install/turtlebot3_fake_node/lib'
[0.961s] Level 1:colcon.colcon_core.environment:checking '/home/rama/catkin_ws/install/turtlebot3_fake_node/bin'
[0.961s] Level 1:colcon.colcon_core.environment:checking '/home/rama/catkin_ws/install/turtlebot3_fake_node/lib/pkgconfig/turtlebot3_fake_node.pc'
[0.961s] Level 1:colcon.colcon_core.environment:checking '/home/rama/catkin_ws/install/turtlebot3_fake_node/lib/python3.8/site-packages'
[0.962s] Level 1:colcon.colcon_core.environment:checking '/home/rama/catkin_ws/install/turtlebot3_fake_node/bin'
[0.963s] INFO:colcon.colcon_core.shell:Creating package script '/home/rama/catkin_ws/install/turtlebot3_fake_node/share/turtlebot3_fake_node/package.ps1'
[0.963s] INFO:colcon.colcon_core.shell:Creating package descriptor '/home/rama/catkin_ws/install/turtlebot3_fake_node/share/turtlebot3_fake_node/package.dsv'
[0.964s] INFO:colcon.colcon_core.shell:Creating package script '/home/rama/catkin_ws/install/turtlebot3_fake_node/share/turtlebot3_fake_node/package.sh'
[0.964s] INFO:colcon.colcon_core.shell:Creating package script '/home/rama/catkin_ws/install/turtlebot3_fake_node/share/turtlebot3_fake_node/package.bash'
[0.965s] INFO:colcon.colcon_core.shell:Creating package script '/home/rama/catkin_ws/install/turtlebot3_fake_node/share/turtlebot3_fake_node/package.zsh'
[0.965s] Level 1:colcon.colcon_core.environment:create_file_with_runtime_dependencies(/home/rama/catkin_ws/install/turtlebot3_fake_node/share/colcon-core/packages/turtlebot3_fake_node)
[0.975s] Level 1:colcon.colcon_core.environment:create_environment_scripts_only(turtlebot3_gazebo)
[0.977s] Level 1:colcon.colcon_core.environment:checking '/home/rama/catkin_ws/install/turtlebot3_gazebo' for CMake module files
[0.977s] Level 1:colcon.colcon_core.environment:checking '/home/rama/catkin_ws/install/turtlebot3_gazebo' for CMake config files
[0.978s] Level 1:colcon.colcon_core.shell:create_environment_hook('turtlebot3_gazebo', 'cmake_prefix_path')
[0.979s] INFO:colcon.colcon_core.shell:Creating environment hook '/home/rama/catkin_ws/install/turtlebot3_gazebo/share/turtlebot3_gazebo/hook/cmake_prefix_path.ps1'
[0.979s] INFO:colcon.colcon_core.shell:Creating environment descriptor '/home/rama/catkin_ws/install/turtlebot3_gazebo/share/turtlebot3_gazebo/hook/cmake_prefix_path.dsv'
[0.979s] INFO:colcon.colcon_core.shell:Creating environment hook '/home/rama/catkin_ws/install/turtlebot3_gazebo/share/turtlebot3_gazebo/hook/cmake_prefix_path.sh'
[0.980s] Level 1:colcon.colcon_core.environment:checking '/home/rama/catkin_ws/install/turtlebot3_gazebo/lib'
[0.980s] Level 1:colcon.colcon_core.environment:checking '/home/rama/catkin_ws/install/turtlebot3_gazebo/bin'
[0.980s] Level 1:colcon.colcon_core.environment:checking '/home/rama/catkin_ws/install/turtlebot3_gazebo/lib/pkgconfig/turtlebot3_gazebo.pc'
[0.980s] Level 1:colcon.colcon_core.environment:checking '/home/rama/catkin_ws/install/turtlebot3_gazebo/lib/python3.8/site-packages'
[0.980s] Level 1:colcon.colcon_core.environment:checking '/home/rama/catkin_ws/install/turtlebot3_gazebo/bin'
[0.981s] INFO:colcon.colcon_core.shell:Creating package script '/home/rama/catkin_ws/install/turtlebot3_gazebo/share/turtlebot3_gazebo/package.ps1'
[0.982s] INFO:colcon.colcon_core.shell:Creating package descriptor '/home/rama/catkin_ws/install/turtlebot3_gazebo/share/turtlebot3_gazebo/package.dsv'
[0.982s] INFO:colcon.colcon_core.shell:Creating package script '/home/rama/catkin_ws/install/turtlebot3_gazebo/share/turtlebot3_gazebo/package.sh'
[0.982s] INFO:colcon.colcon_core.shell:Creating package script '/home/rama/catkin_ws/install/turtlebot3_gazebo/share/turtlebot3_gazebo/package.bash'
[0.983s] INFO:colcon.colcon_core.shell:Creating package script '/home/rama/catkin_ws/install/turtlebot3_gazebo/share/turtlebot3_gazebo/package.zsh'
[0.983s] Level 1:colcon.colcon_core.environment:create_file_with_runtime_dependencies(/home/rama/catkin_ws/install/turtlebot3_gazebo/share/colcon-core/packages/turtlebot3_gazebo)
[0.983s] INFO:colcon.colcon_ros.task.ament_cmake.build:Building ROS package in '/home/rama/catkin_ws/src/turtlebot3_simulations/turtlebot3_simulations' with build type 'ament_cmake'
[0.984s] INFO:colcon.colcon_cmake.task.cmake.build:Building CMake package in '/home/rama/catkin_ws/src/turtlebot3_simulations/turtlebot3_simulations'
[0.985s] INFO:colcon.colcon_core.shell:Skip shell extension 'powershell' for command environment: Not usable outside of PowerShell
[0.985s] DEBUG:colcon.colcon_core.shell:Skip shell extension 'dsv' for command environment
[0.999s] DEBUG:colcon.colcon_core.event_handler.log_command:Invoking command in '/home/rama/catkin_ws/build/turtlebot3_simulations': CMAKE_PREFIX_PATH=/home/rama/catkin_ws/install/turtlebot3_gazebo:/home/rama/catkin_ws/install/turtlebot3_fake_node:/home/rama/install/turtlebot3_simulations:/home/rama/install/turtlebot3_gazebo:/home/rama/install/turtlebot3_fake_node:/home/rama/catkin_ws/install/turtlebot3_simulations:/home/rama/install/nodes2:/home/rama/install/nodes:/home/rama/catkin_ws/install/nodes2:/home/rama/catkin_ws/install/nodes:/opt/ros/foxy /usr/bin/cmake --build /home/rama/catkin_ws/build/turtlebot3_simulations -- -j8 -l8
[1.037s] DEBUG:colcon.colcon_core.event_handler.log_command:Invoked command in '/home/rama/catkin_ws/build/turtlebot3_simulations' returned '0': CMAKE_PREFIX_PATH=/home/rama/catkin_ws/install/turtlebot3_gazebo:/home/rama/catkin_ws/install/turtlebot3_fake_node:/home/rama/install/turtlebot3_simulations:/home/rama/install/turtlebot3_gazebo:/home/rama/install/turtlebot3_fake_node:/home/rama/catkin_ws/install/turtlebot3_simulations:/home/rama/install/nodes2:/home/rama/install/nodes:/home/rama/catkin_ws/install/nodes2:/home/rama/catkin_ws/install/nodes:/opt/ros/foxy /usr/bin/cmake --build /home/rama/catkin_ws/build/turtlebot3_simulations -- -j8 -l8
[1.057s] DEBUG:colcon.colcon_core.event_handler.log_command:Invoking command in '/home/rama/catkin_ws/build/turtlebot3_simulations': CMAKE_PREFIX_PATH=/home/rama/catkin_ws/install/turtlebot3_gazebo:/home/rama/catkin_ws/install/turtlebot3_fake_node:/home/rama/install/turtlebot3_simulations:/home/rama/install/turtlebot3_gazebo:/home/rama/install/turtlebot3_fake_node:/home/rama/catkin_ws/install/turtlebot3_simulations:/home/rama/install/nodes2:/home/rama/install/nodes:/home/rama/catkin_ws/install/nodes2:/home/rama/catkin_ws/install/nodes:/opt/ros/foxy /usr/bin/cmake --install /home/rama/catkin_ws/build/turtlebot3_simulations
[1.067s] Level 1:colcon.colcon_core.environment:create_environment_scripts_only(turtlebot3_simulations)
[1.070s] Level 1:colcon.colcon_core.environment:checking '/home/rama/catkin_ws/install/turtlebot3_simulations' for CMake module files
[1.071s] DEBUG:colcon.colcon_core.event_handler.log_command:Invoked command in '/home/rama/catkin_ws/build/turtlebot3_simulations' returned '0': CMAKE_PREFIX_PATH=/home/rama/catkin_ws/install/turtlebot3_gazebo:/home/rama/catkin_ws/install/turtlebot3_fake_node:/home/rama/install/turtlebot3_simulations:/home/rama/install/turtlebot3_gazebo:/home/rama/install/turtlebot3_fake_node:/home/rama/catkin_ws/install/turtlebot3_simulations:/home/rama/install/nodes2:/home/rama/install/nodes:/home/rama/catkin_ws/install/nodes2:/home/rama/catkin_ws/install/nodes:/opt/ros/foxy /usr/bin/cmake --install /home/rama/catkin_ws/build/turtlebot3_simulations
[1.071s] Level 1:colcon.colcon_core.environment:checking '/home/rama/catkin_ws/install/turtlebot3_simulations' for CMake config files
[1.072s] Level 1:colcon.colcon_core.shell:create_environment_hook('turtlebot3_simulations', 'cmake_prefix_path')
[1.074s] INFO:colcon.colcon_core.shell:Creating environment hook '/home/rama/catkin_ws/install/turtlebot3_simulations/share/turtlebot3_simulations/hook/cmake_prefix_path.ps1'
[1.075s] INFO:colcon.colcon_core.shell:Creating environment descriptor '/home/rama/catkin_ws/install/turtlebot3_simulations/share/turtlebot3_simulations/hook/cmake_prefix_path.dsv'
[1.075s] INFO:colcon.colcon_core.shell:Creating environment hook '/home/rama/catkin_ws/install/turtlebot3_simulations/share/turtlebot3_simulations/hook/cmake_prefix_path.sh'
[1.076s] Level 1:colcon.colcon_core.environment:checking '/home/rama/catkin_ws/install/turtlebot3_simulations/bin'
[1.076s] Level 1:colcon.colcon_core.environment:checking '/home/rama/catkin_ws/install/turtlebot3_simulations/lib/pkgconfig/turtlebot3_simulations.pc'
[1.076s] Level 1:colcon.colcon_core.environment:checking '/home/rama/catkin_ws/install/turtlebot3_simulations/lib/python3.8/site-packages'
[1.076s] Level 1:colcon.colcon_core.environment:checking '/home/rama/catkin_ws/install/turtlebot3_simulations/bin'
[1.078s] INFO:colcon.colcon_core.shell:Creating package script '/home/rama/catkin_ws/install/turtlebot3_simulations/share/turtlebot3_simulations/package.ps1'
[1.079s] INFO:colcon.colcon_core.shell:Creating package descriptor '/home/rama/catkin_ws/install/turtlebot3_simulations/share/turtlebot3_simulations/package.dsv'
[1.080s] INFO:colcon.colcon_core.shell:Creating package script '/home/rama/catkin_ws/install/turtlebot3_simulations/share/turtlebot3_simulations/package.sh'
[1.080s] INFO:colcon.colcon_core.shell:Creating package script '/home/rama/catkin_ws/install/turtlebot3_simulations/share/turtlebot3_simulations/package.bash'
[1.081s] INFO:colcon.colcon_core.shell:Creating package script '/home/rama/catkin_ws/install/turtlebot3_simulations/share/turtlebot3_simulations/package.zsh'
[1.081s] Level 1:colcon.colcon_core.environment:create_file_with_runtime_dependencies(/home/rama/catkin_ws/install/turtlebot3_simulations/share/colcon-core/packages/turtlebot3_simulations)
[1.100s] Level 1:colcon.colcon_core.environment:create_environment_scripts_only(turtlebot3_simulations)
[1.102s] Level 1:colcon.colcon_core.environment:checking '/home/rama/catkin_ws/install/turtlebot3_simulations' for CMake module files
[1.103s] Level 1:colcon.colcon_core.environment:checking '/home/rama/catkin_ws/install/turtlebot3_simulations' for CMake config files
[1.103s] Level 1:colcon.colcon_core.shell:create_environment_hook('turtlebot3_simulations', 'cmake_prefix_path')
[1.104s] INFO:colcon.colcon_core.shell:Creating environment hook '/home/rama/catkin_ws/install/turtlebot3_simulations/share/turtlebot3_simulations/hook/cmake_prefix_path.ps1'
[1.105s] INFO:colcon.colcon_core.shell:Creating environment descriptor '/home/rama/catkin_ws/install/turtlebot3_simulations/share/turtlebot3_simulations/hook/cmake_prefix_path.dsv'
[1.106s] INFO:colcon.colcon_core.shell:Creating environment hook '/home/rama/catkin_ws/install/turtlebot3_simulations/share/turtlebot3_simulations/hook/cmake_prefix_path.sh'
[1.106s] Level 1:colcon.colcon_core.environment:checking '/home/rama/catkin_ws/install/turtlebot3_simulations/bin'
[1.106s] Level 1:colcon.colcon_core.environment:checking '/home/rama/catkin_ws/install/turtlebot3_simulations/lib/pkgconfig/turtlebot3_simulations.pc'
[1.107s] Level 1:colcon.colcon_core.environment:checking '/home/rama/catkin_ws/install/turtlebot3_simulations/lib/python3.8/site-packages'
[1.107s] Level 1:colcon.colcon_core.environment:checking '/home/rama/catkin_ws/install/turtlebot3_simulations/bin'
[1.108s] INFO:colcon.colcon_core.shell:Creating package script '/home/rama/catkin_ws/install/turtlebot3_simulations/share/turtlebot3_simulations/package.ps1'
[1.109s] INFO:colcon.colcon_core.shell:Creating package descriptor '/home/rama/catkin_ws/install/turtlebot3_simulations/share/turtlebot3_simulations/package.dsv'
[1.110s] INFO:colcon.colcon_core.shell:Creating package script '/home/rama/catkin_ws/install/turtlebot3_simulations/share/turtlebot3_simulations/package.sh'
[1.110s] INFO:colcon.colcon_core.shell:Creating package script '/home/rama/catkin_ws/install/turtlebot3_simulations/share/turtlebot3_simulations/package.bash'
[1.110s] INFO:colcon.colcon_core.shell:Creating package script '/home/rama/catkin_ws/install/turtlebot3_simulations/share/turtlebot3_simulations/package.zsh'
[1.111s] Level 1:colcon.colcon_core.environment:create_file_with_runtime_dependencies(/home/rama/catkin_ws/install/turtlebot3_simulations/share/colcon-core/packages/turtlebot3_simulations)
[1.272s] DEBUG:colcon.colcon_core.event_handler.log_command:Invoking command in '/home/rama/catkin_ws/src/nodes2': PYTHONPATH=/home/rama/catkin_ws/build/nodes2/prefix_override:/home/rama/catkin_ws/install/nodes2/lib/python3.8/site-packages:${PYTHONPATH} /usr/bin/python3 setup.py egg_info --egg-base ../../build/nodes2 build --build-base /home/rama/catkin_ws/build/nodes2/build install --record /home/rama/catkin_ws/build/nodes2/install.log --install-scripts $base/lib/nodes2 --single-version-externally-managed
[1.304s] DEBUG:colcon.colcon_core.event_handler.log_command:Invoking command in '/home/rama/catkin_ws/src/nodes': PYTHONPATH=/home/rama/catkin_ws/build/nodes/prefix_override:/home/rama/catkin_ws/install/nodes/lib/python3.8/site-packages:${PYTHONPATH} /usr/bin/python3 setup.py egg_info --egg-base ../../build/nodes build --build-base /home/rama/catkin_ws/build/nodes/build install --record /home/rama/catkin_ws/build/nodes/install.log --install-scripts $base/lib/nodes --single-version-externally-managed
[1.530s] Level 1:colcon.colcon_core.environment:checking '/home/rama/catkin_ws/install/nodes2' for CMake module files
[1.531s] DEBUG:colcon.colcon_core.event_handler.log_command:Invoked command in '/home/rama/catkin_ws/src/nodes2' returned '0': PYTHONPATH=/home/rama/catkin_ws/build/nodes2/prefix_override:/home/rama/catkin_ws/install/nodes2/lib/python3.8/site-packages:${PYTHONPATH} /usr/bin/python3 setup.py egg_info --egg-base ../../build/nodes2 build --build-base /home/rama/catkin_ws/build/nodes2/build install --record /home/rama/catkin_ws/build/nodes2/install.log --install-scripts $base/lib/nodes2 --single-version-externally-managed
[1.531s] Level 1:colcon.colcon_core.environment:checking '/home/rama/catkin_ws/install/nodes2' for CMake config files
[1.532s] Level 1:colcon.colcon_core.environment:checking '/home/rama/catkin_ws/install/nodes2/lib'
[1.532s] Level 1:colcon.colcon_core.environment:checking '/home/rama/catkin_ws/install/nodes2/bin'
[1.532s] Level 1:colcon.colcon_core.environment:checking '/home/rama/catkin_ws/install/nodes2/lib/pkgconfig/nodes2.pc'
[1.532s] Level 1:colcon.colcon_core.environment:checking '/home/rama/catkin_ws/install/nodes2/lib/python3.8/site-packages'
[1.532s] Level 1:colcon.colcon_core.shell:create_environment_hook('nodes2', 'pythonpath')
[1.534s] INFO:colcon.colcon_core.shell:Creating environment hook '/home/rama/catkin_ws/install/nodes2/share/nodes2/hook/pythonpath.ps1'
[1.535s] INFO:colcon.colcon_core.shell:Creating environment descriptor '/home/rama/catkin_ws/install/nodes2/share/nodes2/hook/pythonpath.dsv'
[1.535s] INFO:colcon.colcon_core.shell:Creating environment hook '/home/rama/catkin_ws/install/nodes2/share/nodes2/hook/pythonpath.sh'
[1.536s] Level 1:colcon.colcon_core.environment:checking '/home/rama/catkin_ws/install/nodes2/bin'
[1.536s] Level 1:colcon.colcon_core.environment:create_environment_scripts_only(nodes2)
[1.538s] INFO:colcon.colcon_core.shell:Creating package script '/home/rama/catkin_ws/install/nodes2/share/nodes2/package.ps1'
[1.539s] INFO:colcon.colcon_core.shell:Creating package descriptor '/home/rama/catkin_ws/install/nodes2/share/nodes2/package.dsv'
[1.540s] INFO:colcon.colcon_core.shell:Creating package script '/home/rama/catkin_ws/install/nodes2/share/nodes2/package.sh'
[1.541s] INFO:colcon.colcon_core.shell:Creating package script '/home/rama/catkin_ws/install/nodes2/share/nodes2/package.bash'
[1.541s] INFO:colcon.colcon_core.shell:Creating package script '/home/rama/catkin_ws/install/nodes2/share/nodes2/package.zsh'
[1.542s] Level 1:colcon.colcon_core.environment:create_file_with_runtime_dependencies(/home/rama/catkin_ws/install/nodes2/share/colcon-core/packages/nodes2)
[1.565s] Level 1:colcon.colcon_core.environment:checking '/home/rama/catkin_ws/install/nodes' for CMake module files
[1.566s] DEBUG:colcon.colcon_core.event_handler.log_command:Invoked command in '/home/rama/catkin_ws/src/nodes' returned '0': PYTHONPATH=/home/rama/catkin_ws/build/nodes/prefix_override:/home/rama/catkin_ws/install/nodes/lib/python3.8/site-packages:${PYTHONPATH} /usr/bin/python3 setup.py egg_info --egg-base ../../build/nodes build --build-base /home/rama/catkin_ws/build/nodes/build install --record /home/rama/catkin_ws/build/nodes/install.log --install-scripts $base/lib/nodes --single-version-externally-managed
[1.566s] Level 1:colcon.colcon_core.environment:checking '/home/rama/catkin_ws/install/nodes' for CMake config files
[1.567s] Level 1:colcon.colcon_core.environment:checking '/home/rama/catkin_ws/install/nodes/lib'
[1.567s] Level 1:colcon.colcon_core.environment:checking '/home/rama/catkin_ws/install/nodes/bin'
[1.567s] Level 1:colcon.colcon_core.environment:checking '/home/rama/catkin_ws/install/nodes/lib/pkgconfig/nodes.pc'
[1.567s] Level 1:colcon.colcon_core.environment:checking '/home/rama/catkin_ws/install/nodes/lib/python3.8/site-packages'
[1.567s] Level 1:colcon.colcon_core.shell:create_environment_hook('nodes', 'pythonpath')
[1.568s] INFO:colcon.colcon_core.shell:Creating environment hook '/home/rama/catkin_ws/install/nodes/share/nodes/hook/pythonpath.ps1'
[1.569s] INFO:colcon.colcon_core.shell:Creating environment descriptor '/home/rama/catkin_ws/install/nodes/share/nodes/hook/pythonpath.dsv'
[1.569s] INFO:colcon.colcon_core.shell:Creating environment hook '/home/rama/catkin_ws/install/nodes/share/nodes/hook/pythonpath.sh'
[1.570s] Level 1:colcon.colcon_core.environment:checking '/home/rama/catkin_ws/install/nodes/bin'
[1.570s] Level 1:colcon.colcon_core.environment:create_environment_scripts_only(nodes)
[1.571s] INFO:colcon.colcon_core.shell:Creating package script '/home/rama/catkin_ws/install/nodes/share/nodes/package.ps1'
[1.571s] INFO:colcon.colcon_core.shell:Creating package descriptor '/home/rama/catkin_ws/install/nodes/share/nodes/package.dsv'
[1.572s] INFO:colcon.colcon_core.shell:Creating package script '/home/rama/catkin_ws/install/nodes/share/nodes/package.sh'
[1.572s] INFO:colcon.colcon_core.shell:Creating package script '/home/rama/catkin_ws/install/nodes/share/nodes/package.bash'
[1.573s] INFO:colcon.colcon_core.shell:Creating package script '/home/rama/catkin_ws/install/nodes/share/nodes/package.zsh'
[1.573s] Level 1:colcon.colcon_core.environment:create_file_with_runtime_dependencies(/home/rama/catkin_ws/install/nodes/share/colcon-core/packages/nodes)
[1.573s] DEBUG:colcon.colcon_parallel_executor.executor.parallel:closing loop
[1.573s] DEBUG:colcon.colcon_parallel_executor.executor.parallel:loop closed
[1.573s] DEBUG:colcon.colcon_parallel_executor.executor.parallel:run_until_complete finished with '0'
[1.574s] DEBUG:colcon.colcon_core.event_reactor:joining thread
[1.580s] INFO:colcon.colcon_core.plugin_system:Skipping extension 'colcon_notification.desktop_notification.terminal_notifier': Not used on non-Darwin systems
[1.580s] INFO:colcon.colcon_core.plugin_system:Skipping extension 'colcon_notification.desktop_notification.win32': Not used on non-Windows systems
[1.580s] INFO:colcon.colcon_notification.desktop_notification:Sending desktop notification using 'notify2'
[1.595s] DEBUG:colcon.colcon_core.event_reactor:joined thread
[1.596s] INFO:colcon.colcon_core.shell:Creating prefix script '/home/rama/catkin_ws/install/local_setup.ps1'
[1.597s] INFO:colcon.colcon_core.shell:Creating prefix util module '/home/rama/catkin_ws/install/_local_setup_util_ps1.py'
[1.598s] INFO:colcon.colcon_core.shell:Creating prefix chain script '/home/rama/catkin_ws/install/setup.ps1'
[1.600s] INFO:colcon.colcon_core.shell:Creating prefix script '/home/rama/catkin_ws/install/local_setup.sh'
[1.600s] INFO:colcon.colcon_core.shell:Creating prefix util module '/home/rama/catkin_ws/install/_local_setup_util_sh.py'
[1.601s] INFO:colcon.colcon_core.shell:Creating prefix chain script '/home/rama/catkin_ws/install/setup.sh'
[1.602s] INFO:colcon.colcon_core.shell:Creating prefix script '/home/rama/catkin_ws/install/local_setup.bash'
[1.603s] INFO:colcon.colcon_core.shell:Creating prefix chain script '/home/rama/catkin_ws/install/setup.bash'
[1.605s] INFO:colcon.colcon_core.shell:Creating prefix script '/home/rama/catkin_ws/install/local_setup.zsh'
[1.605s] INFO:colcon.colcon_core.shell:Creating prefix chain script '/home/rama/catkin_ws/install/setup.zsh'
