[4.445s] Invoking command in '/home/rama/catkin_ws/src/nodes2': PYTHONPATH=/home/rama/catkin_ws/build/nodes2/prefix_override:/home/rama/catkin_ws/install/nodes2/lib/python3.8/site-packages:${PYTHONPATH} /usr/bin/python3 setup.py egg_info --egg-base ../../build/nodes2 build --build-base /home/rama/catkin_ws/build/nodes2/build install --record /home/rama/catkin_ws/build/nodes2/install.log --install-scripts $base/lib/nodes2 --single-version-externally-managed
[5.510s] running egg_info
[5.514s] writing ../../build/nodes2/nodes2.egg-info/PKG-INFO
[5.516s] writing dependency_links to ../../build/nodes2/nodes2.egg-info/dependency_links.txt
[5.517s] writing entry points to ../../build/nodes2/nodes2.egg-info/entry_points.txt
[5.517s] writing requirements to ../../build/nodes2/nodes2.egg-info/requires.txt
[5.517s] writing top-level names to ../../build/nodes2/nodes2.egg-info/top_level.txt
[5.709s] reading manifest file '../../build/nodes2/nodes2.egg-info/SOURCES.txt'
[5.719s] writing manifest file '../../build/nodes2/nodes2.egg-info/SOURCES.txt'
[5.721s] running build
[5.725s] running build_py
[5.727s] running install
[5.727s] running install_lib
[5.728s] running install_data
[5.734s] running install_egg_info
[5.740s] removing '/home/rama/catkin_ws/install/nodes2/lib/python3.8/site-packages/nodes2-0.0.0-py3.8.egg-info' (and everything under it)
[5.763s] Copying ../../build/nodes2/nodes2.egg-info to /home/rama/catkin_ws/install/nodes2/lib/python3.8/site-packages/nodes2-0.0.0-py3.8.egg-info
[5.764s] running install_scripts
[5.869s] writing list of installed files to '/home/rama/catkin_ws/build/nodes2/install.log'
[5.970s] Invoked command in '/home/rama/catkin_ws/src/nodes2' returned '0': PYTHONPATH=/home/rama/catkin_ws/build/nodes2/prefix_override:/home/rama/catkin_ws/install/nodes2/lib/python3.8/site-packages:${PYTHONPATH} /usr/bin/python3 setup.py egg_info --egg-base ../../build/nodes2 build --build-base /home/rama/catkin_ws/build/nodes2/build install --record /home/rama/catkin_ws/build/nodes2/install.log --install-scripts $base/lib/nodes2 --single-version-externally-managed
