[2.534s] Invoking command in '/home/rama/catkin_ws/src/nodes': PYTHONPATH=/home/rama/catkin_ws/build/nodes/prefix_override:/home/rama/catkin_ws/install/nodes/lib/python3.8/site-packages:${PYTHONPATH} /usr/bin/python3 setup.py egg_info --egg-base ../../build/nodes build --build-base /home/rama/catkin_ws/build/nodes/build install --record /home/rama/catkin_ws/build/nodes/install.log --install-scripts $base/lib/nodes --single-version-externally-managed
[3.051s] running egg_info
[3.052s] writing ../../build/nodes/nodes.egg-info/PKG-INFO
[3.053s] writing dependency_links to ../../build/nodes/nodes.egg-info/dependency_links.txt
[3.053s] writing entry points to ../../build/nodes/nodes.egg-info/entry_points.txt
[3.054s] writing requirements to ../../build/nodes/nodes.egg-info/requires.txt
[3.054s] writing top-level names to ../../build/nodes/nodes.egg-info/top_level.txt
[3.154s] reading manifest file '../../build/nodes/nodes.egg-info/SOURCES.txt'
[3.159s] writing manifest file '../../build/nodes/nodes.egg-info/SOURCES.txt'
[3.159s] running build
[3.160s] running build_py
[3.160s] running install
[3.167s] running install_lib
[3.170s] running install_data
[3.172s] running install_egg_info
[3.179s] removing '/home/rama/catkin_ws/install/nodes/lib/python3.8/site-packages/nodes-0.0.0-py3.8.egg-info' (and everything under it)
[3.183s] Copying ../../build/nodes/nodes.egg-info to /home/rama/catkin_ws/install/nodes/lib/python3.8/site-packages/nodes-0.0.0-py3.8.egg-info
[3.184s] running install_scripts
[3.268s] Installing Handgesture_node script to /home/rama/catkin_ws/install/nodes/lib/nodes
[3.268s] Installing kf_depthCamera script to /home/rama/catkin_ws/install/nodes/lib/nodes
[3.269s] Installing test_node script to /home/rama/catkin_ws/install/nodes/lib/nodes
[3.269s] writing list of installed files to '/home/rama/catkin_ws/build/nodes/install.log'
[3.345s] Invoked command in '/home/rama/catkin_ws/src/nodes' returned '0': PYTHONPATH=/home/rama/catkin_ws/build/nodes/prefix_override:/home/rama/catkin_ws/install/nodes/lib/python3.8/site-packages:${PYTHONPATH} /usr/bin/python3 setup.py egg_info --egg-base ../../build/nodes build --build-base /home/rama/catkin_ws/build/nodes/build install --record /home/rama/catkin_ws/build/nodes/install.log --install-scripts $base/lib/nodes --single-version-externally-managed
