[1.580s] Invoking command in '/home/rama/catkin_ws/src/nodes2': PYTHONPATH=/home/rama/catkin_ws/build/nodes2/prefix_override:/home/rama/catkin_ws/install/nodes2/lib/python3.8/site-packages:${PYTHONPATH} /usr/bin/python3 setup.py egg_info --egg-base ../../build/nodes2 build --build-base /home/rama/catkin_ws/build/nodes2/build install --record /home/rama/catkin_ws/build/nodes2/install.log --install-scripts $base/lib/nodes2 --single-version-externally-managed
[2.082s] running egg_info
[2.084s] writing ../../build/nodes2/nodes2.egg-info/PKG-INFO
[2.084s] writing dependency_links to ../../build/nodes2/nodes2.egg-info/dependency_links.txt
[2.085s] writing entry points to ../../build/nodes2/nodes2.egg-info/entry_points.txt
[2.085s] writing requirements to ../../build/nodes2/nodes2.egg-info/requires.txt
[2.086s] writing top-level names to ../../build/nodes2/nodes2.egg-info/top_level.txt
[2.188s] reading manifest file '../../build/nodes2/nodes2.egg-info/SOURCES.txt'
[2.190s] writing manifest file '../../build/nodes2/nodes2.egg-info/SOURCES.txt'
[2.190s] running build
[2.190s] running build_py
[2.190s] running install
[2.193s] running install_lib
[2.198s] running install_data
[2.199s] running install_egg_info
[2.205s] removing '/home/rama/catkin_ws/install/nodes2/lib/python3.8/site-packages/nodes2-0.0.0-py3.8.egg-info' (and everything under it)
[2.206s] Copying ../../build/nodes2/nodes2.egg-info to /home/rama/catkin_ws/install/nodes2/lib/python3.8/site-packages/nodes2-0.0.0-py3.8.egg-info
[2.210s] running install_scripts
[2.253s] writing list of installed files to '/home/rama/catkin_ws/build/nodes2/install.log'
[2.316s] Invoked command in '/home/rama/catkin_ws/src/nodes2' returned '0': PYTHONPATH=/home/rama/catkin_ws/build/nodes2/prefix_override:/home/rama/catkin_ws/install/nodes2/lib/python3.8/site-packages:${PYTHONPATH} /usr/bin/python3 setup.py egg_info --egg-base ../../build/nodes2 build --build-base /home/rama/catkin_ws/build/nodes2/build install --record /home/rama/catkin_ws/build/nodes2/install.log --install-scripts $base/lib/nodes2 --single-version-externally-managed
