[4.144s] Invoking command in '/home/rama/catkin_ws/src/nodes': PYTHONPATH=/home/rama/catkin_ws/build/nodes/prefix_override:/home/rama/catkin_ws/install/nodes/lib/python3.8/site-packages:${PYTHONPATH} /usr/bin/python3 setup.py egg_info --egg-base ../../build/nodes build --build-base /home/rama/catkin_ws/build/nodes/build install --record /home/rama/catkin_ws/build/nodes/install.log --install-scripts $base/lib/nodes --single-version-externally-managed
[5.019s] running egg_info
[5.021s] writing ../../build/nodes/nodes.egg-info/PKG-INFO
[5.022s] writing dependency_links to ../../build/nodes/nodes.egg-info/dependency_links.txt
[5.022s] writing entry points to ../../build/nodes/nodes.egg-info/entry_points.txt
[5.023s] writing requirements to ../../build/nodes/nodes.egg-info/requires.txt
[5.023s] writing top-level names to ../../build/nodes/nodes.egg-info/top_level.txt
[5.184s] reading manifest file '../../build/nodes/nodes.egg-info/SOURCES.txt'
[5.188s] writing manifest file '../../build/nodes/nodes.egg-info/SOURCES.txt'
[5.188s] running build
[5.189s] running build_py
[5.191s] copying nodes/obstacle_avoidance.py -> /home/rama/catkin_ws/build/nodes/build/lib/nodes
[5.193s] running install
[5.198s] running install_lib
[5.202s] copying /home/rama/catkin_ws/build/nodes/build/lib/nodes/obstacle_avoidance.py -> /home/rama/catkin_ws/install/nodes/lib/python3.8/site-packages/nodes
[5.205s] byte-compiling /home/rama/catkin_ws/install/nodes/lib/python3.8/site-packages/nodes/obstacle_avoidance.py to obstacle_avoidance.cpython-38.pyc
[5.214s] running install_data
[5.216s] running install_egg_info
[5.226s] removing '/home/rama/catkin_ws/install/nodes/lib/python3.8/site-packages/nodes-0.0.0-py3.8.egg-info' (and everything under it)
[5.227s] Copying ../../build/nodes/nodes.egg-info to /home/rama/catkin_ws/install/nodes/lib/python3.8/site-packages/nodes-0.0.0-py3.8.egg-info
[5.231s] running install_scripts
[5.311s] Installing Handgesture_node script to /home/rama/catkin_ws/install/nodes/lib/nodes
[5.312s] Installing kf_depthCamera script to /home/rama/catkin_ws/install/nodes/lib/nodes
[5.313s] Installing obstacle_avoidance_node script to /home/rama/catkin_ws/install/nodes/lib/nodes
[5.313s] Installing test_node script to /home/rama/catkin_ws/install/nodes/lib/nodes
[5.314s] writing list of installed files to '/home/rama/catkin_ws/build/nodes/install.log'
[5.411s] Invoked command in '/home/rama/catkin_ws/src/nodes' returned '0': PYTHONPATH=/home/rama/catkin_ws/build/nodes/prefix_override:/home/rama/catkin_ws/install/nodes/lib/python3.8/site-packages:${PYTHONPATH} /usr/bin/python3 setup.py egg_info --egg-base ../../build/nodes build --build-base /home/rama/catkin_ws/build/nodes/build install --record /home/rama/catkin_ws/build/nodes/install.log --install-scripts $base/lib/nodes --single-version-externally-managed
