[0.093s] Invoking command in '/home/rama/catkin_ws/build/turtlebot3_gazebo': CMAKE_PREFIX_PATH=${CMAKE_PREFIX_PATH}:/home/rama/catkin_ws/install/nodes2:/home/rama/catkin_ws/install/nodes:/opt/ros/foxy /usr/bin/cmake --build /home/rama/catkin_ws/build/turtlebot3_gazebo -- -j8 -l8
[1.069s] [ 25%] Built target turtlebot3_drive
[1.069s] [ 50%] Built target obstacles
[1.070s] [ 75%] Built target obstacle2
[1.070s] [100%] Built target obstacle1
[1.077s] Invoked command in '/home/rama/catkin_ws/build/turtlebot3_gazebo' returned '0': CMAKE_PREFIX_PATH=${CMAKE_PREFIX_PATH}:/home/rama/catkin_ws/install/nodes2:/home/rama/catkin_ws/install/nodes:/opt/ros/foxy /usr/bin/cmake --build /home/rama/catkin_ws/build/turtlebot3_gazebo -- -j8 -l8
[1.182s] Invoking command in '/home/rama/catkin_ws/build/turtlebot3_gazebo': CMAKE_PREFIX_PATH=${CMAKE_PREFIX_PATH}:/home/rama/catkin_ws/install/nodes2:/home/rama/catkin_ws/install/nodes:/opt/ros/foxy /usr/bin/cmake --install /home/rama/catkin_ws/build/turtlebot3_gazebo
[1.226s] -- Install configuration: ""
[1.226s] -- Up-to-date: /home/rama/catkin_ws/install/turtlebot3_gazebo/lib/turtlebot3_gazebo/turtlebot3_drive
[1.227s] -- Up-to-date: /home/rama/catkin_ws/install/turtlebot3_gazebo/share/turtlebot3_gazebo//launch
[1.230s] -- Up-to-date: /home/rama/catkin_ws/install/turtlebot3_gazebo/share/turtlebot3_gazebo//launch/turtlebot3_autorace.launch.py
[1.233s] -- Up-to-date: /home/rama/catkin_ws/install/turtlebot3_gazebo/share/turtlebot3_gazebo//launch/turtlebot3_dqn_stage2.launch.py
[1.238s] -- Up-to-date: /home/rama/catkin_ws/install/turtlebot3_gazebo/share/turtlebot3_gazebo//launch/turtlebot3_world.launch.py
[1.243s] -- Up-to-date: /home/rama/catkin_ws/install/turtlebot3_gazebo/share/turtlebot3_gazebo//launch/turtlebot3_dqn_stage1.launch.py
[1.245s] -- Up-to-date: /home/rama/catkin_ws/install/turtlebot3_gazebo/share/turtlebot3_gazebo//launch/turtlebot3_house.launch.py
[1.246s] -- Up-to-date: /home/rama/catkin_ws/install/turtlebot3_gazebo/share/turtlebot3_gazebo//launch/turtlebot3_dqn_stage4.launch.py
[1.246s] -- Up-to-date: /home/rama/catkin_ws/install/turtlebot3_gazebo/share/turtlebot3_gazebo//launch/robot_state_publisher.launch.py
[1.247s] -- Up-to-date: /home/rama/catkin_ws/install/turtlebot3_gazebo/share/turtlebot3_gazebo//launch/turtlebot3_dqn_stage3.launch.py
[1.248s] -- Up-to-date: /home/rama/catkin_ws/install/turtlebot3_gazebo/share/turtlebot3_gazebo//launch/empty_world.launch.py
[1.248s] -- Up-to-date: /home/rama/catkin_ws/install/turtlebot3_gazebo/share/turtlebot3_gazebo//models
[1.248s] -- Up-to-date: /home/rama/catkin_ws/install/turtlebot3_gazebo/share/turtlebot3_gazebo//models/turtlebot3_burger
[1.249s] -- Up-to-date: /home/rama/catkin_ws/install/turtlebot3_gazebo/share/turtlebot3_gazebo//models/turtlebot3_burger/model.sdf
[1.249s] -- Up-to-date: /home/rama/catkin_ws/install/turtlebot3_gazebo/share/turtlebot3_gazebo//models/turtlebot3_burger/model-1_4.sdf
[1.250s] -- Up-to-date: /home/rama/catkin_ws/install/turtlebot3_gazebo/share/turtlebot3_gazebo//models/turtlebot3_burger/model.config
[1.250s] -- Up-to-date: /home/rama/catkin_ws/install/turtlebot3_gazebo/share/turtlebot3_gazebo//models/turtlebot3_burger/meshes
[1.250s] -- Up-to-date: /home/rama/catkin_ws/install/turtlebot3_gazebo/share/turtlebot3_gazebo//models/turtlebot3_burger/meshes/burger_base.dae
[1.256s] -- Up-to-date: /home/rama/catkin_ws/install/turtlebot3_gazebo/share/turtlebot3_gazebo//models/turtlebot3_burger/meshes/tire.dae
[1.257s] -- Up-to-date: /home/rama/catkin_ws/install/turtlebot3_gazebo/share/turtlebot3_gazebo//models/turtlebot3_burger/meshes/lds.dae
[1.258s] -- Up-to-date: /home/rama/catkin_ws/install/turtlebot3_gazebo/share/turtlebot3_gazebo//models/turtlebot3_autorace
[1.259s] -- Up-to-date: /home/rama/catkin_ws/install/turtlebot3_gazebo/share/turtlebot3_gazebo//models/turtlebot3_autorace/tunnel_obstacles
[1.259s] -- Up-to-date: /home/rama/catkin_ws/install/turtlebot3_gazebo/share/turtlebot3_gazebo//models/turtlebot3_autorace/tunnel_obstacles/model.sdf
[1.259s] -- Up-to-date: /home/rama/catkin_ws/install/turtlebot3_gazebo/share/turtlebot3_gazebo//models/turtlebot3_autorace/tunnel_obstacles/model.config
[1.260s] -- Up-to-date: /home/rama/catkin_ws/install/turtlebot3_gazebo/share/turtlebot3_gazebo//models/turtlebot3_autorace/model.config
[1.260s] -- Up-to-date: /home/rama/catkin_ws/install/turtlebot3_gazebo/share/turtlebot3_gazebo//models/turtlebot3_autorace/traffic_light_red
[1.261s] -- Up-to-date: /home/rama/catkin_ws/install/turtlebot3_gazebo/share/turtlebot3_gazebo//models/turtlebot3_autorace/traffic_light_red/model.sdf
[1.262s] -- Up-to-date: /home/rama/catkin_ws/install/turtlebot3_gazebo/share/turtlebot3_gazebo//models/turtlebot3_autorace/traffic_light_red/model.config
[1.264s] -- Up-to-date: /home/rama/catkin_ws/install/turtlebot3_gazebo/share/turtlebot3_gazebo//models/turtlebot3_autorace/traffic_light_yellow
[1.264s] -- Up-to-date: /home/rama/catkin_ws/install/turtlebot3_gazebo/share/turtlebot3_gazebo//models/turtlebot3_autorace/traffic_light_yellow/model.sdf
[1.265s] -- Up-to-date: /home/rama/catkin_ws/install/turtlebot3_gazebo/share/turtlebot3_gazebo//models/turtlebot3_autorace/traffic_light_yellow/model.config
[1.267s] -- Up-to-date: /home/rama/catkin_ws/install/turtlebot3_gazebo/share/turtlebot3_gazebo//models/turtlebot3_autorace/tunnel_wall
[1.274s] -- Up-to-date: /home/rama/catkin_ws/install/turtlebot3_gazebo/share/turtlebot3_gazebo//models/turtlebot3_autorace/tunnel_wall/model.sdf
[1.277s] -- Up-to-date: /home/rama/catkin_ws/install/turtlebot3_gazebo/share/turtlebot3_gazebo//models/turtlebot3_autorace/tunnel_wall/model.config
[1.277s] -- Up-to-date: /home/rama/catkin_ws/install/turtlebot3_gazebo/share/turtlebot3_gazebo//models/turtlebot3_autorace/traffic_bar_up
[1.278s] -- Up-to-date: /home/rama/catkin_ws/install/turtlebot3_gazebo/share/turtlebot3_gazebo//models/turtlebot3_autorace/traffic_bar_up/model.sdf
[1.280s] -- Up-to-date: /home/rama/catkin_ws/install/turtlebot3_gazebo/share/turtlebot3_gazebo//models/turtlebot3_autorace/traffic_bar_up/model.config
[1.280s] -- Up-to-date: /home/rama/catkin_ws/install/turtlebot3_gazebo/share/turtlebot3_gazebo//models/turtlebot3_autorace/traffic_bar_up/materials
[1.281s] -- Up-to-date: /home/rama/catkin_ws/install/turtlebot3_gazebo/share/turtlebot3_gazebo//models/turtlebot3_autorace/traffic_bar_up/materials/scripts
[1.281s] -- Up-to-date: /home/rama/catkin_ws/install/turtlebot3_gazebo/share/turtlebot3_gazebo//models/turtlebot3_autorace/traffic_bar_up/materials/scripts/traffic_bar.material
[1.287s] -- Up-to-date: /home/rama/catkin_ws/install/turtlebot3_gazebo/share/turtlebot3_gazebo//models/turtlebot3_autorace/traffic_bar_up/materials/textures
[1.291s] -- Up-to-date: /home/rama/catkin_ws/install/turtlebot3_gazebo/share/turtlebot3_gazebo//models/turtlebot3_autorace/traffic_bar_up/materials/textures/traffic_bar.png
[1.291s] -- Up-to-date: /home/rama/catkin_ws/install/turtlebot3_gazebo/share/turtlebot3_gazebo//models/turtlebot3_autorace/course
[1.292s] -- Up-to-date: /home/rama/catkin_ws/install/turtlebot3_gazebo/share/turtlebot3_gazebo//models/turtlebot3_autorace/course/model.sdf
[1.293s] -- Up-to-date: /home/rama/catkin_ws/install/turtlebot3_gazebo/share/turtlebot3_gazebo//models/turtlebot3_autorace/course/model.config
[1.295s] -- Up-to-date: /home/rama/catkin_ws/install/turtlebot3_gazebo/share/turtlebot3_gazebo//models/turtlebot3_autorace/course/materials
[1.297s] -- Up-to-date: /home/rama/catkin_ws/install/turtlebot3_gazebo/share/turtlebot3_gazebo//models/turtlebot3_autorace/course/materials/scripts
[1.298s] -- Up-to-date: /home/rama/catkin_ws/install/turtlebot3_gazebo/share/turtlebot3_gazebo//models/turtlebot3_autorace/course/materials/scripts/course.material
[1.298s] -- Up-to-date: /home/rama/catkin_ws/install/turtlebot3_gazebo/share/turtlebot3_gazebo//models/turtlebot3_autorace/course/materials/textures
[1.304s] -- Up-to-date: /home/rama/catkin_ws/install/turtlebot3_gazebo/share/turtlebot3_gazebo//models/turtlebot3_autorace/course/materials/textures/course.png
[1.304s] -- Up-to-date: /home/rama/catkin_ws/install/turtlebot3_gazebo/share/turtlebot3_gazebo//models/turtlebot3_autorace/traffic_tunnel
[1.305s] -- Up-to-date: /home/rama/catkin_ws/install/turtlebot3_gazebo/share/turtlebot3_gazebo//models/turtlebot3_autorace/traffic_tunnel/model.sdf
[1.307s] -- Up-to-date: /home/rama/catkin_ws/install/turtlebot3_gazebo/share/turtlebot3_gazebo//models/turtlebot3_autorace/traffic_tunnel/model.config
[1.308s] -- Up-to-date: /home/rama/catkin_ws/install/turtlebot3_gazebo/share/turtlebot3_gazebo//models/turtlebot3_autorace/traffic_tunnel/materials
[1.318s] -- Up-to-date: /home/rama/catkin_ws/install/turtlebot3_gazebo/share/turtlebot3_gazebo//models/turtlebot3_autorace/traffic_tunnel/materials/scripts
[1.326s] -- Up-to-date: /home/rama/catkin_ws/install/turtlebot3_gazebo/share/turtlebot3_gazebo//models/turtlebot3_autorace/traffic_tunnel/materials/scripts/tunnel.material
[1.327s] -- Up-to-date: /home/rama/catkin_ws/install/turtlebot3_gazebo/share/turtlebot3_gazebo//models/turtlebot3_autorace/traffic_tunnel/materials/textures
[1.327s] -- Up-to-date: /home/rama/catkin_ws/install/turtlebot3_gazebo/share/turtlebot3_gazebo//models/turtlebot3_autorace/traffic_tunnel/materials/textures/tunnel.png
[1.327s] -- Up-to-date: /home/rama/catkin_ws/install/turtlebot3_gazebo/share/turtlebot3_gazebo//models/turtlebot3_autorace/traffic_parking
[1.328s] -- Up-to-date: /home/rama/catkin_ws/install/turtlebot3_gazebo/share/turtlebot3_gazebo//models/turtlebot3_autorace/traffic_parking/model.sdf
[1.328s] -- Up-to-date: /home/rama/catkin_ws/install/turtlebot3_gazebo/share/turtlebot3_gazebo//models/turtlebot3_autorace/traffic_parking/model.config
[1.329s] -- Up-to-date: /home/rama/catkin_ws/install/turtlebot3_gazebo/share/turtlebot3_gazebo//models/turtlebot3_autorace/traffic_parking/materials
[1.329s] -- Up-to-date: /home/rama/catkin_ws/install/turtlebot3_gazebo/share/turtlebot3_gazebo//models/turtlebot3_autorace/traffic_parking/materials/scripts
[1.329s] -- Up-to-date: /home/rama/catkin_ws/install/turtlebot3_gazebo/share/turtlebot3_gazebo//models/turtlebot3_autorace/traffic_parking/materials/scripts/traffic_parking.material
[1.330s] -- Up-to-date: /home/rama/catkin_ws/install/turtlebot3_gazebo/share/turtlebot3_gazebo//models/turtlebot3_autorace/traffic_parking/materials/textures
[1.330s] -- Up-to-date: /home/rama/catkin_ws/install/turtlebot3_gazebo/share/turtlebot3_gazebo//models/turtlebot3_autorace/traffic_parking/materials/textures/traffic_parking.png
[1.331s] -- Up-to-date: /home/rama/catkin_ws/install/turtlebot3_gazebo/share/turtlebot3_gazebo//models/turtlebot3_autorace/lights
[1.331s] -- Up-to-date: /home/rama/catkin_ws/install/turtlebot3_gazebo/share/turtlebot3_gazebo//models/turtlebot3_autorace/lights/model.sdf
[1.331s] -- Up-to-date: /home/rama/catkin_ws/install/turtlebot3_gazebo/share/turtlebot3_gazebo//models/turtlebot3_autorace/lights/model.config
[1.332s] -- Up-to-date: /home/rama/catkin_ws/install/turtlebot3_gazebo/share/turtlebot3_gazebo//models/turtlebot3_autorace/traffic_light_green
[1.332s] -- Up-to-date: /home/rama/catkin_ws/install/turtlebot3_gazebo/share/turtlebot3_gazebo//models/turtlebot3_autorace/traffic_light_green/model.sdf
[1.332s] -- Up-to-date: /home/rama/catkin_ws/install/turtlebot3_gazebo/share/turtlebot3_gazebo//models/turtlebot3_autorace/traffic_light_green/model.config
[1.333s] -- Up-to-date: /home/rama/catkin_ws/install/turtlebot3_gazebo/share/turtlebot3_gazebo//models/turtlebot3_autorace/ground
[1.333s] -- Up-to-date: /home/rama/catkin_ws/install/turtlebot3_gazebo/share/turtlebot3_gazebo//models/turtlebot3_autorace/ground/model.sdf
[1.333s] -- Up-to-date: /home/rama/catkin_ws/install/turtlebot3_gazebo/share/turtlebot3_gazebo//models/turtlebot3_autorace/ground/model.config
[1.334s] -- Up-to-date: /home/rama/catkin_ws/install/turtlebot3_gazebo/share/turtlebot3_gazebo//models/turtlebot3_autorace/traffic_stop
[1.334s] -- Up-to-date: /home/rama/catkin_ws/install/turtlebot3_gazebo/share/turtlebot3_gazebo//models/turtlebot3_autorace/traffic_stop/model.sdf
[1.334s] -- Up-to-date: /home/rama/catkin_ws/install/turtlebot3_gazebo/share/turtlebot3_gazebo//models/turtlebot3_autorace/traffic_stop/model.config
[1.335s] -- Up-to-date: /home/rama/catkin_ws/install/turtlebot3_gazebo/share/turtlebot3_gazebo//models/turtlebot3_autorace/traffic_stop/materials
[1.335s] -- Up-to-date: /home/rama/catkin_ws/install/turtlebot3_gazebo/share/turtlebot3_gazebo//models/turtlebot3_autorace/traffic_stop/materials/scripts
[1.338s] -- Up-to-date: /home/rama/catkin_ws/install/turtlebot3_gazebo/share/turtlebot3_gazebo//models/turtlebot3_autorace/traffic_stop/materials/scripts/traffic_stop.material
[1.339s] -- Up-to-date: /home/rama/catkin_ws/install/turtlebot3_gazebo/share/turtlebot3_gazebo//models/turtlebot3_autorace/traffic_stop/materials/textures
[1.340s] -- Up-to-date: /home/rama/catkin_ws/install/turtlebot3_gazebo/share/turtlebot3_gazebo//models/turtlebot3_autorace/traffic_stop/materials/textures/traffic_stop.png
[1.340s] -- Up-to-date: /home/rama/catkin_ws/install/turtlebot3_gazebo/share/turtlebot3_gazebo//models/turtlebot3_autorace/traffic_bar_down
[1.340s] -- Up-to-date: /home/rama/catkin_ws/install/turtlebot3_gazebo/share/turtlebot3_gazebo//models/turtlebot3_autorace/traffic_bar_down/model.sdf
[1.341s] -- Up-to-date: /home/rama/catkin_ws/install/turtlebot3_gazebo/share/turtlebot3_gazebo//models/turtlebot3_autorace/traffic_bar_down/model.config
[1.341s] -- Up-to-date: /home/rama/catkin_ws/install/turtlebot3_gazebo/share/turtlebot3_gazebo//models/turtlebot3_autorace/traffic_bar_down/materials
[1.344s] -- Up-to-date: /home/rama/catkin_ws/install/turtlebot3_gazebo/share/turtlebot3_gazebo//models/turtlebot3_autorace/traffic_bar_down/materials/scripts
[1.344s] -- Up-to-date: /home/rama/catkin_ws/install/turtlebot3_gazebo/share/turtlebot3_gazebo//models/turtlebot3_autorace/traffic_bar_down/materials/scripts/traffic_bar.material
[1.345s] -- Up-to-date: /home/rama/catkin_ws/install/turtlebot3_gazebo/share/turtlebot3_gazebo//models/turtlebot3_autorace/traffic_bar_down/materials/textures
[1.345s] -- Up-to-date: /home/rama/catkin_ws/install/turtlebot3_gazebo/share/turtlebot3_gazebo//models/turtlebot3_autorace/traffic_bar_down/materials/textures/traffic_bar.png
[1.346s] -- Up-to-date: /home/rama/catkin_ws/install/turtlebot3_gazebo/share/turtlebot3_gazebo//models/turtlebot3_waffle_pi
[1.346s] -- Up-to-date: /home/rama/catkin_ws/install/turtlebot3_gazebo/share/turtlebot3_gazebo//models/turtlebot3_waffle_pi/model.sdf
[1.346s] -- Up-to-date: /home/rama/catkin_ws/install/turtlebot3_gazebo/share/turtlebot3_gazebo//models/turtlebot3_waffle_pi/model.config
[1.347s] -- Up-to-date: /home/rama/catkin_ws/install/turtlebot3_gazebo/share/turtlebot3_gazebo//models/turtlebot3_waffle_pi/model-1_4_.sdf
[1.347s] -- Up-to-date: /home/rama/catkin_ws/install/turtlebot3_gazebo/share/turtlebot3_gazebo//models/turtlebot3_waffle_pi/meshes
[1.347s] -- Up-to-date: /home/rama/catkin_ws/install/turtlebot3_gazebo/share/turtlebot3_gazebo//models/turtlebot3_waffle_pi/meshes/waffle_pi_base.dae
[1.348s] -- Up-to-date: /home/rama/catkin_ws/install/turtlebot3_gazebo/share/turtlebot3_gazebo//models/turtlebot3_waffle_pi/meshes/tire.dae
[1.348s] -- Up-to-date: /home/rama/catkin_ws/install/turtlebot3_gazebo/share/turtlebot3_gazebo//models/turtlebot3_waffle_pi/meshes/lds.dae
[1.348s] -- Up-to-date: /home/rama/catkin_ws/install/turtlebot3_gazebo/share/turtlebot3_gazebo//models/turtlebot3_dqn_world
[1.349s] -- Up-to-date: /home/rama/catkin_ws/install/turtlebot3_gazebo/share/turtlebot3_gazebo//models/turtlebot3_dqn_world/model.sdf
[1.349s] -- Up-to-date: /home/rama/catkin_ws/install/turtlebot3_gazebo/share/turtlebot3_gazebo//models/turtlebot3_dqn_world/obstacles
[1.349s] -- Up-to-date: /home/rama/catkin_ws/install/turtlebot3_gazebo/share/turtlebot3_gazebo//models/turtlebot3_dqn_world/obstacles/model.sdf
[1.350s] -- Up-to-date: /home/rama/catkin_ws/install/turtlebot3_gazebo/share/turtlebot3_gazebo//models/turtlebot3_dqn_world/obstacles/model.config
[1.350s] -- Up-to-date: /home/rama/catkin_ws/install/turtlebot3_gazebo/share/turtlebot3_gazebo//models/turtlebot3_dqn_world/obstacle_plugin
[1.351s] -- Up-to-date: /home/rama/catkin_ws/install/turtlebot3_gazebo/share/turtlebot3_gazebo//models/turtlebot3_dqn_world/obstacle_plugin/obstacles.cc
[1.351s] -- Up-to-date: /home/rama/catkin_ws/install/turtlebot3_gazebo/share/turtlebot3_gazebo//models/turtlebot3_dqn_world/obstacle_plugin/CMakeLists.txt
[1.352s] -- Up-to-date: /home/rama/catkin_ws/install/turtlebot3_gazebo/share/turtlebot3_gazebo//models/turtlebot3_dqn_world/obstacle_plugin/obstacle2.cc
[1.352s] -- Up-to-date: /home/rama/catkin_ws/install/turtlebot3_gazebo/share/turtlebot3_gazebo//models/turtlebot3_dqn_world/obstacle_plugin/obstacle1.cc
[1.352s] -- Up-to-date: /home/rama/catkin_ws/install/turtlebot3_gazebo/share/turtlebot3_gazebo//models/turtlebot3_dqn_world/model.config
[1.358s] -- Up-to-date: /home/rama/catkin_ws/install/turtlebot3_gazebo/share/turtlebot3_gazebo//models/turtlebot3_dqn_world/obstacle2
[1.360s] -- Up-to-date: /home/rama/catkin_ws/install/turtlebot3_gazebo/share/turtlebot3_gazebo//models/turtlebot3_dqn_world/obstacle2/model.sdf
[1.360s] -- Up-to-date: /home/rama/catkin_ws/install/turtlebot3_gazebo/share/turtlebot3_gazebo//models/turtlebot3_dqn_world/obstacle2/model.config
[1.361s] -- Up-to-date: /home/rama/catkin_ws/install/turtlebot3_gazebo/share/turtlebot3_gazebo//models/turtlebot3_dqn_world/goal_box
[1.361s] -- Up-to-date: /home/rama/catkin_ws/install/turtlebot3_gazebo/share/turtlebot3_gazebo//models/turtlebot3_dqn_world/goal_box/model.sdf
[1.362s] -- Up-to-date: /home/rama/catkin_ws/install/turtlebot3_gazebo/share/turtlebot3_gazebo//models/turtlebot3_dqn_world/goal_box/model.config
[1.362s] -- Up-to-date: /home/rama/catkin_ws/install/turtlebot3_gazebo/share/turtlebot3_gazebo//models/turtlebot3_dqn_world/obstacle1
[1.363s] -- Up-to-date: /home/rama/catkin_ws/install/turtlebot3_gazebo/share/turtlebot3_gazebo//models/turtlebot3_dqn_world/obstacle1/model.sdf
[1.364s] -- Up-to-date: /home/rama/catkin_ws/install/turtlebot3_gazebo/share/turtlebot3_gazebo//models/turtlebot3_dqn_world/obstacle1/model.config
[1.365s] -- Up-to-date: /home/rama/catkin_ws/install/turtlebot3_gazebo/share/turtlebot3_gazebo//models/turtlebot3_dqn_world/inner_walls
[1.366s] -- Up-to-date: /home/rama/catkin_ws/install/turtlebot3_gazebo/share/turtlebot3_gazebo//models/turtlebot3_dqn_world/inner_walls/model.sdf
[1.368s] -- Up-to-date: /home/rama/catkin_ws/install/turtlebot3_gazebo/share/turtlebot3_gazebo//models/turtlebot3_dqn_world/inner_walls/model.config
[1.369s] -- Up-to-date: /home/rama/catkin_ws/install/turtlebot3_gazebo/share/turtlebot3_gazebo//models/turtlebot3_house
[1.370s] -- Up-to-date: /home/rama/catkin_ws/install/turtlebot3_gazebo/share/turtlebot3_gazebo//models/turtlebot3_house/model.sdf
[1.378s] -- Up-to-date: /home/rama/catkin_ws/install/turtlebot3_gazebo/share/turtlebot3_gazebo//models/turtlebot3_house/model.config
[1.380s] -- Up-to-date: /home/rama/catkin_ws/install/turtlebot3_gazebo/share/turtlebot3_gazebo//models/turtlebot3_waffle
[1.381s] -- Up-to-date: /home/rama/catkin_ws/install/turtlebot3_gazebo/share/turtlebot3_gazebo//models/turtlebot3_waffle/model.sdf
[1.383s] -- Up-to-date: /home/rama/catkin_ws/install/turtlebot3_gazebo/share/turtlebot3_gazebo//models/turtlebot3_waffle/model-1_4.sdf
[1.384s] -- Up-to-date: /home/rama/catkin_ws/install/turtlebot3_gazebo/share/turtlebot3_gazebo//models/turtlebot3_waffle/model.config
[1.384s] -- Up-to-date: /home/rama/catkin_ws/install/turtlebot3_gazebo/share/turtlebot3_gazebo//models/turtlebot3_waffle/meshes
[1.385s] -- Up-to-date: /home/rama/catkin_ws/install/turtlebot3_gazebo/share/turtlebot3_gazebo//models/turtlebot3_waffle/meshes/waffle_base.dae
[1.386s] -- Up-to-date: /home/rama/catkin_ws/install/turtlebot3_gazebo/share/turtlebot3_gazebo//models/turtlebot3_waffle/meshes/tire.dae
[1.387s] -- Up-to-date: /home/rama/catkin_ws/install/turtlebot3_gazebo/share/turtlebot3_gazebo//models/turtlebot3_waffle/meshes/lds.dae
[1.388s] -- Up-to-date: /home/rama/catkin_ws/install/turtlebot3_gazebo/share/turtlebot3_gazebo//models/turtlebot3_waffle/meshes/r200.dae
[1.390s] -- Up-to-date: /home/rama/catkin_ws/install/turtlebot3_gazebo/share/turtlebot3_gazebo//models/turtlebot3_world
[1.391s] -- Up-to-date: /home/rama/catkin_ws/install/turtlebot3_gazebo/share/turtlebot3_gazebo//models/turtlebot3_world/model.sdf
[1.392s] -- Up-to-date: /home/rama/catkin_ws/install/turtlebot3_gazebo/share/turtlebot3_gazebo//models/turtlebot3_world/model-1_4.sdf
[1.397s] -- Up-to-date: /home/rama/catkin_ws/install/turtlebot3_gazebo/share/turtlebot3_gazebo//models/turtlebot3_world/model.config
[1.398s] -- Up-to-date: /home/rama/catkin_ws/install/turtlebot3_gazebo/share/turtlebot3_gazebo//models/turtlebot3_world/meshes
[1.399s] -- Up-to-date: /home/rama/catkin_ws/install/turtlebot3_gazebo/share/turtlebot3_gazebo//models/turtlebot3_world/meshes/hexagon.dae
[1.400s] -- Up-to-date: /home/rama/catkin_ws/install/turtlebot3_gazebo/share/turtlebot3_gazebo//models/turtlebot3_world/meshes/wall.dae
[1.400s] -- Up-to-date: /home/rama/catkin_ws/install/turtlebot3_gazebo/share/turtlebot3_gazebo//rviz
[1.400s] -- Up-to-date: /home/rama/catkin_ws/install/turtlebot3_gazebo/share/turtlebot3_gazebo//rviz/tb3_gazebo.rviz
[1.401s] -- Up-to-date: /home/rama/catkin_ws/install/turtlebot3_gazebo/share/turtlebot3_gazebo//worlds
[1.401s] -- Up-to-date: /home/rama/catkin_ws/install/turtlebot3_gazebo/share/turtlebot3_gazebo//worlds/turtlebot3_dqn_stage2
[1.401s] -- Up-to-date: /home/rama/catkin_ws/install/turtlebot3_gazebo/share/turtlebot3_gazebo//worlds/turtlebot3_dqn_stage2/burger.model
[1.402s] -- Up-to-date: /home/rama/catkin_ws/install/turtlebot3_gazebo/share/turtlebot3_gazebo//worlds/turtlebot3_dqn_stage2/waffle_pi.model
[1.402s] -- Up-to-date: /home/rama/catkin_ws/install/turtlebot3_gazebo/share/turtlebot3_gazebo//worlds/turtlebot3_dqn_stage2/waffle.model
[1.402s] -- Up-to-date: /home/rama/catkin_ws/install/turtlebot3_gazebo/share/turtlebot3_gazebo//worlds/empty_worlds
[1.402s] -- Up-to-date: /home/rama/catkin_ws/install/turtlebot3_gazebo/share/turtlebot3_gazebo//worlds/empty_worlds/burger.model
[1.403s] -- Up-to-date: /home/rama/catkin_ws/install/turtlebot3_gazebo/share/turtlebot3_gazebo//worlds/empty_worlds/waffle_pi.model
[1.403s] -- Up-to-date: /home/rama/catkin_ws/install/turtlebot3_gazebo/share/turtlebot3_gazebo//worlds/empty_worlds/waffle.model
[1.403s] -- Up-to-date: /home/rama/catkin_ws/install/turtlebot3_gazebo/share/turtlebot3_gazebo//worlds/turtlebot3_houses
[1.405s] -- Up-to-date: /home/rama/catkin_ws/install/turtlebot3_gazebo/share/turtlebot3_gazebo//worlds/turtlebot3_houses/burger.model
[1.412s] -- Up-to-date: /home/rama/catkin_ws/install/turtlebot3_gazebo/share/turtlebot3_gazebo//worlds/turtlebot3_houses/waffle_pi.model
[1.427s] -- Up-to-date: /home/rama/catkin_ws/install/turtlebot3_gazebo/share/turtlebot3_gazebo//worlds/turtlebot3_houses/waffle.model
[1.428s] -- Up-to-date: /home/rama/catkin_ws/install/turtlebot3_gazebo/share/turtlebot3_gazebo//worlds/turtlebot3_worlds
[1.428s] -- Up-to-date: /home/rama/catkin_ws/install/turtlebot3_gazebo/share/turtlebot3_gazebo//worlds/turtlebot3_worlds/burger.model
[1.429s] -- Up-to-date: /home/rama/catkin_ws/install/turtlebot3_gazebo/share/turtlebot3_gazebo//worlds/turtlebot3_worlds/waffle_pi.model
[1.430s] -- Up-to-date: /home/rama/catkin_ws/install/turtlebot3_gazebo/share/turtlebot3_gazebo//worlds/turtlebot3_worlds/waffle.model
[1.431s] -- Up-to-date: /home/rama/catkin_ws/install/turtlebot3_gazebo/share/turtlebot3_gazebo//worlds/turtlebot3_dqn_stage4
[1.431s] -- Up-to-date: /home/rama/catkin_ws/install/turtlebot3_gazebo/share/turtlebot3_gazebo//worlds/turtlebot3_dqn_stage4/burger.model
[1.432s] -- Up-to-date: /home/rama/catkin_ws/install/turtlebot3_gazebo/share/turtlebot3_gazebo//worlds/turtlebot3_dqn_stage4/waffle_pi.model
[1.432s] -- Up-to-date: /home/rama/catkin_ws/install/turtlebot3_gazebo/share/turtlebot3_gazebo//worlds/turtlebot3_dqn_stage4/waffle.model
[1.433s] -- Up-to-date: /home/rama/catkin_ws/install/turtlebot3_gazebo/share/turtlebot3_gazebo//worlds/turtlebot3_dqn_stage3
[1.433s] -- Up-to-date: /home/rama/catkin_ws/install/turtlebot3_gazebo/share/turtlebot3_gazebo//worlds/turtlebot3_dqn_stage3/burger.model
[1.434s] -- Up-to-date: /home/rama/catkin_ws/install/turtlebot3_gazebo/share/turtlebot3_gazebo//worlds/turtlebot3_dqn_stage3/waffle_pi.model
[1.434s] -- Up-to-date: /home/rama/catkin_ws/install/turtlebot3_gazebo/share/turtlebot3_gazebo//worlds/turtlebot3_dqn_stage3/waffle.model
[1.434s] -- Up-to-date: /home/rama/catkin_ws/install/turtlebot3_gazebo/share/turtlebot3_gazebo//worlds/turtlebot3_autoraces
[1.435s] -- Up-to-date: /home/rama/catkin_ws/install/turtlebot3_gazebo/share/turtlebot3_gazebo//worlds/turtlebot3_autoraces/burger.model
[1.435s] -- Up-to-date: /home/rama/catkin_ws/install/turtlebot3_gazebo/share/turtlebot3_gazebo//worlds/turtlebot3_autoraces/waffle_pi.model
[1.435s] -- Up-to-date: /home/rama/catkin_ws/install/turtlebot3_gazebo/share/turtlebot3_gazebo//worlds/turtlebot3_autoraces/waffle.model
[1.436s] -- Up-to-date: /home/rama/catkin_ws/install/turtlebot3_gazebo/share/turtlebot3_gazebo//worlds/turtlebot3_dqn_stage1
[1.443s] -- Up-to-date: /home/rama/catkin_ws/install/turtlebot3_gazebo/share/turtlebot3_gazebo//worlds/turtlebot3_dqn_stage1/burger.model
[1.445s] -- Up-to-date: /home/rama/catkin_ws/install/turtlebot3_gazebo/share/turtlebot3_gazebo//worlds/turtlebot3_dqn_stage1/waffle_pi.model
[1.446s] -- Up-to-date: /home/rama/catkin_ws/install/turtlebot3_gazebo/share/turtlebot3_gazebo//worlds/turtlebot3_dqn_stage1/waffle.model
[1.446s] -- Up-to-date: /home/rama/catkin_ws/install/turtlebot3_gazebo/include/
[1.447s] -- Up-to-date: /home/rama/catkin_ws/install/turtlebot3_gazebo/include//turtlebot3_gazebo
[1.448s] -- Up-to-date: /home/rama/catkin_ws/install/turtlebot3_gazebo/include//turtlebot3_gazebo/turtlebot3_drive.hpp
[1.450s] -- Up-to-date: /home/rama/catkin_ws/install/turtlebot3_gazebo/share/ament_index/resource_index/package_run_dependencies/turtlebot3_gazebo
[1.451s] -- Up-to-date: /home/rama/catkin_ws/install/turtlebot3_gazebo/share/ament_index/resource_index/parent_prefix_path/turtlebot3_gazebo
[1.453s] -- Up-to-date: /home/rama/catkin_ws/install/turtlebot3_gazebo/share/turtlebot3_gazebo/environment/ament_prefix_path.sh
[1.454s] -- Up-to-date: /home/rama/catkin_ws/install/turtlebot3_gazebo/share/turtlebot3_gazebo/environment/ament_prefix_path.dsv
[1.455s] -- Up-to-date: /home/rama/catkin_ws/install/turtlebot3_gazebo/share/turtlebot3_gazebo/environment/path.sh
[1.455s] -- Up-to-date: /home/rama/catkin_ws/install/turtlebot3_gazebo/share/turtlebot3_gazebo/environment/path.dsv
[1.463s] -- Up-to-date: /home/rama/catkin_ws/install/turtlebot3_gazebo/share/turtlebot3_gazebo/local_setup.bash
[1.466s] -- Up-to-date: /home/rama/catkin_ws/install/turtlebot3_gazebo/share/turtlebot3_gazebo/local_setup.sh
[1.468s] -- Up-to-date: /home/rama/catkin_ws/install/turtlebot3_gazebo/share/turtlebot3_gazebo/local_setup.zsh
[1.472s] -- Up-to-date: /home/rama/catkin_ws/install/turtlebot3_gazebo/share/turtlebot3_gazebo/local_setup.dsv
[1.473s] -- Installing: /home/rama/catkin_ws/install/turtlebot3_gazebo/share/turtlebot3_gazebo/package.dsv
[1.475s] -- Up-to-date: /home/rama/catkin_ws/install/turtlebot3_gazebo/share/ament_index/resource_index/packages/turtlebot3_gazebo
[1.476s] -- Up-to-date: /home/rama/catkin_ws/install/turtlebot3_gazebo/share/turtlebot3_gazebo/cmake/ament_cmake_export_include_directories-extras.cmake
[1.477s] -- Up-to-date: /home/rama/catkin_ws/install/turtlebot3_gazebo/share/turtlebot3_gazebo/cmake/ament_cmake_export_dependencies-extras.cmake
[1.478s] -- Up-to-date: /home/rama/catkin_ws/install/turtlebot3_gazebo/share/turtlebot3_gazebo/cmake/turtlebot3_gazeboConfig.cmake
[1.478s] -- Up-to-date: /home/rama/catkin_ws/install/turtlebot3_gazebo/share/turtlebot3_gazebo/cmake/turtlebot3_gazeboConfig-version.cmake
[1.480s] -- Up-to-date: /home/rama/catkin_ws/install/turtlebot3_gazebo/share/turtlebot3_gazebo/package.xml
[1.481s] Invoked command in '/home/rama/catkin_ws/build/turtlebot3_gazebo' returned '0': CMAKE_PREFIX_PATH=${CMAKE_PREFIX_PATH}:/home/rama/catkin_ws/install/nodes2:/home/rama/catkin_ws/install/nodes:/opt/ros/foxy /usr/bin/cmake --install /home/rama/catkin_ws/build/turtlebot3_gazebo
