[0.891s] Invoking command in '/home/rama/catkin_ws/src/nodes': PYTHONPATH=/home/rama/catkin_ws/build/nodes/prefix_override:/home/rama/catkin_ws/install/nodes/lib/python3.8/site-packages:${PYTHONPATH} /usr/bin/python3 setup.py egg_info --egg-base ../../build/nodes build --build-base /home/rama/catkin_ws/build/nodes/build install --record /home/rama/catkin_ws/build/nodes/install.log --install-scripts $base/lib/nodes --single-version-externally-managed
[1.103s] running egg_info
[1.106s] writing ../../build/nodes/nodes.egg-info/PKG-INFO
[1.106s] writing dependency_links to ../../build/nodes/nodes.egg-info/dependency_links.txt
[1.106s] writing entry points to ../../build/nodes/nodes.egg-info/entry_points.txt
[1.106s] writing requirements to ../../build/nodes/nodes.egg-info/requires.txt
[1.106s] writing top-level names to ../../build/nodes/nodes.egg-info/top_level.txt
[1.139s] reading manifest file '../../build/nodes/nodes.egg-info/SOURCES.txt'
[1.139s] writing manifest file '../../build/nodes/nodes.egg-info/SOURCES.txt'
[1.139s] running build
[1.139s] running build_py
[1.140s] running install
[1.140s] running install_lib
[1.142s] running install_data
[1.142s] running install_egg_info
[1.144s] removing '/home/rama/catkin_ws/install/nodes/lib/python3.8/site-packages/nodes-0.0.0-py3.8.egg-info' (and everything under it)
[1.144s] Copying ../../build/nodes/nodes.egg-info to /home/rama/catkin_ws/install/nodes/lib/python3.8/site-packages/nodes-0.0.0-py3.8.egg-info
[1.145s] running install_scripts
[1.161s] Installing Handgesture_node script to /home/rama/catkin_ws/install/nodes/lib/nodes
[1.161s] Installing kf_depthCamera script to /home/rama/catkin_ws/install/nodes/lib/nodes
[1.161s] Installing realsense_camera script to /home/rama/catkin_ws/install/nodes/lib/nodes
[1.161s] Installing test_node script to /home/rama/catkin_ws/install/nodes/lib/nodes
[1.162s] writing list of installed files to '/home/rama/catkin_ws/build/nodes/install.log'
[1.187s] Invoked command in '/home/rama/catkin_ws/src/nodes' returned '0': PYTHONPATH=/home/rama/catkin_ws/build/nodes/prefix_override:/home/rama/catkin_ws/install/nodes/lib/python3.8/site-packages:${PYTHONPATH} /usr/bin/python3 setup.py egg_info --egg-base ../../build/nodes build --build-base /home/rama/catkin_ws/build/nodes/build install --record /home/rama/catkin_ws/build/nodes/install.log --install-scripts $base/lib/nodes --single-version-externally-managed
