[1.525s] Invoking command in '/home/rama/catkin_ws/src/nodes': PYTHONPATH=/home/rama/catkin_ws/build/nodes/prefix_override:/home/rama/catkin_ws/install/nodes/lib/python3.8/site-packages:${PYTHONPATH} /usr/bin/python3 setup.py egg_info --egg-base ../../build/nodes build --build-base /home/rama/catkin_ws/build/nodes/build install --record /home/rama/catkin_ws/build/nodes/install.log --install-scripts $base/lib/nodes --single-version-externally-managed
[1.825s] running egg_info
[1.826s] writing ../../build/nodes/nodes.egg-info/PKG-INFO
[1.826s] writing dependency_links to ../../build/nodes/nodes.egg-info/dependency_links.txt
[1.826s] writing entry points to ../../build/nodes/nodes.egg-info/entry_points.txt
[1.827s] writing requirements to ../../build/nodes/nodes.egg-info/requires.txt
[1.827s] writing top-level names to ../../build/nodes/nodes.egg-info/top_level.txt
[1.876s] reading manifest file '../../build/nodes/nodes.egg-info/SOURCES.txt'
[1.878s] writing manifest file '../../build/nodes/nodes.egg-info/SOURCES.txt'
[1.878s] running build
[1.878s] running build_py
[1.878s] copying nodes/obstacle_avoidance.py -> /home/rama/catkin_ws/build/nodes/build/lib/nodes
[1.879s] running install
[1.880s] running install_lib
[1.881s] copying /home/rama/catkin_ws/build/nodes/build/lib/nodes/obstacle_avoidance.py -> /home/rama/catkin_ws/install/nodes/lib/python3.8/site-packages/nodes
[1.882s] byte-compiling /home/rama/catkin_ws/install/nodes/lib/python3.8/site-packages/nodes/obstacle_avoidance.py to obstacle_avoidance.cpython-38.pyc
[1.884s] running install_data
[1.884s] Sorry: IndentationError: expected an indented block (obstacle_avoidance.py, line 90)
[1.885s] running install_egg_info
[1.887s] removing '/home/rama/catkin_ws/install/nodes/lib/python3.8/site-packages/nodes-0.0.0-py3.8.egg-info' (and everything under it)
[1.888s] Copying ../../build/nodes/nodes.egg-info to /home/rama/catkin_ws/install/nodes/lib/python3.8/site-packages/nodes-0.0.0-py3.8.egg-info
[1.889s] running install_scripts
[1.912s] Installing Handgesture_node script to /home/rama/catkin_ws/install/nodes/lib/nodes
[1.913s] Installing kf_depthCamera script to /home/rama/catkin_ws/install/nodes/lib/nodes
[1.913s] Installing obstacle_avoidance_node script to /home/rama/catkin_ws/install/nodes/lib/nodes
[1.913s] Installing test_node script to /home/rama/catkin_ws/install/nodes/lib/nodes
[1.914s] writing list of installed files to '/home/rama/catkin_ws/build/nodes/install.log'
[1.944s] Invoked command in '/home/rama/catkin_ws/src/nodes' returned '0': PYTHONPATH=/home/rama/catkin_ws/build/nodes/prefix_override:/home/rama/catkin_ws/install/nodes/lib/python3.8/site-packages:${PYTHONPATH} /usr/bin/python3 setup.py egg_info --egg-base ../../build/nodes build --build-base /home/rama/catkin_ws/build/nodes/build install --record /home/rama/catkin_ws/build/nodes/install.log --install-scripts $base/lib/nodes --single-version-externally-managed
