[2.625s] Invoking command in '/home/rama/catkin_ws/src/nodes': PYTHONPATH=/home/rama/catkin_ws/build/nodes/prefix_override:/home/rama/catkin_ws/install/nodes/lib/python3.8/site-packages:${PYTHONPATH} /usr/bin/python3 setup.py egg_info --egg-base ../../build/nodes build --build-base /home/rama/catkin_ws/build/nodes/build install --record /home/rama/catkin_ws/build/nodes/install.log --install-scripts $base/lib/nodes --single-version-externally-managed
[3.150s] running egg_info
[3.151s] writing ../../build/nodes/nodes.egg-info/PKG-INFO
[3.151s] writing dependency_links to ../../build/nodes/nodes.egg-info/dependency_links.txt
[3.152s] writing entry points to ../../build/nodes/nodes.egg-info/entry_points.txt
[3.152s] writing requirements to ../../build/nodes/nodes.egg-info/requires.txt
[3.152s] writing top-level names to ../../build/nodes/nodes.egg-info/top_level.txt
[3.231s] reading manifest file '../../build/nodes/nodes.egg-info/SOURCES.txt'
[3.232s] writing manifest file '../../build/nodes/nodes.egg-info/SOURCES.txt'
[3.233s] running build
[3.233s] running build_py
[3.233s] running install
[3.235s] running install_lib
[3.244s] running install_data
[3.245s] running install_egg_info
[3.248s] removing '/home/rama/catkin_ws/install/nodes/lib/python3.8/site-packages/nodes-0.0.0-py3.8.egg-info' (and everything under it)
[3.248s] Copying ../../build/nodes/nodes.egg-info to /home/rama/catkin_ws/install/nodes/lib/python3.8/site-packages/nodes-0.0.0-py3.8.egg-info
[3.249s] running install_scripts
[3.293s] Installing Handgesture_node script to /home/rama/catkin_ws/install/nodes/lib/nodes
[3.293s] Installing kf_depthCamera script to /home/rama/catkin_ws/install/nodes/lib/nodes
[3.294s] Installing obstacle_avoidance_node script to /home/rama/catkin_ws/install/nodes/lib/nodes
[3.294s] Installing test_node script to /home/rama/catkin_ws/install/nodes/lib/nodes
[3.295s] writing list of installed files to '/home/rama/catkin_ws/build/nodes/install.log'
[3.351s] Invoked command in '/home/rama/catkin_ws/src/nodes' returned '0': PYTHONPATH=/home/rama/catkin_ws/build/nodes/prefix_override:/home/rama/catkin_ws/install/nodes/lib/python3.8/site-packages:${PYTHONPATH} /usr/bin/python3 setup.py egg_info --egg-base ../../build/nodes build --build-base /home/rama/catkin_ws/build/nodes/build install --record /home/rama/catkin_ws/build/nodes/install.log --install-scripts $base/lib/nodes --single-version-externally-managed
