[2.925s] Invoking command in '/home/rama/catkin_ws/src/nodes2': PYTHONPATH=/home/rama/catkin_ws/build/nodes2/prefix_override:/home/rama/catkin_ws/install/nodes2/lib/python3.8/site-packages:${PYTHONPATH} /usr/bin/python3 setup.py egg_info --egg-base ../../build/nodes2 build --build-base /home/rama/catkin_ws/build/nodes2/build install --record /home/rama/catkin_ws/build/nodes2/install.log --install-scripts $base/lib/nodes2 --single-version-externally-managed
[3.523s] running egg_info
[3.525s] writing ../../build/nodes2/nodes2.egg-info/PKG-INFO
[3.529s] writing dependency_links to ../../build/nodes2/nodes2.egg-info/dependency_links.txt
[3.529s] writing entry points to ../../build/nodes2/nodes2.egg-info/entry_points.txt
[3.530s] writing requirements to ../../build/nodes2/nodes2.egg-info/requires.txt
[3.531s] writing top-level names to ../../build/nodes2/nodes2.egg-info/top_level.txt
[3.640s] reading manifest file '../../build/nodes2/nodes2.egg-info/SOURCES.txt'
[3.645s] writing manifest file '../../build/nodes2/nodes2.egg-info/SOURCES.txt'
[3.646s] running build
[3.646s] running build_py
[3.647s] running install
[3.648s] running install_lib
[3.650s] running install_data
[3.650s] running install_egg_info
[3.661s] removing '/home/rama/catkin_ws/install/nodes2/lib/python3.8/site-packages/nodes2-0.0.0-py3.8.egg-info' (and everything under it)
[3.661s] Copying ../../build/nodes2/nodes2.egg-info to /home/rama/catkin_ws/install/nodes2/lib/python3.8/site-packages/nodes2-0.0.0-py3.8.egg-info
[3.663s] running install_scripts
[3.726s] writing list of installed files to '/home/rama/catkin_ws/build/nodes2/install.log'
[3.817s] Invoked command in '/home/rama/catkin_ws/src/nodes2' returned '0': PYTHONPATH=/home/rama/catkin_ws/build/nodes2/prefix_override:/home/rama/catkin_ws/install/nodes2/lib/python3.8/site-packages:${PYTHONPATH} /usr/bin/python3 setup.py egg_info --egg-base ../../build/nodes2 build --build-base /home/rama/catkin_ws/build/nodes2/build install --record /home/rama/catkin_ws/build/nodes2/install.log --install-scripts $base/lib/nodes2 --single-version-externally-managed
