[1.439s] Invoking command in '/home/rama/catkin_ws/src/nodes': PYTHONPATH=/home/rama/catkin_ws/build/nodes/prefix_override:/home/rama/catkin_ws/install/nodes/lib/python3.8/site-packages:${PYTHONPATH} /usr/bin/python3 setup.py egg_info --egg-base ../../build/nodes build --build-base /home/rama/catkin_ws/build/nodes/build install --record /home/rama/catkin_ws/build/nodes/install.log --install-scripts $base/lib/nodes --single-version-externally-managed
[1.715s] running egg_info
[1.716s] writing ../../build/nodes/nodes.egg-info/PKG-INFO
[1.716s] writing dependency_links to ../../build/nodes/nodes.egg-info/dependency_links.txt
[1.716s] writing entry points to ../../build/nodes/nodes.egg-info/entry_points.txt
[1.716s] writing requirements to ../../build/nodes/nodes.egg-info/requires.txt
[1.717s] writing top-level names to ../../build/nodes/nodes.egg-info/top_level.txt
[1.762s] reading manifest file '../../build/nodes/nodes.egg-info/SOURCES.txt'
[1.763s] writing manifest file '../../build/nodes/nodes.egg-info/SOURCES.txt'
[1.764s] running build
[1.764s] running build_py
[1.765s] running install
[1.766s] running install_lib
[1.768s] running install_data
[1.769s] running install_egg_info
[1.772s] removing '/home/rama/catkin_ws/install/nodes/lib/python3.8/site-packages/nodes-0.0.0-py3.8.egg-info' (and everything under it)
[1.772s] Copying ../../build/nodes/nodes.egg-info to /home/rama/catkin_ws/install/nodes/lib/python3.8/site-packages/nodes-0.0.0-py3.8.egg-info
[1.773s] running install_scripts
[1.801s] Installing Handgesture_node script to /home/rama/catkin_ws/install/nodes/lib/nodes
[1.801s] Installing kf_depthCamera script to /home/rama/catkin_ws/install/nodes/lib/nodes
[1.801s] Installing obstacle_avoidance_node script to /home/rama/catkin_ws/install/nodes/lib/nodes
[1.801s] Installing test_node script to /home/rama/catkin_ws/install/nodes/lib/nodes
[1.802s] writing list of installed files to '/home/rama/catkin_ws/build/nodes/install.log'
[1.833s] Invoked command in '/home/rama/catkin_ws/src/nodes' returned '0': PYTHONPATH=/home/rama/catkin_ws/build/nodes/prefix_override:/home/rama/catkin_ws/install/nodes/lib/python3.8/site-packages:${PYTHONPATH} /usr/bin/python3 setup.py egg_info --egg-base ../../build/nodes build --build-base /home/rama/catkin_ws/build/nodes/build install --record /home/rama/catkin_ws/build/nodes/install.log --install-scripts $base/lib/nodes --single-version-externally-managed
