[1.250s] Invoking command in '/home/rama/catkin_ws/src/nodes': PYTHONPATH=/home/rama/catkin_ws/build/nodes/prefix_override:/home/rama/catkin_ws/install/nodes/lib/python3.8/site-packages:${PYTHONPATH} /usr/bin/python3 setup.py egg_info --egg-base ../../build/nodes build --build-base /home/rama/catkin_ws/build/nodes/build install --record /home/rama/catkin_ws/build/nodes/install.log --install-scripts $base/lib/nodes --single-version-externally-managed
[1.490s] running egg_info
[1.491s] writing ../../build/nodes/nodes.egg-info/PKG-INFO
[1.491s] writing dependency_links to ../../build/nodes/nodes.egg-info/dependency_links.txt
[1.491s] writing entry points to ../../build/nodes/nodes.egg-info/entry_points.txt
[1.492s] writing requirements to ../../build/nodes/nodes.egg-info/requires.txt
[1.492s] writing top-level names to ../../build/nodes/nodes.egg-info/top_level.txt
[1.531s] reading manifest file '../../build/nodes/nodes.egg-info/SOURCES.txt'
[1.531s] writing manifest file '../../build/nodes/nodes.egg-info/SOURCES.txt'
[1.532s] running build
[1.532s] running build_py
[1.532s] copying nodes/hand_gesture_recognition.py -> /home/rama/catkin_ws/build/nodes/build/lib/nodes
[1.532s] running install
[1.533s] running install_lib
[1.534s] copying /home/rama/catkin_ws/build/nodes/build/lib/nodes/hand_gesture_recognition.py -> /home/rama/catkin_ws/install/nodes/lib/python3.8/site-packages/nodes
[1.535s] byte-compiling /home/rama/catkin_ws/install/nodes/lib/python3.8/site-packages/nodes/hand_gesture_recognition.py to hand_gesture_recognition.cpython-38.pyc
[1.537s] running install_data
[1.538s] running install_egg_info
[1.540s] removing '/home/rama/catkin_ws/install/nodes/lib/python3.8/site-packages/nodes-0.0.0-py3.8.egg-info' (and everything under it)
[1.540s] Copying ../../build/nodes/nodes.egg-info to /home/rama/catkin_ws/install/nodes/lib/python3.8/site-packages/nodes-0.0.0-py3.8.egg-info
[1.541s] running install_scripts
[1.561s] Installing Handgesture_node script to /home/rama/catkin_ws/install/nodes/lib/nodes
[1.561s] Installing kf_depthCamera script to /home/rama/catkin_ws/install/nodes/lib/nodes
[1.561s] Installing test_node script to /home/rama/catkin_ws/install/nodes/lib/nodes
[1.561s] writing list of installed files to '/home/rama/catkin_ws/build/nodes/install.log'
[1.592s] Invoked command in '/home/rama/catkin_ws/src/nodes' returned '0': PYTHONPATH=/home/rama/catkin_ws/build/nodes/prefix_override:/home/rama/catkin_ws/install/nodes/lib/python3.8/site-packages:${PYTHONPATH} /usr/bin/python3 setup.py egg_info --egg-base ../../build/nodes build --build-base /home/rama/catkin_ws/build/nodes/build install --record /home/rama/catkin_ws/build/nodes/install.log --install-scripts $base/lib/nodes --single-version-externally-managed
