[0.129s] DEBUG:colcon:Command line arguments: ['/usr/bin/colcon', 'build', '--symlink-install']
[0.129s] DEBUG:colcon:Parsed command line arguments: Namespace(log_base=None, log_level=None, verb_name='build', build_base='build', install_base='install', merge_install=False, symlink_install=True, test_result_base=None, continue_on_error=False, executor='parallel', parallel_workers=8, event_handlers=None, ignore_user_meta=False, metas=['./colcon.meta'], base_paths=['.'], packages_ignore=None, packages_ignore_regex=None, paths=None, packages_up_to=None, packages_up_to_regex=None, packages_above=None, packages_above_and_dependencies=None, packages_above_depth=None, packages_select_by_dep=None, packages_skip_by_dep=None, packages_skip_up_to=None, packages_select_build_failed=False, packages_skip_build_finished=False, packages_select_test_failures=False, packages_skip_test_passed=False, packages_select=None, packages_skip=None, packages_select_regex=None, packages_skip_regex=None, packages_start=None, packages_end=None, allow_overriding=[], cmake_args=None, cmake_target=None, cmake_target_skip_unavailable=False, cmake_clean_cache=False, cmake_clean_first=False, cmake_force_configure=False, ament_cmake_args=None, catkin_cmake_args=None, catkin_skip_building_tests=False, verb_parser=<colcon_defaults.argument_parser.defaults.DefaultArgumentsDecorator object at 0x7f58a7ceace0>, verb_extension=<colcon_core.verb.build.BuildVerb object at 0x7f58a7f345e0>, main=<bound method BuildVerb.main of <colcon_core.verb.build.BuildVerb object at 0x7f58a7f345e0>>)
[0.388s] Level 1:colcon.colcon_core.package_discovery:discover_packages(colcon_meta) check parameters
[0.388s] Level 1:colcon.colcon_core.package_discovery:discover_packages(recursive) check parameters
[0.388s] Level 1:colcon.colcon_core.package_discovery:discover_packages(ignore) check parameters
[0.388s] Level 1:colcon.colcon_core.package_discovery:discover_packages(path) check parameters
[0.388s] Level 1:colcon.colcon_core.package_discovery:discover_packages(colcon_meta) discover
[0.388s] Level 1:colcon.colcon_core.package_discovery:discover_packages(recursive) discover
[0.388s] INFO:colcon.colcon_core.package_discovery:Crawling recursively for packages in '/home/marvin/RobotArchitecture/ros2_ws'
[0.388s] Level 1:colcon.colcon_core.package_identification:_identify(.) by extensions ['ignore', 'ignore_ament_install']
[0.389s] Level 1:colcon.colcon_core.package_identification:_identify(.) by extension 'ignore'
[0.389s] Level 1:colcon.colcon_core.package_identification:_identify(.) by extension 'ignore_ament_install'
[0.389s] Level 1:colcon.colcon_core.package_identification:_identify(.) by extensions ['colcon_pkg']
[0.389s] Level 1:colcon.colcon_core.package_identification:_identify(.) by extension 'colcon_pkg'
[0.389s] Level 1:colcon.colcon_core.package_identification:_identify(.) by extensions ['colcon_meta']
[0.389s] Level 1:colcon.colcon_core.package_identification:_identify(.) by extension 'colcon_meta'
[0.389s] Level 1:colcon.colcon_core.package_identification:_identify(.) by extensions ['ros']
[0.389s] Level 1:colcon.colcon_core.package_identification:_identify(.) by extension 'ros'
[0.401s] Level 1:colcon.colcon_core.package_identification:_identify(.) by extensions ['cmake', 'python']
[0.401s] Level 1:colcon.colcon_core.package_identification:_identify(.) by extension 'cmake'
[0.401s] Level 1:colcon.colcon_core.package_identification:_identify(.) by extension 'python'
[0.401s] Level 1:colcon.colcon_core.package_identification:_identify(.) by extensions ['python_setup_py']
[0.401s] Level 1:colcon.colcon_core.package_identification:_identify(.) by extension 'python_setup_py'
[0.401s] Level 1:colcon.colcon_core.package_identification:_identify(build) by extensions ['ignore', 'ignore_ament_install']
[0.401s] Level 1:colcon.colcon_core.package_identification:_identify(build) by extension 'ignore'
[0.402s] Level 1:colcon.colcon_core.package_identification:_identify(build) ignored
[0.402s] Level 1:colcon.colcon_core.package_identification:_identify(install) by extensions ['ignore', 'ignore_ament_install']
[0.402s] Level 1:colcon.colcon_core.package_identification:_identify(install) by extension 'ignore'
[0.402s] Level 1:colcon.colcon_core.package_identification:_identify(install) ignored
[0.402s] Level 1:colcon.colcon_core.package_identification:_identify(log) by extensions ['ignore', 'ignore_ament_install']
[0.402s] Level 1:colcon.colcon_core.package_identification:_identify(log) by extension 'ignore'
[0.402s] Level 1:colcon.colcon_core.package_identification:_identify(log) ignored
[0.402s] Level 1:colcon.colcon_core.package_identification:_identify(src) by extensions ['ignore', 'ignore_ament_install']
[0.402s] Level 1:colcon.colcon_core.package_identification:_identify(src) by extension 'ignore'
[0.402s] Level 1:colcon.colcon_core.package_identification:_identify(src) by extension 'ignore_ament_install'
[0.402s] Level 1:colcon.colcon_core.package_identification:_identify(src) by extensions ['colcon_pkg']
[0.402s] Level 1:colcon.colcon_core.package_identification:_identify(src) by extension 'colcon_pkg'
[0.402s] Level 1:colcon.colcon_core.package_identification:_identify(src) by extensions ['colcon_meta']
[0.403s] Level 1:colcon.colcon_core.package_identification:_identify(src) by extension 'colcon_meta'
[0.403s] Level 1:colcon.colcon_core.package_identification:_identify(src) by extensions ['ros']
[0.403s] Level 1:colcon.colcon_core.package_identification:_identify(src) by extension 'ros'
[0.403s] Level 1:colcon.colcon_core.package_identification:_identify(src) by extensions ['cmake', 'python']
[0.403s] Level 1:colcon.colcon_core.package_identification:_identify(src) by extension 'cmake'
[0.403s] Level 1:colcon.colcon_core.package_identification:_identify(src) by extension 'python'
[0.403s] Level 1:colcon.colcon_core.package_identification:_identify(src) by extensions ['python_setup_py']
[0.403s] Level 1:colcon.colcon_core.package_identification:_identify(src) by extension 'python_setup_py'
[0.403s] Level 1:colcon.colcon_core.package_identification:_identify(src/custom_msgs) by extensions ['ignore', 'ignore_ament_install']
[0.403s] Level 1:colcon.colcon_core.package_identification:_identify(src/custom_msgs) by extension 'ignore'
[0.403s] Level 1:colcon.colcon_core.package_identification:_identify(src/custom_msgs) by extension 'ignore_ament_install'
[0.403s] Level 1:colcon.colcon_core.package_identification:_identify(src/custom_msgs) by extensions ['colcon_pkg']
[0.403s] Level 1:colcon.colcon_core.package_identification:_identify(src/custom_msgs) by extension 'colcon_pkg'
[0.403s] Level 1:colcon.colcon_core.package_identification:_identify(src/custom_msgs) by extensions ['colcon_meta']
[0.403s] Level 1:colcon.colcon_core.package_identification:_identify(src/custom_msgs) by extension 'colcon_meta'
[0.403s] Level 1:colcon.colcon_core.package_identification:_identify(src/custom_msgs) by extensions ['ros']
[0.403s] Level 1:colcon.colcon_core.package_identification:_identify(src/custom_msgs) by extension 'ros'
[0.406s] DEBUG:colcon.colcon_core.package_identification:Package 'src/custom_msgs' with type 'ros.ament_cmake' and name 'custom_msgs'
[0.407s] Level 1:colcon.colcon_core.package_identification:_identify(src/turtlebot3_control_services) by extensions ['ignore', 'ignore_ament_install']
[0.407s] Level 1:colcon.colcon_core.package_identification:_identify(src/turtlebot3_control_services) by extension 'ignore'
[0.407s] Level 1:colcon.colcon_core.package_identification:_identify(src/turtlebot3_control_services) by extension 'ignore_ament_install'
[0.407s] Level 1:colcon.colcon_core.package_identification:_identify(src/turtlebot3_control_services) by extensions ['colcon_pkg']
[0.407s] Level 1:colcon.colcon_core.package_identification:_identify(src/turtlebot3_control_services) by extension 'colcon_pkg'
[0.407s] Level 1:colcon.colcon_core.package_identification:_identify(src/turtlebot3_control_services) by extensions ['colcon_meta']
[0.407s] Level 1:colcon.colcon_core.package_identification:_identify(src/turtlebot3_control_services) by extension 'colcon_meta'
[0.407s] Level 1:colcon.colcon_core.package_identification:_identify(src/turtlebot3_control_services) by extensions ['ros']
[0.407s] Level 1:colcon.colcon_core.package_identification:_identify(src/turtlebot3_control_services) by extension 'ros'
[0.408s] DEBUG:colcon.colcon_core.package_identification:Package 'src/turtlebot3_control_services' with type 'ros.ament_cmake' and name 'turtlebot3_control_services'
[0.408s] Level 1:colcon.colcon_core.package_identification:_identify(src/turtlebot3_hardware_control) by extensions ['ignore', 'ignore_ament_install']
[0.408s] Level 1:colcon.colcon_core.package_identification:_identify(src/turtlebot3_hardware_control) by extension 'ignore'
[0.408s] Level 1:colcon.colcon_core.package_identification:_identify(src/turtlebot3_hardware_control) by extension 'ignore_ament_install'
[0.408s] Level 1:colcon.colcon_core.package_identification:_identify(src/turtlebot3_hardware_control) by extensions ['colcon_pkg']
[0.408s] Level 1:colcon.colcon_core.package_identification:_identify(src/turtlebot3_hardware_control) by extension 'colcon_pkg'
[0.408s] Level 1:colcon.colcon_core.package_identification:_identify(src/turtlebot3_hardware_control) by extensions ['colcon_meta']
[0.408s] Level 1:colcon.colcon_core.package_identification:_identify(src/turtlebot3_hardware_control) by extension 'colcon_meta'
[0.408s] Level 1:colcon.colcon_core.package_identification:_identify(src/turtlebot3_hardware_control) by extensions ['ros']
[0.408s] Level 1:colcon.colcon_core.package_identification:_identify(src/turtlebot3_hardware_control) by extension 'ros'
[0.409s] DEBUG:colcon.colcon_core.package_identification:Package 'src/turtlebot3_hardware_control' with type 'ros.ament_python' and name 'turtlebot3_hardware_control'
[0.409s] Level 1:colcon.colcon_core.package_identification:_identify(src/turtlebot3_obstacle_avoidance) by extensions ['ignore', 'ignore_ament_install']
[0.409s] Level 1:colcon.colcon_core.package_identification:_identify(src/turtlebot3_obstacle_avoidance) by extension 'ignore'
[0.409s] Level 1:colcon.colcon_core.package_identification:_identify(src/turtlebot3_obstacle_avoidance) by extension 'ignore_ament_install'
[0.409s] Level 1:colcon.colcon_core.package_identification:_identify(src/turtlebot3_obstacle_avoidance) by extensions ['colcon_pkg']
[0.409s] Level 1:colcon.colcon_core.package_identification:_identify(src/turtlebot3_obstacle_avoidance) by extension 'colcon_pkg'
[0.410s] Level 1:colcon.colcon_core.package_identification:_identify(src/turtlebot3_obstacle_avoidance) by extensions ['colcon_meta']
[0.410s] Level 1:colcon.colcon_core.package_identification:_identify(src/turtlebot3_obstacle_avoidance) by extension 'colcon_meta'
[0.410s] Level 1:colcon.colcon_core.package_identification:_identify(src/turtlebot3_obstacle_avoidance) by extensions ['ros']
[0.410s] Level 1:colcon.colcon_core.package_identification:_identify(src/turtlebot3_obstacle_avoidance) by extension 'ros'
[0.410s] DEBUG:colcon.colcon_core.package_identification:Package 'src/turtlebot3_obstacle_avoidance' with type 'ros.ament_python' and name 'turtlebot3_obstacle_avoidance'
[0.411s] Level 1:colcon.colcon_core.package_identification:_identify(src/turtlebot3_random_explorer) by extensions ['ignore', 'ignore_ament_install']
[0.411s] Level 1:colcon.colcon_core.package_identification:_identify(src/turtlebot3_random_explorer) by extension 'ignore'
[0.411s] Level 1:colcon.colcon_core.package_identification:_identify(src/turtlebot3_random_explorer) by extension 'ignore_ament_install'
[0.411s] Level 1:colcon.colcon_core.package_identification:_identify(src/turtlebot3_random_explorer) by extensions ['colcon_pkg']
[0.411s] Level 1:colcon.colcon_core.package_identification:_identify(src/turtlebot3_random_explorer) by extension 'colcon_pkg'
[0.411s] Level 1:colcon.colcon_core.package_identification:_identify(src/turtlebot3_random_explorer) by extensions ['colcon_meta']
[0.411s] Level 1:colcon.colcon_core.package_identification:_identify(src/turtlebot3_random_explorer) by extension 'colcon_meta'
[0.411s] Level 1:colcon.colcon_core.package_identification:_identify(src/turtlebot3_random_explorer) by extensions ['ros']
[0.411s] Level 1:colcon.colcon_core.package_identification:_identify(src/turtlebot3_random_explorer) by extension 'ros'
[0.412s] DEBUG:colcon.colcon_core.package_identification:Package 'src/turtlebot3_random_explorer' with type 'ros.ament_python' and name 'turtlebot3_random_explorer'
[0.412s] Level 1:colcon.colcon_core.package_discovery:discover_packages(recursive) using defaults
[0.412s] Level 1:colcon.colcon_core.package_discovery:discover_packages(ignore) discover
[0.412s] Level 1:colcon.colcon_core.package_discovery:discover_packages(ignore) using defaults
[0.412s] Level 1:colcon.colcon_core.package_discovery:discover_packages(path) discover
[0.412s] Level 1:colcon.colcon_core.package_discovery:discover_packages(path) using defaults
[0.446s] Level 1:colcon.colcon_core.package_discovery:discover_packages(prefix_path) check parameters
[0.446s] Level 1:colcon.colcon_core.package_discovery:discover_packages(prefix_path) discover
[0.450s] DEBUG:colcon.colcon_installed_package_information.package_discovery:Found 5 installed packages in /home/marvin/RobotArchitecture/ros2_ws/install
[0.451s] DEBUG:colcon.colcon_installed_package_information.package_discovery:Found 13 installed packages in /home/marvin/turtlebot3_ws/install
[0.451s] DEBUG:colcon.colcon_installed_package_information.package_discovery:Found 2 installed packages in /home/marvin/install
[0.453s] DEBUG:colcon.colcon_installed_package_information.package_discovery:Found 439 installed packages in /opt/ros/humble
[0.455s] Level 1:colcon.colcon_core.package_discovery:discover_packages(prefix_path) using defaults
[0.517s] Level 5:colcon.colcon_core.verb:set package 'custom_msgs' build argument 'cmake_args' from command line to 'None'
[0.517s] Level 5:colcon.colcon_core.verb:set package 'custom_msgs' build argument 'cmake_target' from command line to 'None'
[0.517s] Level 5:colcon.colcon_core.verb:set package 'custom_msgs' build argument 'cmake_target_skip_unavailable' from command line to 'False'
[0.517s] Level 5:colcon.colcon_core.verb:set package 'custom_msgs' build argument 'cmake_clean_cache' from command line to 'False'
[0.517s] Level 5:colcon.colcon_core.verb:set package 'custom_msgs' build argument 'cmake_clean_first' from command line to 'False'
[0.517s] Level 5:colcon.colcon_core.verb:set package 'custom_msgs' build argument 'cmake_force_configure' from command line to 'False'
[0.517s] Level 5:colcon.colcon_core.verb:set package 'custom_msgs' build argument 'ament_cmake_args' from command line to 'None'
[0.517s] Level 5:colcon.colcon_core.verb:set package 'custom_msgs' build argument 'catkin_cmake_args' from command line to 'None'
[0.517s] Level 5:colcon.colcon_core.verb:set package 'custom_msgs' build argument 'catkin_skip_building_tests' from command line to 'False'
[0.517s] DEBUG:colcon.colcon_core.verb:Building package 'custom_msgs' with the following arguments: {'ament_cmake_args': None, 'build_base': '/home/marvin/RobotArchitecture/ros2_ws/build/custom_msgs', 'catkin_cmake_args': None, 'catkin_skip_building_tests': False, 'cmake_args': None, 'cmake_clean_cache': False, 'cmake_clean_first': False, 'cmake_force_configure': False, 'cmake_target': None, 'cmake_target_skip_unavailable': False, 'install_base': '/home/marvin/RobotArchitecture/ros2_ws/install/custom_msgs', 'merge_install': False, 'path': '/home/marvin/RobotArchitecture/ros2_ws/src/custom_msgs', 'symlink_install': True, 'test_result_base': None}
[0.518s] Level 5:colcon.colcon_core.verb:set package 'turtlebot3_control_services' build argument 'cmake_args' from command line to 'None'
[0.518s] Level 5:colcon.colcon_core.verb:set package 'turtlebot3_control_services' build argument 'cmake_target' from command line to 'None'
[0.518s] Level 5:colcon.colcon_core.verb:set package 'turtlebot3_control_services' build argument 'cmake_target_skip_unavailable' from command line to 'False'
[0.518s] Level 5:colcon.colcon_core.verb:set package 'turtlebot3_control_services' build argument 'cmake_clean_cache' from command line to 'False'
[0.518s] Level 5:colcon.colcon_core.verb:set package 'turtlebot3_control_services' build argument 'cmake_clean_first' from command line to 'False'
[0.518s] Level 5:colcon.colcon_core.verb:set package 'turtlebot3_control_services' build argument 'cmake_force_configure' from command line to 'False'
[0.518s] Level 5:colcon.colcon_core.verb:set package 'turtlebot3_control_services' build argument 'ament_cmake_args' from command line to 'None'
[0.518s] Level 5:colcon.colcon_core.verb:set package 'turtlebot3_control_services' build argument 'catkin_cmake_args' from command line to 'None'
[0.518s] Level 5:colcon.colcon_core.verb:set package 'turtlebot3_control_services' build argument 'catkin_skip_building_tests' from command line to 'False'
[0.518s] DEBUG:colcon.colcon_core.verb:Building package 'turtlebot3_control_services' with the following arguments: {'ament_cmake_args': None, 'build_base': '/home/marvin/RobotArchitecture/ros2_ws/build/turtlebot3_control_services', 'catkin_cmake_args': None, 'catkin_skip_building_tests': False, 'cmake_args': None, 'cmake_clean_cache': False, 'cmake_clean_first': False, 'cmake_force_configure': False, 'cmake_target': None, 'cmake_target_skip_unavailable': False, 'install_base': '/home/marvin/RobotArchitecture/ros2_ws/install/turtlebot3_control_services', 'merge_install': False, 'path': '/home/marvin/RobotArchitecture/ros2_ws/src/turtlebot3_control_services', 'symlink_install': True, 'test_result_base': None}
[0.518s] Level 5:colcon.colcon_core.verb:set package 'turtlebot3_hardware_control' build argument 'cmake_args' from command line to 'None'
[0.518s] Level 5:colcon.colcon_core.verb:set package 'turtlebot3_hardware_control' build argument 'cmake_target' from command line to 'None'
[0.518s] Level 5:colcon.colcon_core.verb:set package 'turtlebot3_hardware_control' build argument 'cmake_target_skip_unavailable' from command line to 'False'
[0.518s] Level 5:colcon.colcon_core.verb:set package 'turtlebot3_hardware_control' build argument 'cmake_clean_cache' from command line to 'False'
[0.518s] Level 5:colcon.colcon_core.verb:set package 'turtlebot3_hardware_control' build argument 'cmake_clean_first' from command line to 'False'
[0.518s] Level 5:colcon.colcon_core.verb:set package 'turtlebot3_hardware_control' build argument 'cmake_force_configure' from command line to 'False'
[0.518s] Level 5:colcon.colcon_core.verb:set package 'turtlebot3_hardware_control' build argument 'ament_cmake_args' from command line to 'None'
[0.519s] Level 5:colcon.colcon_core.verb:set package 'turtlebot3_hardware_control' build argument 'catkin_cmake_args' from command line to 'None'
[0.519s] Level 5:colcon.colcon_core.verb:set package 'turtlebot3_hardware_control' build argument 'catkin_skip_building_tests' from command line to 'False'
[0.519s] DEBUG:colcon.colcon_core.verb:Building package 'turtlebot3_hardware_control' with the following arguments: {'ament_cmake_args': None, 'build_base': '/home/marvin/RobotArchitecture/ros2_ws/build/turtlebot3_hardware_control', 'catkin_cmake_args': None, 'catkin_skip_building_tests': False, 'cmake_args': None, 'cmake_clean_cache': False, 'cmake_clean_first': False, 'cmake_force_configure': False, 'cmake_target': None, 'cmake_target_skip_unavailable': False, 'install_base': '/home/marvin/RobotArchitecture/ros2_ws/install/turtlebot3_hardware_control', 'merge_install': False, 'path': '/home/marvin/RobotArchitecture/ros2_ws/src/turtlebot3_hardware_control', 'symlink_install': True, 'test_result_base': None}
[0.519s] Level 5:colcon.colcon_core.verb:set package 'turtlebot3_obstacle_avoidance' build argument 'cmake_args' from command line to 'None'
[0.519s] Level 5:colcon.colcon_core.verb:set package 'turtlebot3_obstacle_avoidance' build argument 'cmake_target' from command line to 'None'
[0.519s] Level 5:colcon.colcon_core.verb:set package 'turtlebot3_obstacle_avoidance' build argument 'cmake_target_skip_unavailable' from command line to 'False'
[0.519s] Level 5:colcon.colcon_core.verb:set package 'turtlebot3_obstacle_avoidance' build argument 'cmake_clean_cache' from command line to 'False'
[0.519s] Level 5:colcon.colcon_core.verb:set package 'turtlebot3_obstacle_avoidance' build argument 'cmake_clean_first' from command line to 'False'
[0.519s] Level 5:colcon.colcon_core.verb:set package 'turtlebot3_obstacle_avoidance' build argument 'cmake_force_configure' from command line to 'False'
[0.519s] Level 5:colcon.colcon_core.verb:set package 'turtlebot3_obstacle_avoidance' build argument 'ament_cmake_args' from command line to 'None'
[0.519s] Level 5:colcon.colcon_core.verb:set package 'turtlebot3_obstacle_avoidance' build argument 'catkin_cmake_args' from command line to 'None'
[0.519s] Level 5:colcon.colcon_core.verb:set package 'turtlebot3_obstacle_avoidance' build argument 'catkin_skip_building_tests' from command line to 'False'
[0.519s] DEBUG:colcon.colcon_core.verb:Building package 'turtlebot3_obstacle_avoidance' with the following arguments: {'ament_cmake_args': None, 'build_base': '/home/marvin/RobotArchitecture/ros2_ws/build/turtlebot3_obstacle_avoidance', 'catkin_cmake_args': None, 'catkin_skip_building_tests': False, 'cmake_args': None, 'cmake_clean_cache': False, 'cmake_clean_first': False, 'cmake_force_configure': False, 'cmake_target': None, 'cmake_target_skip_unavailable': False, 'install_base': '/home/marvin/RobotArchitecture/ros2_ws/install/turtlebot3_obstacle_avoidance', 'merge_install': False, 'path': '/home/marvin/RobotArchitecture/ros2_ws/src/turtlebot3_obstacle_avoidance', 'symlink_install': True, 'test_result_base': None}
[0.519s] Level 5:colcon.colcon_core.verb:set package 'turtlebot3_random_explorer' build argument 'cmake_args' from command line to 'None'
[0.520s] Level 5:colcon.colcon_core.verb:set package 'turtlebot3_random_explorer' build argument 'cmake_target' from command line to 'None'
[0.520s] Level 5:colcon.colcon_core.verb:set package 'turtlebot3_random_explorer' build argument 'cmake_target_skip_unavailable' from command line to 'False'
[0.520s] Level 5:colcon.colcon_core.verb:set package 'turtlebot3_random_explorer' build argument 'cmake_clean_cache' from command line to 'False'
[0.520s] Level 5:colcon.colcon_core.verb:set package 'turtlebot3_random_explorer' build argument 'cmake_clean_first' from command line to 'False'
[0.520s] Level 5:colcon.colcon_core.verb:set package 'turtlebot3_random_explorer' build argument 'cmake_force_configure' from command line to 'False'
[0.520s] Level 5:colcon.colcon_core.verb:set package 'turtlebot3_random_explorer' build argument 'ament_cmake_args' from command line to 'None'
[0.520s] Level 5:colcon.colcon_core.verb:set package 'turtlebot3_random_explorer' build argument 'catkin_cmake_args' from command line to 'None'
[0.520s] Level 5:colcon.colcon_core.verb:set package 'turtlebot3_random_explorer' build argument 'catkin_skip_building_tests' from command line to 'False'
[0.520s] DEBUG:colcon.colcon_core.verb:Building package 'turtlebot3_random_explorer' with the following arguments: {'ament_cmake_args': None, 'build_base': '/home/marvin/RobotArchitecture/ros2_ws/build/turtlebot3_random_explorer', 'catkin_cmake_args': None, 'catkin_skip_building_tests': False, 'cmake_args': None, 'cmake_clean_cache': False, 'cmake_clean_first': False, 'cmake_force_configure': False, 'cmake_target': None, 'cmake_target_skip_unavailable': False, 'install_base': '/home/marvin/RobotArchitecture/ros2_ws/install/turtlebot3_random_explorer', 'merge_install': False, 'path': '/home/marvin/RobotArchitecture/ros2_ws/src/turtlebot3_random_explorer', 'symlink_install': True, 'test_result_base': None}
[0.520s] INFO:colcon.colcon_core.executor:Executing jobs using 'parallel' executor
[0.521s] DEBUG:colcon.colcon_parallel_executor.executor.parallel:run_until_complete
[0.521s] INFO:colcon.colcon_ros.task.ament_cmake.build:Building ROS package in '/home/marvin/RobotArchitecture/ros2_ws/src/custom_msgs' with build type 'ament_cmake'
[0.521s] INFO:colcon.colcon_cmake.task.cmake.build:Building CMake package in '/home/marvin/RobotArchitecture/ros2_ws/src/custom_msgs'
[0.525s] INFO:colcon.colcon_core.plugin_system:Skipping extension 'colcon_core.shell.bat': Not used on non-Windows systems
[0.525s] INFO:colcon.colcon_core.shell:Skip shell extension 'powershell' for command environment: Not usable outside of PowerShell
[0.525s] DEBUG:colcon.colcon_core.shell:Skip shell extension 'dsv' for command environment
[0.535s] DEBUG:colcon.colcon_core.event_handler.log_command:Invoking command in '/home/marvin/RobotArchitecture/ros2_ws/build/custom_msgs': CMAKE_PREFIX_PATH=${CMAKE_PREFIX_PATH}:/home/marvin/RobotArchitecture/ros2_ws/install/turtlebot3_random_explorer:/home/marvin/RobotArchitecture/ros2_ws/install/turtlebot3_obstacle_avoidance:/home/marvin/RobotArchitecture/ros2_ws/install/turtlebot3_hardware_control:/home/marvin/install/turtlebot3_hardware_control:/home/marvin/install/turtlebot3_explorer:/home/marvin/turtlebot3_ws/install/turtlebot3_teleop:/home/marvin/turtlebot3_ws/install/turtlebot3_obstacle_avoidance:/home/marvin/turtlebot3_ws/install/turtlebot3_hardware_control:/home/marvin/turtlebot3_ws/install/turtlebot3_example:/opt/ros/humble /usr/bin/cmake --build /home/marvin/RobotArchitecture/ros2_ws/build/custom_msgs -- -j8 -l8
[0.997s] DEBUG:colcon.colcon_core.event_handler.log_command:Invoked command in '/home/marvin/RobotArchitecture/ros2_ws/build/custom_msgs' returned '0': CMAKE_PREFIX_PATH=${CMAKE_PREFIX_PATH}:/home/marvin/RobotArchitecture/ros2_ws/install/turtlebot3_random_explorer:/home/marvin/RobotArchitecture/ros2_ws/install/turtlebot3_obstacle_avoidance:/home/marvin/RobotArchitecture/ros2_ws/install/turtlebot3_hardware_control:/home/marvin/install/turtlebot3_hardware_control:/home/marvin/install/turtlebot3_explorer:/home/marvin/turtlebot3_ws/install/turtlebot3_teleop:/home/marvin/turtlebot3_ws/install/turtlebot3_obstacle_avoidance:/home/marvin/turtlebot3_ws/install/turtlebot3_hardware_control:/home/marvin/turtlebot3_ws/install/turtlebot3_example:/opt/ros/humble /usr/bin/cmake --build /home/marvin/RobotArchitecture/ros2_ws/build/custom_msgs -- -j8 -l8
[1.055s] DEBUG:colcon.colcon_core.event_handler.log_command:Invoking command in '/home/marvin/RobotArchitecture/ros2_ws/build/custom_msgs': CMAKE_PREFIX_PATH=${CMAKE_PREFIX_PATH}:/home/marvin/RobotArchitecture/ros2_ws/install/turtlebot3_random_explorer:/home/marvin/RobotArchitecture/ros2_ws/install/turtlebot3_obstacle_avoidance:/home/marvin/RobotArchitecture/ros2_ws/install/turtlebot3_hardware_control:/home/marvin/install/turtlebot3_hardware_control:/home/marvin/install/turtlebot3_explorer:/home/marvin/turtlebot3_ws/install/turtlebot3_teleop:/home/marvin/turtlebot3_ws/install/turtlebot3_obstacle_avoidance:/home/marvin/turtlebot3_ws/install/turtlebot3_hardware_control:/home/marvin/turtlebot3_ws/install/turtlebot3_example:/opt/ros/humble /usr/bin/cmake --install /home/marvin/RobotArchitecture/ros2_ws/build/custom_msgs
[1.130s] Level 1:colcon.colcon_core.environment:create_environment_scripts_only(custom_msgs)
[1.130s] DEBUG:colcon.colcon_core.event_handler.log_command:Invoked command in '/home/marvin/RobotArchitecture/ros2_ws/build/custom_msgs' returned '0': CMAKE_PREFIX_PATH=${CMAKE_PREFIX_PATH}:/home/marvin/RobotArchitecture/ros2_ws/install/turtlebot3_random_explorer:/home/marvin/RobotArchitecture/ros2_ws/install/turtlebot3_obstacle_avoidance:/home/marvin/RobotArchitecture/ros2_ws/install/turtlebot3_hardware_control:/home/marvin/install/turtlebot3_hardware_control:/home/marvin/install/turtlebot3_explorer:/home/marvin/turtlebot3_ws/install/turtlebot3_teleop:/home/marvin/turtlebot3_ws/install/turtlebot3_obstacle_avoidance:/home/marvin/turtlebot3_ws/install/turtlebot3_hardware_control:/home/marvin/turtlebot3_ws/install/turtlebot3_example:/opt/ros/humble /usr/bin/cmake --install /home/marvin/RobotArchitecture/ros2_ws/build/custom_msgs
[1.135s] Level 1:colcon.colcon_core.environment:checking '/home/marvin/RobotArchitecture/ros2_ws/install/custom_msgs' for CMake module files
[1.135s] Level 1:colcon.colcon_core.environment:checking '/home/marvin/RobotArchitecture/ros2_ws/install/custom_msgs' for CMake config files
[1.135s] Level 1:colcon.colcon_core.shell:create_environment_hook('custom_msgs', 'cmake_prefix_path')
[1.136s] INFO:colcon.colcon_core.shell:Creating environment hook '/home/marvin/RobotArchitecture/ros2_ws/install/custom_msgs/share/custom_msgs/hook/cmake_prefix_path.ps1'
[1.136s] INFO:colcon.colcon_core.shell:Creating environment descriptor '/home/marvin/RobotArchitecture/ros2_ws/install/custom_msgs/share/custom_msgs/hook/cmake_prefix_path.dsv'
[1.137s] INFO:colcon.colcon_core.shell:Creating environment hook '/home/marvin/RobotArchitecture/ros2_ws/install/custom_msgs/share/custom_msgs/hook/cmake_prefix_path.sh'
[1.138s] Level 1:colcon.colcon_core.environment:checking '/home/marvin/RobotArchitecture/ros2_ws/install/custom_msgs/lib'
[1.138s] Level 1:colcon.colcon_core.shell:create_environment_hook('custom_msgs', 'ld_library_path_lib')
[1.138s] INFO:colcon.colcon_core.shell:Creating environment hook '/home/marvin/RobotArchitecture/ros2_ws/install/custom_msgs/share/custom_msgs/hook/ld_library_path_lib.ps1'
[1.138s] INFO:colcon.colcon_core.shell:Creating environment descriptor '/home/marvin/RobotArchitecture/ros2_ws/install/custom_msgs/share/custom_msgs/hook/ld_library_path_lib.dsv'
[1.139s] INFO:colcon.colcon_core.shell:Creating environment hook '/home/marvin/RobotArchitecture/ros2_ws/install/custom_msgs/share/custom_msgs/hook/ld_library_path_lib.sh'
[1.139s] Level 1:colcon.colcon_core.environment:checking '/home/marvin/RobotArchitecture/ros2_ws/install/custom_msgs/bin'
[1.139s] Level 1:colcon.colcon_core.environment:checking '/home/marvin/RobotArchitecture/ros2_ws/install/custom_msgs/lib/pkgconfig/custom_msgs.pc'
[1.139s] Level 1:colcon.colcon_core.environment:checking '/home/marvin/RobotArchitecture/ros2_ws/install/custom_msgs/lib/python3.10/site-packages'
[1.139s] Level 1:colcon.colcon_core.environment:checking '/home/marvin/RobotArchitecture/ros2_ws/install/custom_msgs/bin'
[1.140s] INFO:colcon.colcon_core.shell:Creating package script '/home/marvin/RobotArchitecture/ros2_ws/install/custom_msgs/share/custom_msgs/package.ps1'
[1.140s] INFO:colcon.colcon_core.shell:Creating package descriptor '/home/marvin/RobotArchitecture/ros2_ws/install/custom_msgs/share/custom_msgs/package.dsv'
[1.141s] INFO:colcon.colcon_core.shell:Creating package script '/home/marvin/RobotArchitecture/ros2_ws/install/custom_msgs/share/custom_msgs/package.sh'
[1.142s] INFO:colcon.colcon_core.shell:Creating package script '/home/marvin/RobotArchitecture/ros2_ws/install/custom_msgs/share/custom_msgs/package.bash'
[1.142s] INFO:colcon.colcon_core.shell:Creating package script '/home/marvin/RobotArchitecture/ros2_ws/install/custom_msgs/share/custom_msgs/package.zsh'
[1.143s] Level 1:colcon.colcon_core.environment:create_file_with_runtime_dependencies(/home/marvin/RobotArchitecture/ros2_ws/install/custom_msgs/share/colcon-core/packages/custom_msgs)
[1.192s] Level 1:colcon.colcon_core.environment:create_environment_scripts_only(custom_msgs)
[1.193s] Level 1:colcon.colcon_core.environment:checking '/home/marvin/RobotArchitecture/ros2_ws/install/custom_msgs' for CMake module files
[1.193s] Level 1:colcon.colcon_core.environment:checking '/home/marvin/RobotArchitecture/ros2_ws/install/custom_msgs' for CMake config files
[1.194s] Level 1:colcon.colcon_core.shell:create_environment_hook('custom_msgs', 'cmake_prefix_path')
[1.194s] INFO:colcon.colcon_core.shell:Creating environment hook '/home/marvin/RobotArchitecture/ros2_ws/install/custom_msgs/share/custom_msgs/hook/cmake_prefix_path.ps1'
[1.194s] INFO:colcon.colcon_core.shell:Creating environment descriptor '/home/marvin/RobotArchitecture/ros2_ws/install/custom_msgs/share/custom_msgs/hook/cmake_prefix_path.dsv'
[1.194s] INFO:colcon.colcon_core.shell:Creating environment hook '/home/marvin/RobotArchitecture/ros2_ws/install/custom_msgs/share/custom_msgs/hook/cmake_prefix_path.sh'
[1.195s] Level 1:colcon.colcon_core.environment:checking '/home/marvin/RobotArchitecture/ros2_ws/install/custom_msgs/lib'
[1.195s] Level 1:colcon.colcon_core.shell:create_environment_hook('custom_msgs', 'ld_library_path_lib')
[1.195s] INFO:colcon.colcon_core.shell:Creating environment hook '/home/marvin/RobotArchitecture/ros2_ws/install/custom_msgs/share/custom_msgs/hook/ld_library_path_lib.ps1'
[1.196s] INFO:colcon.colcon_core.shell:Creating environment descriptor '/home/marvin/RobotArchitecture/ros2_ws/install/custom_msgs/share/custom_msgs/hook/ld_library_path_lib.dsv'
[1.196s] INFO:colcon.colcon_core.shell:Creating environment hook '/home/marvin/RobotArchitecture/ros2_ws/install/custom_msgs/share/custom_msgs/hook/ld_library_path_lib.sh'
[1.196s] Level 1:colcon.colcon_core.environment:checking '/home/marvin/RobotArchitecture/ros2_ws/install/custom_msgs/bin'
[1.196s] Level 1:colcon.colcon_core.environment:checking '/home/marvin/RobotArchitecture/ros2_ws/install/custom_msgs/lib/pkgconfig/custom_msgs.pc'
[1.196s] Level 1:colcon.colcon_core.environment:checking '/home/marvin/RobotArchitecture/ros2_ws/install/custom_msgs/lib/python3.10/site-packages'
[1.197s] Level 1:colcon.colcon_core.environment:checking '/home/marvin/RobotArchitecture/ros2_ws/install/custom_msgs/bin'
[1.197s] INFO:colcon.colcon_core.shell:Creating package script '/home/marvin/RobotArchitecture/ros2_ws/install/custom_msgs/share/custom_msgs/package.ps1'
[1.197s] INFO:colcon.colcon_core.shell:Creating package descriptor '/home/marvin/RobotArchitecture/ros2_ws/install/custom_msgs/share/custom_msgs/package.dsv'
[1.198s] INFO:colcon.colcon_core.shell:Creating package script '/home/marvin/RobotArchitecture/ros2_ws/install/custom_msgs/share/custom_msgs/package.sh'
[1.198s] INFO:colcon.colcon_core.shell:Creating package script '/home/marvin/RobotArchitecture/ros2_ws/install/custom_msgs/share/custom_msgs/package.bash'
[1.198s] INFO:colcon.colcon_core.shell:Creating package script '/home/marvin/RobotArchitecture/ros2_ws/install/custom_msgs/share/custom_msgs/package.zsh'
[1.199s] Level 1:colcon.colcon_core.environment:create_file_with_runtime_dependencies(/home/marvin/RobotArchitecture/ros2_ws/install/custom_msgs/share/colcon-core/packages/custom_msgs)
[1.199s] INFO:colcon.colcon_ros.task.ament_cmake.build:Building ROS package in '/home/marvin/RobotArchitecture/ros2_ws/src/turtlebot3_control_services' with build type 'ament_cmake'
[1.199s] INFO:colcon.colcon_cmake.task.cmake.build:Building CMake package in '/home/marvin/RobotArchitecture/ros2_ws/src/turtlebot3_control_services'
[1.199s] INFO:colcon.colcon_core.shell:Skip shell extension 'powershell' for command environment: Not usable outside of PowerShell
[1.199s] DEBUG:colcon.colcon_core.shell:Skip shell extension 'dsv' for command environment
[1.205s] INFO:colcon.colcon_ros.task.ament_python.build:Building ROS package in '/home/marvin/RobotArchitecture/ros2_ws/src/turtlebot3_hardware_control' with build type 'ament_python'
[1.205s] Level 1:colcon.colcon_core.shell:create_environment_hook('turtlebot3_hardware_control', 'ament_prefix_path')
[1.206s] INFO:colcon.colcon_core.shell:Creating environment hook '/home/marvin/RobotArchitecture/ros2_ws/install/turtlebot3_hardware_control/share/turtlebot3_hardware_control/hook/ament_prefix_path.ps1'
[1.206s] INFO:colcon.colcon_core.shell:Creating environment descriptor '/home/marvin/RobotArchitecture/ros2_ws/install/turtlebot3_hardware_control/share/turtlebot3_hardware_control/hook/ament_prefix_path.dsv'
[1.207s] INFO:colcon.colcon_core.shell:Creating environment hook '/home/marvin/RobotArchitecture/ros2_ws/install/turtlebot3_hardware_control/share/turtlebot3_hardware_control/hook/ament_prefix_path.sh'
[1.207s] INFO:colcon.colcon_core.shell:Skip shell extension 'powershell' for command environment: Not usable outside of PowerShell
[1.207s] DEBUG:colcon.colcon_core.shell:Skip shell extension 'dsv' for command environment
[1.214s] INFO:colcon.colcon_ros.task.ament_python.build:Building ROS package in '/home/marvin/RobotArchitecture/ros2_ws/src/turtlebot3_obstacle_avoidance' with build type 'ament_python'
[1.214s] Level 1:colcon.colcon_core.shell:create_environment_hook('turtlebot3_obstacle_avoidance', 'ament_prefix_path')
[1.214s] INFO:colcon.colcon_core.shell:Creating environment hook '/home/marvin/RobotArchitecture/ros2_ws/install/turtlebot3_obstacle_avoidance/share/turtlebot3_obstacle_avoidance/hook/ament_prefix_path.ps1'
[1.215s] INFO:colcon.colcon_core.shell:Creating environment descriptor '/home/marvin/RobotArchitecture/ros2_ws/install/turtlebot3_obstacle_avoidance/share/turtlebot3_obstacle_avoidance/hook/ament_prefix_path.dsv'
[1.215s] INFO:colcon.colcon_core.shell:Creating environment hook '/home/marvin/RobotArchitecture/ros2_ws/install/turtlebot3_obstacle_avoidance/share/turtlebot3_obstacle_avoidance/hook/ament_prefix_path.sh'
[1.216s] INFO:colcon.colcon_core.shell:Skip shell extension 'powershell' for command environment: Not usable outside of PowerShell
[1.216s] DEBUG:colcon.colcon_core.shell:Skip shell extension 'dsv' for command environment
[1.221s] INFO:colcon.colcon_ros.task.ament_python.build:Building ROS package in '/home/marvin/RobotArchitecture/ros2_ws/src/turtlebot3_random_explorer' with build type 'ament_python'
[1.221s] Level 1:colcon.colcon_core.shell:create_environment_hook('turtlebot3_random_explorer', 'ament_prefix_path')
[1.221s] INFO:colcon.colcon_core.shell:Creating environment hook '/home/marvin/RobotArchitecture/ros2_ws/install/turtlebot3_random_explorer/share/turtlebot3_random_explorer/hook/ament_prefix_path.ps1'
[1.222s] INFO:colcon.colcon_core.shell:Creating environment descriptor '/home/marvin/RobotArchitecture/ros2_ws/install/turtlebot3_random_explorer/share/turtlebot3_random_explorer/hook/ament_prefix_path.dsv'
[1.222s] INFO:colcon.colcon_core.shell:Creating environment hook '/home/marvin/RobotArchitecture/ros2_ws/install/turtlebot3_random_explorer/share/turtlebot3_random_explorer/hook/ament_prefix_path.sh'
[1.222s] INFO:colcon.colcon_core.shell:Skip shell extension 'powershell' for command environment: Not usable outside of PowerShell
[1.222s] DEBUG:colcon.colcon_core.shell:Skip shell extension 'dsv' for command environment
[1.234s] DEBUG:colcon.colcon_core.event_handler.log_command:Invoking command in '/home/marvin/RobotArchitecture/ros2_ws/build/turtlebot3_control_services': CMAKE_PREFIX_PATH=/home/marvin/RobotArchitecture/ros2_ws/install/custom_msgs:/home/marvin/RobotArchitecture/ros2_ws/install/turtlebot3_control_services:/home/marvin/turtlebot3_ws/install/turtlebot3:/home/marvin/turtlebot3_ws/install/turtlebot3_simulations:/home/marvin/turtlebot3_ws/install/turtlebot3_bringup:/home/marvin/turtlebot3_ws/install/turtlebot3_node:/home/marvin/turtlebot3_ws/install/turtlebot3_navigation2:/home/marvin/turtlebot3_ws/install/turtlebot3_gazebo:/home/marvin/turtlebot3_ws/install/turtlebot3_fake_node:/home/marvin/turtlebot3_ws/install/turtlebot3_description:/home/marvin/turtlebot3_ws/install/turtlebot3_cartographer:/home/marvin/RobotArchitecture/ros2_ws/install/turtlebot3_random_explorer:/home/marvin/RobotArchitecture/ros2_ws/install/turtlebot3_obstacle_avoidance:/home/marvin/RobotArchitecture/ros2_ws/install/turtlebot3_hardware_control:/home/marvin/install/turtlebot3_hardware_control:/home/marvin/install/turtlebot3_explorer:/home/marvin/turtlebot3_ws/install/turtlebot3_teleop:/home/marvin/turtlebot3_ws/install/turtlebot3_obstacle_avoidance:/home/marvin/turtlebot3_ws/install/turtlebot3_hardware_control:/home/marvin/turtlebot3_ws/install/turtlebot3_example:/opt/ros/humble LD_LIBRARY_PATH=/home/marvin/RobotArchitecture/ros2_ws/install/custom_msgs/lib:/home/marvin/RobotArchitecture/ros2_ws/install/turtlebot3_control_services/lib:/usr/lib/x86_64-linux-gnu/gazebo-11/plugins:/opt/ros/humble/opt/rviz_ogre_vendor/lib:/opt/ros/humble/lib/x86_64-linux-gnu:/opt/ros/humble/lib:/usr/lib/x86_64-linux-gnu/gazebo-11/plugins /usr/bin/cmake --build /home/marvin/RobotArchitecture/ros2_ws/build/turtlebot3_control_services -- -j8 -l8
[1.581s] INFO:colcon.colcon_core.task.python.build:Building Python package in '/home/marvin/RobotArchitecture/ros2_ws/src/turtlebot3_hardware_control'
[1.581s] INFO:colcon.colcon_core.shell:Skip shell extension 'powershell' for command environment: Not usable outside of PowerShell
[1.581s] DEBUG:colcon.colcon_core.shell:Skip shell extension 'dsv' for command environment
[1.856s] INFO:colcon.colcon_core.task.python.build:Building Python package in '/home/marvin/RobotArchitecture/ros2_ws/src/turtlebot3_obstacle_avoidance'
[1.857s] INFO:colcon.colcon_core.shell:Skip shell extension 'powershell' for command environment: Not usable outside of PowerShell
[1.857s] DEBUG:colcon.colcon_core.shell:Skip shell extension 'dsv' for command environment
[2.171s] INFO:colcon.colcon_core.task.python.build:Building Python package in '/home/marvin/RobotArchitecture/ros2_ws/src/turtlebot3_random_explorer'
[2.171s] INFO:colcon.colcon_core.shell:Skip shell extension 'powershell' for command environment: Not usable outside of PowerShell
[2.171s] DEBUG:colcon.colcon_core.shell:Skip shell extension 'dsv' for command environment
[2.180s] DEBUG:colcon.colcon_core.event_handler.log_command:Invoked command in '/home/marvin/RobotArchitecture/ros2_ws/build/turtlebot3_control_services' returned '0': CMAKE_PREFIX_PATH=/home/marvin/RobotArchitecture/ros2_ws/install/custom_msgs:/home/marvin/RobotArchitecture/ros2_ws/install/turtlebot3_control_services:/home/marvin/turtlebot3_ws/install/turtlebot3:/home/marvin/turtlebot3_ws/install/turtlebot3_simulations:/home/marvin/turtlebot3_ws/install/turtlebot3_bringup:/home/marvin/turtlebot3_ws/install/turtlebot3_node:/home/marvin/turtlebot3_ws/install/turtlebot3_navigation2:/home/marvin/turtlebot3_ws/install/turtlebot3_gazebo:/home/marvin/turtlebot3_ws/install/turtlebot3_fake_node:/home/marvin/turtlebot3_ws/install/turtlebot3_description:/home/marvin/turtlebot3_ws/install/turtlebot3_cartographer:/home/marvin/RobotArchitecture/ros2_ws/install/turtlebot3_random_explorer:/home/marvin/RobotArchitecture/ros2_ws/install/turtlebot3_obstacle_avoidance:/home/marvin/RobotArchitecture/ros2_ws/install/turtlebot3_hardware_control:/home/marvin/install/turtlebot3_hardware_control:/home/marvin/install/turtlebot3_explorer:/home/marvin/turtlebot3_ws/install/turtlebot3_teleop:/home/marvin/turtlebot3_ws/install/turtlebot3_obstacle_avoidance:/home/marvin/turtlebot3_ws/install/turtlebot3_hardware_control:/home/marvin/turtlebot3_ws/install/turtlebot3_example:/opt/ros/humble LD_LIBRARY_PATH=/home/marvin/RobotArchitecture/ros2_ws/install/custom_msgs/lib:/home/marvin/RobotArchitecture/ros2_ws/install/turtlebot3_control_services/lib:/usr/lib/x86_64-linux-gnu/gazebo-11/plugins:/opt/ros/humble/opt/rviz_ogre_vendor/lib:/opt/ros/humble/lib/x86_64-linux-gnu:/opt/ros/humble/lib:/usr/lib/x86_64-linux-gnu/gazebo-11/plugins /usr/bin/cmake --build /home/marvin/RobotArchitecture/ros2_ws/build/turtlebot3_control_services -- -j8 -l8
[2.262s] DEBUG:colcon.colcon_core.event_handler.log_command:Invoking command in '/home/marvin/RobotArchitecture/ros2_ws/build/turtlebot3_control_services': CMAKE_PREFIX_PATH=/home/marvin/RobotArchitecture/ros2_ws/install/custom_msgs:/home/marvin/RobotArchitecture/ros2_ws/install/turtlebot3_control_services:/home/marvin/turtlebot3_ws/install/turtlebot3:/home/marvin/turtlebot3_ws/install/turtlebot3_simulations:/home/marvin/turtlebot3_ws/install/turtlebot3_bringup:/home/marvin/turtlebot3_ws/install/turtlebot3_node:/home/marvin/turtlebot3_ws/install/turtlebot3_navigation2:/home/marvin/turtlebot3_ws/install/turtlebot3_gazebo:/home/marvin/turtlebot3_ws/install/turtlebot3_fake_node:/home/marvin/turtlebot3_ws/install/turtlebot3_description:/home/marvin/turtlebot3_ws/install/turtlebot3_cartographer:/home/marvin/RobotArchitecture/ros2_ws/install/turtlebot3_random_explorer:/home/marvin/RobotArchitecture/ros2_ws/install/turtlebot3_obstacle_avoidance:/home/marvin/RobotArchitecture/ros2_ws/install/turtlebot3_hardware_control:/home/marvin/install/turtlebot3_hardware_control:/home/marvin/install/turtlebot3_explorer:/home/marvin/turtlebot3_ws/install/turtlebot3_teleop:/home/marvin/turtlebot3_ws/install/turtlebot3_obstacle_avoidance:/home/marvin/turtlebot3_ws/install/turtlebot3_hardware_control:/home/marvin/turtlebot3_ws/install/turtlebot3_example:/opt/ros/humble LD_LIBRARY_PATH=/home/marvin/RobotArchitecture/ros2_ws/install/custom_msgs/lib:/home/marvin/RobotArchitecture/ros2_ws/install/turtlebot3_control_services/lib:/usr/lib/x86_64-linux-gnu/gazebo-11/plugins:/opt/ros/humble/opt/rviz_ogre_vendor/lib:/opt/ros/humble/lib/x86_64-linux-gnu:/opt/ros/humble/lib:/usr/lib/x86_64-linux-gnu/gazebo-11/plugins /usr/bin/cmake --install /home/marvin/RobotArchitecture/ros2_ws/build/turtlebot3_control_services
[2.369s] Level 1:colcon.colcon_core.environment:create_environment_scripts_only(turtlebot3_control_services)
[2.370s] Level 1:colcon.colcon_core.environment:checking '/home/marvin/RobotArchitecture/ros2_ws/install/turtlebot3_control_services' for CMake module files
[2.370s] DEBUG:colcon.colcon_core.event_handler.log_command:Invoked command in '/home/marvin/RobotArchitecture/ros2_ws/build/turtlebot3_control_services' returned '0': CMAKE_PREFIX_PATH=/home/marvin/RobotArchitecture/ros2_ws/install/custom_msgs:/home/marvin/RobotArchitecture/ros2_ws/install/turtlebot3_control_services:/home/marvin/turtlebot3_ws/install/turtlebot3:/home/marvin/turtlebot3_ws/install/turtlebot3_simulations:/home/marvin/turtlebot3_ws/install/turtlebot3_bringup:/home/marvin/turtlebot3_ws/install/turtlebot3_node:/home/marvin/turtlebot3_ws/install/turtlebot3_navigation2:/home/marvin/turtlebot3_ws/install/turtlebot3_gazebo:/home/marvin/turtlebot3_ws/install/turtlebot3_fake_node:/home/marvin/turtlebot3_ws/install/turtlebot3_description:/home/marvin/turtlebot3_ws/install/turtlebot3_cartographer:/home/marvin/RobotArchitecture/ros2_ws/install/turtlebot3_random_explorer:/home/marvin/RobotArchitecture/ros2_ws/install/turtlebot3_obstacle_avoidance:/home/marvin/RobotArchitecture/ros2_ws/install/turtlebot3_hardware_control:/home/marvin/install/turtlebot3_hardware_control:/home/marvin/install/turtlebot3_explorer:/home/marvin/turtlebot3_ws/install/turtlebot3_teleop:/home/marvin/turtlebot3_ws/install/turtlebot3_obstacle_avoidance:/home/marvin/turtlebot3_ws/install/turtlebot3_hardware_control:/home/marvin/turtlebot3_ws/install/turtlebot3_example:/opt/ros/humble LD_LIBRARY_PATH=/home/marvin/RobotArchitecture/ros2_ws/install/custom_msgs/lib:/home/marvin/RobotArchitecture/ros2_ws/install/turtlebot3_control_services/lib:/usr/lib/x86_64-linux-gnu/gazebo-11/plugins:/opt/ros/humble/opt/rviz_ogre_vendor/lib:/opt/ros/humble/lib/x86_64-linux-gnu:/opt/ros/humble/lib:/usr/lib/x86_64-linux-gnu/gazebo-11/plugins /usr/bin/cmake --install /home/marvin/RobotArchitecture/ros2_ws/build/turtlebot3_control_services
[2.371s] Level 1:colcon.colcon_core.environment:checking '/home/marvin/RobotArchitecture/ros2_ws/install/turtlebot3_control_services' for CMake config files
[2.373s] Level 1:colcon.colcon_core.shell:create_environment_hook('turtlebot3_control_services', 'cmake_prefix_path')
[2.373s] INFO:colcon.colcon_core.shell:Creating environment hook '/home/marvin/RobotArchitecture/ros2_ws/install/turtlebot3_control_services/share/turtlebot3_control_services/hook/cmake_prefix_path.ps1'
[2.374s] INFO:colcon.colcon_core.shell:Creating environment descriptor '/home/marvin/RobotArchitecture/ros2_ws/install/turtlebot3_control_services/share/turtlebot3_control_services/hook/cmake_prefix_path.dsv'
[2.374s] INFO:colcon.colcon_core.shell:Creating environment hook '/home/marvin/RobotArchitecture/ros2_ws/install/turtlebot3_control_services/share/turtlebot3_control_services/hook/cmake_prefix_path.sh'
[2.375s] Level 1:colcon.colcon_core.environment:checking '/home/marvin/RobotArchitecture/ros2_ws/install/turtlebot3_control_services/lib'
[2.375s] Level 1:colcon.colcon_core.shell:create_environment_hook('turtlebot3_control_services', 'ld_library_path_lib')
[2.376s] INFO:colcon.colcon_core.shell:Creating environment hook '/home/marvin/RobotArchitecture/ros2_ws/install/turtlebot3_control_services/share/turtlebot3_control_services/hook/ld_library_path_lib.ps1'
[2.376s] INFO:colcon.colcon_core.shell:Creating environment descriptor '/home/marvin/RobotArchitecture/ros2_ws/install/turtlebot3_control_services/share/turtlebot3_control_services/hook/ld_library_path_lib.dsv'
[2.376s] INFO:colcon.colcon_core.shell:Creating environment hook '/home/marvin/RobotArchitecture/ros2_ws/install/turtlebot3_control_services/share/turtlebot3_control_services/hook/ld_library_path_lib.sh'
[2.377s] Level 1:colcon.colcon_core.environment:checking '/home/marvin/RobotArchitecture/ros2_ws/install/turtlebot3_control_services/bin'
[2.377s] Level 1:colcon.colcon_core.environment:checking '/home/marvin/RobotArchitecture/ros2_ws/install/turtlebot3_control_services/lib/pkgconfig/turtlebot3_control_services.pc'
[2.377s] Level 1:colcon.colcon_core.environment:checking '/home/marvin/RobotArchitecture/ros2_ws/install/turtlebot3_control_services/lib/python3.10/site-packages'
[2.378s] Level 1:colcon.colcon_core.environment:checking '/home/marvin/RobotArchitecture/ros2_ws/install/turtlebot3_control_services/bin'
[2.378s] INFO:colcon.colcon_core.shell:Creating package script '/home/marvin/RobotArchitecture/ros2_ws/install/turtlebot3_control_services/share/turtlebot3_control_services/package.ps1'
[2.379s] INFO:colcon.colcon_core.shell:Creating package descriptor '/home/marvin/RobotArchitecture/ros2_ws/install/turtlebot3_control_services/share/turtlebot3_control_services/package.dsv'
[2.380s] INFO:colcon.colcon_core.shell:Creating package script '/home/marvin/RobotArchitecture/ros2_ws/install/turtlebot3_control_services/share/turtlebot3_control_services/package.sh'
[2.380s] INFO:colcon.colcon_core.shell:Creating package script '/home/marvin/RobotArchitecture/ros2_ws/install/turtlebot3_control_services/share/turtlebot3_control_services/package.bash'
[2.381s] INFO:colcon.colcon_core.shell:Creating package script '/home/marvin/RobotArchitecture/ros2_ws/install/turtlebot3_control_services/share/turtlebot3_control_services/package.zsh'
[2.381s] Level 1:colcon.colcon_core.environment:create_file_with_runtime_dependencies(/home/marvin/RobotArchitecture/ros2_ws/install/turtlebot3_control_services/share/colcon-core/packages/turtlebot3_control_services)
[2.444s] Level 1:colcon.colcon_core.environment:create_environment_scripts_only(turtlebot3_control_services)
[2.444s] Level 1:colcon.colcon_core.environment:checking '/home/marvin/RobotArchitecture/ros2_ws/install/turtlebot3_control_services' for CMake module files
[2.445s] Level 1:colcon.colcon_core.environment:checking '/home/marvin/RobotArchitecture/ros2_ws/install/turtlebot3_control_services' for CMake config files
[2.445s] Level 1:colcon.colcon_core.shell:create_environment_hook('turtlebot3_control_services', 'cmake_prefix_path')
[2.446s] INFO:colcon.colcon_core.shell:Creating environment hook '/home/marvin/RobotArchitecture/ros2_ws/install/turtlebot3_control_services/share/turtlebot3_control_services/hook/cmake_prefix_path.ps1'
[2.446s] INFO:colcon.colcon_core.shell:Creating environment descriptor '/home/marvin/RobotArchitecture/ros2_ws/install/turtlebot3_control_services/share/turtlebot3_control_services/hook/cmake_prefix_path.dsv'
[2.446s] INFO:colcon.colcon_core.shell:Creating environment hook '/home/marvin/RobotArchitecture/ros2_ws/install/turtlebot3_control_services/share/turtlebot3_control_services/hook/cmake_prefix_path.sh'
[2.447s] Level 1:colcon.colcon_core.environment:checking '/home/marvin/RobotArchitecture/ros2_ws/install/turtlebot3_control_services/lib'
[2.447s] Level 1:colcon.colcon_core.shell:create_environment_hook('turtlebot3_control_services', 'ld_library_path_lib')
[2.447s] INFO:colcon.colcon_core.shell:Creating environment hook '/home/marvin/RobotArchitecture/ros2_ws/install/turtlebot3_control_services/share/turtlebot3_control_services/hook/ld_library_path_lib.ps1'
[2.447s] INFO:colcon.colcon_core.shell:Creating environment descriptor '/home/marvin/RobotArchitecture/ros2_ws/install/turtlebot3_control_services/share/turtlebot3_control_services/hook/ld_library_path_lib.dsv'
[2.448s] INFO:colcon.colcon_core.shell:Creating environment hook '/home/marvin/RobotArchitecture/ros2_ws/install/turtlebot3_control_services/share/turtlebot3_control_services/hook/ld_library_path_lib.sh'
[2.448s] Level 1:colcon.colcon_core.environment:checking '/home/marvin/RobotArchitecture/ros2_ws/install/turtlebot3_control_services/bin'
[2.448s] Level 1:colcon.colcon_core.environment:checking '/home/marvin/RobotArchitecture/ros2_ws/install/turtlebot3_control_services/lib/pkgconfig/turtlebot3_control_services.pc'
[2.448s] Level 1:colcon.colcon_core.environment:checking '/home/marvin/RobotArchitecture/ros2_ws/install/turtlebot3_control_services/lib/python3.10/site-packages'
[2.448s] Level 1:colcon.colcon_core.environment:checking '/home/marvin/RobotArchitecture/ros2_ws/install/turtlebot3_control_services/bin'
[2.449s] INFO:colcon.colcon_core.shell:Creating package script '/home/marvin/RobotArchitecture/ros2_ws/install/turtlebot3_control_services/share/turtlebot3_control_services/package.ps1'
[2.449s] INFO:colcon.colcon_core.shell:Creating package descriptor '/home/marvin/RobotArchitecture/ros2_ws/install/turtlebot3_control_services/share/turtlebot3_control_services/package.dsv'
[2.450s] INFO:colcon.colcon_core.shell:Creating package script '/home/marvin/RobotArchitecture/ros2_ws/install/turtlebot3_control_services/share/turtlebot3_control_services/package.sh'
[2.450s] INFO:colcon.colcon_core.shell:Creating package script '/home/marvin/RobotArchitecture/ros2_ws/install/turtlebot3_control_services/share/turtlebot3_control_services/package.bash'
[2.450s] INFO:colcon.colcon_core.shell:Creating package script '/home/marvin/RobotArchitecture/ros2_ws/install/turtlebot3_control_services/share/turtlebot3_control_services/package.zsh'
[2.451s] Level 1:colcon.colcon_core.environment:create_file_with_runtime_dependencies(/home/marvin/RobotArchitecture/ros2_ws/install/turtlebot3_control_services/share/colcon-core/packages/turtlebot3_control_services)
[2.742s] DEBUG:colcon.colcon_core.event_handler.log_command:Invoking command in '/home/marvin/RobotArchitecture/ros2_ws/build/turtlebot3_random_explorer': CMAKE_PREFIX_PATH=/home/marvin/RobotArchitecture/ros2_ws/install/custom_msgs:/home/marvin/RobotArchitecture/ros2_ws/install/turtlebot3_control_services:/home/marvin/turtlebot3_ws/install/turtlebot3:/home/marvin/turtlebot3_ws/install/turtlebot3_simulations:/home/marvin/turtlebot3_ws/install/turtlebot3_bringup:/home/marvin/turtlebot3_ws/install/turtlebot3_node:/home/marvin/turtlebot3_ws/install/turtlebot3_navigation2:/home/marvin/turtlebot3_ws/install/turtlebot3_gazebo:/home/marvin/turtlebot3_ws/install/turtlebot3_fake_node:/home/marvin/turtlebot3_ws/install/turtlebot3_description:/home/marvin/turtlebot3_ws/install/turtlebot3_cartographer LD_LIBRARY_PATH=/home/marvin/RobotArchitecture/ros2_ws/install/custom_msgs/lib:/home/marvin/RobotArchitecture/ros2_ws/install/turtlebot3_control_services/lib:/usr/lib/x86_64-linux-gnu/gazebo-11/plugins:/opt/ros/humble/opt/rviz_ogre_vendor/lib:/opt/ros/humble/lib/x86_64-linux-gnu:/opt/ros/humble/lib:/usr/lib/x86_64-linux-gnu/gazebo-11/plugins PYTHONPATH=/home/marvin/RobotArchitecture/ros2_ws/build/turtlebot3_random_explorer/prefix_override:/home/marvin/RobotArchitecture/ros2_ws/install/turtlebot3_random_explorer/lib/python3.10/site-packages:${PYTHONPATH} /usr/bin/python3 -W ignore:setup.py install is deprecated setup.py develop --editable --build-directory /home/marvin/RobotArchitecture/ros2_ws/build/turtlebot3_random_explorer/build --no-deps symlink_data
[2.750s] DEBUG:colcon.colcon_core.event_handler.log_command:Invoking command in '/home/marvin/RobotArchitecture/ros2_ws/build/turtlebot3_obstacle_avoidance': CMAKE_PREFIX_PATH=/home/marvin/RobotArchitecture/ros2_ws/install/custom_msgs:/home/marvin/RobotArchitecture/ros2_ws/install/turtlebot3_control_services:/home/marvin/turtlebot3_ws/install/turtlebot3:/home/marvin/turtlebot3_ws/install/turtlebot3_simulations:/home/marvin/turtlebot3_ws/install/turtlebot3_bringup:/home/marvin/turtlebot3_ws/install/turtlebot3_node:/home/marvin/turtlebot3_ws/install/turtlebot3_navigation2:/home/marvin/turtlebot3_ws/install/turtlebot3_gazebo:/home/marvin/turtlebot3_ws/install/turtlebot3_fake_node:/home/marvin/turtlebot3_ws/install/turtlebot3_description:/home/marvin/turtlebot3_ws/install/turtlebot3_cartographer LD_LIBRARY_PATH=/home/marvin/RobotArchitecture/ros2_ws/install/custom_msgs/lib:/home/marvin/RobotArchitecture/ros2_ws/install/turtlebot3_control_services/lib:/usr/lib/x86_64-linux-gnu/gazebo-11/plugins:/opt/ros/humble/opt/rviz_ogre_vendor/lib:/opt/ros/humble/lib/x86_64-linux-gnu:/opt/ros/humble/lib:/usr/lib/x86_64-linux-gnu/gazebo-11/plugins PYTHONPATH=/home/marvin/RobotArchitecture/ros2_ws/build/turtlebot3_obstacle_avoidance/prefix_override:/home/marvin/RobotArchitecture/ros2_ws/install/turtlebot3_obstacle_avoidance/lib/python3.10/site-packages:${PYTHONPATH} /usr/bin/python3 -W ignore:setup.py install is deprecated setup.py develop --editable --build-directory /home/marvin/RobotArchitecture/ros2_ws/build/turtlebot3_obstacle_avoidance/build --no-deps symlink_data
[2.771s] DEBUG:colcon.colcon_core.event_handler.log_command:Invoking command in '/home/marvin/RobotArchitecture/ros2_ws/build/turtlebot3_hardware_control': CMAKE_PREFIX_PATH=/home/marvin/RobotArchitecture/ros2_ws/install/custom_msgs:/home/marvin/RobotArchitecture/ros2_ws/install/turtlebot3_control_services:/home/marvin/turtlebot3_ws/install/turtlebot3:/home/marvin/turtlebot3_ws/install/turtlebot3_simulations:/home/marvin/turtlebot3_ws/install/turtlebot3_bringup:/home/marvin/turtlebot3_ws/install/turtlebot3_node:/home/marvin/turtlebot3_ws/install/turtlebot3_navigation2:/home/marvin/turtlebot3_ws/install/turtlebot3_gazebo:/home/marvin/turtlebot3_ws/install/turtlebot3_fake_node:/home/marvin/turtlebot3_ws/install/turtlebot3_description:/home/marvin/turtlebot3_ws/install/turtlebot3_cartographer LD_LIBRARY_PATH=/home/marvin/RobotArchitecture/ros2_ws/install/custom_msgs/lib:/home/marvin/RobotArchitecture/ros2_ws/install/turtlebot3_control_services/lib:/usr/lib/x86_64-linux-gnu/gazebo-11/plugins:/opt/ros/humble/opt/rviz_ogre_vendor/lib:/opt/ros/humble/lib/x86_64-linux-gnu:/opt/ros/humble/lib:/usr/lib/x86_64-linux-gnu/gazebo-11/plugins PYTHONPATH=/home/marvin/RobotArchitecture/ros2_ws/build/turtlebot3_hardware_control/prefix_override:/home/marvin/RobotArchitecture/ros2_ws/install/turtlebot3_hardware_control/lib/python3.10/site-packages:${PYTHONPATH} /usr/bin/python3 -W ignore:setup.py install is deprecated setup.py develop --editable --build-directory /home/marvin/RobotArchitecture/ros2_ws/build/turtlebot3_hardware_control/build --no-deps symlink_data
[3.318s] Level 1:colcon.colcon_core.shell:create_environment_hook('turtlebot3_random_explorer', 'pythonpath_develop')
[3.318s] INFO:colcon.colcon_core.shell:Creating environment hook '/home/marvin/RobotArchitecture/ros2_ws/build/turtlebot3_random_explorer/share/turtlebot3_random_explorer/hook/pythonpath_develop.ps1'
[3.319s] DEBUG:colcon.colcon_core.event_handler.log_command:Invoked command in '/home/marvin/RobotArchitecture/ros2_ws/build/turtlebot3_random_explorer' returned '0': CMAKE_PREFIX_PATH=/home/marvin/RobotArchitecture/ros2_ws/install/custom_msgs:/home/marvin/RobotArchitecture/ros2_ws/install/turtlebot3_control_services:/home/marvin/turtlebot3_ws/install/turtlebot3:/home/marvin/turtlebot3_ws/install/turtlebot3_simulations:/home/marvin/turtlebot3_ws/install/turtlebot3_bringup:/home/marvin/turtlebot3_ws/install/turtlebot3_node:/home/marvin/turtlebot3_ws/install/turtlebot3_navigation2:/home/marvin/turtlebot3_ws/install/turtlebot3_gazebo:/home/marvin/turtlebot3_ws/install/turtlebot3_fake_node:/home/marvin/turtlebot3_ws/install/turtlebot3_description:/home/marvin/turtlebot3_ws/install/turtlebot3_cartographer LD_LIBRARY_PATH=/home/marvin/RobotArchitecture/ros2_ws/install/custom_msgs/lib:/home/marvin/RobotArchitecture/ros2_ws/install/turtlebot3_control_services/lib:/usr/lib/x86_64-linux-gnu/gazebo-11/plugins:/opt/ros/humble/opt/rviz_ogre_vendor/lib:/opt/ros/humble/lib/x86_64-linux-gnu:/opt/ros/humble/lib:/usr/lib/x86_64-linux-gnu/gazebo-11/plugins PYTHONPATH=/home/marvin/RobotArchitecture/ros2_ws/build/turtlebot3_random_explorer/prefix_override:/home/marvin/RobotArchitecture/ros2_ws/install/turtlebot3_random_explorer/lib/python3.10/site-packages:${PYTHONPATH} /usr/bin/python3 -W ignore:setup.py install is deprecated setup.py develop --editable --build-directory /home/marvin/RobotArchitecture/ros2_ws/build/turtlebot3_random_explorer/build --no-deps symlink_data
[3.319s] INFO:colcon.colcon_core.shell:Creating environment descriptor '/home/marvin/RobotArchitecture/ros2_ws/build/turtlebot3_random_explorer/share/turtlebot3_random_explorer/hook/pythonpath_develop.dsv'
[3.320s] INFO:colcon.colcon_core.shell:Creating environment hook '/home/marvin/RobotArchitecture/ros2_ws/build/turtlebot3_random_explorer/share/turtlebot3_random_explorer/hook/pythonpath_develop.sh'
[3.321s] Level 1:colcon.colcon_core.environment:checking '/home/marvin/RobotArchitecture/ros2_ws/install/turtlebot3_random_explorer' for CMake module files
[3.321s] Level 1:colcon.colcon_core.environment:checking '/home/marvin/RobotArchitecture/ros2_ws/install/turtlebot3_random_explorer' for CMake config files
[3.322s] Level 1:colcon.colcon_core.environment:checking '/home/marvin/RobotArchitecture/ros2_ws/install/turtlebot3_random_explorer/lib'
[3.323s] Level 1:colcon.colcon_core.environment:checking '/home/marvin/RobotArchitecture/ros2_ws/install/turtlebot3_random_explorer/bin'
[3.323s] Level 1:colcon.colcon_core.environment:checking '/home/marvin/RobotArchitecture/ros2_ws/install/turtlebot3_random_explorer/lib/pkgconfig/turtlebot3_random_explorer.pc'
[3.323s] Level 1:colcon.colcon_core.environment:checking '/home/marvin/RobotArchitecture/ros2_ws/install/turtlebot3_random_explorer/lib/python3.10/site-packages'
[3.323s] Level 1:colcon.colcon_core.shell:create_environment_hook('turtlebot3_random_explorer', 'pythonpath')
[3.324s] INFO:colcon.colcon_core.shell:Creating environment hook '/home/marvin/RobotArchitecture/ros2_ws/install/turtlebot3_random_explorer/share/turtlebot3_random_explorer/hook/pythonpath.ps1'
[3.324s] INFO:colcon.colcon_core.shell:Creating environment descriptor '/home/marvin/RobotArchitecture/ros2_ws/install/turtlebot3_random_explorer/share/turtlebot3_random_explorer/hook/pythonpath.dsv'
[3.325s] INFO:colcon.colcon_core.shell:Creating environment hook '/home/marvin/RobotArchitecture/ros2_ws/install/turtlebot3_random_explorer/share/turtlebot3_random_explorer/hook/pythonpath.sh'
[3.325s] Level 1:colcon.colcon_core.environment:checking '/home/marvin/RobotArchitecture/ros2_ws/install/turtlebot3_random_explorer/bin'
[3.325s] Level 1:colcon.colcon_core.environment:create_environment_scripts_only(turtlebot3_random_explorer)
[3.326s] INFO:colcon.colcon_core.shell:Creating package script '/home/marvin/RobotArchitecture/ros2_ws/install/turtlebot3_random_explorer/share/turtlebot3_random_explorer/package.ps1'
[3.326s] INFO:colcon.colcon_core.shell:Creating package descriptor '/home/marvin/RobotArchitecture/ros2_ws/install/turtlebot3_random_explorer/share/turtlebot3_random_explorer/package.dsv'
[3.327s] INFO:colcon.colcon_core.shell:Creating package script '/home/marvin/RobotArchitecture/ros2_ws/install/turtlebot3_random_explorer/share/turtlebot3_random_explorer/package.sh'
[3.327s] INFO:colcon.colcon_core.shell:Creating package script '/home/marvin/RobotArchitecture/ros2_ws/install/turtlebot3_random_explorer/share/turtlebot3_random_explorer/package.bash'
[3.328s] INFO:colcon.colcon_core.shell:Creating package script '/home/marvin/RobotArchitecture/ros2_ws/install/turtlebot3_random_explorer/share/turtlebot3_random_explorer/package.zsh'
[3.329s] Level 1:colcon.colcon_core.environment:create_file_with_runtime_dependencies(/home/marvin/RobotArchitecture/ros2_ws/install/turtlebot3_random_explorer/share/colcon-core/packages/turtlebot3_random_explorer)
[3.330s] Level 1:colcon.colcon_core.shell:create_environment_hook('turtlebot3_obstacle_avoidance', 'pythonpath_develop')
[3.331s] INFO:colcon.colcon_core.shell:Creating environment hook '/home/marvin/RobotArchitecture/ros2_ws/build/turtlebot3_obstacle_avoidance/share/turtlebot3_obstacle_avoidance/hook/pythonpath_develop.ps1'
[3.332s] DEBUG:colcon.colcon_core.event_handler.log_command:Invoked command in '/home/marvin/RobotArchitecture/ros2_ws/build/turtlebot3_obstacle_avoidance' returned '0': CMAKE_PREFIX_PATH=/home/marvin/RobotArchitecture/ros2_ws/install/custom_msgs:/home/marvin/RobotArchitecture/ros2_ws/install/turtlebot3_control_services:/home/marvin/turtlebot3_ws/install/turtlebot3:/home/marvin/turtlebot3_ws/install/turtlebot3_simulations:/home/marvin/turtlebot3_ws/install/turtlebot3_bringup:/home/marvin/turtlebot3_ws/install/turtlebot3_node:/home/marvin/turtlebot3_ws/install/turtlebot3_navigation2:/home/marvin/turtlebot3_ws/install/turtlebot3_gazebo:/home/marvin/turtlebot3_ws/install/turtlebot3_fake_node:/home/marvin/turtlebot3_ws/install/turtlebot3_description:/home/marvin/turtlebot3_ws/install/turtlebot3_cartographer LD_LIBRARY_PATH=/home/marvin/RobotArchitecture/ros2_ws/install/custom_msgs/lib:/home/marvin/RobotArchitecture/ros2_ws/install/turtlebot3_control_services/lib:/usr/lib/x86_64-linux-gnu/gazebo-11/plugins:/opt/ros/humble/opt/rviz_ogre_vendor/lib:/opt/ros/humble/lib/x86_64-linux-gnu:/opt/ros/humble/lib:/usr/lib/x86_64-linux-gnu/gazebo-11/plugins PYTHONPATH=/home/marvin/RobotArchitecture/ros2_ws/build/turtlebot3_obstacle_avoidance/prefix_override:/home/marvin/RobotArchitecture/ros2_ws/install/turtlebot3_obstacle_avoidance/lib/python3.10/site-packages:${PYTHONPATH} /usr/bin/python3 -W ignore:setup.py install is deprecated setup.py develop --editable --build-directory /home/marvin/RobotArchitecture/ros2_ws/build/turtlebot3_obstacle_avoidance/build --no-deps symlink_data
[3.332s] INFO:colcon.colcon_core.shell:Creating environment descriptor '/home/marvin/RobotArchitecture/ros2_ws/build/turtlebot3_obstacle_avoidance/share/turtlebot3_obstacle_avoidance/hook/pythonpath_develop.dsv'
[3.332s] INFO:colcon.colcon_core.shell:Creating environment hook '/home/marvin/RobotArchitecture/ros2_ws/build/turtlebot3_obstacle_avoidance/share/turtlebot3_obstacle_avoidance/hook/pythonpath_develop.sh'
[3.333s] Level 1:colcon.colcon_core.environment:checking '/home/marvin/RobotArchitecture/ros2_ws/install/turtlebot3_obstacle_avoidance' for CMake module files
[3.333s] Level 1:colcon.colcon_core.environment:checking '/home/marvin/RobotArchitecture/ros2_ws/install/turtlebot3_obstacle_avoidance' for CMake config files
[3.334s] Level 1:colcon.colcon_core.environment:checking '/home/marvin/RobotArchitecture/ros2_ws/install/turtlebot3_obstacle_avoidance/lib'
[3.334s] Level 1:colcon.colcon_core.environment:checking '/home/marvin/RobotArchitecture/ros2_ws/install/turtlebot3_obstacle_avoidance/bin'
[3.334s] Level 1:colcon.colcon_core.environment:checking '/home/marvin/RobotArchitecture/ros2_ws/install/turtlebot3_obstacle_avoidance/lib/pkgconfig/turtlebot3_obstacle_avoidance.pc'
[3.335s] Level 1:colcon.colcon_core.environment:checking '/home/marvin/RobotArchitecture/ros2_ws/install/turtlebot3_obstacle_avoidance/lib/python3.10/site-packages'
[3.335s] Level 1:colcon.colcon_core.shell:create_environment_hook('turtlebot3_obstacle_avoidance', 'pythonpath')
[3.335s] INFO:colcon.colcon_core.shell:Creating environment hook '/home/marvin/RobotArchitecture/ros2_ws/install/turtlebot3_obstacle_avoidance/share/turtlebot3_obstacle_avoidance/hook/pythonpath.ps1'
[3.335s] INFO:colcon.colcon_core.shell:Creating environment descriptor '/home/marvin/RobotArchitecture/ros2_ws/install/turtlebot3_obstacle_avoidance/share/turtlebot3_obstacle_avoidance/hook/pythonpath.dsv'
[3.336s] INFO:colcon.colcon_core.shell:Creating environment hook '/home/marvin/RobotArchitecture/ros2_ws/install/turtlebot3_obstacle_avoidance/share/turtlebot3_obstacle_avoidance/hook/pythonpath.sh'
[3.336s] Level 1:colcon.colcon_core.environment:checking '/home/marvin/RobotArchitecture/ros2_ws/install/turtlebot3_obstacle_avoidance/bin'
[3.336s] Level 1:colcon.colcon_core.environment:create_environment_scripts_only(turtlebot3_obstacle_avoidance)
[3.337s] INFO:colcon.colcon_core.shell:Creating package script '/home/marvin/RobotArchitecture/ros2_ws/install/turtlebot3_obstacle_avoidance/share/turtlebot3_obstacle_avoidance/package.ps1'
[3.337s] INFO:colcon.colcon_core.shell:Creating package descriptor '/home/marvin/RobotArchitecture/ros2_ws/install/turtlebot3_obstacle_avoidance/share/turtlebot3_obstacle_avoidance/package.dsv'
[3.337s] INFO:colcon.colcon_core.shell:Creating package script '/home/marvin/RobotArchitecture/ros2_ws/install/turtlebot3_obstacle_avoidance/share/turtlebot3_obstacle_avoidance/package.sh'
[3.338s] INFO:colcon.colcon_core.shell:Creating package script '/home/marvin/RobotArchitecture/ros2_ws/install/turtlebot3_obstacle_avoidance/share/turtlebot3_obstacle_avoidance/package.bash'
[3.338s] INFO:colcon.colcon_core.shell:Creating package script '/home/marvin/RobotArchitecture/ros2_ws/install/turtlebot3_obstacle_avoidance/share/turtlebot3_obstacle_avoidance/package.zsh'
[3.339s] Level 1:colcon.colcon_core.environment:create_file_with_runtime_dependencies(/home/marvin/RobotArchitecture/ros2_ws/install/turtlebot3_obstacle_avoidance/share/colcon-core/packages/turtlebot3_obstacle_avoidance)
[3.424s] Level 1:colcon.colcon_core.shell:create_environment_hook('turtlebot3_hardware_control', 'pythonpath_develop')
[3.424s] INFO:colcon.colcon_core.shell:Creating environment hook '/home/marvin/RobotArchitecture/ros2_ws/build/turtlebot3_hardware_control/share/turtlebot3_hardware_control/hook/pythonpath_develop.ps1'
[3.425s] DEBUG:colcon.colcon_core.event_handler.log_command:Invoked command in '/home/marvin/RobotArchitecture/ros2_ws/build/turtlebot3_hardware_control' returned '0': CMAKE_PREFIX_PATH=/home/marvin/RobotArchitecture/ros2_ws/install/custom_msgs:/home/marvin/RobotArchitecture/ros2_ws/install/turtlebot3_control_services:/home/marvin/turtlebot3_ws/install/turtlebot3:/home/marvin/turtlebot3_ws/install/turtlebot3_simulations:/home/marvin/turtlebot3_ws/install/turtlebot3_bringup:/home/marvin/turtlebot3_ws/install/turtlebot3_node:/home/marvin/turtlebot3_ws/install/turtlebot3_navigation2:/home/marvin/turtlebot3_ws/install/turtlebot3_gazebo:/home/marvin/turtlebot3_ws/install/turtlebot3_fake_node:/home/marvin/turtlebot3_ws/install/turtlebot3_description:/home/marvin/turtlebot3_ws/install/turtlebot3_cartographer LD_LIBRARY_PATH=/home/marvin/RobotArchitecture/ros2_ws/install/custom_msgs/lib:/home/marvin/RobotArchitecture/ros2_ws/install/turtlebot3_control_services/lib:/usr/lib/x86_64-linux-gnu/gazebo-11/plugins:/opt/ros/humble/opt/rviz_ogre_vendor/lib:/opt/ros/humble/lib/x86_64-linux-gnu:/opt/ros/humble/lib:/usr/lib/x86_64-linux-gnu/gazebo-11/plugins PYTHONPATH=/home/marvin/RobotArchitecture/ros2_ws/build/turtlebot3_hardware_control/prefix_override:/home/marvin/RobotArchitecture/ros2_ws/install/turtlebot3_hardware_control/lib/python3.10/site-packages:${PYTHONPATH} /usr/bin/python3 -W ignore:setup.py install is deprecated setup.py develop --editable --build-directory /home/marvin/RobotArchitecture/ros2_ws/build/turtlebot3_hardware_control/build --no-deps symlink_data
[3.425s] INFO:colcon.colcon_core.shell:Creating environment descriptor '/home/marvin/RobotArchitecture/ros2_ws/build/turtlebot3_hardware_control/share/turtlebot3_hardware_control/hook/pythonpath_develop.dsv'
[3.425s] INFO:colcon.colcon_core.shell:Creating environment hook '/home/marvin/RobotArchitecture/ros2_ws/build/turtlebot3_hardware_control/share/turtlebot3_hardware_control/hook/pythonpath_develop.sh'
[3.426s] Level 1:colcon.colcon_core.environment:checking '/home/marvin/RobotArchitecture/ros2_ws/install/turtlebot3_hardware_control' for CMake module files
[3.426s] Level 1:colcon.colcon_core.environment:checking '/home/marvin/RobotArchitecture/ros2_ws/install/turtlebot3_hardware_control' for CMake config files
[3.427s] Level 1:colcon.colcon_core.environment:checking '/home/marvin/RobotArchitecture/ros2_ws/install/turtlebot3_hardware_control/lib'
[3.427s] Level 1:colcon.colcon_core.environment:checking '/home/marvin/RobotArchitecture/ros2_ws/install/turtlebot3_hardware_control/bin'
[3.427s] Level 1:colcon.colcon_core.environment:checking '/home/marvin/RobotArchitecture/ros2_ws/install/turtlebot3_hardware_control/lib/pkgconfig/turtlebot3_hardware_control.pc'
[3.427s] Level 1:colcon.colcon_core.environment:checking '/home/marvin/RobotArchitecture/ros2_ws/install/turtlebot3_hardware_control/lib/python3.10/site-packages'
[3.428s] Level 1:colcon.colcon_core.shell:create_environment_hook('turtlebot3_hardware_control', 'pythonpath')
[3.428s] INFO:colcon.colcon_core.shell:Creating environment hook '/home/marvin/RobotArchitecture/ros2_ws/install/turtlebot3_hardware_control/share/turtlebot3_hardware_control/hook/pythonpath.ps1'
[3.428s] INFO:colcon.colcon_core.shell:Creating environment descriptor '/home/marvin/RobotArchitecture/ros2_ws/install/turtlebot3_hardware_control/share/turtlebot3_hardware_control/hook/pythonpath.dsv'
[3.429s] INFO:colcon.colcon_core.shell:Creating environment hook '/home/marvin/RobotArchitecture/ros2_ws/install/turtlebot3_hardware_control/share/turtlebot3_hardware_control/hook/pythonpath.sh'
[3.429s] Level 1:colcon.colcon_core.environment:checking '/home/marvin/RobotArchitecture/ros2_ws/install/turtlebot3_hardware_control/bin'
[3.430s] Level 1:colcon.colcon_core.environment:create_environment_scripts_only(turtlebot3_hardware_control)
[3.430s] INFO:colcon.colcon_core.shell:Creating package script '/home/marvin/RobotArchitecture/ros2_ws/install/turtlebot3_hardware_control/share/turtlebot3_hardware_control/package.ps1'
[3.430s] INFO:colcon.colcon_core.shell:Creating package descriptor '/home/marvin/RobotArchitecture/ros2_ws/install/turtlebot3_hardware_control/share/turtlebot3_hardware_control/package.dsv'
[3.431s] INFO:colcon.colcon_core.shell:Creating package script '/home/marvin/RobotArchitecture/ros2_ws/install/turtlebot3_hardware_control/share/turtlebot3_hardware_control/package.sh'
[3.431s] INFO:colcon.colcon_core.shell:Creating package script '/home/marvin/RobotArchitecture/ros2_ws/install/turtlebot3_hardware_control/share/turtlebot3_hardware_control/package.bash'
[3.431s] INFO:colcon.colcon_core.shell:Creating package script '/home/marvin/RobotArchitecture/ros2_ws/install/turtlebot3_hardware_control/share/turtlebot3_hardware_control/package.zsh'
[3.432s] Level 1:colcon.colcon_core.environment:create_file_with_runtime_dependencies(/home/marvin/RobotArchitecture/ros2_ws/install/turtlebot3_hardware_control/share/colcon-core/packages/turtlebot3_hardware_control)
[3.432s] DEBUG:colcon.colcon_parallel_executor.executor.parallel:closing loop
[3.432s] DEBUG:colcon.colcon_parallel_executor.executor.parallel:loop closed
[3.432s] DEBUG:colcon.colcon_parallel_executor.executor.parallel:run_until_complete finished with '0'
[3.432s] DEBUG:colcon.colcon_core.event_reactor:joining thread
[3.439s] INFO:colcon.colcon_core.plugin_system:Skipping extension 'colcon_notification.desktop_notification.terminal_notifier': Not used on non-Darwin systems
[3.440s] INFO:colcon.colcon_core.plugin_system:Skipping extension 'colcon_notification.desktop_notification.win32': Not used on non-Windows systems
[3.440s] INFO:colcon.colcon_notification.desktop_notification:Sending desktop notification using 'notify2'
[3.457s] DEBUG:colcon.colcon_core.event_reactor:joined thread
[3.457s] INFO:colcon.colcon_core.shell:Creating prefix script '/home/marvin/RobotArchitecture/ros2_ws/install/local_setup.ps1'
[3.459s] INFO:colcon.colcon_core.shell:Creating prefix util module '/home/marvin/RobotArchitecture/ros2_ws/install/_local_setup_util_ps1.py'
[3.462s] INFO:colcon.colcon_core.shell:Creating prefix chain script '/home/marvin/RobotArchitecture/ros2_ws/install/setup.ps1'
[3.466s] INFO:colcon.colcon_core.shell:Creating prefix script '/home/marvin/RobotArchitecture/ros2_ws/install/local_setup.sh'
[3.467s] INFO:colcon.colcon_core.shell:Creating prefix util module '/home/marvin/RobotArchitecture/ros2_ws/install/_local_setup_util_sh.py'
[3.468s] INFO:colcon.colcon_core.shell:Creating prefix chain script '/home/marvin/RobotArchitecture/ros2_ws/install/setup.sh'
[3.471s] INFO:colcon.colcon_core.shell:Creating prefix script '/home/marvin/RobotArchitecture/ros2_ws/install/local_setup.bash'
[3.472s] INFO:colcon.colcon_core.shell:Creating prefix chain script '/home/marvin/RobotArchitecture/ros2_ws/install/setup.bash'
[3.475s] INFO:colcon.colcon_core.shell:Creating prefix script '/home/marvin/RobotArchitecture/ros2_ws/install/local_setup.zsh'
[3.476s] INFO:colcon.colcon_core.shell:Creating prefix chain script '/home/marvin/RobotArchitecture/ros2_ws/install/setup.zsh'
