[0.056s] Invoking command in '/home/rama/catkin_ws/build/turtlebot3_fake_node': CMAKE_PREFIX_PATH=/opt/ros/foxy /usr/bin/cmake --build /home/rama/catkin_ws/build/turtlebot3_fake_node -- -j8 -l8
[0.863s] -- Found ament_cmake: 0.9.12 (/opt/ros/foxy/share/ament_cmake/cmake)
[0.865s] -- Using PYTHON_EXECUTABLE: /usr/bin/python3
[0.867s] -- Found geometry_msgs: 2.0.5 (/opt/ros/foxy/share/geometry_msgs/cmake)
[0.867s] -- Using all available rosidl_typesupport_c: rosidl_typesupport_fastrtps_c;rosidl_typesupport_introspection_c
[0.868s] -- Found rosidl_adapter: 1.3.1 (/opt/ros/foxy/share/rosidl_adapter/cmake)
[0.868s] -- Using all available rosidl_typesupport_cpp: rosidl_typesupport_fastrtps_cpp;rosidl_typesupport_introspection_cpp
[1.024s] -- Found nav_msgs: 2.0.5 (/opt/ros/foxy/share/nav_msgs/cmake)
[1.209s] -- Found rclcpp: 2.4.3 (/opt/ros/foxy/share/rclcpp/cmake)
[1.297s] -- Found rmw_implementation_cmake: 1.0.4 (/opt/ros/foxy/share/rmw_implementation_cmake/cmake)
[1.301s] -- Using RMW implementation 'rmw_fastrtps_cpp' as default
[1.586s] -- Found sensor_msgs: 2.0.5 (/opt/ros/foxy/share/sensor_msgs/cmake)
[1.739s] -- Found tf2: 0.13.14 (/opt/ros/foxy/share/tf2/cmake)
[1.758s] -- Found tf2_msgs: 0.13.14 (/opt/ros/foxy/share/tf2_msgs/cmake)
[2.138s] -- Found turtlebot3_msgs: 2.2.1 (/opt/ros/foxy/share/turtlebot3_msgs/cmake)
[2.443s] -- Configuring done
[2.475s] -- Generating done
[2.478s] -- Build files have been written to: /home/rama/catkin_ws/build/turtlebot3_fake_node
[2.547s] [35m[1mScanning dependencies of target turtlebot3_fake_node[0m
[2.653s] [ 50%] [32mBuilding CXX object CMakeFiles/turtlebot3_fake_node.dir/src/turtlebot3_fake_node.cpp.o[0m
[19.493s] [100%] [32m[1mLinking CXX executable turtlebot3_fake_node[0m
[20.139s] [100%] Built target turtlebot3_fake_node
[20.159s] Invoked command in '/home/rama/catkin_ws/build/turtlebot3_fake_node' returned '0': CMAKE_PREFIX_PATH=/opt/ros/foxy /usr/bin/cmake --build /home/rama/catkin_ws/build/turtlebot3_fake_node -- -j8 -l8
[20.235s] Invoking command in '/home/rama/catkin_ws/build/turtlebot3_fake_node': CMAKE_PREFIX_PATH=/opt/ros/foxy /usr/bin/cmake --install /home/rama/catkin_ws/build/turtlebot3_fake_node
[20.253s] -- Install configuration: ""
[20.257s] -- Installing: /home/rama/catkin_ws/install/turtlebot3_fake_node/lib/turtlebot3_fake_node/turtlebot3_fake_node
[20.262s] -- Set runtime path of "/home/rama/catkin_ws/install/turtlebot3_fake_node/lib/turtlebot3_fake_node/turtlebot3_fake_node" to ""
[20.262s] -- Up-to-date: /home/rama/catkin_ws/install/turtlebot3_fake_node/share/turtlebot3_fake_node/launch
[20.262s] -- Up-to-date: /home/rama/catkin_ws/install/turtlebot3_fake_node/share/turtlebot3_fake_node/launch/rviz2.launch.py
[20.263s] -- Up-to-date: /home/rama/catkin_ws/install/turtlebot3_fake_node/share/turtlebot3_fake_node/launch/turtlebot3_fake_node.launch.py
[20.263s] -- Up-to-date: /home/rama/catkin_ws/install/turtlebot3_fake_node/share/turtlebot3_fake_node/param
[20.263s] -- Up-to-date: /home/rama/catkin_ws/install/turtlebot3_fake_node/share/turtlebot3_fake_node/param/burger.yaml
[20.264s] -- Up-to-date: /home/rama/catkin_ws/install/turtlebot3_fake_node/share/turtlebot3_fake_node/param/waffle_pi.yaml
[20.264s] -- Up-to-date: /home/rama/catkin_ws/install/turtlebot3_fake_node/share/turtlebot3_fake_node/param/waffle.yaml
[20.264s] -- Up-to-date: /home/rama/catkin_ws/install/turtlebot3_fake_node/share/turtlebot3_fake_node/rviz
[20.264s] -- Up-to-date: /home/rama/catkin_ws/install/turtlebot3_fake_node/share/turtlebot3_fake_node/rviz/model.rviz
[20.265s] -- Up-to-date: /home/rama/catkin_ws/install/turtlebot3_fake_node/include/
[20.265s] -- Up-to-date: /home/rama/catkin_ws/install/turtlebot3_fake_node/include//turtlebot3_fake_node
[20.265s] -- Up-to-date: /home/rama/catkin_ws/install/turtlebot3_fake_node/include//turtlebot3_fake_node/turtlebot3_fake_node.hpp
[20.265s] -- Up-to-date: /home/rama/catkin_ws/install/turtlebot3_fake_node/share/ament_index/resource_index/package_run_dependencies/turtlebot3_fake_node
[20.265s] -- Installing: /home/rama/catkin_ws/install/turtlebot3_fake_node/share/ament_index/resource_index/parent_prefix_path/turtlebot3_fake_node
[20.266s] -- Installing: /home/rama/catkin_ws/install/turtlebot3_fake_node/share/turtlebot3_fake_node/environment/ament_prefix_path.sh
[20.266s] -- Installing: /home/rama/catkin_ws/install/turtlebot3_fake_node/share/turtlebot3_fake_node/environment/ament_prefix_path.dsv
[20.266s] -- Installing: /home/rama/catkin_ws/install/turtlebot3_fake_node/share/turtlebot3_fake_node/environment/path.sh
[20.267s] -- Installing: /home/rama/catkin_ws/install/turtlebot3_fake_node/share/turtlebot3_fake_node/environment/path.dsv
[20.267s] -- Up-to-date: /home/rama/catkin_ws/install/turtlebot3_fake_node/share/turtlebot3_fake_node/local_setup.bash
[20.267s] -- Up-to-date: /home/rama/catkin_ws/install/turtlebot3_fake_node/share/turtlebot3_fake_node/local_setup.sh
[20.268s] -- Up-to-date: /home/rama/catkin_ws/install/turtlebot3_fake_node/share/turtlebot3_fake_node/local_setup.zsh
[20.268s] -- Installing: /home/rama/catkin_ws/install/turtlebot3_fake_node/share/turtlebot3_fake_node/local_setup.dsv
[20.268s] -- Installing: /home/rama/catkin_ws/install/turtlebot3_fake_node/share/turtlebot3_fake_node/package.dsv
[20.269s] -- Up-to-date: /home/rama/catkin_ws/install/turtlebot3_fake_node/share/ament_index/resource_index/packages/turtlebot3_fake_node
[20.269s] -- Up-to-date: /home/rama/catkin_ws/install/turtlebot3_fake_node/share/turtlebot3_fake_node/cmake/ament_cmake_export_include_directories-extras.cmake
[20.269s] -- Up-to-date: /home/rama/catkin_ws/install/turtlebot3_fake_node/share/turtlebot3_fake_node/cmake/ament_cmake_export_dependencies-extras.cmake
[20.269s] -- Up-to-date: /home/rama/catkin_ws/install/turtlebot3_fake_node/share/turtlebot3_fake_node/cmake/turtlebot3_fake_nodeConfig.cmake
[20.270s] -- Up-to-date: /home/rama/catkin_ws/install/turtlebot3_fake_node/share/turtlebot3_fake_node/cmake/turtlebot3_fake_nodeConfig-version.cmake
[20.270s] -- Up-to-date: /home/rama/catkin_ws/install/turtlebot3_fake_node/share/turtlebot3_fake_node/package.xml
[20.280s] Invoked command in '/home/rama/catkin_ws/build/turtlebot3_fake_node' returned '0': CMAKE_PREFIX_PATH=/opt/ros/foxy /usr/bin/cmake --install /home/rama/catkin_ws/build/turtlebot3_fake_node
