[0.912s] Invoking command in '/home/marvin/RobotArchitecture/ros2_ws/src/turtlebot3_nav_management': CMAKE_PREFIX_PATH=/home/marvin/RobotArchitecture/ros2_ws/install/turtlebot3_control_services:/home/marvin/RobotArchitecture/ros2_ws/install/custom_msgs:/home/marvin/RobotArchitecture/ros2_ws/install/turtlebot3_simulations:/home/marvin/RobotArchitecture/ros2_ws/install/turtlebot3_gazebo:/home/marvin/RobotArchitecture/ros2_ws/install/turtlebot3_fake_node LD_LIBRARY_PATH=/home/marvin/RobotArchitecture/ros2_ws/install/turtlebot3_control_services/lib:/home/marvin/RobotArchitecture/ros2_ws/install/custom_msgs/lib:/usr/lib/x86_64-linux-gnu/gazebo-11/plugins:/opt/ros/humble/opt/rviz_ogre_vendor/lib:/opt/ros/humble/lib/x86_64-linux-gnu:/opt/ros/humble/lib:/usr/lib/x86_64-linux-gnu/gazebo-11/plugins PYTHONPATH=/home/marvin/RobotArchitecture/ros2_ws/build/turtlebot3_nav_management/prefix_override:/home/marvin/RobotArchitecture/ros2_ws/install/turtlebot3_nav_management/lib/python3.10/site-packages:${PYTHONPATH} /usr/bin/python3 -W ignore:setup.py install is deprecated setup.py egg_info --egg-base ../../build/turtlebot3_nav_management build --build-base /home/marvin/RobotArchitecture/ros2_ws/build/turtlebot3_nav_management/build install --record /home/marvin/RobotArchitecture/ros2_ws/build/turtlebot3_nav_management/install.log --single-version-externally-managed install_data
[1.178s] running egg_info
[1.179s] writing ../../build/turtlebot3_nav_management/turtlebot3_nav_management.egg-info/PKG-INFO
[1.179s] writing dependency_links to ../../build/turtlebot3_nav_management/turtlebot3_nav_management.egg-info/dependency_links.txt
[1.179s] writing entry points to ../../build/turtlebot3_nav_management/turtlebot3_nav_management.egg-info/entry_points.txt
[1.180s] writing requirements to ../../build/turtlebot3_nav_management/turtlebot3_nav_management.egg-info/requires.txt
[1.180s] writing top-level names to ../../build/turtlebot3_nav_management/turtlebot3_nav_management.egg-info/top_level.txt
[1.181s] reading manifest file '../../build/turtlebot3_nav_management/turtlebot3_nav_management.egg-info/SOURCES.txt'
[1.184s] writing manifest file '../../build/turtlebot3_nav_management/turtlebot3_nav_management.egg-info/SOURCES.txt'
[1.184s] running build
[1.184s] running build_py
[1.185s] running install
[1.185s] running install_lib
[1.186s] running install_data
[1.187s] running install_egg_info
[1.188s] removing '/home/marvin/RobotArchitecture/ros2_ws/install/turtlebot3_nav_management/lib/python3.10/site-packages/turtlebot3_nav_management-0.0.0-py3.10.egg-info' (and everything under it)
[1.189s] Copying ../../build/turtlebot3_nav_management/turtlebot3_nav_management.egg-info to /home/marvin/RobotArchitecture/ros2_ws/install/turtlebot3_nav_management/lib/python3.10/site-packages/turtlebot3_nav_management-0.0.0-py3.10.egg-info
[1.190s] running install_scripts
[1.208s] Installing random_goal_navigator script to /home/marvin/RobotArchitecture/ros2_ws/install/turtlebot3_nav_management/lib/turtlebot3_nav_management
[1.208s] writing list of installed files to '/home/marvin/RobotArchitecture/ros2_ws/build/turtlebot3_nav_management/install.log'
[1.235s] Invoked command in '/home/marvin/RobotArchitecture/ros2_ws/src/turtlebot3_nav_management' returned '0': CMAKE_PREFIX_PATH=/home/marvin/RobotArchitecture/ros2_ws/install/turtlebot3_control_services:/home/marvin/RobotArchitecture/ros2_ws/install/custom_msgs:/home/marvin/RobotArchitecture/ros2_ws/install/turtlebot3_simulations:/home/marvin/RobotArchitecture/ros2_ws/install/turtlebot3_gazebo:/home/marvin/RobotArchitecture/ros2_ws/install/turtlebot3_fake_node LD_LIBRARY_PATH=/home/marvin/RobotArchitecture/ros2_ws/install/turtlebot3_control_services/lib:/home/marvin/RobotArchitecture/ros2_ws/install/custom_msgs/lib:/usr/lib/x86_64-linux-gnu/gazebo-11/plugins:/opt/ros/humble/opt/rviz_ogre_vendor/lib:/opt/ros/humble/lib/x86_64-linux-gnu:/opt/ros/humble/lib:/usr/lib/x86_64-linux-gnu/gazebo-11/plugins PYTHONPATH=/home/marvin/RobotArchitecture/ros2_ws/build/turtlebot3_nav_management/prefix_override:/home/marvin/RobotArchitecture/ros2_ws/install/turtlebot3_nav_management/lib/python3.10/site-packages:${PYTHONPATH} /usr/bin/python3 -W ignore:setup.py install is deprecated setup.py egg_info --egg-base ../../build/turtlebot3_nav_management build --build-base /home/marvin/RobotArchitecture/ros2_ws/build/turtlebot3_nav_management/build install --record /home/marvin/RobotArchitecture/ros2_ws/build/turtlebot3_nav_management/install.log --single-version-externally-managed install_data
