[0.568s] DEBUG:colcon:Command line arguments: ['/usr/bin/colcon', 'build']
[0.568s] DEBUG:colcon:Parsed command line arguments: Namespace(allow_overriding=[], ament_cmake_args=None, base_paths=['.'], build_base='build', catkin_cmake_args=None, catkin_skip_building_tests=False, cmake_args=None, cmake_clean_cache=False, cmake_clean_first=False, cmake_force_configure=False, cmake_target=None, cmake_target_skip_unavailable=False, continue_on_error=False, event_handlers=None, executor='parallel', ignore_user_meta=False, install_base='install', log_base=None, log_level=None, main=<bound method BuildVerb.main of <colcon_core.verb.build.BuildVerb object at 0x7fc72e71b850>>, merge_install=False, metas=['./colcon.meta'], packages_above=None, packages_above_and_dependencies=None, packages_above_depth=None, packages_end=None, packages_ignore=None, packages_ignore_regex=None, packages_select=None, packages_select_build_failed=False, packages_select_by_dep=None, packages_select_regex=None, packages_select_test_failures=False, packages_skip=None, packages_skip_build_finished=False, packages_skip_by_dep=None, packages_skip_regex=None, packages_skip_test_passed=False, packages_skip_up_to=None, packages_start=None, packages_up_to=None, packages_up_to_regex=None, parallel_workers=8, paths=None, symlink_install=False, test_result_base=None, verb_extension=<colcon_core.verb.build.BuildVerb object at 0x7fc72e71b850>, verb_name='build', verb_parser=<colcon_defaults.argument_parser.defaults.DefaultArgumentsDecorator object at 0x7fc72e71bdc0>)
[0.619s] Level 1:colcon.colcon_core.package_discovery:discover_packages(colcon_meta) check parameters
[0.620s] Level 1:colcon.colcon_core.package_discovery:discover_packages(recursive) check parameters
[0.620s] Level 1:colcon.colcon_core.package_discovery:discover_packages(ignore) check parameters
[0.620s] Level 1:colcon.colcon_core.package_discovery:discover_packages(path) check parameters
[0.620s] Level 1:colcon.colcon_core.package_discovery:discover_packages(colcon_meta) discover
[0.620s] Level 1:colcon.colcon_core.package_discovery:discover_packages(recursive) discover
[0.620s] INFO:colcon.colcon_core.package_discovery:Crawling recursively for packages in '/home/rama/catkin_ws'
[0.620s] Level 1:colcon.colcon_core.package_identification:_identify(.) by extensions ['ignore', 'ignore_ament_install']
[0.620s] Level 1:colcon.colcon_core.package_identification:_identify(.) by extension 'ignore'
[0.620s] Level 1:colcon.colcon_core.package_identification:_identify(.) by extension 'ignore_ament_install'
[0.620s] Level 1:colcon.colcon_core.package_identification:_identify(.) by extensions ['colcon_pkg']
[0.620s] Level 1:colcon.colcon_core.package_identification:_identify(.) by extension 'colcon_pkg'
[0.620s] Level 1:colcon.colcon_core.package_identification:_identify(.) by extensions ['colcon_meta']
[0.620s] Level 1:colcon.colcon_core.package_identification:_identify(.) by extension 'colcon_meta'
[0.620s] Level 1:colcon.colcon_core.package_identification:_identify(.) by extensions ['ros']
[0.620s] Level 1:colcon.colcon_core.package_identification:_identify(.) by extension 'ros'
[0.661s] Level 1:colcon.colcon_core.package_identification:_identify(.) by extensions ['cmake', 'python']
[0.661s] Level 1:colcon.colcon_core.package_identification:_identify(.) by extension 'cmake'
[0.661s] Level 1:colcon.colcon_core.package_identification:_identify(.) by extension 'python'
[0.661s] Level 1:colcon.colcon_core.package_identification:_identify(.) by extensions ['python_setup_py']
[0.662s] Level 1:colcon.colcon_core.package_identification:_identify(.) by extension 'python_setup_py'
[0.662s] Level 1:colcon.colcon_core.package_identification:_identify(build) by extensions ['ignore', 'ignore_ament_install']
[0.663s] Level 1:colcon.colcon_core.package_identification:_identify(build) by extension 'ignore'
[0.663s] Level 1:colcon.colcon_core.package_identification:_identify(build) ignored
[0.663s] Level 1:colcon.colcon_core.package_identification:_identify(install) by extensions ['ignore', 'ignore_ament_install']
[0.663s] Level 1:colcon.colcon_core.package_identification:_identify(install) by extension 'ignore'
[0.663s] Level 1:colcon.colcon_core.package_identification:_identify(install) ignored
[0.664s] Level 1:colcon.colcon_core.package_identification:_identify(log) by extensions ['ignore', 'ignore_ament_install']
[0.664s] Level 1:colcon.colcon_core.package_identification:_identify(log) by extension 'ignore'
[0.664s] Level 1:colcon.colcon_core.package_identification:_identify(log) ignored
[0.664s] Level 1:colcon.colcon_core.package_identification:_identify(src) by extensions ['ignore', 'ignore_ament_install']
[0.664s] Level 1:colcon.colcon_core.package_identification:_identify(src) by extension 'ignore'
[0.664s] Level 1:colcon.colcon_core.package_identification:_identify(src) by extension 'ignore_ament_install'
[0.664s] Level 1:colcon.colcon_core.package_identification:_identify(src) by extensions ['colcon_pkg']
[0.664s] Level 1:colcon.colcon_core.package_identification:_identify(src) by extension 'colcon_pkg'
[0.664s] Level 1:colcon.colcon_core.package_identification:_identify(src) by extensions ['colcon_meta']
[0.664s] Level 1:colcon.colcon_core.package_identification:_identify(src) by extension 'colcon_meta'
[0.664s] Level 1:colcon.colcon_core.package_identification:_identify(src) by extensions ['ros']
[0.664s] Level 1:colcon.colcon_core.package_identification:_identify(src) by extension 'ros'
[0.664s] Level 1:colcon.colcon_core.package_identification:_identify(src) by extensions ['cmake', 'python']
[0.664s] Level 1:colcon.colcon_core.package_identification:_identify(src) by extension 'cmake'
[0.664s] Level 1:colcon.colcon_core.package_identification:_identify(src) by extension 'python'
[0.665s] Level 1:colcon.colcon_core.package_identification:_identify(src) by extensions ['python_setup_py']
[0.665s] Level 1:colcon.colcon_core.package_identification:_identify(src) by extension 'python_setup_py'
[0.665s] Level 1:colcon.colcon_core.package_identification:_identify(src/nodes) by extensions ['ignore', 'ignore_ament_install']
[0.665s] Level 1:colcon.colcon_core.package_identification:_identify(src/nodes) by extension 'ignore'
[0.665s] Level 1:colcon.colcon_core.package_identification:_identify(src/nodes) by extension 'ignore_ament_install'
[0.665s] Level 1:colcon.colcon_core.package_identification:_identify(src/nodes) by extensions ['colcon_pkg']
[0.665s] Level 1:colcon.colcon_core.package_identification:_identify(src/nodes) by extension 'colcon_pkg'
[0.665s] Level 1:colcon.colcon_core.package_identification:_identify(src/nodes) by extensions ['colcon_meta']
[0.665s] Level 1:colcon.colcon_core.package_identification:_identify(src/nodes) by extension 'colcon_meta'
[0.665s] Level 1:colcon.colcon_core.package_identification:_identify(src/nodes) by extensions ['ros']
[0.665s] Level 1:colcon.colcon_core.package_identification:_identify(src/nodes) by extension 'ros'
[0.668s] DEBUG:colcon.colcon_core.package_identification:Package 'src/nodes' with type 'ros.ament_python' and name 'nodes'
[0.668s] Level 1:colcon.colcon_core.package_identification:_identify(src/nodes2) by extensions ['ignore', 'ignore_ament_install']
[0.669s] Level 1:colcon.colcon_core.package_identification:_identify(src/nodes2) by extension 'ignore'
[0.669s] Level 1:colcon.colcon_core.package_identification:_identify(src/nodes2) by extension 'ignore_ament_install'
[0.669s] Level 1:colcon.colcon_core.package_identification:_identify(src/nodes2) by extensions ['colcon_pkg']
[0.669s] Level 1:colcon.colcon_core.package_identification:_identify(src/nodes2) by extension 'colcon_pkg'
[0.669s] Level 1:colcon.colcon_core.package_identification:_identify(src/nodes2) by extensions ['colcon_meta']
[0.669s] Level 1:colcon.colcon_core.package_identification:_identify(src/nodes2) by extension 'colcon_meta'
[0.669s] Level 1:colcon.colcon_core.package_identification:_identify(src/nodes2) by extensions ['ros']
[0.669s] Level 1:colcon.colcon_core.package_identification:_identify(src/nodes2) by extension 'ros'
[0.670s] DEBUG:colcon.colcon_core.package_identification:Package 'src/nodes2' with type 'ros.ament_python' and name 'nodes2'
[0.670s] Level 1:colcon.colcon_core.package_identification:_identify(src/turtlebot3_simulations) by extensions ['ignore', 'ignore_ament_install']
[0.670s] Level 1:colcon.colcon_core.package_identification:_identify(src/turtlebot3_simulations) by extension 'ignore'
[0.670s] Level 1:colcon.colcon_core.package_identification:_identify(src/turtlebot3_simulations) by extension 'ignore_ament_install'
[0.670s] Level 1:colcon.colcon_core.package_identification:_identify(src/turtlebot3_simulations) by extensions ['colcon_pkg']
[0.670s] Level 1:colcon.colcon_core.package_identification:_identify(src/turtlebot3_simulations) by extension 'colcon_pkg'
[0.670s] Level 1:colcon.colcon_core.package_identification:_identify(src/turtlebot3_simulations) by extensions ['colcon_meta']
[0.670s] Level 1:colcon.colcon_core.package_identification:_identify(src/turtlebot3_simulations) by extension 'colcon_meta'
[0.671s] Level 1:colcon.colcon_core.package_identification:_identify(src/turtlebot3_simulations) by extensions ['ros']
[0.671s] Level 1:colcon.colcon_core.package_identification:_identify(src/turtlebot3_simulations) by extension 'ros'
[0.671s] Level 1:colcon.colcon_core.package_identification:_identify(src/turtlebot3_simulations) by extensions ['cmake', 'python']
[0.671s] Level 1:colcon.colcon_core.package_identification:_identify(src/turtlebot3_simulations) by extension 'cmake'
[0.671s] Level 1:colcon.colcon_core.package_identification:_identify(src/turtlebot3_simulations) by extension 'python'
[0.671s] Level 1:colcon.colcon_core.package_identification:_identify(src/turtlebot3_simulations) by extensions ['python_setup_py']
[0.671s] Level 1:colcon.colcon_core.package_identification:_identify(src/turtlebot3_simulations) by extension 'python_setup_py'
[0.671s] Level 1:colcon.colcon_core.package_identification:_identify(src/turtlebot3_simulations/turtlebot3_fake_node) by extensions ['ignore', 'ignore_ament_install']
[0.671s] Level 1:colcon.colcon_core.package_identification:_identify(src/turtlebot3_simulations/turtlebot3_fake_node) by extension 'ignore'
[0.672s] Level 1:colcon.colcon_core.package_identification:_identify(src/turtlebot3_simulations/turtlebot3_fake_node) by extension 'ignore_ament_install'
[0.672s] Level 1:colcon.colcon_core.package_identification:_identify(src/turtlebot3_simulations/turtlebot3_fake_node) by extensions ['colcon_pkg']
[0.672s] Level 1:colcon.colcon_core.package_identification:_identify(src/turtlebot3_simulations/turtlebot3_fake_node) by extension 'colcon_pkg'
[0.672s] Level 1:colcon.colcon_core.package_identification:_identify(src/turtlebot3_simulations/turtlebot3_fake_node) by extensions ['colcon_meta']
[0.672s] Level 1:colcon.colcon_core.package_identification:_identify(src/turtlebot3_simulations/turtlebot3_fake_node) by extension 'colcon_meta'
[0.672s] Level 1:colcon.colcon_core.package_identification:_identify(src/turtlebot3_simulations/turtlebot3_fake_node) by extensions ['ros']
[0.672s] Level 1:colcon.colcon_core.package_identification:_identify(src/turtlebot3_simulations/turtlebot3_fake_node) by extension 'ros'
[0.679s] DEBUG:colcon.colcon_core.package_identification:Package 'src/turtlebot3_simulations/turtlebot3_fake_node' with type 'ros.ament_cmake' and name 'turtlebot3_fake_node'
[0.680s] Level 1:colcon.colcon_core.package_identification:_identify(src/turtlebot3_simulations/turtlebot3_gazebo) by extensions ['ignore', 'ignore_ament_install']
[0.680s] Level 1:colcon.colcon_core.package_identification:_identify(src/turtlebot3_simulations/turtlebot3_gazebo) by extension 'ignore'
[0.681s] Level 1:colcon.colcon_core.package_identification:_identify(src/turtlebot3_simulations/turtlebot3_gazebo) by extension 'ignore_ament_install'
[0.681s] Level 1:colcon.colcon_core.package_identification:_identify(src/turtlebot3_simulations/turtlebot3_gazebo) by extensions ['colcon_pkg']
[0.681s] Level 1:colcon.colcon_core.package_identification:_identify(src/turtlebot3_simulations/turtlebot3_gazebo) by extension 'colcon_pkg'
[0.681s] Level 1:colcon.colcon_core.package_identification:_identify(src/turtlebot3_simulations/turtlebot3_gazebo) by extensions ['colcon_meta']
[0.681s] Level 1:colcon.colcon_core.package_identification:_identify(src/turtlebot3_simulations/turtlebot3_gazebo) by extension 'colcon_meta'
[0.681s] Level 1:colcon.colcon_core.package_identification:_identify(src/turtlebot3_simulations/turtlebot3_gazebo) by extensions ['ros']
[0.681s] Level 1:colcon.colcon_core.package_identification:_identify(src/turtlebot3_simulations/turtlebot3_gazebo) by extension 'ros'
[0.683s] DEBUG:colcon.colcon_core.package_identification:Package 'src/turtlebot3_simulations/turtlebot3_gazebo' with type 'ros.ament_cmake' and name 'turtlebot3_gazebo'
[0.683s] Level 1:colcon.colcon_core.package_identification:_identify(src/turtlebot3_simulations/turtlebot3_simulations) by extensions ['ignore', 'ignore_ament_install']
[0.683s] Level 1:colcon.colcon_core.package_identification:_identify(src/turtlebot3_simulations/turtlebot3_simulations) by extension 'ignore'
[0.683s] Level 1:colcon.colcon_core.package_identification:_identify(src/turtlebot3_simulations/turtlebot3_simulations) by extension 'ignore_ament_install'
[0.683s] Level 1:colcon.colcon_core.package_identification:_identify(src/turtlebot3_simulations/turtlebot3_simulations) by extensions ['colcon_pkg']
[0.683s] Level 1:colcon.colcon_core.package_identification:_identify(src/turtlebot3_simulations/turtlebot3_simulations) by extension 'colcon_pkg'
[0.683s] Level 1:colcon.colcon_core.package_identification:_identify(src/turtlebot3_simulations/turtlebot3_simulations) by extensions ['colcon_meta']
[0.683s] Level 1:colcon.colcon_core.package_identification:_identify(src/turtlebot3_simulations/turtlebot3_simulations) by extension 'colcon_meta'
[0.683s] Level 1:colcon.colcon_core.package_identification:_identify(src/turtlebot3_simulations/turtlebot3_simulations) by extensions ['ros']
[0.683s] Level 1:colcon.colcon_core.package_identification:_identify(src/turtlebot3_simulations/turtlebot3_simulations) by extension 'ros'
[0.684s] DEBUG:colcon.colcon_core.package_identification:Package 'src/turtlebot3_simulations/turtlebot3_simulations' with type 'ros.ament_cmake' and name 'turtlebot3_simulations'
[0.684s] Level 1:colcon.colcon_core.package_discovery:discover_packages(recursive) using defaults
[0.684s] Level 1:colcon.colcon_core.package_discovery:discover_packages(ignore) discover
[0.684s] Level 1:colcon.colcon_core.package_discovery:discover_packages(ignore) using defaults
[0.684s] Level 1:colcon.colcon_core.package_discovery:discover_packages(path) discover
[0.684s] Level 1:colcon.colcon_core.package_discovery:discover_packages(path) using defaults
[0.725s] Level 1:colcon.colcon_core.package_discovery:discover_packages(prefix_path) check parameters
[0.725s] Level 1:colcon.colcon_core.package_discovery:discover_packages(prefix_path) discover
[0.730s] DEBUG:colcon.colcon_installed_package_information.package_discovery:Found 5 installed packages in /home/rama/catkin_ws/install
[0.732s] DEBUG:colcon.colcon_installed_package_information.package_discovery:Found 335 installed packages in /opt/ros/foxy
[0.734s] Level 1:colcon.colcon_core.package_discovery:discover_packages(prefix_path) using defaults
[0.869s] Level 5:colcon.colcon_core.verb:set package 'nodes' build argument 'cmake_args' from command line to 'None'
[0.870s] Level 5:colcon.colcon_core.verb:set package 'nodes' build argument 'cmake_target' from command line to 'None'
[0.870s] Level 5:colcon.colcon_core.verb:set package 'nodes' build argument 'cmake_target_skip_unavailable' from command line to 'False'
[0.870s] Level 5:colcon.colcon_core.verb:set package 'nodes' build argument 'cmake_clean_cache' from command line to 'False'
[0.870s] Level 5:colcon.colcon_core.verb:set package 'nodes' build argument 'cmake_clean_first' from command line to 'False'
[0.870s] Level 5:colcon.colcon_core.verb:set package 'nodes' build argument 'cmake_force_configure' from command line to 'False'
[0.870s] Level 5:colcon.colcon_core.verb:set package 'nodes' build argument 'ament_cmake_args' from command line to 'None'
[0.870s] Level 5:colcon.colcon_core.verb:set package 'nodes' build argument 'catkin_cmake_args' from command line to 'None'
[0.870s] Level 5:colcon.colcon_core.verb:set package 'nodes' build argument 'catkin_skip_building_tests' from command line to 'False'
[0.870s] DEBUG:colcon.colcon_core.verb:Building package 'nodes' with the following arguments: {'ament_cmake_args': None, 'build_base': '/home/rama/catkin_ws/build/nodes', 'catkin_cmake_args': None, 'catkin_skip_building_tests': False, 'cmake_args': None, 'cmake_clean_cache': False, 'cmake_clean_first': False, 'cmake_force_configure': False, 'cmake_target': None, 'cmake_target_skip_unavailable': False, 'install_base': '/home/rama/catkin_ws/install/nodes', 'merge_install': False, 'path': '/home/rama/catkin_ws/src/nodes', 'symlink_install': False, 'test_result_base': None}
[0.872s] Level 5:colcon.colcon_core.verb:set package 'nodes2' build argument 'cmake_args' from command line to 'None'
[0.872s] Level 5:colcon.colcon_core.verb:set package 'nodes2' build argument 'cmake_target' from command line to 'None'
[0.872s] Level 5:colcon.colcon_core.verb:set package 'nodes2' build argument 'cmake_target_skip_unavailable' from command line to 'False'
[0.872s] Level 5:colcon.colcon_core.verb:set package 'nodes2' build argument 'cmake_clean_cache' from command line to 'False'
[0.872s] Level 5:colcon.colcon_core.verb:set package 'nodes2' build argument 'cmake_clean_first' from command line to 'False'
[0.872s] Level 5:colcon.colcon_core.verb:set package 'nodes2' build argument 'cmake_force_configure' from command line to 'False'
[0.872s] Level 5:colcon.colcon_core.verb:set package 'nodes2' build argument 'ament_cmake_args' from command line to 'None'
[0.872s] Level 5:colcon.colcon_core.verb:set package 'nodes2' build argument 'catkin_cmake_args' from command line to 'None'
[0.872s] Level 5:colcon.colcon_core.verb:set package 'nodes2' build argument 'catkin_skip_building_tests' from command line to 'False'
[0.873s] DEBUG:colcon.colcon_core.verb:Building package 'nodes2' with the following arguments: {'ament_cmake_args': None, 'build_base': '/home/rama/catkin_ws/build/nodes2', 'catkin_cmake_args': None, 'catkin_skip_building_tests': False, 'cmake_args': None, 'cmake_clean_cache': False, 'cmake_clean_first': False, 'cmake_force_configure': False, 'cmake_target': None, 'cmake_target_skip_unavailable': False, 'install_base': '/home/rama/catkin_ws/install/nodes2', 'merge_install': False, 'path': '/home/rama/catkin_ws/src/nodes2', 'symlink_install': False, 'test_result_base': None}
[0.874s] Level 5:colcon.colcon_core.verb:set package 'turtlebot3_fake_node' build argument 'cmake_args' from command line to 'None'
[0.874s] Level 5:colcon.colcon_core.verb:set package 'turtlebot3_fake_node' build argument 'cmake_target' from command line to 'None'
[0.874s] Level 5:colcon.colcon_core.verb:set package 'turtlebot3_fake_node' build argument 'cmake_target_skip_unavailable' from command line to 'False'
[0.874s] Level 5:colcon.colcon_core.verb:set package 'turtlebot3_fake_node' build argument 'cmake_clean_cache' from command line to 'False'
[0.874s] Level 5:colcon.colcon_core.verb:set package 'turtlebot3_fake_node' build argument 'cmake_clean_first' from command line to 'False'
[0.874s] Level 5:colcon.colcon_core.verb:set package 'turtlebot3_fake_node' build argument 'cmake_force_configure' from command line to 'False'
[0.874s] Level 5:colcon.colcon_core.verb:set package 'turtlebot3_fake_node' build argument 'ament_cmake_args' from command line to 'None'
[0.874s] Level 5:colcon.colcon_core.verb:set package 'turtlebot3_fake_node' build argument 'catkin_cmake_args' from command line to 'None'
[0.875s] Level 5:colcon.colcon_core.verb:set package 'turtlebot3_fake_node' build argument 'catkin_skip_building_tests' from command line to 'False'
[0.875s] DEBUG:colcon.colcon_core.verb:Building package 'turtlebot3_fake_node' with the following arguments: {'ament_cmake_args': None, 'build_base': '/home/rama/catkin_ws/build/turtlebot3_fake_node', 'catkin_cmake_args': None, 'catkin_skip_building_tests': False, 'cmake_args': None, 'cmake_clean_cache': False, 'cmake_clean_first': False, 'cmake_force_configure': False, 'cmake_target': None, 'cmake_target_skip_unavailable': False, 'install_base': '/home/rama/catkin_ws/install/turtlebot3_fake_node', 'merge_install': False, 'path': '/home/rama/catkin_ws/src/turtlebot3_simulations/turtlebot3_fake_node', 'symlink_install': False, 'test_result_base': None}
[0.876s] Level 5:colcon.colcon_core.verb:set package 'turtlebot3_gazebo' build argument 'cmake_args' from command line to 'None'
[0.876s] Level 5:colcon.colcon_core.verb:set package 'turtlebot3_gazebo' build argument 'cmake_target' from command line to 'None'
[0.876s] Level 5:colcon.colcon_core.verb:set package 'turtlebot3_gazebo' build argument 'cmake_target_skip_unavailable' from command line to 'False'
[0.876s] Level 5:colcon.colcon_core.verb:set package 'turtlebot3_gazebo' build argument 'cmake_clean_cache' from command line to 'False'
[0.876s] Level 5:colcon.colcon_core.verb:set package 'turtlebot3_gazebo' build argument 'cmake_clean_first' from command line to 'False'
[0.876s] Level 5:colcon.colcon_core.verb:set package 'turtlebot3_gazebo' build argument 'cmake_force_configure' from command line to 'False'
[0.876s] Level 5:colcon.colcon_core.verb:set package 'turtlebot3_gazebo' build argument 'ament_cmake_args' from command line to 'None'
[0.876s] Level 5:colcon.colcon_core.verb:set package 'turtlebot3_gazebo' build argument 'catkin_cmake_args' from command line to 'None'
[0.876s] Level 5:colcon.colcon_core.verb:set package 'turtlebot3_gazebo' build argument 'catkin_skip_building_tests' from command line to 'False'
[0.876s] DEBUG:colcon.colcon_core.verb:Building package 'turtlebot3_gazebo' with the following arguments: {'ament_cmake_args': None, 'build_base': '/home/rama/catkin_ws/build/turtlebot3_gazebo', 'catkin_cmake_args': None, 'catkin_skip_building_tests': False, 'cmake_args': None, 'cmake_clean_cache': False, 'cmake_clean_first': False, 'cmake_force_configure': False, 'cmake_target': None, 'cmake_target_skip_unavailable': False, 'install_base': '/home/rama/catkin_ws/install/turtlebot3_gazebo', 'merge_install': False, 'path': '/home/rama/catkin_ws/src/turtlebot3_simulations/turtlebot3_gazebo', 'symlink_install': False, 'test_result_base': None}
[0.877s] Level 5:colcon.colcon_core.verb:set package 'turtlebot3_simulations' build argument 'cmake_args' from command line to 'None'
[0.877s] Level 5:colcon.colcon_core.verb:set package 'turtlebot3_simulations' build argument 'cmake_target' from command line to 'None'
[0.877s] Level 5:colcon.colcon_core.verb:set package 'turtlebot3_simulations' build argument 'cmake_target_skip_unavailable' from command line to 'False'
[0.878s] Level 5:colcon.colcon_core.verb:set package 'turtlebot3_simulations' build argument 'cmake_clean_cache' from command line to 'False'
[0.878s] Level 5:colcon.colcon_core.verb:set package 'turtlebot3_simulations' build argument 'cmake_clean_first' from command line to 'False'
[0.878s] Level 5:colcon.colcon_core.verb:set package 'turtlebot3_simulations' build argument 'cmake_force_configure' from command line to 'False'
[0.878s] Level 5:colcon.colcon_core.verb:set package 'turtlebot3_simulations' build argument 'ament_cmake_args' from command line to 'None'
[0.878s] Level 5:colcon.colcon_core.verb:set package 'turtlebot3_simulations' build argument 'catkin_cmake_args' from command line to 'None'
[0.878s] Level 5:colcon.colcon_core.verb:set package 'turtlebot3_simulations' build argument 'catkin_skip_building_tests' from command line to 'False'
[0.878s] DEBUG:colcon.colcon_core.verb:Building package 'turtlebot3_simulations' with the following arguments: {'ament_cmake_args': None, 'build_base': '/home/rama/catkin_ws/build/turtlebot3_simulations', 'catkin_cmake_args': None, 'catkin_skip_building_tests': False, 'cmake_args': None, 'cmake_clean_cache': False, 'cmake_clean_first': False, 'cmake_force_configure': False, 'cmake_target': None, 'cmake_target_skip_unavailable': False, 'install_base': '/home/rama/catkin_ws/install/turtlebot3_simulations', 'merge_install': False, 'path': '/home/rama/catkin_ws/src/turtlebot3_simulations/turtlebot3_simulations', 'symlink_install': False, 'test_result_base': None}
[0.879s] INFO:colcon.colcon_core.executor:Executing jobs using 'parallel' executor
[0.889s] DEBUG:colcon.colcon_parallel_executor.executor.parallel:run_until_complete
[0.890s] INFO:colcon.colcon_ros.task.ament_cmake.build:Building ROS package in '/home/rama/catkin_ws/src/turtlebot3_simulations/turtlebot3_fake_node' with build type 'ament_cmake'
[0.890s] INFO:colcon.colcon_cmake.task.cmake.build:Building CMake package in '/home/rama/catkin_ws/src/turtlebot3_simulations/turtlebot3_fake_node'
[0.895s] INFO:colcon.colcon_core.plugin_system:Skipping extension 'colcon_core.shell.bat': Not used on non-Windows systems
[0.895s] INFO:colcon.colcon_core.shell:Skip shell extension 'powershell' for command environment: Not usable outside of PowerShell
[0.896s] DEBUG:colcon.colcon_core.shell:Skip shell extension 'dsv' for command environment
[0.910s] INFO:colcon.colcon_ros.task.ament_cmake.build:Building ROS package in '/home/rama/catkin_ws/src/turtlebot3_simulations/turtlebot3_gazebo' with build type 'ament_cmake'
[0.911s] INFO:colcon.colcon_cmake.task.cmake.build:Building CMake package in '/home/rama/catkin_ws/src/turtlebot3_simulations/turtlebot3_gazebo'
[0.917s] INFO:colcon.colcon_core.shell:Skip shell extension 'powershell' for command environment: Not usable outside of PowerShell
[0.918s] DEBUG:colcon.colcon_core.shell:Skip shell extension 'dsv' for command environment
[0.934s] INFO:colcon.colcon_ros.task.ament_python.build:Building ROS package in '/home/rama/catkin_ws/src/nodes' with build type 'ament_python'
[0.935s] Level 1:colcon.colcon_core.shell:create_environment_hook('nodes', 'ament_prefix_path')
[0.938s] INFO:colcon.colcon_core.shell:Creating environment hook '/home/rama/catkin_ws/install/nodes/share/nodes/hook/ament_prefix_path.ps1'
[0.939s] INFO:colcon.colcon_core.shell:Creating environment descriptor '/home/rama/catkin_ws/install/nodes/share/nodes/hook/ament_prefix_path.dsv'
[0.940s] INFO:colcon.colcon_core.shell:Creating environment hook '/home/rama/catkin_ws/install/nodes/share/nodes/hook/ament_prefix_path.sh'
[0.942s] INFO:colcon.colcon_core.shell:Skip shell extension 'powershell' for command environment: Not usable outside of PowerShell
[0.942s] DEBUG:colcon.colcon_core.shell:Skip shell extension 'dsv' for command environment
[0.955s] INFO:colcon.colcon_ros.task.ament_python.build:Building ROS package in '/home/rama/catkin_ws/src/nodes2' with build type 'ament_python'
[0.956s] Level 1:colcon.colcon_core.shell:create_environment_hook('nodes2', 'ament_prefix_path')
[0.958s] INFO:colcon.colcon_core.shell:Creating environment hook '/home/rama/catkin_ws/install/nodes2/share/nodes2/hook/ament_prefix_path.ps1'
[0.960s] INFO:colcon.colcon_core.shell:Creating environment descriptor '/home/rama/catkin_ws/install/nodes2/share/nodes2/hook/ament_prefix_path.dsv'
[0.963s] INFO:colcon.colcon_core.shell:Creating environment hook '/home/rama/catkin_ws/install/nodes2/share/nodes2/hook/ament_prefix_path.sh'
[0.967s] INFO:colcon.colcon_core.shell:Skip shell extension 'powershell' for command environment: Not usable outside of PowerShell
[0.967s] DEBUG:colcon.colcon_core.shell:Skip shell extension 'dsv' for command environment
[0.990s] DEBUG:colcon.colcon_core.event_handler.log_command:Invoking command in '/home/rama/catkin_ws/build/turtlebot3_fake_node': CMAKE_PREFIX_PATH=${CMAKE_PREFIX_PATH}:/home/rama/catkin_ws/install/nodes2:/home/rama/catkin_ws/install/nodes:/opt/ros/foxy /usr/bin/cmake --build /home/rama/catkin_ws/build/turtlebot3_fake_node -- -j8 -l8
[1.005s] DEBUG:colcon.colcon_core.event_handler.log_command:Invoking command in '/home/rama/catkin_ws/build/turtlebot3_gazebo': CMAKE_PREFIX_PATH=${CMAKE_PREFIX_PATH}:/home/rama/catkin_ws/install/nodes2:/home/rama/catkin_ws/install/nodes:/opt/ros/foxy /usr/bin/cmake --build /home/rama/catkin_ws/build/turtlebot3_gazebo -- -j8 -l8
[1.673s] INFO:colcon.colcon_core.task.python.build:Building Python package in '/home/rama/catkin_ws/src/nodes'
[1.675s] INFO:colcon.colcon_core.shell:Skip shell extension 'powershell' for command environment: Not usable outside of PowerShell
[1.675s] DEBUG:colcon.colcon_core.shell:Skip shell extension 'dsv' for command environment
[2.202s] INFO:colcon.colcon_core.task.python.build:Building Python package in '/home/rama/catkin_ws/src/nodes2'
[2.206s] INFO:colcon.colcon_core.shell:Skip shell extension 'powershell' for command environment: Not usable outside of PowerShell
[2.207s] DEBUG:colcon.colcon_core.shell:Skip shell extension 'dsv' for command environment
[2.249s] DEBUG:colcon.colcon_core.event_handler.log_command:Invoked command in '/home/rama/catkin_ws/build/turtlebot3_fake_node' returned '0': CMAKE_PREFIX_PATH=${CMAKE_PREFIX_PATH}:/home/rama/catkin_ws/install/nodes2:/home/rama/catkin_ws/install/nodes:/opt/ros/foxy /usr/bin/cmake --build /home/rama/catkin_ws/build/turtlebot3_fake_node -- -j8 -l8
[2.255s] DEBUG:colcon.colcon_core.event_handler.log_command:Invoked command in '/home/rama/catkin_ws/build/turtlebot3_gazebo' returned '0': CMAKE_PREFIX_PATH=${CMAKE_PREFIX_PATH}:/home/rama/catkin_ws/install/nodes2:/home/rama/catkin_ws/install/nodes:/opt/ros/foxy /usr/bin/cmake --build /home/rama/catkin_ws/build/turtlebot3_gazebo -- -j8 -l8
[2.396s] DEBUG:colcon.colcon_core.event_handler.log_command:Invoking command in '/home/rama/catkin_ws/build/turtlebot3_fake_node': CMAKE_PREFIX_PATH=${CMAKE_PREFIX_PATH}:/home/rama/catkin_ws/install/nodes2:/home/rama/catkin_ws/install/nodes:/opt/ros/foxy /usr/bin/cmake --install /home/rama/catkin_ws/build/turtlebot3_fake_node
[2.453s] DEBUG:colcon.colcon_core.event_handler.log_command:Invoking command in '/home/rama/catkin_ws/build/turtlebot3_gazebo': CMAKE_PREFIX_PATH=${CMAKE_PREFIX_PATH}:/home/rama/catkin_ws/install/nodes2:/home/rama/catkin_ws/install/nodes:/opt/ros/foxy /usr/bin/cmake --install /home/rama/catkin_ws/build/turtlebot3_gazebo
[2.493s] Level 1:colcon.colcon_core.environment:create_environment_scripts_only(turtlebot3_fake_node)
[2.531s] DEBUG:colcon.colcon_core.event_handler.log_command:Invoked command in '/home/rama/catkin_ws/build/turtlebot3_fake_node' returned '0': CMAKE_PREFIX_PATH=${CMAKE_PREFIX_PATH}:/home/rama/catkin_ws/install/nodes2:/home/rama/catkin_ws/install/nodes:/opt/ros/foxy /usr/bin/cmake --install /home/rama/catkin_ws/build/turtlebot3_fake_node
[2.544s] Level 1:colcon.colcon_core.environment:checking '/home/rama/catkin_ws/install/turtlebot3_fake_node' for CMake module files
[2.546s] Level 1:colcon.colcon_core.environment:checking '/home/rama/catkin_ws/install/turtlebot3_fake_node' for CMake config files
[2.546s] Level 1:colcon.colcon_core.shell:create_environment_hook('turtlebot3_fake_node', 'cmake_prefix_path')
[2.572s] INFO:colcon.colcon_core.shell:Creating environment hook '/home/rama/catkin_ws/install/turtlebot3_fake_node/share/turtlebot3_fake_node/hook/cmake_prefix_path.ps1'
[2.575s] INFO:colcon.colcon_core.shell:Creating environment descriptor '/home/rama/catkin_ws/install/turtlebot3_fake_node/share/turtlebot3_fake_node/hook/cmake_prefix_path.dsv'
[2.602s] INFO:colcon.colcon_core.shell:Creating environment hook '/home/rama/catkin_ws/install/turtlebot3_fake_node/share/turtlebot3_fake_node/hook/cmake_prefix_path.sh'
[2.605s] Level 1:colcon.colcon_core.environment:checking '/home/rama/catkin_ws/install/turtlebot3_fake_node/lib'
[2.606s] Level 1:colcon.colcon_core.environment:checking '/home/rama/catkin_ws/install/turtlebot3_fake_node/bin'
[2.606s] Level 1:colcon.colcon_core.environment:checking '/home/rama/catkin_ws/install/turtlebot3_fake_node/lib/pkgconfig/turtlebot3_fake_node.pc'
[2.607s] Level 1:colcon.colcon_core.environment:checking '/home/rama/catkin_ws/install/turtlebot3_fake_node/lib/python3.8/site-packages'
[2.607s] Level 1:colcon.colcon_core.environment:checking '/home/rama/catkin_ws/install/turtlebot3_fake_node/bin'
[2.611s] INFO:colcon.colcon_core.shell:Creating package script '/home/rama/catkin_ws/install/turtlebot3_fake_node/share/turtlebot3_fake_node/package.ps1'
[2.615s] INFO:colcon.colcon_core.shell:Creating package descriptor '/home/rama/catkin_ws/install/turtlebot3_fake_node/share/turtlebot3_fake_node/package.dsv'
[2.630s] INFO:colcon.colcon_core.shell:Creating package script '/home/rama/catkin_ws/install/turtlebot3_fake_node/share/turtlebot3_fake_node/package.sh'
[2.637s] INFO:colcon.colcon_core.shell:Creating package script '/home/rama/catkin_ws/install/turtlebot3_fake_node/share/turtlebot3_fake_node/package.bash'
[2.641s] INFO:colcon.colcon_core.shell:Creating package script '/home/rama/catkin_ws/install/turtlebot3_fake_node/share/turtlebot3_fake_node/package.zsh'
[2.643s] Level 1:colcon.colcon_core.environment:create_file_with_runtime_dependencies(/home/rama/catkin_ws/install/turtlebot3_fake_node/share/colcon-core/packages/turtlebot3_fake_node)
[2.675s] Level 1:colcon.colcon_core.environment:create_environment_scripts_only(turtlebot3_gazebo)
[2.687s] Level 1:colcon.colcon_core.environment:checking '/home/rama/catkin_ws/install/turtlebot3_gazebo' for CMake module files
[2.688s] Level 1:colcon.colcon_core.environment:checking '/home/rama/catkin_ws/install/turtlebot3_gazebo' for CMake config files
[2.690s] Level 1:colcon.colcon_core.shell:create_environment_hook('turtlebot3_gazebo', 'cmake_prefix_path')
[2.697s] DEBUG:colcon.colcon_core.event_handler.log_command:Invoked command in '/home/rama/catkin_ws/build/turtlebot3_gazebo' returned '0': CMAKE_PREFIX_PATH=${CMAKE_PREFIX_PATH}:/home/rama/catkin_ws/install/nodes2:/home/rama/catkin_ws/install/nodes:/opt/ros/foxy /usr/bin/cmake --install /home/rama/catkin_ws/build/turtlebot3_gazebo
[2.700s] INFO:colcon.colcon_core.shell:Creating environment hook '/home/rama/catkin_ws/install/turtlebot3_gazebo/share/turtlebot3_gazebo/hook/cmake_prefix_path.ps1'
[2.702s] INFO:colcon.colcon_core.shell:Creating environment descriptor '/home/rama/catkin_ws/install/turtlebot3_gazebo/share/turtlebot3_gazebo/hook/cmake_prefix_path.dsv'
[2.703s] INFO:colcon.colcon_core.shell:Creating environment hook '/home/rama/catkin_ws/install/turtlebot3_gazebo/share/turtlebot3_gazebo/hook/cmake_prefix_path.sh'
[2.704s] Level 1:colcon.colcon_core.environment:checking '/home/rama/catkin_ws/install/turtlebot3_gazebo/lib'
[2.705s] Level 1:colcon.colcon_core.environment:checking '/home/rama/catkin_ws/install/turtlebot3_gazebo/bin'
[2.705s] Level 1:colcon.colcon_core.environment:checking '/home/rama/catkin_ws/install/turtlebot3_gazebo/lib/pkgconfig/turtlebot3_gazebo.pc'
[2.705s] Level 1:colcon.colcon_core.environment:checking '/home/rama/catkin_ws/install/turtlebot3_gazebo/lib/python3.8/site-packages'
[2.706s] Level 1:colcon.colcon_core.environment:checking '/home/rama/catkin_ws/install/turtlebot3_gazebo/bin'
[2.718s] INFO:colcon.colcon_core.shell:Creating package script '/home/rama/catkin_ws/install/turtlebot3_gazebo/share/turtlebot3_gazebo/package.ps1'
[2.719s] INFO:colcon.colcon_core.shell:Creating package descriptor '/home/rama/catkin_ws/install/turtlebot3_gazebo/share/turtlebot3_gazebo/package.dsv'
[2.720s] INFO:colcon.colcon_core.shell:Creating package script '/home/rama/catkin_ws/install/turtlebot3_gazebo/share/turtlebot3_gazebo/package.sh'
[2.721s] INFO:colcon.colcon_core.shell:Creating package script '/home/rama/catkin_ws/install/turtlebot3_gazebo/share/turtlebot3_gazebo/package.bash'
[2.723s] INFO:colcon.colcon_core.shell:Creating package script '/home/rama/catkin_ws/install/turtlebot3_gazebo/share/turtlebot3_gazebo/package.zsh'
[2.725s] Level 1:colcon.colcon_core.environment:create_file_with_runtime_dependencies(/home/rama/catkin_ws/install/turtlebot3_gazebo/share/colcon-core/packages/turtlebot3_gazebo)
[2.778s] Level 1:colcon.colcon_core.environment:create_environment_scripts_only(turtlebot3_fake_node)
[2.786s] Level 1:colcon.colcon_core.environment:checking '/home/rama/catkin_ws/install/turtlebot3_fake_node' for CMake module files
[2.787s] Level 1:colcon.colcon_core.environment:checking '/home/rama/catkin_ws/install/turtlebot3_fake_node' for CMake config files
[2.788s] Level 1:colcon.colcon_core.shell:create_environment_hook('turtlebot3_fake_node', 'cmake_prefix_path')
[2.797s] INFO:colcon.colcon_core.shell:Creating environment hook '/home/rama/catkin_ws/install/turtlebot3_fake_node/share/turtlebot3_fake_node/hook/cmake_prefix_path.ps1'
[2.799s] INFO:colcon.colcon_core.shell:Creating environment descriptor '/home/rama/catkin_ws/install/turtlebot3_fake_node/share/turtlebot3_fake_node/hook/cmake_prefix_path.dsv'
[2.801s] INFO:colcon.colcon_core.shell:Creating environment hook '/home/rama/catkin_ws/install/turtlebot3_fake_node/share/turtlebot3_fake_node/hook/cmake_prefix_path.sh'
[2.805s] Level 1:colcon.colcon_core.environment:checking '/home/rama/catkin_ws/install/turtlebot3_fake_node/lib'
[2.805s] Level 1:colcon.colcon_core.environment:checking '/home/rama/catkin_ws/install/turtlebot3_fake_node/bin'
[2.806s] Level 1:colcon.colcon_core.environment:checking '/home/rama/catkin_ws/install/turtlebot3_fake_node/lib/pkgconfig/turtlebot3_fake_node.pc'
[2.806s] Level 1:colcon.colcon_core.environment:checking '/home/rama/catkin_ws/install/turtlebot3_fake_node/lib/python3.8/site-packages'
[2.806s] Level 1:colcon.colcon_core.environment:checking '/home/rama/catkin_ws/install/turtlebot3_fake_node/bin'
[2.815s] INFO:colcon.colcon_core.shell:Creating package script '/home/rama/catkin_ws/install/turtlebot3_fake_node/share/turtlebot3_fake_node/package.ps1'
[2.819s] INFO:colcon.colcon_core.shell:Creating package descriptor '/home/rama/catkin_ws/install/turtlebot3_fake_node/share/turtlebot3_fake_node/package.dsv'
[2.821s] INFO:colcon.colcon_core.shell:Creating package script '/home/rama/catkin_ws/install/turtlebot3_fake_node/share/turtlebot3_fake_node/package.sh'
[2.822s] INFO:colcon.colcon_core.shell:Creating package script '/home/rama/catkin_ws/install/turtlebot3_fake_node/share/turtlebot3_fake_node/package.bash'
[2.823s] INFO:colcon.colcon_core.shell:Creating package script '/home/rama/catkin_ws/install/turtlebot3_fake_node/share/turtlebot3_fake_node/package.zsh'
[2.824s] Level 1:colcon.colcon_core.environment:create_file_with_runtime_dependencies(/home/rama/catkin_ws/install/turtlebot3_fake_node/share/colcon-core/packages/turtlebot3_fake_node)
[2.868s] Level 1:colcon.colcon_core.environment:create_environment_scripts_only(turtlebot3_gazebo)
[2.879s] Level 1:colcon.colcon_core.environment:checking '/home/rama/catkin_ws/install/turtlebot3_gazebo' for CMake module files
[2.881s] Level 1:colcon.colcon_core.environment:checking '/home/rama/catkin_ws/install/turtlebot3_gazebo' for CMake config files
[2.882s] Level 1:colcon.colcon_core.shell:create_environment_hook('turtlebot3_gazebo', 'cmake_prefix_path')
[2.886s] INFO:colcon.colcon_core.shell:Creating environment hook '/home/rama/catkin_ws/install/turtlebot3_gazebo/share/turtlebot3_gazebo/hook/cmake_prefix_path.ps1'
[2.888s] INFO:colcon.colcon_core.shell:Creating environment descriptor '/home/rama/catkin_ws/install/turtlebot3_gazebo/share/turtlebot3_gazebo/hook/cmake_prefix_path.dsv'
[2.889s] INFO:colcon.colcon_core.shell:Creating environment hook '/home/rama/catkin_ws/install/turtlebot3_gazebo/share/turtlebot3_gazebo/hook/cmake_prefix_path.sh'
[2.895s] Level 1:colcon.colcon_core.environment:checking '/home/rama/catkin_ws/install/turtlebot3_gazebo/lib'
[2.896s] Level 1:colcon.colcon_core.environment:checking '/home/rama/catkin_ws/install/turtlebot3_gazebo/bin'
[2.897s] Level 1:colcon.colcon_core.environment:checking '/home/rama/catkin_ws/install/turtlebot3_gazebo/lib/pkgconfig/turtlebot3_gazebo.pc'
[2.897s] Level 1:colcon.colcon_core.environment:checking '/home/rama/catkin_ws/install/turtlebot3_gazebo/lib/python3.8/site-packages'
[2.898s] Level 1:colcon.colcon_core.environment:checking '/home/rama/catkin_ws/install/turtlebot3_gazebo/bin'
[2.902s] INFO:colcon.colcon_core.shell:Creating package script '/home/rama/catkin_ws/install/turtlebot3_gazebo/share/turtlebot3_gazebo/package.ps1'
[2.904s] INFO:colcon.colcon_core.shell:Creating package descriptor '/home/rama/catkin_ws/install/turtlebot3_gazebo/share/turtlebot3_gazebo/package.dsv'
[2.910s] INFO:colcon.colcon_core.shell:Creating package script '/home/rama/catkin_ws/install/turtlebot3_gazebo/share/turtlebot3_gazebo/package.sh'
[2.912s] INFO:colcon.colcon_core.shell:Creating package script '/home/rama/catkin_ws/install/turtlebot3_gazebo/share/turtlebot3_gazebo/package.bash'
[2.914s] INFO:colcon.colcon_core.shell:Creating package script '/home/rama/catkin_ws/install/turtlebot3_gazebo/share/turtlebot3_gazebo/package.zsh'
[2.915s] Level 1:colcon.colcon_core.environment:create_file_with_runtime_dependencies(/home/rama/catkin_ws/install/turtlebot3_gazebo/share/colcon-core/packages/turtlebot3_gazebo)
[2.917s] INFO:colcon.colcon_ros.task.ament_cmake.build:Building ROS package in '/home/rama/catkin_ws/src/turtlebot3_simulations/turtlebot3_simulations' with build type 'ament_cmake'
[2.918s] INFO:colcon.colcon_cmake.task.cmake.build:Building CMake package in '/home/rama/catkin_ws/src/turtlebot3_simulations/turtlebot3_simulations'
[2.928s] INFO:colcon.colcon_core.shell:Skip shell extension 'powershell' for command environment: Not usable outside of PowerShell
[2.928s] DEBUG:colcon.colcon_core.shell:Skip shell extension 'dsv' for command environment
[2.989s] DEBUG:colcon.colcon_core.event_handler.log_command:Invoking command in '/home/rama/catkin_ws/build/turtlebot3_simulations': CMAKE_PREFIX_PATH=/home/rama/catkin_ws/install/turtlebot3_gazebo:/home/rama/catkin_ws/install/turtlebot3_fake_node:/home/rama/catkin_ws/install/turtlebot3_simulations:/home/rama/catkin_ws/install/nodes2:/home/rama/catkin_ws/install/nodes:/opt/ros/foxy /usr/bin/cmake --build /home/rama/catkin_ws/build/turtlebot3_simulations -- -j8 -l8
[3.137s] DEBUG:colcon.colcon_core.event_handler.log_command:Invoked command in '/home/rama/catkin_ws/build/turtlebot3_simulations' returned '0': CMAKE_PREFIX_PATH=/home/rama/catkin_ws/install/turtlebot3_gazebo:/home/rama/catkin_ws/install/turtlebot3_fake_node:/home/rama/catkin_ws/install/turtlebot3_simulations:/home/rama/catkin_ws/install/nodes2:/home/rama/catkin_ws/install/nodes:/opt/ros/foxy /usr/bin/cmake --build /home/rama/catkin_ws/build/turtlebot3_simulations -- -j8 -l8
[3.228s] DEBUG:colcon.colcon_core.event_handler.log_command:Invoking command in '/home/rama/catkin_ws/build/turtlebot3_simulations': CMAKE_PREFIX_PATH=/home/rama/catkin_ws/install/turtlebot3_gazebo:/home/rama/catkin_ws/install/turtlebot3_fake_node:/home/rama/catkin_ws/install/turtlebot3_simulations:/home/rama/catkin_ws/install/nodes2:/home/rama/catkin_ws/install/nodes:/opt/ros/foxy /usr/bin/cmake --install /home/rama/catkin_ws/build/turtlebot3_simulations
[3.276s] Level 1:colcon.colcon_core.environment:create_environment_scripts_only(turtlebot3_simulations)
[3.282s] Level 1:colcon.colcon_core.environment:checking '/home/rama/catkin_ws/install/turtlebot3_simulations' for CMake module files
[3.283s] DEBUG:colcon.colcon_core.event_handler.log_command:Invoked command in '/home/rama/catkin_ws/build/turtlebot3_simulations' returned '0': CMAKE_PREFIX_PATH=/home/rama/catkin_ws/install/turtlebot3_gazebo:/home/rama/catkin_ws/install/turtlebot3_fake_node:/home/rama/catkin_ws/install/turtlebot3_simulations:/home/rama/catkin_ws/install/nodes2:/home/rama/catkin_ws/install/nodes:/opt/ros/foxy /usr/bin/cmake --install /home/rama/catkin_ws/build/turtlebot3_simulations
[3.288s] Level 1:colcon.colcon_core.environment:checking '/home/rama/catkin_ws/install/turtlebot3_simulations' for CMake config files
[3.289s] Level 1:colcon.colcon_core.shell:create_environment_hook('turtlebot3_simulations', 'cmake_prefix_path')
[3.295s] INFO:colcon.colcon_core.shell:Creating environment hook '/home/rama/catkin_ws/install/turtlebot3_simulations/share/turtlebot3_simulations/hook/cmake_prefix_path.ps1'
[3.297s] INFO:colcon.colcon_core.shell:Creating environment descriptor '/home/rama/catkin_ws/install/turtlebot3_simulations/share/turtlebot3_simulations/hook/cmake_prefix_path.dsv'
[3.299s] INFO:colcon.colcon_core.shell:Creating environment hook '/home/rama/catkin_ws/install/turtlebot3_simulations/share/turtlebot3_simulations/hook/cmake_prefix_path.sh'
[3.305s] Level 1:colcon.colcon_core.environment:checking '/home/rama/catkin_ws/install/turtlebot3_simulations/bin'
[3.305s] Level 1:colcon.colcon_core.environment:checking '/home/rama/catkin_ws/install/turtlebot3_simulations/lib/pkgconfig/turtlebot3_simulations.pc'
[3.306s] Level 1:colcon.colcon_core.environment:checking '/home/rama/catkin_ws/install/turtlebot3_simulations/lib/python3.8/site-packages'
[3.307s] Level 1:colcon.colcon_core.environment:checking '/home/rama/catkin_ws/install/turtlebot3_simulations/bin'
[3.312s] INFO:colcon.colcon_core.shell:Creating package script '/home/rama/catkin_ws/install/turtlebot3_simulations/share/turtlebot3_simulations/package.ps1'
[3.314s] INFO:colcon.colcon_core.shell:Creating package descriptor '/home/rama/catkin_ws/install/turtlebot3_simulations/share/turtlebot3_simulations/package.dsv'
[3.320s] INFO:colcon.colcon_core.shell:Creating package script '/home/rama/catkin_ws/install/turtlebot3_simulations/share/turtlebot3_simulations/package.sh'
[3.321s] INFO:colcon.colcon_core.shell:Creating package script '/home/rama/catkin_ws/install/turtlebot3_simulations/share/turtlebot3_simulations/package.bash'
[3.324s] INFO:colcon.colcon_core.shell:Creating package script '/home/rama/catkin_ws/install/turtlebot3_simulations/share/turtlebot3_simulations/package.zsh'
[3.325s] Level 1:colcon.colcon_core.environment:create_file_with_runtime_dependencies(/home/rama/catkin_ws/install/turtlebot3_simulations/share/colcon-core/packages/turtlebot3_simulations)
[3.441s] Level 1:colcon.colcon_core.environment:create_environment_scripts_only(turtlebot3_simulations)
[3.452s] Level 1:colcon.colcon_core.environment:checking '/home/rama/catkin_ws/install/turtlebot3_simulations' for CMake module files
[3.455s] Level 1:colcon.colcon_core.environment:checking '/home/rama/catkin_ws/install/turtlebot3_simulations' for CMake config files
[3.456s] Level 1:colcon.colcon_core.shell:create_environment_hook('turtlebot3_simulations', 'cmake_prefix_path')
[3.460s] INFO:colcon.colcon_core.shell:Creating environment hook '/home/rama/catkin_ws/install/turtlebot3_simulations/share/turtlebot3_simulations/hook/cmake_prefix_path.ps1'
[3.462s] INFO:colcon.colcon_core.shell:Creating environment descriptor '/home/rama/catkin_ws/install/turtlebot3_simulations/share/turtlebot3_simulations/hook/cmake_prefix_path.dsv'
[3.463s] INFO:colcon.colcon_core.shell:Creating environment hook '/home/rama/catkin_ws/install/turtlebot3_simulations/share/turtlebot3_simulations/hook/cmake_prefix_path.sh'
[3.471s] Level 1:colcon.colcon_core.environment:checking '/home/rama/catkin_ws/install/turtlebot3_simulations/bin'
[3.472s] Level 1:colcon.colcon_core.environment:checking '/home/rama/catkin_ws/install/turtlebot3_simulations/lib/pkgconfig/turtlebot3_simulations.pc'
[3.473s] Level 1:colcon.colcon_core.environment:checking '/home/rama/catkin_ws/install/turtlebot3_simulations/lib/python3.8/site-packages'
[3.473s] Level 1:colcon.colcon_core.environment:checking '/home/rama/catkin_ws/install/turtlebot3_simulations/bin'
[3.477s] INFO:colcon.colcon_core.shell:Creating package script '/home/rama/catkin_ws/install/turtlebot3_simulations/share/turtlebot3_simulations/package.ps1'
[3.483s] INFO:colcon.colcon_core.shell:Creating package descriptor '/home/rama/catkin_ws/install/turtlebot3_simulations/share/turtlebot3_simulations/package.dsv'
[3.491s] INFO:colcon.colcon_core.shell:Creating package script '/home/rama/catkin_ws/install/turtlebot3_simulations/share/turtlebot3_simulations/package.sh'
[3.492s] INFO:colcon.colcon_core.shell:Creating package script '/home/rama/catkin_ws/install/turtlebot3_simulations/share/turtlebot3_simulations/package.bash'
[3.493s] INFO:colcon.colcon_core.shell:Creating package script '/home/rama/catkin_ws/install/turtlebot3_simulations/share/turtlebot3_simulations/package.zsh'
[3.494s] Level 1:colcon.colcon_core.environment:create_file_with_runtime_dependencies(/home/rama/catkin_ws/install/turtlebot3_simulations/share/colcon-core/packages/turtlebot3_simulations)
[4.011s] DEBUG:colcon.colcon_core.event_handler.log_command:Invoking command in '/home/rama/catkin_ws/src/nodes': PYTHONPATH=/home/rama/catkin_ws/build/nodes/prefix_override:/home/rama/catkin_ws/install/nodes/lib/python3.8/site-packages:${PYTHONPATH} /usr/bin/python3 setup.py egg_info --egg-base ../../build/nodes build --build-base /home/rama/catkin_ws/build/nodes/build install --record /home/rama/catkin_ws/build/nodes/install.log --install-scripts $base/lib/nodes --single-version-externally-managed
[4.110s] DEBUG:colcon.colcon_core.event_handler.log_command:Invoking command in '/home/rama/catkin_ws/src/nodes2': PYTHONPATH=/home/rama/catkin_ws/build/nodes2/prefix_override:/home/rama/catkin_ws/install/nodes2/lib/python3.8/site-packages:${PYTHONPATH} /usr/bin/python3 setup.py egg_info --egg-base ../../build/nodes2 build --build-base /home/rama/catkin_ws/build/nodes2/build install --record /home/rama/catkin_ws/build/nodes2/install.log --install-scripts $base/lib/nodes2 --single-version-externally-managed
[5.082s] Level 1:colcon.colcon_core.environment:checking '/home/rama/catkin_ws/install/nodes' for CMake module files
[5.084s] DEBUG:colcon.colcon_core.event_handler.log_command:Invoked command in '/home/rama/catkin_ws/src/nodes' returned '0': PYTHONPATH=/home/rama/catkin_ws/build/nodes/prefix_override:/home/rama/catkin_ws/install/nodes/lib/python3.8/site-packages:${PYTHONPATH} /usr/bin/python3 setup.py egg_info --egg-base ../../build/nodes build --build-base /home/rama/catkin_ws/build/nodes/build install --record /home/rama/catkin_ws/build/nodes/install.log --install-scripts $base/lib/nodes --single-version-externally-managed
[5.085s] Level 1:colcon.colcon_core.environment:checking '/home/rama/catkin_ws/install/nodes' for CMake config files
[5.087s] Level 1:colcon.colcon_core.environment:checking '/home/rama/catkin_ws/install/nodes/lib'
[5.088s] Level 1:colcon.colcon_core.environment:checking '/home/rama/catkin_ws/install/nodes/bin'
[5.088s] Level 1:colcon.colcon_core.environment:checking '/home/rama/catkin_ws/install/nodes/lib/pkgconfig/nodes.pc'
[5.088s] Level 1:colcon.colcon_core.environment:checking '/home/rama/catkin_ws/install/nodes/lib/python3.8/site-packages'
[5.089s] Level 1:colcon.colcon_core.shell:create_environment_hook('nodes', 'pythonpath')
[5.100s] INFO:colcon.colcon_core.shell:Creating environment hook '/home/rama/catkin_ws/install/nodes/share/nodes/hook/pythonpath.ps1'
[5.102s] INFO:colcon.colcon_core.shell:Creating environment descriptor '/home/rama/catkin_ws/install/nodes/share/nodes/hook/pythonpath.dsv'
[5.103s] INFO:colcon.colcon_core.shell:Creating environment hook '/home/rama/catkin_ws/install/nodes/share/nodes/hook/pythonpath.sh'
[5.104s] Level 1:colcon.colcon_core.environment:checking '/home/rama/catkin_ws/install/nodes/bin'
[5.104s] Level 1:colcon.colcon_core.environment:create_environment_scripts_only(nodes)
[5.115s] INFO:colcon.colcon_core.shell:Creating package script '/home/rama/catkin_ws/install/nodes/share/nodes/package.ps1'
[5.116s] INFO:colcon.colcon_core.shell:Creating package descriptor '/home/rama/catkin_ws/install/nodes/share/nodes/package.dsv'
[5.117s] INFO:colcon.colcon_core.shell:Creating package script '/home/rama/catkin_ws/install/nodes/share/nodes/package.sh'
[5.119s] INFO:colcon.colcon_core.shell:Creating package script '/home/rama/catkin_ws/install/nodes/share/nodes/package.bash'
[5.121s] INFO:colcon.colcon_core.shell:Creating package script '/home/rama/catkin_ws/install/nodes/share/nodes/package.zsh'
[5.121s] Level 1:colcon.colcon_core.environment:create_file_with_runtime_dependencies(/home/rama/catkin_ws/install/nodes/share/colcon-core/packages/nodes)
[5.138s] DEBUG:colcon.colcon_core.event_handler.log_command:Invoked command in '/home/rama/catkin_ws/src/nodes2' returned '0': PYTHONPATH=/home/rama/catkin_ws/build/nodes2/prefix_override:/home/rama/catkin_ws/install/nodes2/lib/python3.8/site-packages:${PYTHONPATH} /usr/bin/python3 setup.py egg_info --egg-base ../../build/nodes2 build --build-base /home/rama/catkin_ws/build/nodes2/build install --record /home/rama/catkin_ws/build/nodes2/install.log --install-scripts $base/lib/nodes2 --single-version-externally-managed
[5.145s] Level 1:colcon.colcon_core.environment:checking '/home/rama/catkin_ws/install/nodes2' for CMake module files
[5.147s] Level 1:colcon.colcon_core.environment:checking '/home/rama/catkin_ws/install/nodes2' for CMake config files
[5.149s] Level 1:colcon.colcon_core.environment:checking '/home/rama/catkin_ws/install/nodes2/lib'
[5.149s] Level 1:colcon.colcon_core.environment:checking '/home/rama/catkin_ws/install/nodes2/bin'
[5.149s] Level 1:colcon.colcon_core.environment:checking '/home/rama/catkin_ws/install/nodes2/lib/pkgconfig/nodes2.pc'
[5.150s] Level 1:colcon.colcon_core.environment:checking '/home/rama/catkin_ws/install/nodes2/lib/python3.8/site-packages'
[5.150s] Level 1:colcon.colcon_core.shell:create_environment_hook('nodes2', 'pythonpath')
[5.161s] INFO:colcon.colcon_core.shell:Creating environment hook '/home/rama/catkin_ws/install/nodes2/share/nodes2/hook/pythonpath.ps1'
[5.163s] INFO:colcon.colcon_core.shell:Creating environment descriptor '/home/rama/catkin_ws/install/nodes2/share/nodes2/hook/pythonpath.dsv'
[5.164s] INFO:colcon.colcon_core.shell:Creating environment hook '/home/rama/catkin_ws/install/nodes2/share/nodes2/hook/pythonpath.sh'
[5.165s] Level 1:colcon.colcon_core.environment:checking '/home/rama/catkin_ws/install/nodes2/bin'
[5.165s] Level 1:colcon.colcon_core.environment:create_environment_scripts_only(nodes2)
[5.170s] INFO:colcon.colcon_core.shell:Creating package script '/home/rama/catkin_ws/install/nodes2/share/nodes2/package.ps1'
[5.173s] INFO:colcon.colcon_core.shell:Creating package descriptor '/home/rama/catkin_ws/install/nodes2/share/nodes2/package.dsv'
[5.176s] INFO:colcon.colcon_core.shell:Creating package script '/home/rama/catkin_ws/install/nodes2/share/nodes2/package.sh'
[5.178s] INFO:colcon.colcon_core.shell:Creating package script '/home/rama/catkin_ws/install/nodes2/share/nodes2/package.bash'
[5.179s] INFO:colcon.colcon_core.shell:Creating package script '/home/rama/catkin_ws/install/nodes2/share/nodes2/package.zsh'
[5.179s] Level 1:colcon.colcon_core.environment:create_file_with_runtime_dependencies(/home/rama/catkin_ws/install/nodes2/share/colcon-core/packages/nodes2)
[5.180s] DEBUG:colcon.colcon_parallel_executor.executor.parallel:closing loop
[5.180s] DEBUG:colcon.colcon_parallel_executor.executor.parallel:loop closed
[5.180s] DEBUG:colcon.colcon_parallel_executor.executor.parallel:run_until_complete finished with '0'
[5.180s] DEBUG:colcon.colcon_core.event_reactor:joining thread
[5.199s] INFO:colcon.colcon_core.plugin_system:Skipping extension 'colcon_notification.desktop_notification.terminal_notifier': Not used on non-Darwin systems
[5.200s] INFO:colcon.colcon_core.plugin_system:Skipping extension 'colcon_notification.desktop_notification.win32': Not used on non-Windows systems
[5.200s] INFO:colcon.colcon_notification.desktop_notification:Sending desktop notification using 'notify2'
[5.240s] DEBUG:colcon.colcon_core.event_reactor:joined thread
[5.244s] INFO:colcon.colcon_core.shell:Creating prefix script '/home/rama/catkin_ws/install/local_setup.ps1'
[5.246s] INFO:colcon.colcon_core.shell:Creating prefix util module '/home/rama/catkin_ws/install/_local_setup_util_ps1.py'
[5.249s] INFO:colcon.colcon_core.shell:Creating prefix chain script '/home/rama/catkin_ws/install/setup.ps1'
[5.255s] INFO:colcon.colcon_core.shell:Creating prefix script '/home/rama/catkin_ws/install/local_setup.sh'
[5.257s] INFO:colcon.colcon_core.shell:Creating prefix util module '/home/rama/catkin_ws/install/_local_setup_util_sh.py'
[5.259s] INFO:colcon.colcon_core.shell:Creating prefix chain script '/home/rama/catkin_ws/install/setup.sh'
[5.262s] INFO:colcon.colcon_core.shell:Creating prefix script '/home/rama/catkin_ws/install/local_setup.bash'
[5.263s] INFO:colcon.colcon_core.shell:Creating prefix chain script '/home/rama/catkin_ws/install/setup.bash'
[5.267s] INFO:colcon.colcon_core.shell:Creating prefix script '/home/rama/catkin_ws/install/local_setup.zsh'
[5.271s] INFO:colcon.colcon_core.shell:Creating prefix chain script '/home/rama/catkin_ws/install/setup.zsh'
