[2.395s] Invoking command in '/home/marvin/RobotArchitecture/ros2_ws/build/turtlebot3_analysis': PYTHONPATH=/home/marvin/RobotArchitecture/ros2_ws/build/turtlebot3_analysis/prefix_override:/home/marvin/RobotArchitecture/ros2_ws/install/turtlebot3_analysis/lib/python3.10/site-packages:${PYTHONPATH} /usr/bin/python3 -W ignore:setup.py install is deprecated setup.py develop --editable --build-directory /home/marvin/RobotArchitecture/ros2_ws/build/turtlebot3_analysis/build --no-deps symlink_data --force
[2.887s] running develop
[2.887s] /usr/lib/python3/dist-packages/setuptools/command/easy_install.py:158: EasyInstallDeprecationWarning: easy_install command is deprecated. Use build and pip and other standards-based tools.
[2.888s]   warnings.warn(
[3.207s] running egg_info
[3.208s] writing turtlebot3_analysis.egg-info/PKG-INFO
[3.208s] writing dependency_links to turtlebot3_analysis.egg-info/dependency_links.txt
[3.208s] writing entry points to turtlebot3_analysis.egg-info/entry_points.txt
[3.209s] writing requirements to turtlebot3_analysis.egg-info/requires.txt
[3.209s] writing top-level names to turtlebot3_analysis.egg-info/top_level.txt
[3.212s] reading manifest file 'turtlebot3_analysis.egg-info/SOURCES.txt'
[3.213s] writing manifest file 'turtlebot3_analysis.egg-info/SOURCES.txt'
[3.216s] running build_ext
[3.217s] Creating /home/marvin/RobotArchitecture/ros2_ws/install/turtlebot3_analysis/lib/python3.10/site-packages/turtlebot3-analysis.egg-link (link to .)
[3.218s] Installing heatmap_generator script to /home/marvin/RobotArchitecture/ros2_ws/install/turtlebot3_analysis/lib/turtlebot3_analysis
[3.219s] 
[3.219s] Installed /home/marvin/RobotArchitecture/ros2_ws/build/turtlebot3_analysis
[3.219s] running symlink_data
[3.220s] symbolically linking /home/marvin/RobotArchitecture/ros2_ws/build/turtlebot3_analysis/resource/turtlebot3_analysis -> /home/marvin/RobotArchitecture/ros2_ws/install/turtlebot3_analysis/share/ament_index/resource_index/packages
[3.220s] symbolically linking /home/marvin/RobotArchitecture/ros2_ws/build/turtlebot3_analysis/package.xml -> /home/marvin/RobotArchitecture/ros2_ws/install/turtlebot3_analysis/share/turtlebot3_analysis
[3.326s] Invoked command in '/home/marvin/RobotArchitecture/ros2_ws/build/turtlebot3_analysis' returned '0': PYTHONPATH=/home/marvin/RobotArchitecture/ros2_ws/build/turtlebot3_analysis/prefix_override:/home/marvin/RobotArchitecture/ros2_ws/install/turtlebot3_analysis/lib/python3.10/site-packages:${PYTHONPATH} /usr/bin/python3 -W ignore:setup.py install is deprecated setup.py develop --editable --build-directory /home/marvin/RobotArchitecture/ros2_ws/build/turtlebot3_analysis/build --no-deps symlink_data --force
