[1.790s] Invoking command in '/home/rama/catkin_ws/src/nodes': PYTHONPATH=/home/rama/catkin_ws/build/nodes/prefix_override:/home/rama/catkin_ws/install/nodes/lib/python3.8/site-packages:${PYTHONPATH} /usr/bin/python3 setup.py egg_info --egg-base ../../build/nodes build --build-base /home/rama/catkin_ws/build/nodes/build install --record /home/rama/catkin_ws/build/nodes/install.log --install-scripts $base/lib/nodes --single-version-externally-managed
[2.241s] running egg_info
[2.242s] writing ../../build/nodes/nodes.egg-info/PKG-INFO
[2.242s] writing dependency_links to ../../build/nodes/nodes.egg-info/dependency_links.txt
[2.242s] writing entry points to ../../build/nodes/nodes.egg-info/entry_points.txt
[2.243s] writing requirements to ../../build/nodes/nodes.egg-info/requires.txt
[2.243s] writing top-level names to ../../build/nodes/nodes.egg-info/top_level.txt
[2.327s] reading manifest file '../../build/nodes/nodes.egg-info/SOURCES.txt'
[2.329s] writing manifest file '../../build/nodes/nodes.egg-info/SOURCES.txt'
[2.330s] running build
[2.330s] running build_py
[2.331s] copying nodes/hand_gesture_recognition.py -> /home/rama/catkin_ws/build/nodes/build/lib/nodes
[2.331s] copying nodes/obstacle_avoidance.py -> /home/rama/catkin_ws/build/nodes/build/lib/nodes
[2.332s] running install
[2.334s] running install_lib
[2.338s] copying /home/rama/catkin_ws/build/nodes/build/lib/nodes/hand_gesture_recognition.py -> /home/rama/catkin_ws/install/nodes/lib/python3.8/site-packages/nodes
[2.338s] copying /home/rama/catkin_ws/build/nodes/build/lib/nodes/obstacle_avoidance.py -> /home/rama/catkin_ws/install/nodes/lib/python3.8/site-packages/nodes
[2.341s] byte-compiling /home/rama/catkin_ws/install/nodes/lib/python3.8/site-packages/nodes/hand_gesture_recognition.py to hand_gesture_recognition.cpython-38.pyc
[2.349s] byte-compiling /home/rama/catkin_ws/install/nodes/lib/python3.8/site-packages/nodes/obstacle_avoidance.py to obstacle_avoidance.cpython-38.pyc
[2.352s] running install_data
[2.353s] running install_egg_info
[2.357s] removing '/home/rama/catkin_ws/install/nodes/lib/python3.8/site-packages/nodes-0.0.0-py3.8.egg-info' (and everything under it)
[2.357s] Copying ../../build/nodes/nodes.egg-info to /home/rama/catkin_ws/install/nodes/lib/python3.8/site-packages/nodes-0.0.0-py3.8.egg-info
[2.359s] running install_scripts
[2.396s] Installing Handgesture_node script to /home/rama/catkin_ws/install/nodes/lib/nodes
[2.397s] Installing kf_depthCamera script to /home/rama/catkin_ws/install/nodes/lib/nodes
[2.397s] Installing obstacle_avoidance_node script to /home/rama/catkin_ws/install/nodes/lib/nodes
[2.397s] Installing test_node script to /home/rama/catkin_ws/install/nodes/lib/nodes
[2.398s] writing list of installed files to '/home/rama/catkin_ws/build/nodes/install.log'
[2.446s] Invoked command in '/home/rama/catkin_ws/src/nodes' returned '0': PYTHONPATH=/home/rama/catkin_ws/build/nodes/prefix_override:/home/rama/catkin_ws/install/nodes/lib/python3.8/site-packages:${PYTHONPATH} /usr/bin/python3 setup.py egg_info --egg-base ../../build/nodes build --build-base /home/rama/catkin_ws/build/nodes/build install --record /home/rama/catkin_ws/build/nodes/install.log --install-scripts $base/lib/nodes --single-version-externally-managed
