[2.996s] Invoking command in '/home/marvin/RobotArchitecture/ros2_ws/build/turtlebot3_launch_configurations': PYTHONPATH=/home/marvin/RobotArchitecture/ros2_ws/build/turtlebot3_launch_configurations/prefix_override:/home/marvin/RobotArchitecture/ros2_ws/install/turtlebot3_launch_configurations/lib/python3.10/site-packages:${PYTHONPATH} /usr/bin/python3 -W ignore:setup.py install is deprecated setup.py develop --editable --build-directory /home/marvin/RobotArchitecture/ros2_ws/build/turtlebot3_launch_configurations/build --no-deps symlink_data --force
[3.986s] running develop
[3.987s] /usr/lib/python3/dist-packages/setuptools/command/easy_install.py:158: EasyInstallDeprecationWarning: easy_install command is deprecated. Use build and pip and other standards-based tools.
[3.987s]   warnings.warn(
[5.080s] running egg_info
[5.088s] writing turtlebot3_launch_configurations.egg-info/PKG-INFO
[5.088s] writing dependency_links to turtlebot3_launch_configurations.egg-info/dependency_links.txt
[5.088s] writing entry points to turtlebot3_launch_configurations.egg-info/entry_points.txt
[5.089s] writing requirements to turtlebot3_launch_configurations.egg-info/requires.txt
[5.089s] writing top-level names to turtlebot3_launch_configurations.egg-info/top_level.txt
[5.089s] reading manifest file 'turtlebot3_launch_configurations.egg-info/SOURCES.txt'
[5.089s] writing manifest file 'turtlebot3_launch_configurations.egg-info/SOURCES.txt'
[5.089s] running build_ext
[5.090s] Creating /home/marvin/RobotArchitecture/ros2_ws/install/turtlebot3_launch_configurations/lib/python3.10/site-packages/turtlebot3-launch-configurations.egg-link (link to .)
[5.090s] 
[5.090s] Installed /home/marvin/RobotArchitecture/ros2_ws/build/turtlebot3_launch_configurations
[5.091s] running symlink_data
[5.091s] symbolically linking /home/marvin/RobotArchitecture/ros2_ws/build/turtlebot3_launch_configurations/resource/turtlebot3_launch_configurations -> /home/marvin/RobotArchitecture/ros2_ws/install/turtlebot3_launch_configurations/share/ament_index/resource_index/packages
[5.091s] symbolically linking /home/marvin/RobotArchitecture/ros2_ws/build/turtlebot3_launch_configurations/package.xml -> /home/marvin/RobotArchitecture/ros2_ws/install/turtlebot3_launch_configurations/share/turtlebot3_launch_configurations
[5.091s] symbolically linking /home/marvin/RobotArchitecture/ros2_ws/build/turtlebot3_launch_configurations/launch/full_system_launch.py -> /home/marvin/RobotArchitecture/ros2_ws/install/turtlebot3_launch_configurations/share/turtlebot3_launch_configurations/launch
[5.169s] Invoked command in '/home/marvin/RobotArchitecture/ros2_ws/build/turtlebot3_launch_configurations' returned '0': PYTHONPATH=/home/marvin/RobotArchitecture/ros2_ws/build/turtlebot3_launch_configurations/prefix_override:/home/marvin/RobotArchitecture/ros2_ws/install/turtlebot3_launch_configurations/lib/python3.10/site-packages:${PYTHONPATH} /usr/bin/python3 -W ignore:setup.py install is deprecated setup.py develop --editable --build-directory /home/marvin/RobotArchitecture/ros2_ws/build/turtlebot3_launch_configurations/build --no-deps symlink_data --force
