[0.800s] DEBUG:colcon:Command line arguments: ['/usr/bin/colcon', 'build']
[0.800s] DEBUG:colcon:Parsed command line arguments: Namespace(allow_overriding=[], ament_cmake_args=None, base_paths=['.'], build_base='build', catkin_cmake_args=None, catkin_skip_building_tests=False, cmake_args=None, cmake_clean_cache=False, cmake_clean_first=False, cmake_force_configure=False, cmake_target=None, cmake_target_skip_unavailable=False, continue_on_error=False, event_handlers=None, executor='parallel', ignore_user_meta=False, install_base='install', log_base=None, log_level=None, main=<bound method BuildVerb.main of <colcon_core.verb.build.BuildVerb object at 0x7f310818f9d0>>, merge_install=False, metas=['./colcon.meta'], packages_above=None, packages_above_and_dependencies=None, packages_above_depth=None, packages_end=None, packages_ignore=None, packages_ignore_regex=None, packages_select=None, packages_select_build_failed=False, packages_select_by_dep=None, packages_select_regex=None, packages_select_test_failures=False, packages_skip=None, packages_skip_build_finished=False, packages_skip_by_dep=None, packages_skip_regex=None, packages_skip_test_passed=False, packages_skip_up_to=None, packages_start=None, packages_up_to=None, packages_up_to_regex=None, parallel_workers=8, paths=None, symlink_install=False, test_result_base=None, verb_extension=<colcon_core.verb.build.BuildVerb object at 0x7f310818f9d0>, verb_name='build', verb_parser=<colcon_defaults.argument_parser.defaults.DefaultArgumentsDecorator object at 0x7f310818ff40>)
[0.856s] Level 1:colcon.colcon_core.package_discovery:discover_packages(colcon_meta) check parameters
[0.856s] Level 1:colcon.colcon_core.package_discovery:discover_packages(recursive) check parameters
[0.857s] Level 1:colcon.colcon_core.package_discovery:discover_packages(ignore) check parameters
[0.857s] Level 1:colcon.colcon_core.package_discovery:discover_packages(path) check parameters
[0.857s] Level 1:colcon.colcon_core.package_discovery:discover_packages(colcon_meta) discover
[0.857s] Level 1:colcon.colcon_core.package_discovery:discover_packages(recursive) discover
[0.857s] INFO:colcon.colcon_core.package_discovery:Crawling recursively for packages in '/home/rama/catkin_ws'
[0.857s] Level 1:colcon.colcon_core.package_identification:_identify(.) by extensions ['ignore', 'ignore_ament_install']
[0.857s] Level 1:colcon.colcon_core.package_identification:_identify(.) by extension 'ignore'
[0.857s] Level 1:colcon.colcon_core.package_identification:_identify(.) by extension 'ignore_ament_install'
[0.858s] Level 1:colcon.colcon_core.package_identification:_identify(.) by extensions ['colcon_pkg']
[0.858s] Level 1:colcon.colcon_core.package_identification:_identify(.) by extension 'colcon_pkg'
[0.858s] Level 1:colcon.colcon_core.package_identification:_identify(.) by extensions ['colcon_meta']
[0.858s] Level 1:colcon.colcon_core.package_identification:_identify(.) by extension 'colcon_meta'
[0.858s] Level 1:colcon.colcon_core.package_identification:_identify(.) by extensions ['ros']
[0.858s] Level 1:colcon.colcon_core.package_identification:_identify(.) by extension 'ros'
[0.908s] Level 1:colcon.colcon_core.package_identification:_identify(.) by extensions ['cmake', 'python']
[0.908s] Level 1:colcon.colcon_core.package_identification:_identify(.) by extension 'cmake'
[0.908s] Level 1:colcon.colcon_core.package_identification:_identify(.) by extension 'python'
[0.908s] Level 1:colcon.colcon_core.package_identification:_identify(.) by extensions ['python_setup_py']
[0.908s] Level 1:colcon.colcon_core.package_identification:_identify(.) by extension 'python_setup_py'
[0.908s] Level 1:colcon.colcon_core.package_identification:_identify(build) by extensions ['ignore', 'ignore_ament_install']
[0.909s] Level 1:colcon.colcon_core.package_identification:_identify(build) by extension 'ignore'
[0.909s] Level 1:colcon.colcon_core.package_identification:_identify(build) ignored
[0.909s] Level 1:colcon.colcon_core.package_identification:_identify(install) by extensions ['ignore', 'ignore_ament_install']
[0.909s] Level 1:colcon.colcon_core.package_identification:_identify(install) by extension 'ignore'
[0.909s] Level 1:colcon.colcon_core.package_identification:_identify(install) ignored
[0.909s] Level 1:colcon.colcon_core.package_identification:_identify(log) by extensions ['ignore', 'ignore_ament_install']
[0.910s] Level 1:colcon.colcon_core.package_identification:_identify(log) by extension 'ignore'
[0.910s] Level 1:colcon.colcon_core.package_identification:_identify(log) ignored
[0.910s] Level 1:colcon.colcon_core.package_identification:_identify(src) by extensions ['ignore', 'ignore_ament_install']
[0.910s] Level 1:colcon.colcon_core.package_identification:_identify(src) by extension 'ignore'
[0.910s] Level 1:colcon.colcon_core.package_identification:_identify(src) by extension 'ignore_ament_install'
[0.910s] Level 1:colcon.colcon_core.package_identification:_identify(src) by extensions ['colcon_pkg']
[0.910s] Level 1:colcon.colcon_core.package_identification:_identify(src) by extension 'colcon_pkg'
[0.910s] Level 1:colcon.colcon_core.package_identification:_identify(src) by extensions ['colcon_meta']
[0.910s] Level 1:colcon.colcon_core.package_identification:_identify(src) by extension 'colcon_meta'
[0.910s] Level 1:colcon.colcon_core.package_identification:_identify(src) by extensions ['ros']
[0.910s] Level 1:colcon.colcon_core.package_identification:_identify(src) by extension 'ros'
[0.911s] Level 1:colcon.colcon_core.package_identification:_identify(src) by extensions ['cmake', 'python']
[0.911s] Level 1:colcon.colcon_core.package_identification:_identify(src) by extension 'cmake'
[0.911s] Level 1:colcon.colcon_core.package_identification:_identify(src) by extension 'python'
[0.911s] Level 1:colcon.colcon_core.package_identification:_identify(src) by extensions ['python_setup_py']
[0.911s] Level 1:colcon.colcon_core.package_identification:_identify(src) by extension 'python_setup_py'
[0.911s] Level 1:colcon.colcon_core.package_identification:_identify(src/nodes) by extensions ['ignore', 'ignore_ament_install']
[0.911s] Level 1:colcon.colcon_core.package_identification:_identify(src/nodes) by extension 'ignore'
[0.911s] Level 1:colcon.colcon_core.package_identification:_identify(src/nodes) by extension 'ignore_ament_install'
[0.911s] Level 1:colcon.colcon_core.package_identification:_identify(src/nodes) by extensions ['colcon_pkg']
[0.911s] Level 1:colcon.colcon_core.package_identification:_identify(src/nodes) by extension 'colcon_pkg'
[0.912s] Level 1:colcon.colcon_core.package_identification:_identify(src/nodes) by extensions ['colcon_meta']
[0.912s] Level 1:colcon.colcon_core.package_identification:_identify(src/nodes) by extension 'colcon_meta'
[0.912s] Level 1:colcon.colcon_core.package_identification:_identify(src/nodes) by extensions ['ros']
[0.912s] Level 1:colcon.colcon_core.package_identification:_identify(src/nodes) by extension 'ros'
[0.918s] DEBUG:colcon.colcon_core.package_identification:Package 'src/nodes' with type 'ros.ament_python' and name 'nodes'
[0.919s] Level 1:colcon.colcon_core.package_identification:_identify(src/nodes2) by extensions ['ignore', 'ignore_ament_install']
[0.920s] Level 1:colcon.colcon_core.package_identification:_identify(src/nodes2) by extension 'ignore'
[0.920s] Level 1:colcon.colcon_core.package_identification:_identify(src/nodes2) by extension 'ignore_ament_install'
[0.921s] Level 1:colcon.colcon_core.package_identification:_identify(src/nodes2) by extensions ['colcon_pkg']
[0.921s] Level 1:colcon.colcon_core.package_identification:_identify(src/nodes2) by extension 'colcon_pkg'
[0.921s] Level 1:colcon.colcon_core.package_identification:_identify(src/nodes2) by extensions ['colcon_meta']
[0.921s] Level 1:colcon.colcon_core.package_identification:_identify(src/nodes2) by extension 'colcon_meta'
[0.921s] Level 1:colcon.colcon_core.package_identification:_identify(src/nodes2) by extensions ['ros']
[0.921s] Level 1:colcon.colcon_core.package_identification:_identify(src/nodes2) by extension 'ros'
[0.923s] DEBUG:colcon.colcon_core.package_identification:Package 'src/nodes2' with type 'ros.ament_python' and name 'nodes2'
[0.924s] Level 1:colcon.colcon_core.package_identification:_identify(src/turtlebot3_simulations) by extensions ['ignore', 'ignore_ament_install']
[0.924s] Level 1:colcon.colcon_core.package_identification:_identify(src/turtlebot3_simulations) by extension 'ignore'
[0.924s] Level 1:colcon.colcon_core.package_identification:_identify(src/turtlebot3_simulations) by extension 'ignore_ament_install'
[0.925s] Level 1:colcon.colcon_core.package_identification:_identify(src/turtlebot3_simulations) by extensions ['colcon_pkg']
[0.925s] Level 1:colcon.colcon_core.package_identification:_identify(src/turtlebot3_simulations) by extension 'colcon_pkg'
[0.925s] Level 1:colcon.colcon_core.package_identification:_identify(src/turtlebot3_simulations) by extensions ['colcon_meta']
[0.925s] Level 1:colcon.colcon_core.package_identification:_identify(src/turtlebot3_simulations) by extension 'colcon_meta'
[0.925s] Level 1:colcon.colcon_core.package_identification:_identify(src/turtlebot3_simulations) by extensions ['ros']
[0.925s] Level 1:colcon.colcon_core.package_identification:_identify(src/turtlebot3_simulations) by extension 'ros'
[0.925s] Level 1:colcon.colcon_core.package_identification:_identify(src/turtlebot3_simulations) by extensions ['cmake', 'python']
[0.925s] Level 1:colcon.colcon_core.package_identification:_identify(src/turtlebot3_simulations) by extension 'cmake'
[0.925s] Level 1:colcon.colcon_core.package_identification:_identify(src/turtlebot3_simulations) by extension 'python'
[0.925s] Level 1:colcon.colcon_core.package_identification:_identify(src/turtlebot3_simulations) by extensions ['python_setup_py']
[0.925s] Level 1:colcon.colcon_core.package_identification:_identify(src/turtlebot3_simulations) by extension 'python_setup_py'
[0.925s] Level 1:colcon.colcon_core.package_identification:_identify(src/turtlebot3_simulations/turtlebot3_fake_node) by extensions ['ignore', 'ignore_ament_install']
[0.926s] Level 1:colcon.colcon_core.package_identification:_identify(src/turtlebot3_simulations/turtlebot3_fake_node) by extension 'ignore'
[0.926s] Level 1:colcon.colcon_core.package_identification:_identify(src/turtlebot3_simulations/turtlebot3_fake_node) by extension 'ignore_ament_install'
[0.926s] Level 1:colcon.colcon_core.package_identification:_identify(src/turtlebot3_simulations/turtlebot3_fake_node) by extensions ['colcon_pkg']
[0.926s] Level 1:colcon.colcon_core.package_identification:_identify(src/turtlebot3_simulations/turtlebot3_fake_node) by extension 'colcon_pkg'
[0.926s] Level 1:colcon.colcon_core.package_identification:_identify(src/turtlebot3_simulations/turtlebot3_fake_node) by extensions ['colcon_meta']
[0.926s] Level 1:colcon.colcon_core.package_identification:_identify(src/turtlebot3_simulations/turtlebot3_fake_node) by extension 'colcon_meta'
[0.926s] Level 1:colcon.colcon_core.package_identification:_identify(src/turtlebot3_simulations/turtlebot3_fake_node) by extensions ['ros']
[0.926s] Level 1:colcon.colcon_core.package_identification:_identify(src/turtlebot3_simulations/turtlebot3_fake_node) by extension 'ros'
[0.928s] DEBUG:colcon.colcon_core.package_identification:Package 'src/turtlebot3_simulations/turtlebot3_fake_node' with type 'ros.ament_cmake' and name 'turtlebot3_fake_node'
[0.929s] Level 1:colcon.colcon_core.package_identification:_identify(src/turtlebot3_simulations/turtlebot3_gazebo) by extensions ['ignore', 'ignore_ament_install']
[0.929s] Level 1:colcon.colcon_core.package_identification:_identify(src/turtlebot3_simulations/turtlebot3_gazebo) by extension 'ignore'
[0.929s] Level 1:colcon.colcon_core.package_identification:_identify(src/turtlebot3_simulations/turtlebot3_gazebo) by extension 'ignore_ament_install'
[0.929s] Level 1:colcon.colcon_core.package_identification:_identify(src/turtlebot3_simulations/turtlebot3_gazebo) by extensions ['colcon_pkg']
[0.929s] Level 1:colcon.colcon_core.package_identification:_identify(src/turtlebot3_simulations/turtlebot3_gazebo) by extension 'colcon_pkg'
[0.929s] Level 1:colcon.colcon_core.package_identification:_identify(src/turtlebot3_simulations/turtlebot3_gazebo) by extensions ['colcon_meta']
[0.929s] Level 1:colcon.colcon_core.package_identification:_identify(src/turtlebot3_simulations/turtlebot3_gazebo) by extension 'colcon_meta'
[0.930s] Level 1:colcon.colcon_core.package_identification:_identify(src/turtlebot3_simulations/turtlebot3_gazebo) by extensions ['ros']
[0.930s] Level 1:colcon.colcon_core.package_identification:_identify(src/turtlebot3_simulations/turtlebot3_gazebo) by extension 'ros'
[0.933s] DEBUG:colcon.colcon_core.package_identification:Package 'src/turtlebot3_simulations/turtlebot3_gazebo' with type 'ros.ament_cmake' and name 'turtlebot3_gazebo'
[0.934s] Level 1:colcon.colcon_core.package_identification:_identify(src/turtlebot3_simulations/turtlebot3_simulations) by extensions ['ignore', 'ignore_ament_install']
[0.936s] Level 1:colcon.colcon_core.package_identification:_identify(src/turtlebot3_simulations/turtlebot3_simulations) by extension 'ignore'
[0.936s] Level 1:colcon.colcon_core.package_identification:_identify(src/turtlebot3_simulations/turtlebot3_simulations) by extension 'ignore_ament_install'
[0.936s] Level 1:colcon.colcon_core.package_identification:_identify(src/turtlebot3_simulations/turtlebot3_simulations) by extensions ['colcon_pkg']
[0.936s] Level 1:colcon.colcon_core.package_identification:_identify(src/turtlebot3_simulations/turtlebot3_simulations) by extension 'colcon_pkg'
[0.936s] Level 1:colcon.colcon_core.package_identification:_identify(src/turtlebot3_simulations/turtlebot3_simulations) by extensions ['colcon_meta']
[0.937s] Level 1:colcon.colcon_core.package_identification:_identify(src/turtlebot3_simulations/turtlebot3_simulations) by extension 'colcon_meta'
[0.937s] Level 1:colcon.colcon_core.package_identification:_identify(src/turtlebot3_simulations/turtlebot3_simulations) by extensions ['ros']
[0.937s] Level 1:colcon.colcon_core.package_identification:_identify(src/turtlebot3_simulations/turtlebot3_simulations) by extension 'ros'
[0.940s] DEBUG:colcon.colcon_core.package_identification:Package 'src/turtlebot3_simulations/turtlebot3_simulations' with type 'ros.ament_cmake' and name 'turtlebot3_simulations'
[0.940s] Level 1:colcon.colcon_core.package_discovery:discover_packages(recursive) using defaults
[0.940s] Level 1:colcon.colcon_core.package_discovery:discover_packages(ignore) discover
[0.940s] Level 1:colcon.colcon_core.package_discovery:discover_packages(ignore) using defaults
[0.940s] Level 1:colcon.colcon_core.package_discovery:discover_packages(path) discover
[0.940s] Level 1:colcon.colcon_core.package_discovery:discover_packages(path) using defaults
[0.986s] Level 1:colcon.colcon_core.package_discovery:discover_packages(prefix_path) check parameters
[0.986s] Level 1:colcon.colcon_core.package_discovery:discover_packages(prefix_path) discover
[0.992s] DEBUG:colcon.colcon_installed_package_information.package_discovery:Found 5 installed packages in /home/rama/catkin_ws/install
[0.995s] DEBUG:colcon.colcon_installed_package_information.package_discovery:Found 335 installed packages in /opt/ros/foxy
[1.002s] Level 1:colcon.colcon_core.package_discovery:discover_packages(prefix_path) using defaults
[1.179s] Level 5:colcon.colcon_core.verb:set package 'nodes' build argument 'cmake_args' from command line to 'None'
[1.179s] Level 5:colcon.colcon_core.verb:set package 'nodes' build argument 'cmake_target' from command line to 'None'
[1.179s] Level 5:colcon.colcon_core.verb:set package 'nodes' build argument 'cmake_target_skip_unavailable' from command line to 'False'
[1.179s] Level 5:colcon.colcon_core.verb:set package 'nodes' build argument 'cmake_clean_cache' from command line to 'False'
[1.180s] Level 5:colcon.colcon_core.verb:set package 'nodes' build argument 'cmake_clean_first' from command line to 'False'
[1.180s] Level 5:colcon.colcon_core.verb:set package 'nodes' build argument 'cmake_force_configure' from command line to 'False'
[1.180s] Level 5:colcon.colcon_core.verb:set package 'nodes' build argument 'ament_cmake_args' from command line to 'None'
[1.180s] Level 5:colcon.colcon_core.verb:set package 'nodes' build argument 'catkin_cmake_args' from command line to 'None'
[1.180s] Level 5:colcon.colcon_core.verb:set package 'nodes' build argument 'catkin_skip_building_tests' from command line to 'False'
[1.180s] DEBUG:colcon.colcon_core.verb:Building package 'nodes' with the following arguments: {'ament_cmake_args': None, 'build_base': '/home/rama/catkin_ws/build/nodes', 'catkin_cmake_args': None, 'catkin_skip_building_tests': False, 'cmake_args': None, 'cmake_clean_cache': False, 'cmake_clean_first': False, 'cmake_force_configure': False, 'cmake_target': None, 'cmake_target_skip_unavailable': False, 'install_base': '/home/rama/catkin_ws/install/nodes', 'merge_install': False, 'path': '/home/rama/catkin_ws/src/nodes', 'symlink_install': False, 'test_result_base': None}
[1.182s] Level 5:colcon.colcon_core.verb:set package 'nodes2' build argument 'cmake_args' from command line to 'None'
[1.182s] Level 5:colcon.colcon_core.verb:set package 'nodes2' build argument 'cmake_target' from command line to 'None'
[1.182s] Level 5:colcon.colcon_core.verb:set package 'nodes2' build argument 'cmake_target_skip_unavailable' from command line to 'False'
[1.182s] Level 5:colcon.colcon_core.verb:set package 'nodes2' build argument 'cmake_clean_cache' from command line to 'False'
[1.182s] Level 5:colcon.colcon_core.verb:set package 'nodes2' build argument 'cmake_clean_first' from command line to 'False'
[1.182s] Level 5:colcon.colcon_core.verb:set package 'nodes2' build argument 'cmake_force_configure' from command line to 'False'
[1.182s] Level 5:colcon.colcon_core.verb:set package 'nodes2' build argument 'ament_cmake_args' from command line to 'None'
[1.182s] Level 5:colcon.colcon_core.verb:set package 'nodes2' build argument 'catkin_cmake_args' from command line to 'None'
[1.182s] Level 5:colcon.colcon_core.verb:set package 'nodes2' build argument 'catkin_skip_building_tests' from command line to 'False'
[1.182s] DEBUG:colcon.colcon_core.verb:Building package 'nodes2' with the following arguments: {'ament_cmake_args': None, 'build_base': '/home/rama/catkin_ws/build/nodes2', 'catkin_cmake_args': None, 'catkin_skip_building_tests': False, 'cmake_args': None, 'cmake_clean_cache': False, 'cmake_clean_first': False, 'cmake_force_configure': False, 'cmake_target': None, 'cmake_target_skip_unavailable': False, 'install_base': '/home/rama/catkin_ws/install/nodes2', 'merge_install': False, 'path': '/home/rama/catkin_ws/src/nodes2', 'symlink_install': False, 'test_result_base': None}
[1.183s] Level 5:colcon.colcon_core.verb:set package 'turtlebot3_fake_node' build argument 'cmake_args' from command line to 'None'
[1.183s] Level 5:colcon.colcon_core.verb:set package 'turtlebot3_fake_node' build argument 'cmake_target' from command line to 'None'
[1.183s] Level 5:colcon.colcon_core.verb:set package 'turtlebot3_fake_node' build argument 'cmake_target_skip_unavailable' from command line to 'False'
[1.184s] Level 5:colcon.colcon_core.verb:set package 'turtlebot3_fake_node' build argument 'cmake_clean_cache' from command line to 'False'
[1.184s] Level 5:colcon.colcon_core.verb:set package 'turtlebot3_fake_node' build argument 'cmake_clean_first' from command line to 'False'
[1.184s] Level 5:colcon.colcon_core.verb:set package 'turtlebot3_fake_node' build argument 'cmake_force_configure' from command line to 'False'
[1.184s] Level 5:colcon.colcon_core.verb:set package 'turtlebot3_fake_node' build argument 'ament_cmake_args' from command line to 'None'
[1.184s] Level 5:colcon.colcon_core.verb:set package 'turtlebot3_fake_node' build argument 'catkin_cmake_args' from command line to 'None'
[1.184s] Level 5:colcon.colcon_core.verb:set package 'turtlebot3_fake_node' build argument 'catkin_skip_building_tests' from command line to 'False'
[1.184s] DEBUG:colcon.colcon_core.verb:Building package 'turtlebot3_fake_node' with the following arguments: {'ament_cmake_args': None, 'build_base': '/home/rama/catkin_ws/build/turtlebot3_fake_node', 'catkin_cmake_args': None, 'catkin_skip_building_tests': False, 'cmake_args': None, 'cmake_clean_cache': False, 'cmake_clean_first': False, 'cmake_force_configure': False, 'cmake_target': None, 'cmake_target_skip_unavailable': False, 'install_base': '/home/rama/catkin_ws/install/turtlebot3_fake_node', 'merge_install': False, 'path': '/home/rama/catkin_ws/src/turtlebot3_simulations/turtlebot3_fake_node', 'symlink_install': False, 'test_result_base': None}
[1.185s] Level 5:colcon.colcon_core.verb:set package 'turtlebot3_gazebo' build argument 'cmake_args' from command line to 'None'
[1.185s] Level 5:colcon.colcon_core.verb:set package 'turtlebot3_gazebo' build argument 'cmake_target' from command line to 'None'
[1.185s] Level 5:colcon.colcon_core.verb:set package 'turtlebot3_gazebo' build argument 'cmake_target_skip_unavailable' from command line to 'False'
[1.185s] Level 5:colcon.colcon_core.verb:set package 'turtlebot3_gazebo' build argument 'cmake_clean_cache' from command line to 'False'
[1.185s] Level 5:colcon.colcon_core.verb:set package 'turtlebot3_gazebo' build argument 'cmake_clean_first' from command line to 'False'
[1.185s] Level 5:colcon.colcon_core.verb:set package 'turtlebot3_gazebo' build argument 'cmake_force_configure' from command line to 'False'
[1.185s] Level 5:colcon.colcon_core.verb:set package 'turtlebot3_gazebo' build argument 'ament_cmake_args' from command line to 'None'
[1.185s] Level 5:colcon.colcon_core.verb:set package 'turtlebot3_gazebo' build argument 'catkin_cmake_args' from command line to 'None'
[1.185s] Level 5:colcon.colcon_core.verb:set package 'turtlebot3_gazebo' build argument 'catkin_skip_building_tests' from command line to 'False'
[1.185s] DEBUG:colcon.colcon_core.verb:Building package 'turtlebot3_gazebo' with the following arguments: {'ament_cmake_args': None, 'build_base': '/home/rama/catkin_ws/build/turtlebot3_gazebo', 'catkin_cmake_args': None, 'catkin_skip_building_tests': False, 'cmake_args': None, 'cmake_clean_cache': False, 'cmake_clean_first': False, 'cmake_force_configure': False, 'cmake_target': None, 'cmake_target_skip_unavailable': False, 'install_base': '/home/rama/catkin_ws/install/turtlebot3_gazebo', 'merge_install': False, 'path': '/home/rama/catkin_ws/src/turtlebot3_simulations/turtlebot3_gazebo', 'symlink_install': False, 'test_result_base': None}
[1.186s] Level 5:colcon.colcon_core.verb:set package 'turtlebot3_simulations' build argument 'cmake_args' from command line to 'None'
[1.186s] Level 5:colcon.colcon_core.verb:set package 'turtlebot3_simulations' build argument 'cmake_target' from command line to 'None'
[1.186s] Level 5:colcon.colcon_core.verb:set package 'turtlebot3_simulations' build argument 'cmake_target_skip_unavailable' from command line to 'False'
[1.187s] Level 5:colcon.colcon_core.verb:set package 'turtlebot3_simulations' build argument 'cmake_clean_cache' from command line to 'False'
[1.187s] Level 5:colcon.colcon_core.verb:set package 'turtlebot3_simulations' build argument 'cmake_clean_first' from command line to 'False'
[1.187s] Level 5:colcon.colcon_core.verb:set package 'turtlebot3_simulations' build argument 'cmake_force_configure' from command line to 'False'
[1.187s] Level 5:colcon.colcon_core.verb:set package 'turtlebot3_simulations' build argument 'ament_cmake_args' from command line to 'None'
[1.187s] Level 5:colcon.colcon_core.verb:set package 'turtlebot3_simulations' build argument 'catkin_cmake_args' from command line to 'None'
[1.187s] Level 5:colcon.colcon_core.verb:set package 'turtlebot3_simulations' build argument 'catkin_skip_building_tests' from command line to 'False'
[1.187s] DEBUG:colcon.colcon_core.verb:Building package 'turtlebot3_simulations' with the following arguments: {'ament_cmake_args': None, 'build_base': '/home/rama/catkin_ws/build/turtlebot3_simulations', 'catkin_cmake_args': None, 'catkin_skip_building_tests': False, 'cmake_args': None, 'cmake_clean_cache': False, 'cmake_clean_first': False, 'cmake_force_configure': False, 'cmake_target': None, 'cmake_target_skip_unavailable': False, 'install_base': '/home/rama/catkin_ws/install/turtlebot3_simulations', 'merge_install': False, 'path': '/home/rama/catkin_ws/src/turtlebot3_simulations/turtlebot3_simulations', 'symlink_install': False, 'test_result_base': None}
[1.188s] INFO:colcon.colcon_core.executor:Executing jobs using 'parallel' executor
[1.200s] DEBUG:colcon.colcon_parallel_executor.executor.parallel:run_until_complete
[1.200s] INFO:colcon.colcon_ros.task.ament_cmake.build:Building ROS package in '/home/rama/catkin_ws/src/turtlebot3_simulations/turtlebot3_fake_node' with build type 'ament_cmake'
[1.200s] INFO:colcon.colcon_cmake.task.cmake.build:Building CMake package in '/home/rama/catkin_ws/src/turtlebot3_simulations/turtlebot3_fake_node'
[1.213s] INFO:colcon.colcon_core.plugin_system:Skipping extension 'colcon_core.shell.bat': Not used on non-Windows systems
[1.213s] INFO:colcon.colcon_core.shell:Skip shell extension 'powershell' for command environment: Not usable outside of PowerShell
[1.213s] DEBUG:colcon.colcon_core.shell:Skip shell extension 'dsv' for command environment
[1.227s] INFO:colcon.colcon_ros.task.ament_cmake.build:Building ROS package in '/home/rama/catkin_ws/src/turtlebot3_simulations/turtlebot3_gazebo' with build type 'ament_cmake'
[1.227s] INFO:colcon.colcon_cmake.task.cmake.build:Building CMake package in '/home/rama/catkin_ws/src/turtlebot3_simulations/turtlebot3_gazebo'
[1.232s] INFO:colcon.colcon_core.shell:Skip shell extension 'powershell' for command environment: Not usable outside of PowerShell
[1.232s] DEBUG:colcon.colcon_core.shell:Skip shell extension 'dsv' for command environment
[1.245s] INFO:colcon.colcon_ros.task.ament_python.build:Building ROS package in '/home/rama/catkin_ws/src/nodes' with build type 'ament_python'
[1.247s] Level 1:colcon.colcon_core.shell:create_environment_hook('nodes', 'ament_prefix_path')
[1.251s] INFO:colcon.colcon_core.shell:Creating environment hook '/home/rama/catkin_ws/install/nodes/share/nodes/hook/ament_prefix_path.ps1'
[1.252s] INFO:colcon.colcon_core.shell:Creating environment descriptor '/home/rama/catkin_ws/install/nodes/share/nodes/hook/ament_prefix_path.dsv'
[1.254s] INFO:colcon.colcon_core.shell:Creating environment hook '/home/rama/catkin_ws/install/nodes/share/nodes/hook/ament_prefix_path.sh'
[1.260s] INFO:colcon.colcon_core.shell:Skip shell extension 'powershell' for command environment: Not usable outside of PowerShell
[1.261s] DEBUG:colcon.colcon_core.shell:Skip shell extension 'dsv' for command environment
[1.274s] INFO:colcon.colcon_ros.task.ament_python.build:Building ROS package in '/home/rama/catkin_ws/src/nodes2' with build type 'ament_python'
[1.274s] Level 1:colcon.colcon_core.shell:create_environment_hook('nodes2', 'ament_prefix_path')
[1.279s] INFO:colcon.colcon_core.shell:Creating environment hook '/home/rama/catkin_ws/install/nodes2/share/nodes2/hook/ament_prefix_path.ps1'
[1.280s] INFO:colcon.colcon_core.shell:Creating environment descriptor '/home/rama/catkin_ws/install/nodes2/share/nodes2/hook/ament_prefix_path.dsv'
[1.280s] INFO:colcon.colcon_core.shell:Creating environment hook '/home/rama/catkin_ws/install/nodes2/share/nodes2/hook/ament_prefix_path.sh'
[1.284s] INFO:colcon.colcon_core.shell:Skip shell extension 'powershell' for command environment: Not usable outside of PowerShell
[1.286s] DEBUG:colcon.colcon_core.shell:Skip shell extension 'dsv' for command environment
[1.320s] DEBUG:colcon.colcon_core.event_handler.log_command:Invoking command in '/home/rama/catkin_ws/build/turtlebot3_fake_node': CMAKE_PREFIX_PATH=${CMAKE_PREFIX_PATH}:/home/rama/catkin_ws/install/nodes2:/home/rama/catkin_ws/install/nodes:/opt/ros/foxy /usr/bin/cmake --build /home/rama/catkin_ws/build/turtlebot3_fake_node -- -j8 -l8
[1.342s] DEBUG:colcon.colcon_core.event_handler.log_command:Invoking command in '/home/rama/catkin_ws/build/turtlebot3_gazebo': CMAKE_PREFIX_PATH=${CMAKE_PREFIX_PATH}:/home/rama/catkin_ws/install/nodes2:/home/rama/catkin_ws/install/nodes:/opt/ros/foxy /usr/bin/cmake --build /home/rama/catkin_ws/build/turtlebot3_gazebo -- -j8 -l8
[2.112s] INFO:colcon.colcon_core.task.python.build:Building Python package in '/home/rama/catkin_ws/src/nodes'
[2.116s] INFO:colcon.colcon_core.shell:Skip shell extension 'powershell' for command environment: Not usable outside of PowerShell
[2.117s] DEBUG:colcon.colcon_core.shell:Skip shell extension 'dsv' for command environment
[2.733s] INFO:colcon.colcon_core.task.python.build:Building Python package in '/home/rama/catkin_ws/src/nodes2'
[2.735s] INFO:colcon.colcon_core.shell:Skip shell extension 'powershell' for command environment: Not usable outside of PowerShell
[2.735s] DEBUG:colcon.colcon_core.shell:Skip shell extension 'dsv' for command environment
[2.765s] DEBUG:colcon.colcon_core.event_handler.log_command:Invoked command in '/home/rama/catkin_ws/build/turtlebot3_fake_node' returned '0': CMAKE_PREFIX_PATH=${CMAKE_PREFIX_PATH}:/home/rama/catkin_ws/install/nodes2:/home/rama/catkin_ws/install/nodes:/opt/ros/foxy /usr/bin/cmake --build /home/rama/catkin_ws/build/turtlebot3_fake_node -- -j8 -l8
[2.768s] DEBUG:colcon.colcon_core.event_handler.log_command:Invoked command in '/home/rama/catkin_ws/build/turtlebot3_gazebo' returned '0': CMAKE_PREFIX_PATH=${CMAKE_PREFIX_PATH}:/home/rama/catkin_ws/install/nodes2:/home/rama/catkin_ws/install/nodes:/opt/ros/foxy /usr/bin/cmake --build /home/rama/catkin_ws/build/turtlebot3_gazebo -- -j8 -l8
[2.879s] DEBUG:colcon.colcon_core.event_handler.log_command:Invoking command in '/home/rama/catkin_ws/build/turtlebot3_fake_node': CMAKE_PREFIX_PATH=${CMAKE_PREFIX_PATH}:/home/rama/catkin_ws/install/nodes2:/home/rama/catkin_ws/install/nodes:/opt/ros/foxy /usr/bin/cmake --install /home/rama/catkin_ws/build/turtlebot3_fake_node
[2.895s] DEBUG:colcon.colcon_core.event_handler.log_command:Invoking command in '/home/rama/catkin_ws/build/turtlebot3_gazebo': CMAKE_PREFIX_PATH=${CMAKE_PREFIX_PATH}:/home/rama/catkin_ws/install/nodes2:/home/rama/catkin_ws/install/nodes:/opt/ros/foxy /usr/bin/cmake --install /home/rama/catkin_ws/build/turtlebot3_gazebo
[2.923s] Level 1:colcon.colcon_core.environment:create_environment_scripts_only(turtlebot3_fake_node)
[2.927s] DEBUG:colcon.colcon_core.event_handler.log_command:Invoked command in '/home/rama/catkin_ws/build/turtlebot3_fake_node' returned '0': CMAKE_PREFIX_PATH=${CMAKE_PREFIX_PATH}:/home/rama/catkin_ws/install/nodes2:/home/rama/catkin_ws/install/nodes:/opt/ros/foxy /usr/bin/cmake --install /home/rama/catkin_ws/build/turtlebot3_fake_node
[2.974s] Level 1:colcon.colcon_core.environment:checking '/home/rama/catkin_ws/install/turtlebot3_fake_node' for CMake module files
[2.975s] Level 1:colcon.colcon_core.environment:checking '/home/rama/catkin_ws/install/turtlebot3_fake_node' for CMake config files
[3.004s] Level 1:colcon.colcon_core.shell:create_environment_hook('turtlebot3_fake_node', 'cmake_prefix_path')
[3.009s] INFO:colcon.colcon_core.shell:Creating environment hook '/home/rama/catkin_ws/install/turtlebot3_fake_node/share/turtlebot3_fake_node/hook/cmake_prefix_path.ps1'
[3.009s] INFO:colcon.colcon_core.shell:Creating environment descriptor '/home/rama/catkin_ws/install/turtlebot3_fake_node/share/turtlebot3_fake_node/hook/cmake_prefix_path.dsv'
[3.010s] INFO:colcon.colcon_core.shell:Creating environment hook '/home/rama/catkin_ws/install/turtlebot3_fake_node/share/turtlebot3_fake_node/hook/cmake_prefix_path.sh'
[3.011s] Level 1:colcon.colcon_core.environment:checking '/home/rama/catkin_ws/install/turtlebot3_fake_node/lib'
[3.012s] Level 1:colcon.colcon_core.environment:checking '/home/rama/catkin_ws/install/turtlebot3_fake_node/bin'
[3.012s] Level 1:colcon.colcon_core.environment:checking '/home/rama/catkin_ws/install/turtlebot3_fake_node/lib/pkgconfig/turtlebot3_fake_node.pc'
[3.012s] Level 1:colcon.colcon_core.environment:checking '/home/rama/catkin_ws/install/turtlebot3_fake_node/lib/python3.8/site-packages'
[3.013s] Level 1:colcon.colcon_core.environment:checking '/home/rama/catkin_ws/install/turtlebot3_fake_node/bin'
[3.023s] INFO:colcon.colcon_core.shell:Creating package script '/home/rama/catkin_ws/install/turtlebot3_fake_node/share/turtlebot3_fake_node/package.ps1'
[3.045s] INFO:colcon.colcon_core.shell:Creating package descriptor '/home/rama/catkin_ws/install/turtlebot3_fake_node/share/turtlebot3_fake_node/package.dsv'
[3.050s] INFO:colcon.colcon_core.shell:Creating package script '/home/rama/catkin_ws/install/turtlebot3_fake_node/share/turtlebot3_fake_node/package.sh'
[3.054s] INFO:colcon.colcon_core.shell:Creating package script '/home/rama/catkin_ws/install/turtlebot3_fake_node/share/turtlebot3_fake_node/package.bash'
[3.056s] INFO:colcon.colcon_core.shell:Creating package script '/home/rama/catkin_ws/install/turtlebot3_fake_node/share/turtlebot3_fake_node/package.zsh'
[3.057s] Level 1:colcon.colcon_core.environment:create_file_with_runtime_dependencies(/home/rama/catkin_ws/install/turtlebot3_fake_node/share/colcon-core/packages/turtlebot3_fake_node)
[3.074s] Level 1:colcon.colcon_core.environment:create_environment_scripts_only(turtlebot3_gazebo)
[3.086s] DEBUG:colcon.colcon_core.event_handler.log_command:Invoked command in '/home/rama/catkin_ws/build/turtlebot3_gazebo' returned '0': CMAKE_PREFIX_PATH=${CMAKE_PREFIX_PATH}:/home/rama/catkin_ws/install/nodes2:/home/rama/catkin_ws/install/nodes:/opt/ros/foxy /usr/bin/cmake --install /home/rama/catkin_ws/build/turtlebot3_gazebo
[3.089s] Level 1:colcon.colcon_core.environment:checking '/home/rama/catkin_ws/install/turtlebot3_gazebo' for CMake module files
[3.090s] Level 1:colcon.colcon_core.environment:checking '/home/rama/catkin_ws/install/turtlebot3_gazebo' for CMake config files
[3.091s] Level 1:colcon.colcon_core.shell:create_environment_hook('turtlebot3_gazebo', 'cmake_prefix_path')
[3.102s] INFO:colcon.colcon_core.shell:Creating environment hook '/home/rama/catkin_ws/install/turtlebot3_gazebo/share/turtlebot3_gazebo/hook/cmake_prefix_path.ps1'
[3.103s] INFO:colcon.colcon_core.shell:Creating environment descriptor '/home/rama/catkin_ws/install/turtlebot3_gazebo/share/turtlebot3_gazebo/hook/cmake_prefix_path.dsv'
[3.104s] INFO:colcon.colcon_core.shell:Creating environment hook '/home/rama/catkin_ws/install/turtlebot3_gazebo/share/turtlebot3_gazebo/hook/cmake_prefix_path.sh'
[3.105s] Level 1:colcon.colcon_core.environment:checking '/home/rama/catkin_ws/install/turtlebot3_gazebo/lib'
[3.105s] Level 1:colcon.colcon_core.environment:checking '/home/rama/catkin_ws/install/turtlebot3_gazebo/bin'
[3.106s] Level 1:colcon.colcon_core.environment:checking '/home/rama/catkin_ws/install/turtlebot3_gazebo/lib/pkgconfig/turtlebot3_gazebo.pc'
[3.106s] Level 1:colcon.colcon_core.environment:checking '/home/rama/catkin_ws/install/turtlebot3_gazebo/lib/python3.8/site-packages'
[3.106s] Level 1:colcon.colcon_core.environment:checking '/home/rama/catkin_ws/install/turtlebot3_gazebo/bin'
[3.109s] INFO:colcon.colcon_core.shell:Creating package script '/home/rama/catkin_ws/install/turtlebot3_gazebo/share/turtlebot3_gazebo/package.ps1'
[3.116s] INFO:colcon.colcon_core.shell:Creating package descriptor '/home/rama/catkin_ws/install/turtlebot3_gazebo/share/turtlebot3_gazebo/package.dsv'
[3.118s] INFO:colcon.colcon_core.shell:Creating package script '/home/rama/catkin_ws/install/turtlebot3_gazebo/share/turtlebot3_gazebo/package.sh'
[3.120s] INFO:colcon.colcon_core.shell:Creating package script '/home/rama/catkin_ws/install/turtlebot3_gazebo/share/turtlebot3_gazebo/package.bash'
[3.121s] INFO:colcon.colcon_core.shell:Creating package script '/home/rama/catkin_ws/install/turtlebot3_gazebo/share/turtlebot3_gazebo/package.zsh'
[3.121s] Level 1:colcon.colcon_core.environment:create_file_with_runtime_dependencies(/home/rama/catkin_ws/install/turtlebot3_gazebo/share/colcon-core/packages/turtlebot3_gazebo)
[3.163s] Level 1:colcon.colcon_core.environment:create_environment_scripts_only(turtlebot3_fake_node)
[3.172s] Level 1:colcon.colcon_core.environment:checking '/home/rama/catkin_ws/install/turtlebot3_fake_node' for CMake module files
[3.177s] Level 1:colcon.colcon_core.environment:checking '/home/rama/catkin_ws/install/turtlebot3_fake_node' for CMake config files
[3.178s] Level 1:colcon.colcon_core.shell:create_environment_hook('turtlebot3_fake_node', 'cmake_prefix_path')
[3.184s] INFO:colcon.colcon_core.shell:Creating environment hook '/home/rama/catkin_ws/install/turtlebot3_fake_node/share/turtlebot3_fake_node/hook/cmake_prefix_path.ps1'
[3.186s] INFO:colcon.colcon_core.shell:Creating environment descriptor '/home/rama/catkin_ws/install/turtlebot3_fake_node/share/turtlebot3_fake_node/hook/cmake_prefix_path.dsv'
[3.187s] INFO:colcon.colcon_core.shell:Creating environment hook '/home/rama/catkin_ws/install/turtlebot3_fake_node/share/turtlebot3_fake_node/hook/cmake_prefix_path.sh'
[3.188s] Level 1:colcon.colcon_core.environment:checking '/home/rama/catkin_ws/install/turtlebot3_fake_node/lib'
[3.188s] Level 1:colcon.colcon_core.environment:checking '/home/rama/catkin_ws/install/turtlebot3_fake_node/bin'
[3.189s] Level 1:colcon.colcon_core.environment:checking '/home/rama/catkin_ws/install/turtlebot3_fake_node/lib/pkgconfig/turtlebot3_fake_node.pc'
[3.190s] Level 1:colcon.colcon_core.environment:checking '/home/rama/catkin_ws/install/turtlebot3_fake_node/lib/python3.8/site-packages'
[3.193s] Level 1:colcon.colcon_core.environment:checking '/home/rama/catkin_ws/install/turtlebot3_fake_node/bin'
[3.200s] INFO:colcon.colcon_core.shell:Creating package script '/home/rama/catkin_ws/install/turtlebot3_fake_node/share/turtlebot3_fake_node/package.ps1'
[3.201s] INFO:colcon.colcon_core.shell:Creating package descriptor '/home/rama/catkin_ws/install/turtlebot3_fake_node/share/turtlebot3_fake_node/package.dsv'
[3.202s] INFO:colcon.colcon_core.shell:Creating package script '/home/rama/catkin_ws/install/turtlebot3_fake_node/share/turtlebot3_fake_node/package.sh'
[3.204s] INFO:colcon.colcon_core.shell:Creating package script '/home/rama/catkin_ws/install/turtlebot3_fake_node/share/turtlebot3_fake_node/package.bash'
[3.208s] INFO:colcon.colcon_core.shell:Creating package script '/home/rama/catkin_ws/install/turtlebot3_fake_node/share/turtlebot3_fake_node/package.zsh'
[3.210s] Level 1:colcon.colcon_core.environment:create_file_with_runtime_dependencies(/home/rama/catkin_ws/install/turtlebot3_fake_node/share/colcon-core/packages/turtlebot3_fake_node)
[3.232s] Level 1:colcon.colcon_core.environment:create_environment_scripts_only(turtlebot3_gazebo)
[3.247s] Level 1:colcon.colcon_core.environment:checking '/home/rama/catkin_ws/install/turtlebot3_gazebo' for CMake module files
[3.248s] Level 1:colcon.colcon_core.environment:checking '/home/rama/catkin_ws/install/turtlebot3_gazebo' for CMake config files
[3.249s] Level 1:colcon.colcon_core.shell:create_environment_hook('turtlebot3_gazebo', 'cmake_prefix_path')
[3.258s] INFO:colcon.colcon_core.shell:Creating environment hook '/home/rama/catkin_ws/install/turtlebot3_gazebo/share/turtlebot3_gazebo/hook/cmake_prefix_path.ps1'
[3.261s] INFO:colcon.colcon_core.shell:Creating environment descriptor '/home/rama/catkin_ws/install/turtlebot3_gazebo/share/turtlebot3_gazebo/hook/cmake_prefix_path.dsv'
[3.263s] INFO:colcon.colcon_core.shell:Creating environment hook '/home/rama/catkin_ws/install/turtlebot3_gazebo/share/turtlebot3_gazebo/hook/cmake_prefix_path.sh'
[3.264s] Level 1:colcon.colcon_core.environment:checking '/home/rama/catkin_ws/install/turtlebot3_gazebo/lib'
[3.264s] Level 1:colcon.colcon_core.environment:checking '/home/rama/catkin_ws/install/turtlebot3_gazebo/bin'
[3.265s] Level 1:colcon.colcon_core.environment:checking '/home/rama/catkin_ws/install/turtlebot3_gazebo/lib/pkgconfig/turtlebot3_gazebo.pc'
[3.265s] Level 1:colcon.colcon_core.environment:checking '/home/rama/catkin_ws/install/turtlebot3_gazebo/lib/python3.8/site-packages'
[3.266s] Level 1:colcon.colcon_core.environment:checking '/home/rama/catkin_ws/install/turtlebot3_gazebo/bin'
[3.274s] INFO:colcon.colcon_core.shell:Creating package script '/home/rama/catkin_ws/install/turtlebot3_gazebo/share/turtlebot3_gazebo/package.ps1'
[3.278s] INFO:colcon.colcon_core.shell:Creating package descriptor '/home/rama/catkin_ws/install/turtlebot3_gazebo/share/turtlebot3_gazebo/package.dsv'
[3.280s] INFO:colcon.colcon_core.shell:Creating package script '/home/rama/catkin_ws/install/turtlebot3_gazebo/share/turtlebot3_gazebo/package.sh'
[3.281s] INFO:colcon.colcon_core.shell:Creating package script '/home/rama/catkin_ws/install/turtlebot3_gazebo/share/turtlebot3_gazebo/package.bash'
[3.282s] INFO:colcon.colcon_core.shell:Creating package script '/home/rama/catkin_ws/install/turtlebot3_gazebo/share/turtlebot3_gazebo/package.zsh'
[3.283s] Level 1:colcon.colcon_core.environment:create_file_with_runtime_dependencies(/home/rama/catkin_ws/install/turtlebot3_gazebo/share/colcon-core/packages/turtlebot3_gazebo)
[3.288s] INFO:colcon.colcon_ros.task.ament_cmake.build:Building ROS package in '/home/rama/catkin_ws/src/turtlebot3_simulations/turtlebot3_simulations' with build type 'ament_cmake'
[3.289s] INFO:colcon.colcon_cmake.task.cmake.build:Building CMake package in '/home/rama/catkin_ws/src/turtlebot3_simulations/turtlebot3_simulations'
[3.296s] INFO:colcon.colcon_core.shell:Skip shell extension 'powershell' for command environment: Not usable outside of PowerShell
[3.296s] DEBUG:colcon.colcon_core.shell:Skip shell extension 'dsv' for command environment
[3.343s] DEBUG:colcon.colcon_core.event_handler.log_command:Invoking command in '/home/rama/catkin_ws/build/turtlebot3_simulations': CMAKE_PREFIX_PATH=/home/rama/catkin_ws/install/turtlebot3_gazebo:/home/rama/catkin_ws/install/turtlebot3_fake_node:/home/rama/catkin_ws/install/turtlebot3_simulations:/home/rama/catkin_ws/install/nodes2:/home/rama/catkin_ws/install/nodes:/opt/ros/foxy /usr/bin/cmake --build /home/rama/catkin_ws/build/turtlebot3_simulations -- -j8 -l8
[3.459s] DEBUG:colcon.colcon_core.event_handler.log_command:Invoked command in '/home/rama/catkin_ws/build/turtlebot3_simulations' returned '0': CMAKE_PREFIX_PATH=/home/rama/catkin_ws/install/turtlebot3_gazebo:/home/rama/catkin_ws/install/turtlebot3_fake_node:/home/rama/catkin_ws/install/turtlebot3_simulations:/home/rama/catkin_ws/install/nodes2:/home/rama/catkin_ws/install/nodes:/opt/ros/foxy /usr/bin/cmake --build /home/rama/catkin_ws/build/turtlebot3_simulations -- -j8 -l8
[3.557s] DEBUG:colcon.colcon_core.event_handler.log_command:Invoking command in '/home/rama/catkin_ws/build/turtlebot3_simulations': CMAKE_PREFIX_PATH=/home/rama/catkin_ws/install/turtlebot3_gazebo:/home/rama/catkin_ws/install/turtlebot3_fake_node:/home/rama/catkin_ws/install/turtlebot3_simulations:/home/rama/catkin_ws/install/nodes2:/home/rama/catkin_ws/install/nodes:/opt/ros/foxy /usr/bin/cmake --install /home/rama/catkin_ws/build/turtlebot3_simulations
[3.600s] Level 1:colcon.colcon_core.environment:create_environment_scripts_only(turtlebot3_simulations)
[3.605s] Level 1:colcon.colcon_core.environment:checking '/home/rama/catkin_ws/install/turtlebot3_simulations' for CMake module files
[3.615s] Level 1:colcon.colcon_core.environment:checking '/home/rama/catkin_ws/install/turtlebot3_simulations' for CMake config files
[3.618s] DEBUG:colcon.colcon_core.event_handler.log_command:Invoked command in '/home/rama/catkin_ws/build/turtlebot3_simulations' returned '0': CMAKE_PREFIX_PATH=/home/rama/catkin_ws/install/turtlebot3_gazebo:/home/rama/catkin_ws/install/turtlebot3_fake_node:/home/rama/catkin_ws/install/turtlebot3_simulations:/home/rama/catkin_ws/install/nodes2:/home/rama/catkin_ws/install/nodes:/opt/ros/foxy /usr/bin/cmake --install /home/rama/catkin_ws/build/turtlebot3_simulations
[3.618s] Level 1:colcon.colcon_core.shell:create_environment_hook('turtlebot3_simulations', 'cmake_prefix_path')
[3.628s] INFO:colcon.colcon_core.shell:Creating environment hook '/home/rama/catkin_ws/install/turtlebot3_simulations/share/turtlebot3_simulations/hook/cmake_prefix_path.ps1'
[3.629s] INFO:colcon.colcon_core.shell:Creating environment descriptor '/home/rama/catkin_ws/install/turtlebot3_simulations/share/turtlebot3_simulations/hook/cmake_prefix_path.dsv'
[3.630s] INFO:colcon.colcon_core.shell:Creating environment hook '/home/rama/catkin_ws/install/turtlebot3_simulations/share/turtlebot3_simulations/hook/cmake_prefix_path.sh'
[3.632s] Level 1:colcon.colcon_core.environment:checking '/home/rama/catkin_ws/install/turtlebot3_simulations/bin'
[3.632s] Level 1:colcon.colcon_core.environment:checking '/home/rama/catkin_ws/install/turtlebot3_simulations/lib/pkgconfig/turtlebot3_simulations.pc'
[3.633s] Level 1:colcon.colcon_core.environment:checking '/home/rama/catkin_ws/install/turtlebot3_simulations/lib/python3.8/site-packages'
[3.633s] Level 1:colcon.colcon_core.environment:checking '/home/rama/catkin_ws/install/turtlebot3_simulations/bin'
[3.635s] INFO:colcon.colcon_core.shell:Creating package script '/home/rama/catkin_ws/install/turtlebot3_simulations/share/turtlebot3_simulations/package.ps1'
[3.640s] INFO:colcon.colcon_core.shell:Creating package descriptor '/home/rama/catkin_ws/install/turtlebot3_simulations/share/turtlebot3_simulations/package.dsv'
[3.644s] INFO:colcon.colcon_core.shell:Creating package script '/home/rama/catkin_ws/install/turtlebot3_simulations/share/turtlebot3_simulations/package.sh'
[3.645s] INFO:colcon.colcon_core.shell:Creating package script '/home/rama/catkin_ws/install/turtlebot3_simulations/share/turtlebot3_simulations/package.bash'
[3.646s] INFO:colcon.colcon_core.shell:Creating package script '/home/rama/catkin_ws/install/turtlebot3_simulations/share/turtlebot3_simulations/package.zsh'
[3.647s] Level 1:colcon.colcon_core.environment:create_file_with_runtime_dependencies(/home/rama/catkin_ws/install/turtlebot3_simulations/share/colcon-core/packages/turtlebot3_simulations)
[3.711s] Level 1:colcon.colcon_core.environment:create_environment_scripts_only(turtlebot3_simulations)
[3.714s] Level 1:colcon.colcon_core.environment:checking '/home/rama/catkin_ws/install/turtlebot3_simulations' for CMake module files
[3.715s] Level 1:colcon.colcon_core.environment:checking '/home/rama/catkin_ws/install/turtlebot3_simulations' for CMake config files
[3.716s] Level 1:colcon.colcon_core.shell:create_environment_hook('turtlebot3_simulations', 'cmake_prefix_path')
[3.723s] INFO:colcon.colcon_core.shell:Creating environment hook '/home/rama/catkin_ws/install/turtlebot3_simulations/share/turtlebot3_simulations/hook/cmake_prefix_path.ps1'
[3.727s] INFO:colcon.colcon_core.shell:Creating environment descriptor '/home/rama/catkin_ws/install/turtlebot3_simulations/share/turtlebot3_simulations/hook/cmake_prefix_path.dsv'
[3.728s] INFO:colcon.colcon_core.shell:Creating environment hook '/home/rama/catkin_ws/install/turtlebot3_simulations/share/turtlebot3_simulations/hook/cmake_prefix_path.sh'
[3.730s] Level 1:colcon.colcon_core.environment:checking '/home/rama/catkin_ws/install/turtlebot3_simulations/bin'
[3.730s] Level 1:colcon.colcon_core.environment:checking '/home/rama/catkin_ws/install/turtlebot3_simulations/lib/pkgconfig/turtlebot3_simulations.pc'
[3.731s] Level 1:colcon.colcon_core.environment:checking '/home/rama/catkin_ws/install/turtlebot3_simulations/lib/python3.8/site-packages'
[3.731s] Level 1:colcon.colcon_core.environment:checking '/home/rama/catkin_ws/install/turtlebot3_simulations/bin'
[3.742s] INFO:colcon.colcon_core.shell:Creating package script '/home/rama/catkin_ws/install/turtlebot3_simulations/share/turtlebot3_simulations/package.ps1'
[3.744s] INFO:colcon.colcon_core.shell:Creating package descriptor '/home/rama/catkin_ws/install/turtlebot3_simulations/share/turtlebot3_simulations/package.dsv'
[3.745s] INFO:colcon.colcon_core.shell:Creating package script '/home/rama/catkin_ws/install/turtlebot3_simulations/share/turtlebot3_simulations/package.sh'
[3.746s] INFO:colcon.colcon_core.shell:Creating package script '/home/rama/catkin_ws/install/turtlebot3_simulations/share/turtlebot3_simulations/package.bash'
[3.747s] INFO:colcon.colcon_core.shell:Creating package script '/home/rama/catkin_ws/install/turtlebot3_simulations/share/turtlebot3_simulations/package.zsh'
[3.749s] Level 1:colcon.colcon_core.environment:create_file_with_runtime_dependencies(/home/rama/catkin_ws/install/turtlebot3_simulations/share/colcon-core/packages/turtlebot3_simulations)
[4.371s] DEBUG:colcon.colcon_core.event_handler.log_command:Invoking command in '/home/rama/catkin_ws/src/nodes': PYTHONPATH=/home/rama/catkin_ws/build/nodes/prefix_override:/home/rama/catkin_ws/install/nodes/lib/python3.8/site-packages:${PYTHONPATH} /usr/bin/python3 setup.py egg_info --egg-base ../../build/nodes build --build-base /home/rama/catkin_ws/build/nodes/build install --record /home/rama/catkin_ws/build/nodes/install.log --install-scripts $base/lib/nodes --single-version-externally-managed
[4.385s] DEBUG:colcon.colcon_core.event_handler.log_command:Invoking command in '/home/rama/catkin_ws/src/nodes2': PYTHONPATH=/home/rama/catkin_ws/build/nodes2/prefix_override:/home/rama/catkin_ws/install/nodes2/lib/python3.8/site-packages:${PYTHONPATH} /usr/bin/python3 setup.py egg_info --egg-base ../../build/nodes2 build --build-base /home/rama/catkin_ws/build/nodes2/build install --record /home/rama/catkin_ws/build/nodes2/install.log --install-scripts $base/lib/nodes2 --single-version-externally-managed
[5.424s] Level 1:colcon.colcon_core.environment:checking '/home/rama/catkin_ws/install/nodes' for CMake module files
[5.425s] DEBUG:colcon.colcon_core.event_handler.log_command:Invoked command in '/home/rama/catkin_ws/src/nodes' returned '0': PYTHONPATH=/home/rama/catkin_ws/build/nodes/prefix_override:/home/rama/catkin_ws/install/nodes/lib/python3.8/site-packages:${PYTHONPATH} /usr/bin/python3 setup.py egg_info --egg-base ../../build/nodes build --build-base /home/rama/catkin_ws/build/nodes/build install --record /home/rama/catkin_ws/build/nodes/install.log --install-scripts $base/lib/nodes --single-version-externally-managed
[5.426s] Level 1:colcon.colcon_core.environment:checking '/home/rama/catkin_ws/install/nodes' for CMake config files
[5.426s] Level 1:colcon.colcon_core.environment:checking '/home/rama/catkin_ws/install/nodes/lib'
[5.427s] Level 1:colcon.colcon_core.environment:checking '/home/rama/catkin_ws/install/nodes/bin'
[5.427s] Level 1:colcon.colcon_core.environment:checking '/home/rama/catkin_ws/install/nodes/lib/pkgconfig/nodes.pc'
[5.427s] Level 1:colcon.colcon_core.environment:checking '/home/rama/catkin_ws/install/nodes/lib/python3.8/site-packages'
[5.427s] Level 1:colcon.colcon_core.shell:create_environment_hook('nodes', 'pythonpath')
[5.436s] INFO:colcon.colcon_core.shell:Creating environment hook '/home/rama/catkin_ws/install/nodes/share/nodes/hook/pythonpath.ps1'
[5.437s] INFO:colcon.colcon_core.shell:Creating environment descriptor '/home/rama/catkin_ws/install/nodes/share/nodes/hook/pythonpath.dsv'
[5.438s] INFO:colcon.colcon_core.shell:Creating environment hook '/home/rama/catkin_ws/install/nodes/share/nodes/hook/pythonpath.sh'
[5.438s] Level 1:colcon.colcon_core.environment:checking '/home/rama/catkin_ws/install/nodes/bin'
[5.439s] Level 1:colcon.colcon_core.environment:create_environment_scripts_only(nodes)
[5.441s] INFO:colcon.colcon_core.shell:Creating package script '/home/rama/catkin_ws/install/nodes/share/nodes/package.ps1'
[5.441s] INFO:colcon.colcon_core.shell:Creating package descriptor '/home/rama/catkin_ws/install/nodes/share/nodes/package.dsv'
[5.442s] INFO:colcon.colcon_core.shell:Creating package script '/home/rama/catkin_ws/install/nodes/share/nodes/package.sh'
[5.443s] INFO:colcon.colcon_core.shell:Creating package script '/home/rama/catkin_ws/install/nodes/share/nodes/package.bash'
[5.443s] INFO:colcon.colcon_core.shell:Creating package script '/home/rama/catkin_ws/install/nodes/share/nodes/package.zsh'
[5.444s] Level 1:colcon.colcon_core.environment:create_file_with_runtime_dependencies(/home/rama/catkin_ws/install/nodes/share/colcon-core/packages/nodes)
[5.455s] Level 1:colcon.colcon_core.environment:checking '/home/rama/catkin_ws/install/nodes2' for CMake module files
[5.455s] DEBUG:colcon.colcon_core.event_handler.log_command:Invoked command in '/home/rama/catkin_ws/src/nodes2' returned '0': PYTHONPATH=/home/rama/catkin_ws/build/nodes2/prefix_override:/home/rama/catkin_ws/install/nodes2/lib/python3.8/site-packages:${PYTHONPATH} /usr/bin/python3 setup.py egg_info --egg-base ../../build/nodes2 build --build-base /home/rama/catkin_ws/build/nodes2/build install --record /home/rama/catkin_ws/build/nodes2/install.log --install-scripts $base/lib/nodes2 --single-version-externally-managed
[5.456s] Level 1:colcon.colcon_core.environment:checking '/home/rama/catkin_ws/install/nodes2' for CMake config files
[5.456s] Level 1:colcon.colcon_core.environment:checking '/home/rama/catkin_ws/install/nodes2/lib'
[5.456s] Level 1:colcon.colcon_core.environment:checking '/home/rama/catkin_ws/install/nodes2/bin'
[5.457s] Level 1:colcon.colcon_core.environment:checking '/home/rama/catkin_ws/install/nodes2/lib/pkgconfig/nodes2.pc'
[5.457s] Level 1:colcon.colcon_core.environment:checking '/home/rama/catkin_ws/install/nodes2/lib/python3.8/site-packages'
[5.457s] Level 1:colcon.colcon_core.shell:create_environment_hook('nodes2', 'pythonpath')
[5.459s] INFO:colcon.colcon_core.shell:Creating environment hook '/home/rama/catkin_ws/install/nodes2/share/nodes2/hook/pythonpath.ps1'
[5.459s] INFO:colcon.colcon_core.shell:Creating environment descriptor '/home/rama/catkin_ws/install/nodes2/share/nodes2/hook/pythonpath.dsv'
[5.463s] INFO:colcon.colcon_core.shell:Creating environment hook '/home/rama/catkin_ws/install/nodes2/share/nodes2/hook/pythonpath.sh'
[5.466s] Level 1:colcon.colcon_core.environment:checking '/home/rama/catkin_ws/install/nodes2/bin'
[5.467s] Level 1:colcon.colcon_core.environment:create_environment_scripts_only(nodes2)
[5.471s] INFO:colcon.colcon_core.shell:Creating package script '/home/rama/catkin_ws/install/nodes2/share/nodes2/package.ps1'
[5.472s] INFO:colcon.colcon_core.shell:Creating package descriptor '/home/rama/catkin_ws/install/nodes2/share/nodes2/package.dsv'
[5.472s] INFO:colcon.colcon_core.shell:Creating package script '/home/rama/catkin_ws/install/nodes2/share/nodes2/package.sh'
[5.473s] INFO:colcon.colcon_core.shell:Creating package script '/home/rama/catkin_ws/install/nodes2/share/nodes2/package.bash'
[5.473s] INFO:colcon.colcon_core.shell:Creating package script '/home/rama/catkin_ws/install/nodes2/share/nodes2/package.zsh'
[5.474s] Level 1:colcon.colcon_core.environment:create_file_with_runtime_dependencies(/home/rama/catkin_ws/install/nodes2/share/colcon-core/packages/nodes2)
[5.474s] DEBUG:colcon.colcon_parallel_executor.executor.parallel:closing loop
[5.474s] DEBUG:colcon.colcon_parallel_executor.executor.parallel:loop closed
[5.474s] DEBUG:colcon.colcon_parallel_executor.executor.parallel:run_until_complete finished with '0'
[5.475s] DEBUG:colcon.colcon_core.event_reactor:joining thread
[5.492s] INFO:colcon.colcon_core.plugin_system:Skipping extension 'colcon_notification.desktop_notification.terminal_notifier': Not used on non-Darwin systems
[5.492s] INFO:colcon.colcon_core.plugin_system:Skipping extension 'colcon_notification.desktop_notification.win32': Not used on non-Windows systems
[5.492s] INFO:colcon.colcon_notification.desktop_notification:Sending desktop notification using 'notify2'
[5.537s] DEBUG:colcon.colcon_core.event_reactor:joined thread
[5.540s] INFO:colcon.colcon_core.shell:Creating prefix script '/home/rama/catkin_ws/install/local_setup.ps1'
[5.545s] INFO:colcon.colcon_core.shell:Creating prefix util module '/home/rama/catkin_ws/install/_local_setup_util_ps1.py'
[5.549s] INFO:colcon.colcon_core.shell:Creating prefix chain script '/home/rama/catkin_ws/install/setup.ps1'
[5.552s] INFO:colcon.colcon_core.shell:Creating prefix script '/home/rama/catkin_ws/install/local_setup.sh'
[5.553s] INFO:colcon.colcon_core.shell:Creating prefix util module '/home/rama/catkin_ws/install/_local_setup_util_sh.py'
[5.553s] INFO:colcon.colcon_core.shell:Creating prefix chain script '/home/rama/catkin_ws/install/setup.sh'
[5.556s] INFO:colcon.colcon_core.shell:Creating prefix script '/home/rama/catkin_ws/install/local_setup.bash'
[5.560s] INFO:colcon.colcon_core.shell:Creating prefix chain script '/home/rama/catkin_ws/install/setup.bash'
[5.564s] INFO:colcon.colcon_core.shell:Creating prefix script '/home/rama/catkin_ws/install/local_setup.zsh'
[5.565s] INFO:colcon.colcon_core.shell:Creating prefix chain script '/home/rama/catkin_ws/install/setup.zsh'
