[0.944s] Invoking command in '/home/rama/catkin_ws/src/nodes': PYTHONPATH=/home/rama/catkin_ws/build/nodes/prefix_override:/home/rama/catkin_ws/install/nodes/lib/python3.8/site-packages:${PYTHONPATH} /usr/bin/python3 setup.py egg_info --egg-base ../../build/nodes build --build-base /home/rama/catkin_ws/build/nodes/build install --record /home/rama/catkin_ws/build/nodes/install.log --install-scripts $base/lib/nodes --single-version-externally-managed
[1.144s] running egg_info
[1.145s] writing ../../build/nodes/nodes.egg-info/PKG-INFO
[1.145s] writing dependency_links to ../../build/nodes/nodes.egg-info/dependency_links.txt
[1.145s] writing entry points to ../../build/nodes/nodes.egg-info/entry_points.txt
[1.145s] writing requirements to ../../build/nodes/nodes.egg-info/requires.txt
[1.146s] writing top-level names to ../../build/nodes/nodes.egg-info/top_level.txt
[1.176s] reading manifest file '../../build/nodes/nodes.egg-info/SOURCES.txt'
[1.177s] writing manifest file '../../build/nodes/nodes.egg-info/SOURCES.txt'
[1.177s] running build
[1.177s] running build_py
[1.177s] copying nodes/obstacle_avoidance.py -> /home/rama/catkin_ws/build/nodes/build/lib/nodes
[1.178s] running install
[1.178s] running install_lib
[1.179s] copying /home/rama/catkin_ws/build/nodes/build/lib/nodes/obstacle_avoidance.py -> /home/rama/catkin_ws/install/nodes/lib/python3.8/site-packages/nodes
[1.180s] byte-compiling /home/rama/catkin_ws/install/nodes/lib/python3.8/site-packages/nodes/obstacle_avoidance.py to obstacle_avoidance.cpython-38.pyc
[1.182s] running install_data
[1.183s] running install_egg_info
[1.184s] removing '/home/rama/catkin_ws/install/nodes/lib/python3.8/site-packages/nodes-0.0.0-py3.8.egg-info' (and everything under it)
[1.185s] Copying ../../build/nodes/nodes.egg-info to /home/rama/catkin_ws/install/nodes/lib/python3.8/site-packages/nodes-0.0.0-py3.8.egg-info
[1.185s] running install_scripts
[1.202s] Installing Handgesture_node script to /home/rama/catkin_ws/install/nodes/lib/nodes
[1.202s] Installing kf_depthCamera script to /home/rama/catkin_ws/install/nodes/lib/nodes
[1.203s] Installing obstacle_avoidance_node script to /home/rama/catkin_ws/install/nodes/lib/nodes
[1.203s] Installing test_node script to /home/rama/catkin_ws/install/nodes/lib/nodes
[1.203s] writing list of installed files to '/home/rama/catkin_ws/build/nodes/install.log'
[1.235s] Invoked command in '/home/rama/catkin_ws/src/nodes' returned '0': PYTHONPATH=/home/rama/catkin_ws/build/nodes/prefix_override:/home/rama/catkin_ws/install/nodes/lib/python3.8/site-packages:${PYTHONPATH} /usr/bin/python3 setup.py egg_info --egg-base ../../build/nodes build --build-base /home/rama/catkin_ws/build/nodes/build install --record /home/rama/catkin_ws/build/nodes/install.log --install-scripts $base/lib/nodes --single-version-externally-managed
