running egg_info
creating ../../build/turtlebot3_auto_navigator/turtlebot3_auto_navigator.egg-info
writing ../../build/turtlebot3_auto_navigator/turtlebot3_auto_navigator.egg-info/PKG-INFO
writing dependency_links to ../../build/turtlebot3_auto_navigator/turtlebot3_auto_navigator.egg-info/dependency_links.txt
writing entry points to ../../build/turtlebot3_auto_navigator/turtlebot3_auto_navigator.egg-info/entry_points.txt
writing requirements to ../../build/turtlebot3_auto_navigator/turtlebot3_auto_navigator.egg-info/requires.txt
writing top-level names to ../../build/turtlebot3_auto_navigator/turtlebot3_auto_navigator.egg-info/top_level.txt
writing manifest file '../../build/turtlebot3_auto_navigator/turtlebot3_auto_navigator.egg-info/SOURCES.txt'
reading manifest file '../../build/turtlebot3_auto_navigator/turtlebot3_auto_navigator.egg-info/SOURCES.txt'
writing manifest file '../../build/turtlebot3_auto_navigator/turtlebot3_auto_navigator.egg-info/SOURCES.txt'
running build
running build_py
creating /home/marvin/RobotArchitecture/ros2_ws/build/turtlebot3_auto_navigator/build
creating /home/marvin/RobotArchitecture/ros2_ws/build/turtlebot3_auto_navigator/build/lib
creating /home/marvin/RobotArchitecture/ros2_ws/build/turtlebot3_auto_navigator/build/lib/turtlebot3_auto_navigator
copying turtlebot3_auto_navigator/auto_navigator.py -> /home/marvin/RobotArchitecture/ros2_ws/build/turtlebot3_auto_navigator/build/lib/turtlebot3_auto_navigator
copying turtlebot3_auto_navigator/__init__.py -> /home/marvin/RobotArchitecture/ros2_ws/build/turtlebot3_auto_navigator/build/lib/turtlebot3_auto_navigator
running install
running install_lib
creating /home/marvin/RobotArchitecture/ros2_ws/install/turtlebot3_auto_navigator/lib/python3.10/site-packages/turtlebot3_auto_navigator
copying /home/marvin/RobotArchitecture/ros2_ws/build/turtlebot3_auto_navigator/build/lib/turtlebot3_auto_navigator/__init__.py -> /home/marvin/RobotArchitecture/ros2_ws/install/turtlebot3_auto_navigator/lib/python3.10/site-packages/turtlebot3_auto_navigator
copying /home/marvin/RobotArchitecture/ros2_ws/build/turtlebot3_auto_navigator/build/lib/turtlebot3_auto_navigator/auto_navigator.py -> /home/marvin/RobotArchitecture/ros2_ws/install/turtlebot3_auto_navigator/lib/python3.10/site-packages/turtlebot3_auto_navigator
byte-compiling /home/marvin/RobotArchitecture/ros2_ws/install/turtlebot3_auto_navigator/lib/python3.10/site-packages/turtlebot3_auto_navigator/__init__.py to __init__.cpython-310.pyc
byte-compiling /home/marvin/RobotArchitecture/ros2_ws/install/turtlebot3_auto_navigator/lib/python3.10/site-packages/turtlebot3_auto_navigator/auto_navigator.py to auto_navigator.cpython-310.pyc
running install_data
creating /home/marvin/RobotArchitecture/ros2_ws/install/turtlebot3_auto_navigator/share/ament_index
creating /home/marvin/RobotArchitecture/ros2_ws/install/turtlebot3_auto_navigator/share/ament_index/resource_index
creating /home/marvin/RobotArchitecture/ros2_ws/install/turtlebot3_auto_navigator/share/ament_index/resource_index/packages
copying resource/turtlebot3_auto_navigator -> /home/marvin/RobotArchitecture/ros2_ws/install/turtlebot3_auto_navigator/share/ament_index/resource_index/packages
copying package.xml -> /home/marvin/RobotArchitecture/ros2_ws/install/turtlebot3_auto_navigator/share/turtlebot3_auto_navigator
running install_egg_info
Copying ../../build/turtlebot3_auto_navigator/turtlebot3_auto_navigator.egg-info to /home/marvin/RobotArchitecture/ros2_ws/install/turtlebot3_auto_navigator/lib/python3.10/site-packages/turtlebot3_auto_navigator-0.0.0-py3.10.egg-info
running install_scripts
Installing auto_navigator script to /home/marvin/RobotArchitecture/ros2_ws/install/turtlebot3_auto_navigator/lib/turtlebot3_auto_navigator
writing list of installed files to '/home/marvin/RobotArchitecture/ros2_ws/build/turtlebot3_auto_navigator/install.log'
