[2.597s] Invoking command in '/home/marvin/RobotArchitecture/ros2_ws/build/turtlebot3_map_change_detection': PYTHONPATH=/home/marvin/RobotArchitecture/ros2_ws/build/turtlebot3_map_change_detection/prefix_override:/home/marvin/RobotArchitecture/ros2_ws/install/turtlebot3_map_change_detection/lib/python3.10/site-packages:${PYTHONPATH} /usr/bin/python3 -W ignore:setup.py install is deprecated setup.py develop --editable --build-directory /home/marvin/RobotArchitecture/ros2_ws/build/turtlebot3_map_change_detection/build --no-deps symlink_data --force
[3.076s] running develop
[3.076s] /usr/lib/python3/dist-packages/setuptools/command/easy_install.py:158: EasyInstallDeprecationWarning: easy_install command is deprecated. Use build and pip and other standards-based tools.
[3.077s]   warnings.warn(
[3.363s] running egg_info
[3.363s] writing turtlebot3_map_change_detection.egg-info/PKG-INFO
[3.364s] writing dependency_links to turtlebot3_map_change_detection.egg-info/dependency_links.txt
[3.364s] writing entry points to turtlebot3_map_change_detection.egg-info/entry_points.txt
[3.364s] writing requirements to turtlebot3_map_change_detection.egg-info/requires.txt
[3.364s] writing top-level names to turtlebot3_map_change_detection.egg-info/top_level.txt
[3.367s] reading manifest file 'turtlebot3_map_change_detection.egg-info/SOURCES.txt'
[3.368s] writing manifest file 'turtlebot3_map_change_detection.egg-info/SOURCES.txt'
[3.370s] running build_ext
[3.370s] Creating /home/marvin/RobotArchitecture/ros2_ws/install/turtlebot3_map_change_detection/lib/python3.10/site-packages/turtlebot3-map-change-detection.egg-link (link to .)
[3.372s] Installing map_change_detector script to /home/marvin/RobotArchitecture/ros2_ws/install/turtlebot3_map_change_detection/lib/turtlebot3_map_change_detection
[3.372s] 
[3.373s] Installed /home/marvin/RobotArchitecture/ros2_ws/build/turtlebot3_map_change_detection
[3.373s] running symlink_data
[3.373s] symbolically linking /home/marvin/RobotArchitecture/ros2_ws/build/turtlebot3_map_change_detection/resource/turtlebot3_map_change_detection -> /home/marvin/RobotArchitecture/ros2_ws/install/turtlebot3_map_change_detection/share/ament_index/resource_index/packages
[3.373s] symbolically linking /home/marvin/RobotArchitecture/ros2_ws/build/turtlebot3_map_change_detection/package.xml -> /home/marvin/RobotArchitecture/ros2_ws/install/turtlebot3_map_change_detection/share/turtlebot3_map_change_detection
[4.005s] Invoked command in '/home/marvin/RobotArchitecture/ros2_ws/build/turtlebot3_map_change_detection' returned '0': PYTHONPATH=/home/marvin/RobotArchitecture/ros2_ws/build/turtlebot3_map_change_detection/prefix_override:/home/marvin/RobotArchitecture/ros2_ws/install/turtlebot3_map_change_detection/lib/python3.10/site-packages:${PYTHONPATH} /usr/bin/python3 -W ignore:setup.py install is deprecated setup.py develop --editable --build-directory /home/marvin/RobotArchitecture/ros2_ws/build/turtlebot3_map_change_detection/build --no-deps symlink_data --force
