[5.004s] Invoking command in '/home/rama/catkin_ws/src/nodes2': PYTHONPATH=/home/rama/catkin_ws/build/nodes2/prefix_override:/home/rama/catkin_ws/install/nodes2/lib/python3.8/site-packages:${PYTHONPATH} /usr/bin/python3 setup.py egg_info --egg-base ../../build/nodes2 build --build-base /home/rama/catkin_ws/build/nodes2/build install --record /home/rama/catkin_ws/build/nodes2/install.log --install-scripts $base/lib/nodes2 --single-version-externally-managed
[6.467s] running egg_info
[6.484s] writing ../../build/nodes2/nodes2.egg-info/PKG-INFO
[6.485s] writing dependency_links to ../../build/nodes2/nodes2.egg-info/dependency_links.txt
[6.485s] writing entry points to ../../build/nodes2/nodes2.egg-info/entry_points.txt
[6.485s] writing requirements to ../../build/nodes2/nodes2.egg-info/requires.txt
[6.486s] writing top-level names to ../../build/nodes2/nodes2.egg-info/top_level.txt
[6.737s] reading manifest file '../../build/nodes2/nodes2.egg-info/SOURCES.txt'
[6.743s] writing manifest file '../../build/nodes2/nodes2.egg-info/SOURCES.txt'
[6.744s] running build
[6.744s] running build_py
[6.744s] running install
[6.747s] running install_lib
[6.758s] running install_data
[6.759s] running install_egg_info
[6.771s] removing '/home/rama/catkin_ws/install/nodes2/lib/python3.8/site-packages/nodes2-0.0.0-py3.8.egg-info' (and everything under it)
[6.783s] Copying ../../build/nodes2/nodes2.egg-info to /home/rama/catkin_ws/install/nodes2/lib/python3.8/site-packages/nodes2-0.0.0-py3.8.egg-info
[6.793s] running install_scripts
[6.906s] writing list of installed files to '/home/rama/catkin_ws/build/nodes2/install.log'
[7.047s] Invoked command in '/home/rama/catkin_ws/src/nodes2' returned '0': PYTHONPATH=/home/rama/catkin_ws/build/nodes2/prefix_override:/home/rama/catkin_ws/install/nodes2/lib/python3.8/site-packages:${PYTHONPATH} /usr/bin/python3 setup.py egg_info --egg-base ../../build/nodes2 build --build-base /home/rama/catkin_ws/build/nodes2/build install --record /home/rama/catkin_ws/build/nodes2/install.log --install-scripts $base/lib/nodes2 --single-version-externally-managed
