[0.794s] Invoking command in '/home/marvin/RobotArchitecture/ros2_ws/build/turtlebot3_nav_management': CMAKE_PREFIX_PATH=/home/marvin/RobotArchitecture/ros2_ws/install/turtlebot3_control_services:/home/marvin/RobotArchitecture/ros2_ws/install/custom_msgs:/home/marvin/RobotArchitecture/ros2_ws/install/turtlebot3_simulations:/home/marvin/RobotArchitecture/ros2_ws/install/turtlebot3_gazebo:/home/marvin/RobotArchitecture/ros2_ws/install/turtlebot3_fake_node LD_LIBRARY_PATH=/home/marvin/RobotArchitecture/ros2_ws/install/turtlebot3_control_services/lib:/home/marvin/RobotArchitecture/ros2_ws/install/custom_msgs/lib:/usr/lib/x86_64-linux-gnu/gazebo-11/plugins:/opt/ros/humble/opt/rviz_ogre_vendor/lib:/opt/ros/humble/lib/x86_64-linux-gnu:/opt/ros/humble/lib:/usr/lib/x86_64-linux-gnu/gazebo-11/plugins PYTHONPATH=/home/marvin/RobotArchitecture/ros2_ws/build/turtlebot3_nav_management/prefix_override:/home/marvin/RobotArchitecture/ros2_ws/install/turtlebot3_nav_management/lib/python3.10/site-packages:${PYTHONPATH} /usr/bin/python3 -W ignore:setup.py install is deprecated setup.py develop --uninstall --editable --build-directory /home/marvin/RobotArchitecture/ros2_ws/build/turtlebot3_nav_management/build
[1.068s] running develop
[1.068s] /usr/lib/python3/dist-packages/setuptools/command/easy_install.py:158: EasyInstallDeprecationWarning: easy_install command is deprecated. Use build and pip and other standards-based tools.
[1.069s]   warnings.warn(
[1.273s] Removing /home/marvin/RobotArchitecture/ros2_ws/install/turtlebot3_nav_management/lib/python3.10/site-packages/turtlebot3-nav-management.egg-link (link to .)
[1.303s] Invoked command in '/home/marvin/RobotArchitecture/ros2_ws/build/turtlebot3_nav_management' returned '0': CMAKE_PREFIX_PATH=/home/marvin/RobotArchitecture/ros2_ws/install/turtlebot3_control_services:/home/marvin/RobotArchitecture/ros2_ws/install/custom_msgs:/home/marvin/RobotArchitecture/ros2_ws/install/turtlebot3_simulations:/home/marvin/RobotArchitecture/ros2_ws/install/turtlebot3_gazebo:/home/marvin/RobotArchitecture/ros2_ws/install/turtlebot3_fake_node LD_LIBRARY_PATH=/home/marvin/RobotArchitecture/ros2_ws/install/turtlebot3_control_services/lib:/home/marvin/RobotArchitecture/ros2_ws/install/custom_msgs/lib:/usr/lib/x86_64-linux-gnu/gazebo-11/plugins:/opt/ros/humble/opt/rviz_ogre_vendor/lib:/opt/ros/humble/lib/x86_64-linux-gnu:/opt/ros/humble/lib:/usr/lib/x86_64-linux-gnu/gazebo-11/plugins PYTHONPATH=/home/marvin/RobotArchitecture/ros2_ws/build/turtlebot3_nav_management/prefix_override:/home/marvin/RobotArchitecture/ros2_ws/install/turtlebot3_nav_management/lib/python3.10/site-packages:${PYTHONPATH} /usr/bin/python3 -W ignore:setup.py install is deprecated setup.py develop --uninstall --editable --build-directory /home/marvin/RobotArchitecture/ros2_ws/build/turtlebot3_nav_management/build
[1.305s] Invoking command in '/home/marvin/RobotArchitecture/ros2_ws/src/turtlebot3_nav_management': CMAKE_PREFIX_PATH=/home/marvin/RobotArchitecture/ros2_ws/install/turtlebot3_control_services:/home/marvin/RobotArchitecture/ros2_ws/install/custom_msgs:/home/marvin/RobotArchitecture/ros2_ws/install/turtlebot3_simulations:/home/marvin/RobotArchitecture/ros2_ws/install/turtlebot3_gazebo:/home/marvin/RobotArchitecture/ros2_ws/install/turtlebot3_fake_node LD_LIBRARY_PATH=/home/marvin/RobotArchitecture/ros2_ws/install/turtlebot3_control_services/lib:/home/marvin/RobotArchitecture/ros2_ws/install/custom_msgs/lib:/usr/lib/x86_64-linux-gnu/gazebo-11/plugins:/opt/ros/humble/opt/rviz_ogre_vendor/lib:/opt/ros/humble/lib/x86_64-linux-gnu:/opt/ros/humble/lib:/usr/lib/x86_64-linux-gnu/gazebo-11/plugins PYTHONPATH=/home/marvin/RobotArchitecture/ros2_ws/build/turtlebot3_nav_management/prefix_override:/home/marvin/RobotArchitecture/ros2_ws/install/turtlebot3_nav_management/lib/python3.10/site-packages:${PYTHONPATH} /usr/bin/python3 -W ignore:setup.py install is deprecated setup.py egg_info --egg-base ../../build/turtlebot3_nav_management build --build-base /home/marvin/RobotArchitecture/ros2_ws/build/turtlebot3_nav_management/build install --record /home/marvin/RobotArchitecture/ros2_ws/build/turtlebot3_nav_management/install.log --single-version-externally-managed install_data --force
[1.547s] running egg_info
[1.547s] writing ../../build/turtlebot3_nav_management/turtlebot3_nav_management.egg-info/PKG-INFO
[1.548s] writing dependency_links to ../../build/turtlebot3_nav_management/turtlebot3_nav_management.egg-info/dependency_links.txt
[1.548s] writing entry points to ../../build/turtlebot3_nav_management/turtlebot3_nav_management.egg-info/entry_points.txt
[1.548s] writing requirements to ../../build/turtlebot3_nav_management/turtlebot3_nav_management.egg-info/requires.txt
[1.548s] writing top-level names to ../../build/turtlebot3_nav_management/turtlebot3_nav_management.egg-info/top_level.txt
[1.550s] reading manifest file '../../build/turtlebot3_nav_management/turtlebot3_nav_management.egg-info/SOURCES.txt'
[1.553s] writing manifest file '../../build/turtlebot3_nav_management/turtlebot3_nav_management.egg-info/SOURCES.txt'
[1.553s] running build
[1.553s] running build_py
[1.553s] running install
[1.554s] running install_lib
[1.555s] creating /home/marvin/RobotArchitecture/ros2_ws/install/turtlebot3_nav_management/lib/python3.10/site-packages/turtlebot3_nav_management
[1.555s] copying /home/marvin/RobotArchitecture/ros2_ws/build/turtlebot3_nav_management/build/lib/turtlebot3_nav_management/__init__.py -> /home/marvin/RobotArchitecture/ros2_ws/install/turtlebot3_nav_management/lib/python3.10/site-packages/turtlebot3_nav_management
[1.555s] copying /home/marvin/RobotArchitecture/ros2_ws/build/turtlebot3_nav_management/build/lib/turtlebot3_nav_management/astar.py -> /home/marvin/RobotArchitecture/ros2_ws/install/turtlebot3_nav_management/lib/python3.10/site-packages/turtlebot3_nav_management
[1.556s] copying /home/marvin/RobotArchitecture/ros2_ws/build/turtlebot3_nav_management/build/lib/turtlebot3_nav_management/random_goal_navigator.py -> /home/marvin/RobotArchitecture/ros2_ws/install/turtlebot3_nav_management/lib/python3.10/site-packages/turtlebot3_nav_management
[1.557s] byte-compiling /home/marvin/RobotArchitecture/ros2_ws/install/turtlebot3_nav_management/lib/python3.10/site-packages/turtlebot3_nav_management/__init__.py to __init__.cpython-310.pyc
[1.558s] byte-compiling /home/marvin/RobotArchitecture/ros2_ws/install/turtlebot3_nav_management/lib/python3.10/site-packages/turtlebot3_nav_management/astar.py to astar.cpython-310.pyc
[1.558s] byte-compiling /home/marvin/RobotArchitecture/ros2_ws/install/turtlebot3_nav_management/lib/python3.10/site-packages/turtlebot3_nav_management/random_goal_navigator.py to random_goal_navigator.cpython-310.pyc
[1.560s] running install_data
[1.560s] copying resource/turtlebot3_nav_management -> /home/marvin/RobotArchitecture/ros2_ws/install/turtlebot3_nav_management/share/ament_index/resource_index/packages
[1.561s] copying package.xml -> /home/marvin/RobotArchitecture/ros2_ws/install/turtlebot3_nav_management/share/turtlebot3_nav_management
[1.561s] copying launch/navigation_launch_with_nav2.py -> /home/marvin/RobotArchitecture/ros2_ws/install/turtlebot3_nav_management/share/turtlebot3_nav_management/launch
[1.561s] copying launch/navigation_launch.py -> /home/marvin/RobotArchitecture/ros2_ws/install/turtlebot3_nav_management/share/turtlebot3_nav_management/launch
[1.562s] copying config/navigation_params.yaml -> /home/marvin/RobotArchitecture/ros2_ws/install/turtlebot3_nav_management/share/turtlebot3_nav_management/config
[1.562s] running install_egg_info
[1.564s] Copying ../../build/turtlebot3_nav_management/turtlebot3_nav_management.egg-info to /home/marvin/RobotArchitecture/ros2_ws/install/turtlebot3_nav_management/lib/python3.10/site-packages/turtlebot3_nav_management-0.0.0-py3.10.egg-info
[1.566s] running install_scripts
[1.593s] Installing random_goal_navigator script to /home/marvin/RobotArchitecture/ros2_ws/install/turtlebot3_nav_management/lib/turtlebot3_nav_management
[1.593s] writing list of installed files to '/home/marvin/RobotArchitecture/ros2_ws/build/turtlebot3_nav_management/install.log'
[1.615s] Invoked command in '/home/marvin/RobotArchitecture/ros2_ws/src/turtlebot3_nav_management' returned '0': CMAKE_PREFIX_PATH=/home/marvin/RobotArchitecture/ros2_ws/install/turtlebot3_control_services:/home/marvin/RobotArchitecture/ros2_ws/install/custom_msgs:/home/marvin/RobotArchitecture/ros2_ws/install/turtlebot3_simulations:/home/marvin/RobotArchitecture/ros2_ws/install/turtlebot3_gazebo:/home/marvin/RobotArchitecture/ros2_ws/install/turtlebot3_fake_node LD_LIBRARY_PATH=/home/marvin/RobotArchitecture/ros2_ws/install/turtlebot3_control_services/lib:/home/marvin/RobotArchitecture/ros2_ws/install/custom_msgs/lib:/usr/lib/x86_64-linux-gnu/gazebo-11/plugins:/opt/ros/humble/opt/rviz_ogre_vendor/lib:/opt/ros/humble/lib/x86_64-linux-gnu:/opt/ros/humble/lib:/usr/lib/x86_64-linux-gnu/gazebo-11/plugins PYTHONPATH=/home/marvin/RobotArchitecture/ros2_ws/build/turtlebot3_nav_management/prefix_override:/home/marvin/RobotArchitecture/ros2_ws/install/turtlebot3_nav_management/lib/python3.10/site-packages:${PYTHONPATH} /usr/bin/python3 -W ignore:setup.py install is deprecated setup.py egg_info --egg-base ../../build/turtlebot3_nav_management build --build-base /home/marvin/RobotArchitecture/ros2_ws/build/turtlebot3_nav_management/build install --record /home/marvin/RobotArchitecture/ros2_ws/build/turtlebot3_nav_management/install.log --single-version-externally-managed install_data --force
