running egg_info
writing ../../build/nodes/nodes.egg-info/PKG-INFO
writing dependency_links to ../../build/nodes/nodes.egg-info/dependency_links.txt
writing entry points to ../../build/nodes/nodes.egg-info/entry_points.txt
writing requirements to ../../build/nodes/nodes.egg-info/requires.txt
writing top-level names to ../../build/nodes/nodes.egg-info/top_level.txt
reading manifest file '../../build/nodes/nodes.egg-info/SOURCES.txt'
writing manifest file '../../build/nodes/nodes.egg-info/SOURCES.txt'
running build
running build_py
copying nodes/test_node.py -> /home/rama/catkin_ws/build/nodes/build/lib/nodes
copying nodes/obstacle_avoidance.py -> /home/rama/catkin_ws/build/nodes/build/lib/nodes
running install
running install_lib
copying /home/rama/catkin_ws/build/nodes/build/lib/nodes/test_node.py -> /home/rama/catkin_ws/install/nodes/lib/python3.8/site-packages/nodes
copying /home/rama/catkin_ws/build/nodes/build/lib/nodes/obstacle_avoidance.py -> /home/rama/catkin_ws/install/nodes/lib/python3.8/site-packages/nodes
byte-compiling /home/rama/catkin_ws/install/nodes/lib/python3.8/site-packages/nodes/test_node.py to test_node.cpython-38.pyc
byte-compiling /home/rama/catkin_ws/install/nodes/lib/python3.8/site-packages/nodes/obstacle_avoidance.py to obstacle_avoidance.cpython-38.pyc
running install_data
running install_egg_info
removing '/home/rama/catkin_ws/install/nodes/lib/python3.8/site-packages/nodes-0.0.0-py3.8.egg-info' (and everything under it)
Copying ../../build/nodes/nodes.egg-info to /home/rama/catkin_ws/install/nodes/lib/python3.8/site-packages/nodes-0.0.0-py3.8.egg-info
running install_scripts
Installing Handgesture_node script to /home/rama/catkin_ws/install/nodes/lib/nodes
Installing kf_depthCamera script to /home/rama/catkin_ws/install/nodes/lib/nodes
Installing obstacle_avoidance_node script to /home/rama/catkin_ws/install/nodes/lib/nodes
Installing test_node script to /home/rama/catkin_ws/install/nodes/lib/nodes
writing list of installed files to '/home/rama/catkin_ws/build/nodes/install.log'
