[2.208s] Invoking command in '/home/marvin/RobotArchitecture/ros2_ws/src/turtlebot3_map_change_detection': PYTHONPATH=/home/marvin/RobotArchitecture/ros2_ws/build/turtlebot3_map_change_detection/prefix_override:/home/marvin/RobotArchitecture/ros2_ws/install/turtlebot3_map_change_detection/lib/python3.10/site-packages:${PYTHONPATH} /usr/bin/python3 -W ignore:setup.py install is deprecated setup.py egg_info --egg-base ../../build/turtlebot3_map_change_detection build --build-base /home/marvin/RobotArchitecture/ros2_ws/build/turtlebot3_map_change_detection/build install --record /home/marvin/RobotArchitecture/ros2_ws/build/turtlebot3_map_change_detection/install.log --single-version-externally-managed install_data
[2.650s] running egg_info
[2.654s] writing ../../build/turtlebot3_map_change_detection/turtlebot3_map_change_detection.egg-info/PKG-INFO
[2.655s] writing dependency_links to ../../build/turtlebot3_map_change_detection/turtlebot3_map_change_detection.egg-info/dependency_links.txt
[2.656s] writing entry points to ../../build/turtlebot3_map_change_detection/turtlebot3_map_change_detection.egg-info/entry_points.txt
[2.658s] writing requirements to ../../build/turtlebot3_map_change_detection/turtlebot3_map_change_detection.egg-info/requires.txt
[2.659s] writing top-level names to ../../build/turtlebot3_map_change_detection/turtlebot3_map_change_detection.egg-info/top_level.txt
[2.663s] reading manifest file '../../build/turtlebot3_map_change_detection/turtlebot3_map_change_detection.egg-info/SOURCES.txt'
[2.670s] writing manifest file '../../build/turtlebot3_map_change_detection/turtlebot3_map_change_detection.egg-info/SOURCES.txt'
[2.672s] running build
[2.673s] running build_py
[2.674s] running install
[2.681s] running install_lib
[2.685s] running install_data
[2.687s] running install_egg_info
[2.693s] removing '/home/marvin/RobotArchitecture/ros2_ws/install/turtlebot3_map_change_detection/lib/python3.10/site-packages/turtlebot3_map_change_detection-0.0.0-py3.10.egg-info' (and everything under it)
[2.694s] Copying ../../build/turtlebot3_map_change_detection/turtlebot3_map_change_detection.egg-info to /home/marvin/RobotArchitecture/ros2_ws/install/turtlebot3_map_change_detection/lib/python3.10/site-packages/turtlebot3_map_change_detection-0.0.0-py3.10.egg-info
[2.701s] running install_scripts
[2.727s] Installing map_change_detector script to /home/marvin/RobotArchitecture/ros2_ws/install/turtlebot3_map_change_detection/lib/turtlebot3_map_change_detection
[2.727s] writing list of installed files to '/home/marvin/RobotArchitecture/ros2_ws/build/turtlebot3_map_change_detection/install.log'
[2.984s] Invoked command in '/home/marvin/RobotArchitecture/ros2_ws/src/turtlebot3_map_change_detection' returned '0': PYTHONPATH=/home/marvin/RobotArchitecture/ros2_ws/build/turtlebot3_map_change_detection/prefix_override:/home/marvin/RobotArchitecture/ros2_ws/install/turtlebot3_map_change_detection/lib/python3.10/site-packages:${PYTHONPATH} /usr/bin/python3 -W ignore:setup.py install is deprecated setup.py egg_info --egg-base ../../build/turtlebot3_map_change_detection build --build-base /home/marvin/RobotArchitecture/ros2_ws/build/turtlebot3_map_change_detection/build install --record /home/marvin/RobotArchitecture/ros2_ws/build/turtlebot3_map_change_detection/install.log --single-version-externally-managed install_data
